a:1936:{i:0;a:5:{s:4:"HREF";s:105:"http://www.queness.com/post/10465/7-amazing-interactive-infographics-created-with-html-css-and-javascript";s:8:"ADD_DATE";s:10:"1337266108";s:7:"PRIVATE";s:1:"0";s:4:"TAGS";s:45:"inspiration,css,html5,JavaScript,infographics";s:4:"CODE";i:200;}i:1;a:5:{s:4:"HREF";s:84:"http://www.webconnoisseur.com/blog/social-networking/facebook-link-summary-snippets/";s:8:"ADD_DATE";s:10:"1337199003";s:7:"PRIVATE";s:1:"0";s:4:"TAGS";s:19:"thumbnails,facebook";s:4:"CODE";i:200;}i:2;a:5:{s:4:"HREF";s:34:"https://github.com/tobie/ua-parser";s:8:"ADD_DATE";s:10:"1337177104";s:7:"PRIVATE";s:1:"0";s:4:"TAGS";s:52:"ua,sniffing,php,uaparser,browser,detection,useragent";s:4:"CODE";i:0;}i:3;a:5:{s:4:"HREF";s:101:"http://www.slideshare.net/dmolsenwvu/ress-an-evolution-of-responsive-web-design?from=new_upload_email";s:8:"ADD_DATE";s:10:"1337165198";s:7:"PRIVATE";s:1:"0";s:4:"TAGS";s:25:"webdesign,ress,responsive";s:4:"CODE";i:200;}i:4;a:6:{s:4:"HREF";s:91:"http://blendinsider.com/technical/ux-guidelines-for-metro-style-app-development-2011-10-21/";s:8:"ADD_DATE";s:10:"1336993981";s:7:"PRIVATE";s:1:"0";s:4:"TAGS";s:26:"styleguide,ux,design,metro";s:7:"COMMENT";s:52:"Looks like a good set of resources on Metro design.
";s:4:"CODE";i:200;}i:5;a:6:{s:4:"HREF";s:24:"http://imgur.com/a/jBLVd";s:8:"ADD_DATE";s:10:"1336993072";s:7:"PRIVATE";s:1:"0";s:4:"TAGS";s:25:"images, apple,programming";s:7:"COMMENT";s:62:"Lovely group of images about programming from an early Apple.
";s:4:"CODE";i:200;}i:6;a:5:{s:4:"HREF";s:42:"http://www.komodomedia.com/tags/fireworks/";s:8:"ADD_DATE";s:10:"1336942218";s:7:"PRIVATE";s:1:"0";s:4:"TAGS";s:64:"illustrator,fireworks,adobefireworks,adobe,philodendron,via:zite";s:4:"CODE";i:200;}i:7;a:5:{s:4:"HREF";s:82:"http://fireworks.smashingmagazine.com/2012/05/07/refining-designs-adobe-fireworks/";s:8:"ADD_DATE";s:10:"1336942039";s:7:"PRIVATE";s:1:"0";s:4:"TAGS";s:37:"fireworks,ui,adobe,photoshop,via:zite";s:4:"CODE";i:200;}i:8;a:5:{s:4:"HREF";s:76:"http://www.webresourcesdepot.com/create-desktop-apps-with-html-css-js-appjs/";s:8:"ADD_DATE";s:10:"1336938786";s:7:"PRIVATE";s:1:"0";s:4:"TAGS";s:34:"css,html,html5,javascript,via:zite";s:4:"CODE";i:200;}i:9;a:6:{s:4:"HREF";s:62:"http://dribbble.com/shots/490375-Google-Chrome-Icon-Experiment";s:8:"ADD_DATE";s:10:"1336850521";s:7:"PRIVATE";s:1:"0";s:4:"TAGS";s:36:"colours,visual,webdesign,inspiration";s:7:"COMMENT";s:100:"I love the colour scheme on this. Just the sort of faded washed out colours which I like right now.
";s:4:"CODE";i:200;}i:10;a:4:{s:4:"HREF";s:86:"http://inspirationfeed.com/graphics/freebies/50-stunning-pixel-perfect-psd-freebies-3/";s:8:"ADD_DATE";s:10:"1336749064";s:7:"PRIVATE";s:1:"0";s:4:"TAGS";s:44:"pixel,photoshop,computergraphics,ui,via:zite";}i:11;a:5:{s:4:"HREF";s:17:"http://asana.com/";s:8:"ADD_DATE";s:10:"1336741412";s:7:"PRIVATE";s:1:"0";s:4:"TAGS";s:69:"management,webapps,tools,collaboration,projectmanagement,productivity";s:7:"COMMENT";s:72:"It was mentioned on Little Big Details so I took a look. It looks good.
";}i:12;a:5:{s:4:"HREF";s:61:"http://www.ioncannon.net/ruby/101/fun-with-ansi-escape-codes/";s:8:"ADD_DATE";s:10:"1336734997";s:7:"PRIVATE";s:1:"0";s:4:"TAGS";s:36:"php,colors,terminal,programming,ansi";s:7:"COMMENT";s:103:"Using colours in the terminal. I used these for putting into a PHP script I run from the command line.
";}i:13;a:4:{s:4:"HREF";s:23:"http://hiutdenim.co.uk/";s:8:"ADD_DATE";s:10:"1336422141";s:7:"PRIVATE";s:1:"0";s:4:"TAGS";s:37:"denim,organic,yearbook,jeans,via:zite";}i:14;a:4:{s:4:"HREF";s:67:"http://www.greepit.com/2012/05/css-js-auto-refreshing-with-live-js/";s:8:"ADD_DATE";s:10:"1336421851";s:7:"PRIVATE";s:1:"0";s:4:"TAGS";s:43:"javascript,python,joomla,html,ajax,via:zite";}i:15;a:5:{s:4:"HREF";s:37:"http://www.nike.com/jumpman23/aj2012/";s:8:"ADD_DATE";s:10:"1336055314";s:7:"PRIVATE";s:1:"0";s:4:"TAGS";s:34:"html,javascript,webdesign,parallax";s:7:"COMMENT";s:88:"Another scrolly site. Looks like it's using the same JS code as the Beckham Range Rover
";}i:16;a:5:{s:4:"HREF";s:41:"https://victoriabeckham.landrover.com/INT";s:8:"ADD_DATE";s:10:"1336055158";s:7:"PRIVATE";s:1:"0";s:4:"TAGS";s:44:"webdesign,html,javascript,scrolling,parallax";s:7:"COMMENT";s:83:"That scrolling website. JavaScript animation on scroll type of thing. Interesting.
";}i:17;a:5:{s:4:"HREF";s:51:"http://research.microsoft.com/en-us/people/dpurves/";s:8:"ADD_DATE";s:10:"1336055092";s:7:"PRIVATE";s:1:"0";s:4:"TAGS";s:22:"smartlist,wired,people";s:7:"COMMENT";s:106:"Guy was mentioned in the WIRED smart list issue. Something about Ecology and Science but he sounded cool.
";}i:18;a:5:{s:4:"HREF";s:72:"http://en.wikipedia.org/wiki/John_Armstrong_(British_writer/philosopher)";s:8:"ADD_DATE";s:10:"1336055031";s:7:"PRIVATE";s:1:"0";s:4:"TAGS";s:10:"philosophy";s:7:"COMMENT";s:53:"In Search of Civilisation: Remaking a Tarnished Idea
";}i:19;a:5:{s:4:"HREF";s:19:"http://videojs.com/";s:8:"ADD_DATE";s:10:"1336052266";s:7:"PRIVATE";s:1:"0";s:4:"TAGS";s:32:"webdesign,video,html5,javascript";s:7:"COMMENT";s:115:"looks like a good quick way of doing this and someone else has written the code so it's probably worth remembering
";}i:20;a:5:{s:4:"HREF";s:100:"http://www.slideshare.net/davidwkchen/metro-ui-interaction-design-guidelines-microsoft-techdays-2011";s:8:"ADD_DATE";s:10:"1335784852";s:7:"PRIVATE";s:1:"0";s:4:"TAGS";s:19:"slides,metro,design";s:7:"COMMENT";s:79:"Nice slides about Metro (with some interesting comparisons to various things).
";}i:21;a:5:{s:4:"HREF";s:36:"http://schema-creator.org/person.php";s:8:"ADD_DATE";s:10:"1335781321";s:7:"PRIVATE";s:1:"0";s:4:"TAGS";s:19:"webmaster,microdata";s:7:"COMMENT";s:109:"A tool for creating microdata in the correct format for putting in your page and feeding into Google search.
";}i:22;a:5:{s:4:"HREF";s:28:"http://www.schema.org/Person";s:8:"ADD_DATE";s:10:"1335781278";s:7:"PRIVATE";s:1:"0";s:4:"TAGS";s:19:"webmaster,microdata";s:7:"COMMENT";s:83:"Description of the "Person" type of scheme for microdata to feed to Google search.
";}i:23;a:5:{s:4:"HREF";s:124:"http://www.google.com/webmasters/tools/richsnippets?url=http%3A%2F%2Fghijklmno.net%2Fresponsive-web-design-at-igniteleeds%2F";s:8:"ADD_DATE";s:10:"1335781237";s:7:"PRIVATE";s:1:"0";s:4:"TAGS";s:19:"webmaster,microdata";s:7:"COMMENT";s:60:"Test how your microdata will appear within Google searches.
";}i:24;a:4:{s:4:"HREF";s:56:"http://tweetbe.at/list-manager/#followed-by:@morganesque";s:8:"ADD_DATE";s:10:"1335712986";s:7:"PRIVATE";s:1:"0";s:4:"TAGS";s:24:"Management,Lists,Twitter";}i:25;a:4:{s:4:"HREF";s:22:"http://formulists.com/";s:8:"ADD_DATE";s:10:"1335712903";s:7:"PRIVATE";s:1:"0";s:4:"TAGS";s:24:"lists,twitter,management";}i:26;a:5:{s:4:"HREF";s:27:"http://www.ixconverter.net/";s:8:"ADD_DATE";s:10:"1334851471";s:7:"PRIVATE";s:1:"0";s:4:"TAGS";s:23:"video,youtube,converter";s:7:"COMMENT";s:50:"Converts your youtube videos into something else.
";}i:27;a:5:{s:4:"HREF";s:25:"http://joshnh.com/weblog/";s:8:"ADD_DATE";s:10:"1334672628";s:7:"PRIVATE";s:1:"0";s:4:"TAGS";s:17:"metro,inspiration";s:7:"COMMENT";s:103:"That website by that guy who I twitted with about how his style is similar to the Windows Metro stuff.
";}i:28;a:4:{s:4:"HREF";s:26:"http://www.thisisdare.com/";s:8:"ADD_DATE";s:10:"1334663749";s:7:"PRIVATE";s:1:"0";s:4:"TAGS";s:38:"portfolio,inspiration,webdesign,agency";}i:29;a:5:{s:4:"HREF";s:22:"http://www.soak.co.uk/";s:8:"ADD_DATE";s:10:"1334663736";s:7:"PRIVATE";s:1:"0";s:4:"TAGS";s:38:"inspiration,portfolio,agency,webdesign";s:7:"COMMENT";s:15:"digital agency
";}i:30;a:5:{s:4:"HREF";s:88:"http://www.cxpartners.co.uk/cxblog/the_myth_of_the_page_fold_evidence_from_user_testing/";s:8:"ADD_DATE";s:10:"1334651920";s:7:"PRIVATE";s:1:"0";s:4:"TAGS";s:29:"scrolling,webdesign,usability";s:7:"COMMENT";s:51:"More scrolling / fold discussion some good advice.
";}i:31;a:5:{s:4:"HREF";s:56:"http://blog.clicktale.com/2006/12/23/unfolding-the-fold/";s:8:"ADD_DATE";s:10:"1334651774";s:7:"PRIVATE";s:1:"0";s:4:"TAGS";s:0:"";s:7:"COMMENT";s:64:"Research about the "fold". Good backup for scrolling arguments.
";}i:32;a:5:{s:4:"HREF";s:71:"http://www.adequatelygood.com/2010/3/JavaScript-Module-Pattern-In-Depth";s:8:"ADD_DATE";s:10:"1334589727";s:7:"PRIVATE";s:1:"0";s:4:"TAGS";s:26:"patterns,module,javascript";s:7:"COMMENT";s:34:"Javascript patterns, yum yum yum!
";}i:33;a:5:{s:4:"HREF";s:73:"http://benalman.com/news/2010/11/immediately-invoked-function-expression/";s:8:"ADD_DATE";s:10:"1334587772";s:7:"PRIVATE";s:1:"0";s:4:"TAGS";s:34:"iffe,functions,patterns,javascript";s:7:"COMMENT";s:56:"The kind of thing you have to do to understand I think.
";}i:34;a:5:{s:4:"HREF";s:90:"http://planetozh.com/blog/2009/09/top-10-most-common-coding-mistakes-in-wordpress-plugins/";s:8:"ADD_DATE";s:10:"1334587380";s:7:"PRIVATE";s:1:"0";s:4:"TAGS";s:16:"plugin,wordpress";s:7:"COMMENT";s:38:"Helpful for wordpress plugin writing.
";}i:35;a:4:{s:4:"HREF";s:66:"http://www.webdesignbooth.com/chrome-extensions-for-web-designers/";s:8:"ADD_DATE";s:10:"1333738890";s:7:"PRIVATE";s:1:"0";s:4:"TAGS";s:35:"googlechrome,webtools,html,via:zite";}i:36;a:4:{s:4:"HREF";s:70:"http://www.allxnet.com/2012/04/17-free-perfect-html-and-css-templates/";s:8:"ADD_DATE";s:10:"1333738586";s:7:"PRIVATE";s:1:"0";s:4:"TAGS";s:31:"html,xhtml,webtemplate,via:zite";}i:37;a:4:{s:4:"HREF";s:62:"http://www.slideshare.net/hungryblank/simpledb-an-introduction";s:8:"ADD_DATE";s:10:"1333659313";s:7:"PRIVATE";s:1:"0";s:4:"TAGS";s:15:"amazon,simpledb";}i:38;a:5:{s:4:"HREF";s:46:"http://gigaom.com/2007/12/14/amazon-simple-db/";s:8:"ADD_DATE";s:10:"1333651870";s:7:"PRIVATE";s:1:"0";s:4:"TAGS";s:19:"database,aws,amazon";s:7:"COMMENT";s:77:"Interesting little analysis of SimpleDB, nice to read, a bit old now though.
";}i:39;a:5:{s:4:"HREF";s:123:"http://www.blackfishweb.com/blog/asynchronously-loading-twitter-google-facebook-and-linkedin-buttons-and-widgets-ajax-bonus";s:8:"ADD_DATE";s:10:"1333614654";s:7:"PRIVATE";s:1:"0";s:4:"TAGS";s:38:"widget,twitter,facebook,Asynchronously";s:7:"COMMENT";s:172:"This is useful to make sure your users aren’t waiting around for all those share buttons to load each time they view a page. A really good case for asynchronous loading.
";}i:40;a:5:{s:4:"HREF";s:25:"http://www.cahoona.co.uk/";s:8:"ADD_DATE";s:10:"1333552463";s:7:"PRIVATE";s:1:"0";s:4:"TAGS";s:28:"agency,webdesign,inspiration";s:7:"COMMENT";s:121:"I like this design. It's flat colours mostly but the lovely illustration and subtle use of texture makes it really work.
";}i:41;a:5:{s:4:"HREF";s:82:"http://www.samaxes.com/2011/05/improving-web-performance-with-apache-and-htaccess/";s:8:"ADD_DATE";s:10:"1333468332";s:7:"PRIVATE";s:1:"0";s:4:"TAGS";s:55:"gzip,webdesign,optimization,htaccess,performance,apache";s:7:"COMMENT";s:96:"Site performance via .htaccess. Basically some code to copy and paste into your .htaccess file.
";}i:42;a:5:{s:4:"HREF";s:53:"http://www.flickr.com/photos/joeshlabotnik/497309010/";s:8:"ADD_DATE";s:10:"1332950457";s:7:"PRIVATE";s:1:"0";s:4:"TAGS";s:9:"flickr cc";s:7:"COMMENT";s:27:"Blossom against a blue sky
";}i:43;a:4:{s:4:"HREF";s:17:"http://altjs.org/";s:8:"ADD_DATE";s:10:"1332540733";s:7:"PRIVATE";s:1:"0";s:4:"TAGS";s:26:"js,coffeescript,javascript";}i:44;a:4:{s:4:"HREF";s:72:"http://nicolasgallagher.com/about-html-semantics-front-end-architecture/";s:8:"ADD_DATE";s:10:"1331849971";s:7:"PRIVATE";s:1:"0";s:4:"TAGS";s:28:"webdesign,semantics,css,html";}i:45;a:5:{s:4:"HREF";s:41:"http://www.incredibox.fr/en/#/application";s:8:"ADD_DATE";s:10:"1331663736";s:7:"PRIVATE";s:1:"0";s:4:"TAGS";s:29:"flash,sound,application,music";s:7:"COMMENT";s:77:"Flash music maker thingy where you drag cool guys in and they start singing.
";}i:46;a:4:{s:4:"HREF";s:76:"http://matt.might.net/articles/how-to-native-iphone-ipad-apps-in-javascript/";s:8:"ADD_DATE";s:10:"1331570409";s:7:"PRIVATE";s:1:"0";s:4:"TAGS";s:29:"webapp,javascript,ipad,iphone";}i:47;a:4:{s:4:"HREF";s:101:"http://active.tutsplus.com/tutorials/html5/ocanvas-a-jquery-and-flash-style-library-for-html5-canvas/";s:8:"ADD_DATE";s:10:"1331505072";s:7:"PRIVATE";s:1:"0";s:4:"TAGS";s:38:"html5,jquery,flash,javascript,via:zite";}i:48;a:4:{s:4:"HREF";s:104:"http://thenextweb.com/dd/2012/01/28/pictos-is-like-typekit-for-your-ui-with-over-650-icons-to-play-with/";s:8:"ADD_DATE";s:10:"1331504871";s:7:"PRIVATE";s:1:"0";s:4:"TAGS";s:15:"webdesign,Icons";}i:49;a:4:{s:4:"HREF";s:47:"http://popdevelop.com/2010/08/touching-the-web/";s:8:"ADD_DATE";s:10:"1331489272";s:7:"PRIVATE";s:1:"0";s:4:"TAGS";s:33:"events,drag,ipad,touch,javascript";}i:50;a:4:{s:4:"HREF";s:78:"http://mir.aculo.us/2010/06/04/making-an-ipad-html5-app-making-it-really-fast/";s:8:"ADD_DATE";s:10:"1331488863";s:7:"PRIVATE";s:1:"0";s:4:"TAGS";s:32:"css3,performance,javascript,ipad";}i:51;a:4:{s:4:"HREF";s:91:"https://developer.apple.com/library/safari/ipad/#samplecode/SlideMe/Introduction/Intro.html";s:8:"ADD_DATE";s:10:"1331488075";s:7:"PRIVATE";s:1:"0";s:4:"TAGS";s:27:"Ipad,Touch,JavaScript,Apple";}i:52;a:4:{s:4:"HREF";s:67:"http://stackoverflow.com/questions/5988170/ipad-safari-touch-events";s:8:"ADD_DATE";s:10:"1331487442";s:7:"PRIVATE";s:1:"0";s:4:"TAGS";s:33:"touchscreen,Touch,ipad,javascript";}i:53;a:5:{s:4:"HREF";s:41:"http://www.gotproject.com/blog/post2.html";s:8:"ADD_DATE";s:10:"1331463313";s:7:"PRIVATE";s:1:"0";s:4:"TAGS";s:52:"interface,drag-n-drop,library,iphone,ipad,javascript";s:7:"COMMENT";s:70:"iOS only drag and drop library, useful for quick mockup I'm planning.
";}i:54;a:4:{s:4:"HREF";s:37:"http://css-tricks.com/thinking-async/";s:8:"ADD_DATE";s:10:"1331450981";s:7:"PRIVATE";s:1:"0";s:4:"TAGS";s:36:"jquery,optimization,async,javascript";}i:55;a:4:{s:4:"HREF";s:56:"http://www.netcu.de/jquery-touchwipe-iphone-ipad-library";s:8:"ADD_DATE";s:10:"1331049212";s:7:"PRIVATE";s:1:"0";s:4:"TAGS";s:30:"javascript,touch,mobile,jquery";}i:56;a:4:{s:4:"HREF";s:19:"http://swipejs.com/";s:8:"ADD_DATE";s:10:"1330712247";s:7:"PRIVATE";s:1:"0";s:4:"TAGS";s:40:"library,javascript,touch,js,swipe,mobile";}i:57;a:4:{s:4:"HREF";s:29:"http://carolynwillitts.co.uk/";s:8:"ADD_DATE";s:10:"1330596443";s:7:"PRIVATE";s:1:"0";s:4:"TAGS";s:0:"";}i:58;a:5:{s:4:"HREF";s:50:"http://www.flickr.com/photos/mattedgar/6795495300/";s:8:"ADD_DATE";s:10:"1330593328";s:7:"PRIVATE";s:1:"0";s:4:"TAGS";s:15:"tedxleeds,ludos";s:7:"COMMENT";s:26:"Matt Edgar with his Ludos
";}i:59;a:5:{s:4:"HREF";s:68:"https://twitter.com/#!/engagetweet/status/174917812962328577/photo/1";s:8:"ADD_DATE";s:10:"1330593226";s:7:"PRIVATE";s:1:"0";s:4:"TAGS";s:14:"tedxleed,ludos";s:7:"COMMENT";s:43:"Picture from TEDxLeeds of the Ludos notes.
";}i:60;a:4:{s:4:"HREF";s:34:"http://draeton.github.com/tanchor/";s:8:"ADD_DATE";s:10:"1329805008";s:7:"PRIVATE";s:1:"0";s:4:"TAGS";s:18:"library,javascript";}i:61;a:4:{s:4:"HREF";s:100:"http://djdesignerlab.com/2012/02/18/20-latest-css3-and-html5-resources-and-tools-for-web-developers/";s:8:"ADD_DATE";s:10:"1329557417";s:7:"PRIVATE";s:1:"0";s:4:"TAGS";s:30:"html5,html,css,jquery,via:zite";}i:62;a:5:{s:4:"HREF";s:468:"http://www.google.co.uk/imgres?q=pentagon+tessellations&um=1&hl=en&sa=N&rlz=1C1SVEC_en-GBGB383GB383&biw=1366&bih=643&tbm=isch&tbnid=QbAwh9NfVbD22M:&imgrefurl=http://gwydir.demon.co.uk/jo/tess/pent.htm&docid=KOo0Z8-aiwxZGM&imgurl=http://gwydir.demon.co.uk/jo/tess/bigpent.gif&w=931&h=649&ei=2rY7T5rNAcjj8AOX4bjuCg&zoom=1&iact=hc&vpx=429&vpy=210&dur=291&hovh=187&hovw=269&tx=155&ty=90&sig=107140843345161248143&page=1&tbnh=118&tbnw=169&start=0&ndsp=22&ved=1t:429,r:1,s:0";s:8:"ADD_DATE";s:10:"1329464448";s:7:"PRIVATE";s:1:"0";s:4:"TAGS";s:21:"tessellation,pentagon";s:7:"COMMENT";s:22:"pentagon tessellation
";}i:63;a:4:{s:4:"HREF";s:98:"http://www.guardian.co.uk/lifeandstyle/wordofmouth/2012/feb/16/how-make-perfect-yorkshire-puddings";s:8:"ADD_DATE";s:10:"1329430942";s:7:"PRIVATE";s:1:"0";s:4:"TAGS";s:35:"roast,recipe,food,yorkshire pudding";}i:64;a:4:{s:4:"HREF";s:74:"http://www.getfinch.com/2012/01/what-will-our-future-interfaces-feel-like/";s:8:"ADD_DATE";s:10:"1329425371";s:7:"PRIVATE";s:1:"0";s:4:"TAGS";s:24:"inspiration,ux,future,ui";}i:65;a:5:{s:4:"HREF";s:86:"http://www.slideshare.net/mikekruzeniski/how-print-design-is-the-future-of-interaction";s:8:"ADD_DATE";s:10:"1329424900";s:7:"PRIVATE";s:1:"0";s:4:"TAGS";s:34:"print,interface,inspiration,design";s:7:"COMMENT";s:11:"Love this.
";}i:66;a:4:{s:4:"HREF";s:53:"http://www.kickerstudio.com/blog/2009/02/gorilla-arm/";s:8:"ADD_DATE";s:10:"1329424677";s:7:"PRIVATE";s:1:"0";s:4:"TAGS";s:44:"morganesque,hci,rsi,ux,touchscreen,usability";}i:67;a:4:{s:4:"HREF";s:61:"http://www.hongkiat.com/blog/css3-animation-transition-demos/";s:8:"ADD_DATE";s:10:"1329337031";s:7:"PRIVATE";s:1:"0";s:4:"TAGS";s:39:"animation,css,javascript,webgl,via:zite";}i:68;a:4:{s:4:"HREF";s:30:"http://daneden.me/animate/#cta";s:8:"ADD_DATE";s:10:"1329336971";s:7:"PRIVATE";s:1:"0";s:4:"TAGS";s:51:"animation,css,javascript,jquery,stylesheet,via:zite";}i:69;a:4:{s:4:"HREF";s:78:"http://www.webdesignerdepot.com/2012/02/whats-new-for-designers-february-2012/";s:8:"ADD_DATE";s:10:"1329304079";s:7:"PRIVATE";s:1:"0";s:4:"TAGS";s:45:"javascript,webtools,html5,html,hnews,via:zite";}i:70;a:4:{s:4:"HREF";s:47:"http://www.frequency-decoder.com/demo/slabText/";s:8:"ADD_DATE";s:10:"1329304039";s:7:"PRIVATE";s:1:"0";s:4:"TAGS";s:40:"jquery,javascript,css,ajax,html,via:zite";}i:71;a:4:{s:4:"HREF";s:84:"http://tympanus.net/codrops/2012/01/24/arctext-js-curving-text-with-css3-and-jquery/";s:8:"ADD_DATE";s:10:"1329303914";s:7:"PRIVATE";s:1:"0";s:4:"TAGS";s:36:"jquery,javascript,arc,curve,via:zite";}i:72;a:4:{s:4:"HREF";s:47:"http://labs.kojo.com.au/flickable-zepto-plugin/";s:8:"ADD_DATE";s:10:"1329303754";s:7:"PRIVATE";s:1:"0";s:4:"TAGS";s:51:"javascript,html,ios,htmlelement,touchpoint,via:zite";}i:73;a:4:{s:4:"HREF";s:82:"http://designshack.net/articles/css/twitter-bootstrap-2-bootstrap-goes-responsive/";s:8:"ADD_DATE";s:10:"1329293188";s:7:"PRIVATE";s:1:"0";s:4:"TAGS";s:41:"css,jquery,javascript,via:zite,responsive";}i:74;a:4:{s:4:"HREF";s:39:"http://www.ustwo.co.uk/blog/the-s-word/";s:8:"ADD_DATE";s:10:"1329258201";s:7:"PRIVATE";s:1:"0";s:4:"TAGS";s:61:"windowsphone7,ui,usability,userexperience,skeuomorph,via:zite";}i:75;a:4:{s:4:"HREF";s:55:"http://abduzeedo.com/money-style-illustration-photoshop";s:8:"ADD_DATE";s:10:"1329227882";s:7:"PRIVATE";s:1:"0";s:4:"TAGS";s:24:"money,photoshop,tutorial";}i:76;a:5:{s:4:"HREF";s:46:"http://www.font-zone.com/download.php?fid=2321";s:8:"ADD_DATE";s:10:"1329227726";s:7:"PRIVATE";s:1:"0";s:4:"TAGS";s:10:"font,money";s:7:"COMMENT";s:12:"Money font.
";}i:77;a:5:{s:4:"HREF";s:37:"http://www.dafont.com/ecuyer-dax.font";s:8:"ADD_DATE";s:10:"1329227710";s:7:"PRIVATE";s:1:"0";s:4:"TAGS";s:10:"font,money";s:7:"COMMENT";s:12:"Money font.
";}i:78;a:5:{s:4:"HREF";s:78:"http://mkruzeniski.posterous.com/how-print-design-is-the-future-of-interaction";s:8:"ADD_DATE";s:10:"1329168896";s:7:"PRIVATE";s:1:"0";s:4:"TAGS";s:62:"interaction,print,inspiration,interface,webdesign,ui,ux,design";s:7:"COMMENT";s:88:"Wonderful article about how Interaction Design should take influence from Print Design.
";}i:79;a:4:{s:4:"HREF";s:99:"http://www.noupe.com/design/get-your-kits-fresh-web-and-mobile-ui-kits-wireframe-kits-and-psds.html";s:8:"ADD_DATE";s:10:"1329166006";s:7:"PRIVATE";s:1:"0";s:4:"TAGS";s:40:"mobile,ui,photoshop,iphone,via:zite!kits";}i:80;a:4:{s:4:"HREF";s:89:"http://www.instantshift.com/2012/02/13/50-fresh-high-quality-free-fonts-for-your-designs/";s:8:"ADD_DATE";s:10:"1329164254";s:7:"PRIVATE";s:1:"0";s:4:"TAGS";s:21:"via:zite, fonts, free";}i:81;a:5:{s:4:"HREF";s:59:"http://vincent.bernat.im/en/blog/2011-typekit-overview.html";s:8:"ADD_DATE";s:10:"1329140708";s:7:"PRIVATE";s:1:"0";s:4:"TAGS";s:13:"fonts,typekit";s:7:"COMMENT";s:108:"Interesting article about Typekit which talks about the way it returns a 200 when it should be doing a 304.
";}i:82;a:5:{s:4:"HREF";s:35:"http://draeton.github.com/stitches/";s:8:"ADD_DATE";s:10:"1328881588";s:7:"PRIVATE";s:1:"0";s:4:"TAGS";s:51:"useful,javascript,tools,generator,css,html5,sprites";s:7:"COMMENT";s:38:"Handy sprite sheet generator for CSS.
";}i:83;a:4:{s:4:"HREF";s:83:"http://www.queness.com/post/10498/build-interactive-websites-easily-with-javascript";s:8:"ADD_DATE";s:10:"1328827511";s:7:"PRIVATE";s:1:"0";s:4:"TAGS";s:41:"javascript,css,jquery,flash,ajax,via:zite";}i:84;a:5:{s:4:"HREF";s:28:"http://masonry.desandro.com/";s:8:"ADD_DATE";s:10:"1328733084";s:7:"PRIVATE";s:1:"0";s:4:"TAGS";s:50:"plugin,grid,webdesign,javascript,design,css,jquery";s:7:"COMMENT";s:157:"A jQuery plugin to rearrange your floated grid to fill the space better. It relies on absolute positioning though, but then it's dynamic so maybe that's OK.
";}i:85;a:5:{s:4:"HREF";s:49:"https://github.com/kneath/kss/blob/master/SPEC.md";s:8:"ADD_DATE";s:10:"1328725088";s:7:"PRIVATE";s:1:"0";s:4:"TAGS";s:33:"SASS,tools,spec,css,documentation";s:7:"COMMENT";s:28:"A CSS commenting framework.
";}i:86;a:5:{s:4:"HREF";s:52:"https://github.com/Jewgonewild/Twitter-Oauth-CakePHP";s:8:"ADD_DATE";s:10:"1328722025";s:7:"PRIVATE";s:1:"0";s:4:"TAGS";s:31:"oauth,php,login,cakephp,twitter";s:7:"COMMENT";s:62:"Using CakePHP to create a quick "login through twitter" flow.
";}i:87;a:5:{s:4:"HREF";s:25:"http://framelessgrid.com/";s:8:"ADD_DATE";s:10:"1328693091";s:7:"PRIVATE";s:1:"0";s:4:"TAGS";s:34:"webdesign,css,framework,responsive";s:7:"COMMENT";s:117:"Another CSS Framework. Looks a bit different to me, a bit interesting. Worth coming back for another look some time.
";}i:88;a:5:{s:4:"HREF";s:27:"http://foundation.zurb.com/";s:8:"ADD_DATE";s:10:"1328693047";s:7:"PRIVATE";s:1:"0";s:4:"TAGS";s:45:"webdesign,web,mobile,javascript,css,framework";s:7:"COMMENT";s:64:"Another CSS framework. Haven't tried it, must do at some point.
";}i:89;a:5:{s:4:"HREF";s:26:"http://www.playmycode.com/";s:8:"ADD_DATE";s:10:"1328692532";s:7:"PRIVATE";s:1:"0";s:4:"TAGS";s:20:"code,build,web,games";s:7:"COMMENT";s:46:"Build and deploy games all online (it seems).
";}i:90;a:4:{s:4:"HREF";s:36:"http://html5doctor.com/getusermedia/";s:8:"ADD_DATE";s:10:"1328649017";s:7:"PRIVATE";s:1:"0";s:4:"TAGS";s:48:"html5,canvas,streaming,featuredetection,via:zite";}i:91;a:4:{s:4:"HREF";s:97:"http://blog.responsivenews.co.uk/post/13925578846/fluid-grids-orientation-resolution-independence";s:8:"ADD_DATE";s:10:"1328646576";s:7:"PRIVATE";s:1:"0";s:4:"TAGS";s:37:"sizing,grids,webdesign,css,responsive";}i:92;a:5:{s:4:"HREF";s:79:"http://speckyboy.com/2011/11/17/15-responsive-css-frameworks-worth-considering/";s:8:"ADD_DATE";s:10:"1328607989";s:7:"PRIVATE";s:1:"0";s:4:"TAGS";s:36:"fluid,grids,css,webdesign,responsive";s:7:"COMMENT";s:74:"A nice round up of responsive web design frameworks. One to come back to.
";}i:93;a:4:{s:4:"HREF";s:52:"http://paulirish.com/2012/box-sizing-border-box-ftw/";s:8:"ADD_DATE";s:10:"1328479880";s:7:"PRIVATE";s:1:"0";s:4:"TAGS";s:34:"css,jquery,recommendation,via:zite";}i:94;a:5:{s:4:"HREF";s:36:"http://visionmedia.github.com/uikit/";s:8:"ADD_DATE";s:10:"1328478806";s:7:"PRIVATE";s:1:"0";s:4:"TAGS";s:19:"javascript,via:zite";s:7:"COMMENT";s:68:"Javascript framework for creating some common types of UI patterns.
";}i:95;a:4:{s:4:"HREF";s:34:"http://news.noahraford.com/?p=1349";s:8:"ADD_DATE";s:10:"1328478243";s:7:"PRIVATE";s:1:"0";s:4:"TAGS";s:29:"fiction,optogenetics,via:zite";}i:96;a:4:{s:4:"HREF";s:53:"http://sachagreif.com/google-webfonts-that-dont-suck/";s:8:"ADD_DATE";s:10:"1328189926";s:7:"PRIVATE";s:1:"0";s:4:"TAGS";s:41:"webfont,typography,webdesign,google,fonts";}i:97;a:5:{s:4:"HREF";s:33:"http://ugleah.com/ux-team-of-one/";s:8:"ADD_DATE";s:10:"1328181100";s:7:"PRIVATE";s:1:"0";s:4:"TAGS";s:92:"presentation,tools,usability,experience_design,sketch,tips,design,inspiration,prototyping,ux";s:7:"COMMENT";s:103:"UX person from Adaptive Path talking about what she does. A good resource of links to other stuff too!
";}i:98;a:5:{s:4:"HREF";s:60:"http://uxlondon.s3.amazonaws.com/slides/GoodDesignFaster.pdf";s:8:"ADD_DATE";s:10:"1328181043";s:7:"PRIVATE";s:1:"0";s:4:"TAGS";s:59:"ux,ui,sketching,methods,techniques,brainstorming,design,pdf";s:7:"COMMENT";s:147:"Includes a load of interesting bits about brainstorming & ideation meetings and then sketching up of these (6-up & 1-up) and good stuff like that.
";}i:99;a:4:{s:4:"HREF";s:67:"http://uxmag.com/articles/introduction-to-design-studio-methodology";s:8:"ADD_DATE";s:10:"1328180942";s:7:"PRIVATE";s:1:"0";s:4:"TAGS";s:42:"designstudio,process,methodology,design,ux";}i:100;a:5:{s:4:"HREF";s:95:"http://www.hanselman.com/blog/410GoneThoughtsOnMarkDiveintomarkPilgrimsAndWhysInfosuicides.aspx";s:8:"ADD_DATE";s:10:"1327587763";s:7:"PRIVATE";s:1:"0";s:4:"TAGS";s:23:"MarkPilgrim,Infosuicide";s:7:"COMMENT";s:63:"Discussion of Mark Pilgrim and his disappearance from the web.
";}i:101;a:5:{s:4:"HREF";s:26:"http://www.thrivesolo.com/";s:8:"ADD_DATE";s:10:"1327348097";s:7:"PRIVATE";s:1:"0";s:4:"TAGS";s:25:"webdesign,freelance,tools";s:7:"COMMENT";s:66:"Looks like a really good self management service for freelancers.
";}i:102;a:4:{s:4:"HREF";s:50:"http://teamcoco.com/video/david-cross-sets-up-clip";s:8:"ADD_DATE";s:10:"1326616436";s:7:"PRIVATE";s:1:"0";s:4:"TAGS";s:4:"Towa";}i:103;a:5:{s:4:"HREF";s:55:"http://designingsocialinterfaces.com/patterns/Main_Page";s:8:"ADD_DATE";s:10:"1326388326";s:7:"PRIVATE";s:1:"0";s:4:"TAGS";s:13:"socialmedia,W";s:7:"COMMENT";s:39:"Design patterns for social networking.
";}i:104;a:5:{s:4:"HREF";s:36:"https://www.yammer.com/about/product";s:8:"ADD_DATE";s:10:"1326388291";s:7:"PRIVATE";s:1:"0";s:4:"TAGS";s:22:"tools,W&P;,socialmedia";s:7:"COMMENT";s:39:"Internal social network for companies.
";}i:105;a:5:{s:4:"HREF";s:83:"http://www.slideshare.net/cnwgroup/social-media-for-internal-communications-3551427";s:8:"ADD_DATE";s:10:"1326385954";s:7:"PRIVATE";s:1:"0";s:4:"TAGS";s:16:"W&P;,socialmedia";s:7:"COMMENT";s:74:"A good presentation about using social media for internal communications.
";}i:106;a:5:{s:4:"HREF";s:105:"http://www.hrcommunication.com/Main/Articles/How_to_use_Facebook_groups_for_internal_communicat_3785.aspx";s:8:"ADD_DATE";s:10:"1326385893";s:7:"PRIVATE";s:1:"0";s:4:"TAGS";s:21:"W&P;,socialnetworking";s:7:"COMMENT";s:93:"It's basically a set of guidelines about how to do it. Not technically but more in practice.
";}i:107;a:5:{s:4:"HREF";s:65:"http://www.doohinsights.com/dave_haynes/the-great-qr-code-debate/";s:8:"ADD_DATE";s:10:"1326213106";s:7:"PRIVATE";s:1:"0";s:4:"TAGS";s:16:"marketing,qrcode";s:7:"COMMENT";s:176:"This is a classic mistake. Marketers are always trying to get consumers to act a certain way with technology rather than find their place in how people already use technology.
";}i:108;a:5:{s:4:"HREF";s:80:"http://stanleyalston.posterous.com/data-retrieval-using-backbone-js-with-php-and";s:8:"ADD_DATE";s:10:"1325774469";s:7:"PRIVATE";s:1:"0";s:4:"TAGS";s:28:"mysql,webdev, javascript,php";s:7:"COMMENT";s:44:"Using backbone to get data from the server.
";}i:109;a:4:{s:4:"HREF";s:82:"http://blog.fedecarg.com/2011/09/11/building-a-restful-web-api-with-php-and-apify/";s:8:"ADD_DATE";s:10:"1325774413";s:7:"PRIVATE";s:1:"0";s:4:"TAGS";s:19:"rest,apify, php,api";}i:110;a:4:{s:4:"HREF";s:78:"http://net.tutsplus.com/tutorials/php/creating-an-api-centric-web-application/";s:8:"ADD_DATE";s:10:"1325280644";s:7:"PRIVATE";s:1:"0";s:4:"TAGS";s:23:"api javascript via:zite";}i:111;a:5:{s:4:"HREF";s:42:"http://www.opera.com/developer/tools/mini/";s:8:"ADD_DATE";s:10:"1324640519";s:7:"PRIVATE";s:1:"0";s:4:"TAGS";s:30:"webdesign,tools,testing,mobile";s:7:"COMMENT";s:39:"Useful for testing stuff on Opera Mini
";}i:112;a:5:{s:4:"HREF";s:38:"http://leaverou.github.com/prefixfree/";s:8:"ADD_DATE";s:10:"1324204547";s:7:"PRIVATE";s:1:"0";s:4:"TAGS";s:25:"javascript,webdesign,CSS3";s:7:"COMMENT";s:113:"A little JS tool to add vender prefixes where needed without you having to put them throughout your stylesheets.
";}i:113;a:5:{s:4:"HREF";s:52:"http://www.highexistence.com/alternate-sleep-cycles/";s:8:"ADD_DATE";s:10:"1324033166";s:7:"PRIVATE";s:1:"0";s:4:"TAGS";s:28:"sleep,lifehacks,health,cycle";s:7:"COMMENT";s:59:"Description of alternative sleep cycles. Very interesting.
";}i:114;a:5:{s:4:"HREF";s:54:"http://www.brokencitylab.org/notes/the-done-manifesto/";s:8:"ADD_DATE";s:10:"1324033120";s:7:"PRIVATE";s:1:"0";s:4:"TAGS";s:53:"inspiration,informatics,infographic,design,creativity";s:7:"COMMENT";s:111:"Wonderful description of creativity and just bloody well getting things done. Gonna print and keep it I think.
";}i:115;a:5:{s:4:"HREF";s:97:"http://www.longtailvideo.com/support/jw-player/jw-player-for-flash-v4/12204/configuration-options";s:8:"ADD_DATE";s:10:"1324032299";s:7:"PRIVATE";s:1:"0";s:4:"TAGS";s:20:"jwplayer,api,options";s:7:"COMMENT";s:70:"The page of options for the old jwplayer to control what it does etc.
";}i:116;a:5:{s:4:"HREF";s:47:"http://beneverard.github.com/jqPagination/#demo";s:8:"ADD_DATE";s:10:"1323167320";s:7:"PRIVATE";s:1:"0";s:4:"TAGS";s:45:"jQuery,pagination,webdesign,javascript,plugin";s:7:"COMMENT";s:31:"Nice little pagination plugin.
";}i:117;a:5:{s:4:"HREF";s:50:"http://amaditalks.tumblr.com/post/13513981784/siri";s:8:"ADD_DATE";s:10:"1322733427";s:7:"PRIVATE";s:1:"0";s:4:"TAGS";s:30:"abortion,siri,women,technology";s:7:"COMMENT";s:51:"Hmmm hard to avoid the implication of this really.
";}i:118;a:5:{s:4:"HREF";s:22:"http://attackemart.in/";s:8:"ADD_DATE";s:10:"1322039174";s:7:"PRIVATE";s:1:"0";s:4:"TAGS";s:21:"webdesign,inspiration";s:7:"COMMENT";s:98:"Wonderfully simple and yet thoroughly impressive. Relies on the use of the very good photography.
";}i:119;a:5:{s:4:"HREF";s:75:"http://gwcoffey.posterous.com/cant-update-really-old-rubygems-101-on-mac-os";s:8:"ADD_DATE";s:10:"1321960275";s:7:"PRIVATE";s:1:"0";s:4:"TAGS";s:12:"ruby,gem,osx";s:7:"COMMENT";s:92:"Making the ruby gems update work as mine currently looks to the wrong URL for it's updates.
";}i:120;a:5:{s:4:"HREF";s:23:"http://www.janploch.de/";s:8:"ADD_DATE";s:10:"1321903743";s:7:"PRIVATE";s:1:"0";s:4:"TAGS";s:21:"webdesign,inspiration";s:7:"COMMENT";s:101:"Single visual concept (a bottle) executed really nicely with a lovely illustrative style throughout.
";}i:121;a:5:{s:4:"HREF";s:34:"http://www.cloudberrycreative.com/";s:8:"ADD_DATE";s:10:"1321903678";s:7:"PRIVATE";s:1:"0";s:4:"TAGS";s:21:"webdesign,inspiration";s:7:"COMMENT";s:77:"Nice, small palletten, a bit of illustration, just done really, really well.
";}i:122;a:5:{s:4:"HREF";s:22:"http://solid-gray.com/";s:8:"ADD_DATE";s:10:"1321808143";s:7:"PRIVATE";s:1:"0";s:4:"TAGS";s:22:"bags,products,shopping";s:7:"COMMENT";s:50:"excellent bag - hard - folded from ... something.
";}i:123;a:5:{s:4:"HREF";s:22:"http://html5demos.com/";s:8:"ADD_DATE";s:10:"1321526267";s:7:"PRIVATE";s:1:"0";s:4:"TAGS";s:21:"html5,webdesign,demos";s:7:"COMMENT";s:119:"Excellent round up of all things HTML5 with demos. Very handy to get a grip on what HTML5 really is (beyond the hype).
";}i:124;a:4:{s:4:"HREF";s:46:"http://css-tricks.com/14664-what-we-dont-know/";s:8:"ADD_DATE";s:10:"1321526166";s:7:"PRIVATE";s:1:"0";s:4:"TAGS";s:60:"css,standards,usability,bestpractices,html5,design,webdesign";}i:125;a:4:{s:4:"HREF";s:76:"http://www.nationalmediamuseum.org.uk/BradfordAnimationFestival/bafkids.aspx";s:8:"ADD_DATE";s:10:"1321342561";s:7:"PRIVATE";s:1:"0";s:4:"TAGS";s:21:"inspiration,webdesign";}i:126;a:4:{s:4:"HREF";s:53:"http://www.idev101.com/code/User_Interface/sizes.html";s:8:"ADD_DATE";s:10:"1321277770";s:7:"PRIVATE";s:1:"0";s:4:"TAGS";s:37:"iphone,design,ui,reference,dimensions";}i:127;a:4:{s:4:"HREF";s:135:"http://www.amazon.co.uk/Adhesive-Assorted-Coloured-Moustaches-Multipack/dp/B0016CZ11E/ref=sr_1_14?s=kids&ie=UTF8&qid=1321214188&sr=1-14";s:8:"ADD_DATE";s:10:"1321274159";s:7:"PRIVATE";s:1:"0";s:4:"TAGS";s:9:"xmas,owen";}i:128;a:4:{s:4:"HREF";s:121:"http://www.amazon.co.uk/Bristol-Novelty-Pop-Wig-Rainbow/dp/B00168WY2C/ref=sr_1_137?s=kids&ie=UTF8&qid=1321215147&sr=1-137";s:8:"ADD_DATE";s:10:"1321274136";s:7:"PRIVATE";s:1:"0";s:4:"TAGS";s:10:"xmas,carys";}i:129;a:4:{s:4:"HREF";s:124:"http://www.amazon.co.uk/Bristol-Novelty-Kings-Crown-Childs/dp/B00307PB9A/ref=sr_1_173?s=kids&ie=UTF8&qid=1321214969&sr=1-173";s:8:"ADD_DATE";s:10:"1321274118";s:7:"PRIVATE";s:1:"0";s:4:"TAGS";s:9:"xmas,owen";}i:130;a:4:{s:4:"HREF";s:135:"http://www.amazon.co.uk/Police-Bobby-Helmet-Childs-Size/dp/B002EA8W0Y/ref=sr_1_cc_1?s=electronics&ie=UTF8&qid=1321213862&sr=1-1-catcorr";s:8:"ADD_DATE";s:10:"1321274068";s:7:"PRIVATE";s:1:"0";s:4:"TAGS";s:9:"xmas,owen";}i:131;a:4:{s:4:"HREF";s:70:"http://www.fancydress.com/costumes/Pirate-Black-Nylon-Beard/0~1561~346";s:8:"ADD_DATE";s:10:"1321274054";s:7:"PRIVATE";s:1:"0";s:4:"TAGS";s:9:"xmas,owen";}i:132;a:4:{s:4:"HREF";s:68:"http://www.fancydress.com/costumes/Lumberjack-Beard-Brown/0~1546~346";s:8:"ADD_DATE";s:10:"1321274015";s:7:"PRIVATE";s:1:"0";s:4:"TAGS";s:9:"owen,xmas";}i:133;a:4:{s:4:"HREF";s:94:"http://www.partybox.co.uk/grown-up-party-products/Moustache-Mexican-bandit%2C-black_109751.htm";s:8:"ADD_DATE";s:10:"1321273995";s:7:"PRIVATE";s:1:"0";s:4:"TAGS";s:9:"xmas,owen";}i:134;a:4:{s:4:"HREF";s:77:"http://www.slideshare.net/preciousforever/patterns-for-multiscreen-strategies";s:8:"ADD_DATE";s:10:"1320423586";s:7:"PRIVATE";s:1:"0";s:4:"TAGS";s:25:"mobile,multiscreen,design";}i:135;a:5:{s:4:"HREF";s:60:"http://webdesignerwall.com/tutorials/playing-with-svg-design";s:8:"ADD_DATE";s:10:"1320422985";s:7:"PRIVATE";s:1:"0";s:4:"TAGS";s:19:"svg,html5,webdesign";s:7:"COMMENT";s:52:"Must look into SVG more. And Raphael in particular.
";}i:136;a:4:{s:4:"HREF";s:38:"http://www.lukew.com/ff/entry.asp?1436";s:8:"ADD_DATE";s:10:"1320325470";s:7:"PRIVATE";s:1:"0";s:4:"TAGS";s:20:"responsive,webdesign";}i:137;a:4:{s:4:"HREF";s:70:"http://www.netmagazine.com/tutorials/user-interface-design-iphone-apps";s:8:"ADD_DATE";s:10:"1320314794";s:7:"PRIVATE";s:1:"0";s:4:"TAGS";s:26:"iphone,design,interface,ui";}i:138;a:5:{s:4:"HREF";s:21:"http://mobiletest.me/";s:8:"ADD_DATE";s:10:"1320048287";s:7:"PRIVATE";s:1:"0";s:4:"TAGS";s:35:"responsive,webdesign,testing,mobile";s:7:"COMMENT";s:88:"Nice little test suite for quick testing of your website on a number of mobile devices.
";}i:139;a:5:{s:4:"HREF";s:18:"http://zeebox.com/";s:8:"ADD_DATE";s:10:"1319395370";s:7:"PRIVATE";s:1:"0";s:4:"TAGS";s:2:"tv";s:7:"COMMENT";s:34:"What the iPlayer people did next?
";}i:140;a:4:{s:4:"HREF";s:69:"http://webdesignerwall.com/trends/inspiration-fluid-responsive-design";s:8:"ADD_DATE";s:10:"1319126271";s:7:"PRIVATE";s:1:"0";s:4:"TAGS";s:38:"fluid,responsive,webdesign,inspiration";}i:141;a:5:{s:4:"HREF";s:51:"http://wordpress.org/extend/plugins/posts-to-posts/";s:8:"ADD_DATE";s:10:"1319117454";s:7:"PRIVATE";s:1:"0";s:4:"TAGS";s:33:"wordpress,plugin,custom-post-type";s:7:"COMMENT";s:132:"Hmmm looks like a useful plugin. Allows you to create many-to-many relationships between posts of any type: post, page, custom etc.
";}i:142;a:4:{s:4:"HREF";s:76:"http://raymosley.posterous.com/design-patterns-for-the-mobile-web-part-1-sma";s:8:"ADD_DATE";s:10:"1319112180";s:7:"PRIVATE";s:1:"0";s:4:"TAGS";s:20:"responsive,webdesign";}i:143;a:4:{s:4:"HREF";s:34:"http://mobilewebbestpractices.com/";s:8:"ADD_DATE";s:10:"1318859780";s:7:"PRIVATE";s:1:"0";s:4:"TAGS";s:35:"mobile design webdesign responsive ";}i:144;a:5:{s:4:"HREF";s:80:"http://www.webmonkey.com/2011/10/slide-show-time-building-a-future-friendly-web/";s:8:"ADD_DATE";s:10:"1318848130";s:7:"PRIVATE";s:1:"0";s:4:"TAGS";s:21:"responsive webdesign ";s:7:"COMMENT";s:79:"Nice slide set on future friendly web design (much responsive stuff in there).
";}i:145;a:5:{s:4:"HREF";s:32:"http://www.acqualia.com/soulver/";s:8:"ADD_DATE";s:10:"1318512010";s:7:"PRIVATE";s:1:"0";s:4:"TAGS";s:24:"software mac calculator ";s:7:"COMMENT";s:50:"Neat little calculator app but is it worth £15. 
";}i:146;a:4:{s:4:"HREF";s:127:"http://www.dormroomtycoon.com/ethan-marcotte-responsive-web-design-interview-the-way-of-responsive-web-design-design-interview/";s:8:"ADD_DATE";s:10:"1318509150";s:7:"PRIVATE";s:1:"0";s:4:"TAGS";s:28:"responsive,webdesign,podcast";}i:147;a:5:{s:4:"HREF";s:62:"http://asburyandasbury.typepad.com/blog/2011/09/wackaging.html";s:8:"ADD_DATE";s:10:"1318508612";s:7:"PRIVATE";s:1:"0";s:4:"TAGS";s:54:"moragesque,marketing,toneofvoice,copywriting,wackaging";s:7:"COMMENT";s:99:"Interesting discussion about tone of voice in the context of wackaging. Backlash? or bad practice?
";}i:148;a:5:{s:4:"HREF";s:96:"http://www.stubbornella.org/content/2010/06/25/the-media-object-saves-hundreds-of-lines-of-code/";s:8:"ADD_DATE";s:10:"1318010737";s:7:"PRIVATE";s:1:"0";s:4:"TAGS";s:31:"css,html,oocss,webdesign,webdev";s:7:"COMMENT";s:23:"Excellent piece of css
";}i:149;a:4:{s:4:"HREF";s:61:"http://hints.macworld.com/article.php?story=20091104090207286";s:8:"ADD_DATE";s:10:"1317898107";s:7:"PRIVATE";s:1:"0";s:4:"TAGS";s:23:"mouse,osx,leopard,apple";}i:150;a:5:{s:4:"HREF";s:33:"http://support.apple.com/kb/dl951";s:8:"ADD_DATE";s:10:"1317897949";s:7:"PRIVATE";s:1:"0";s:4:"TAGS";s:23:"mouse,osx,leopard,apple";s:7:"COMMENT";s:45:"Just in case I buy one of these magic mices.
";}i:151;a:5:{s:4:"HREF";s:58:"http://news.stanford.edu/news/2005/june15/jobs-061505.html";s:8:"ADD_DATE";s:10:"1317888639";s:7:"PRIVATE";s:1:"0";s:4:"TAGS";s:50:"stevejobs,education,learning,typography,university";s:7:"COMMENT";s:167:"Speech by Steve including the anecdote about learning typography from some random class he took after he'd dropped out (and how that influence typography on the Mac).
";}i:152;a:4:{s:4:"HREF";s:25:"http://www.freesound.org/";s:8:"ADD_DATE";s:10:"1317628391";s:7:"PRIVATE";s:1:"0";s:4:"TAGS";s:41:"audio,free,music,resources,samples,sounds";}i:153;a:5:{s:4:"HREF";s:63:"http://www.avc.com/a_vc/2011/09/minimum-viable-personality.html";s:8:"ADD_DATE";s:10:"1317376015";s:7:"PRIVATE";s:1:"0";s:4:"TAGS";s:27:"product,personality,startup";s:7:"COMMENT";s:90:"A really nice description of what goes to make the "personality" of a product. Minimally.
";}i:154;a:5:{s:4:"HREF";s:77:"http://www.webmonkey.com/2011/09/the-boston-globe-embraces-responsive-design/";s:8:"ADD_DATE";s:10:"1317052508";s:7:"PRIVATE";s:1:"0";s:4:"TAGS";s:32:"responsive,webdesign,morganesque";s:7:"COMMENT";s:115:"Boston Globe go with a responsive design, be quick though they disappear behind a paywall at the end of the month.
";}i:155;a:4:{s:4:"HREF";s:84:"http://blog.pengoworks.com/index.cfm/2009/2/17/Fading-a-24bit-transparent-PNG-in-IE7";s:8:"ADD_DATE";s:10:"1316166022";s:7:"PRIVATE";s:1:"0";s:4:"TAGS";s:30:"ie,transparent,PNG,ie6,ie7,ie8";}i:156;a:4:{s:4:"HREF";s:84:"http://blog.pengoworks.com/index.cfm/2009/2/17/Fading-a-24bit-transparent-PNG-in-IE7";s:8:"ADD_DATE";s:10:"1316166022";s:7:"PRIVATE";s:1:"0";s:4:"TAGS";s:30:"ie,transparent,PNG,ie6,ie7,ie8";}i:157;a:5:{s:4:"HREF";s:66:"http://www.youtube.com/watch?feature=player_embedded&v=oP3c1h8v2ZQ";s:8:"ADD_DATE";s:10:"1315728742";s:7:"PRIVATE";s:1:"0";s:4:"TAGS";s:25:"video,writing,story,graph";s:7:"COMMENT";s:43:"Wonderful graphs of story arcs. Funny too!
";}i:158;a:4:{s:4:"HREF";s:20:"http://eeharbor.com/";s:8:"ADD_DATE";s:10:"1315647669";s:7:"PRIVATE";s:1:"0";s:4:"TAGS";s:15:"inspiration,lsx";}i:159;a:4:{s:4:"HREF";s:20:"http://workdiary.de/";s:8:"ADD_DATE";s:10:"1315511756";s:7:"PRIVATE";s:1:"0";s:4:"TAGS";s:15:"inspiration,lsx";}i:160;a:5:{s:4:"HREF";s:65:"http://www.bbc.co.uk/blogs/adamandjoe/2011/05/saucy-archers.shtml";s:8:"ADD_DATE";s:10:"1315426149";s:7:"PRIVATE";s:1:"0";s:4:"TAGS";s:25:"adamandjoe,comedy,archers";s:7:"COMMENT";s:51:"What Adam & Joe (+ a listener) did to the Archers.
";}i:161;a:5:{s:4:"HREF";s:85:"http://www.youtube.com/watch?v=tXcgt6l_LcA&annotation_id=annotation_695562&feature=iv";s:8:"ADD_DATE";s:10:"1315426094";s:7:"PRIVATE";s:1:"0";s:4:"TAGS";s:24:"adamandjoe,comedy,taffin";s:7:"COMMENT";s:66:"Original click of Taffin which started the Adam and Joe hilarity.
";}i:162;a:5:{s:4:"HREF";s:42:"http://www.youtube.com/watch?v=qVFyznuyx8Y";s:8:"ADD_DATE";s:10:"1315426025";s:7:"PRIVATE";s:1:"0";s:4:"TAGS";s:24:"taffin,adamandjoe,comedy";s:7:"COMMENT";s:62:"The bit where they discuss Taffin and play the original clip.
";}i:163;a:5:{s:4:"HREF";s:85:"http://edition.cnn.com/2011/OPINION/09/07/rushkoff.jobs.obsolete/index.html?hpt=hp_c1";s:8:"ADD_DATE";s:10:"1315421094";s:7:"PRIVATE";s:1:"0";s:4:"TAGS";s:23:"politics,economics,jobs";s:7:"COMMENT";s:95:"Interesting analysis questioning whether it\s jobs that are actually what we need to generate.
";}i:164;a:4:{s:4:"HREF";s:92:"http://hotels.disneylandparis.co.uk/other-accomodation/hotel-lelysee-val-deurope/index.xhtml";s:8:"ADD_DATE";s:10:"1312656577";s:7:"PRIVATE";s:1:"0";s:4:"TAGS";s:13:"hotel,holiday";}i:165;a:4:{s:4:"HREF";s:73:"http://www.visitdisneylandparis.com/disney-hotels/elysee-val-d-europe.htm";s:8:"ADD_DATE";s:10:"1312656444";s:7:"PRIVATE";s:1:"0";s:4:"TAGS";s:13:"hotel,holiday";}i:166;a:5:{s:4:"HREF";s:39:"http://www.hotelelysee.com/uk/acces.php";s:8:"ADD_DATE";s:10:"1312656433";s:7:"PRIVATE";s:1:"0";s:4:"TAGS";s:13:"hotel,holiday";s:7:"COMMENT";s:24:"Hotel we're staying at.
";}i:167;a:5:{s:4:"HREF";s:26:"http://subtlepatterns.com/";s:8:"ADD_DATE";s:10:"1312451858";s:7:"PRIVATE";s:1:"0";s:4:"TAGS";s:38:"background,textures,patterns,webdesign";s:7:"COMMENT";s:32:"Nice subtle background textures
";}i:168;a:5:{s:4:"HREF";s:43:"http://forevermore.net/articles/photo-zoom/";s:8:"ADD_DATE";s:10:"1312291133";s:7:"PRIVATE";s:1:"0";s:4:"TAGS";s:37:"google,maps,javascript,googlemaps,api";s:7:"COMMENT";s:79:"A bit about hacking Google maps to show other tile images instead of the maps.
";}i:169;a:5:{s:4:"HREF";s:25:"http://www.boqueria.info/";s:8:"ADD_DATE";s:10:"1311789538";s:7:"PRIVATE";s:1:"0";s:4:"TAGS";s:6:"market";s:7:"COMMENT";s:26:"Barcelona market website.
";}i:170;a:5:{s:4:"HREF";s:37:"http://leanmodal.finelysliced.com.au/";s:8:"ADD_DATE";s:10:"1311619847";s:7:"PRIVATE";s:1:"0";s:4:"TAGS";s:32:"jquery,javascript,modal,lightbox";s:7:"COMMENT";s:47:"Nice looking and simple model window mythingy.
";}i:171;a:4:{s:4:"HREF";s:22:"http://www.kernjs.com/";s:8:"ADD_DATE";s:10:"1311324839";s:7:"PRIVATE";s:1:"0";s:4:"TAGS";s:37:"typography,webdesign,javascript,tools";}i:172;a:4:{s:4:"HREF";s:77:"http://hyphenator.googlecode.com/svn/tags/Version%203.3.0/WorkingExample.html";s:8:"ADD_DATE";s:10:"1311324672";s:7:"PRIVATE";s:1:"0";s:4:"TAGS";s:37:"webdesign,typography,tools,javascript";}i:173;a:4:{s:4:"HREF";s:23:"http://letteringjs.com/";s:8:"ADD_DATE";s:10:"1311324511";s:7:"PRIVATE";s:1:"0";s:4:"TAGS";s:43:"webdesign,typography,fonts,tools,javascript";}i:174;a:4:{s:4:"HREF";s:46:"http://tintype.mikemeyer.im/adoption/home.html";s:8:"ADD_DATE";s:10:"1311324245";s:7:"PRIVATE";s:1:"0";s:4:"TAGS";s:32:"typography,inspiration,webdesign";}i:175;a:5:{s:4:"HREF";s:53:"http://www.adobe.com/flashplatform/certified_devices/";s:8:"ADD_DATE";s:10:"1311249598";s:7:"PRIVATE";s:1:"0";s:4:"TAGS";s:30:"flash,adobe,mobile,air,android";s:7:"COMMENT";s:37:"Phones that support AIR for Android.
";}i:176;a:5:{s:4:"HREF";s:66:"http://blog.themeforest.net/tutorials/vertical-centering-with-css/";s:8:"ADD_DATE";s:10:"1310718733";s:7:"PRIVATE";s:1:"0";s:4:"TAGS";s:17:"css,centring,tips";s:7:"COMMENT";s:43:"A nice rundown of vertical centring in CSS
";}i:177;a:4:{s:4:"HREF";s:32:"http://www.findpeopleonplus.com/";s:8:"ADD_DATE";s:10:"1310673537";s:7:"PRIVATE";s:1:"0";s:4:"TAGS";s:18:"g+,twitter,ranking";}i:178;a:4:{s:4:"HREF";s:30:"http://principles.adactio.com/";s:8:"ADD_DATE";s:10:"1310570605";s:7:"PRIVATE";s:1:"0";s:4:"TAGS";s:51:"design,webdesign,inspiration,toread,html,principles";}i:179;a:5:{s:4:"HREF";s:53:"http://codex.wordpress.org/Class_Reference/WP_Rewrite";s:8:"ADD_DATE";s:10:"1310475806";s:7:"PRIVATE";s:1:"0";s:4:"TAGS";s:34:"wordpress,development,code,rewrite";s:7:"COMMENT";s:62:"Page showing the in-built re-write rule gubbins in Wordpress.
";}i:180;a:5:{s:4:"HREF";s:69:"http://wordpress.org/support/topic/have_comments-always-returns-false";s:8:"ADD_DATE";s:10:"1310412645";s:7:"PRIVATE";s:1:"0";s:4:"TAGS";s:27:"wordpress,comments,problems";s:7:"COMMENT";s:123:"Typical bloody wordpress. It's all fun and games until you waste hours and hours on something which makes no sense at all.
";}i:181;a:5:{s:4:"HREF";s:38:"http://www.lukew.com/ff/entry.asp?1353";s:8:"ADD_DATE";s:10:"1310382226";s:7:"PRIVATE";s:1:"0";s:4:"TAGS";s:52:"design,responsive,webdesign,mobile,usability,process";s:7:"COMMENT";s:85:"Sounds like an excellent talk by the guy who wrote the book on Responsive Web Design
";}i:182;a:5:{s:4:"HREF";s:37:"http://brightondigitalfestival.co.uk/";s:8:"ADD_DATE";s:10:"1309943775";s:7:"PRIVATE";s:1:"0";s:4:"TAGS";s:32:"webdesign,inspiration,responsive";s:7:"COMMENT";s:77:"Nicely designs responsive website. Cool background fading colour effect too!
";}i:183;a:5:{s:4:"HREF";s:21:"http://preloaded.com/";s:8:"ADD_DATE";s:10:"1309943699";s:7:"PRIVATE";s:1:"0";s:4:"TAGS";s:25:"gmaes,flash,agency,design";s:7:"COMMENT";s:35:"Really nice looking games company.
";}i:184;a:4:{s:4:"HREF";s:35:"http://csswizardry.com/fluid-grids/";s:8:"ADD_DATE";s:10:"1309460448";s:7:"PRIVATE";s:1:"0";s:4:"TAGS";s:9:"css,fluid";}i:185;a:5:{s:4:"HREF";s:42:"http://www.youtube.com/watch?v=x1bX3F7uTrg";s:8:"ADD_DATE";s:10:"1309164393";s:7:"PRIVATE";s:1:"0";s:4:"TAGS";s:38:"video,documentary,humour,parody,satire";s:7:"COMMENT";s:33:"Brilliant parody of Adam Curtis.
";}i:186;a:5:{s:4:"HREF";s:82:"http://www.456bereastreet.com/archive/201012/yui_compressor_and_css_media_queries/";s:8:"ADD_DATE";s:10:"1308742144";s:7:"PRIVATE";s:1:"0";s:4:"TAGS";s:60:"responsive,css,media_queries,yui,compression,css3,javascript";s:7:"COMMENT";s:39:"Ouch! Just got got by this. Watch out!
";}i:187;a:5:{s:4:"HREF";s:65:"https://github.com/abraham/twitteroauth/blob/master/DOCUMENTATION";s:8:"ADD_DATE";s:10:"1308664449";s:7:"PRIVATE";s:1:"0";s:4:"TAGS";s:21:"twitter,API,OAuth,php";s:7:"COMMENT";s:30:"twitterOAuth class explained.
";}i:188;a:5:{s:4:"HREF";s:47:"https://github.com/Modernizr/Modernizr/pull/176";s:8:"ADD_DATE";s:10:"1308661792";s:7:"PRIVATE";s:1:"0";s:4:"TAGS";s:27:"modernizr,html5,placeholder";s:7:"COMMENT";s:37:"placeholder detection with modernizr
";}i:189;a:5:{s:4:"HREF";s:85:"http://particletree.com/notebook/automatically-version-your-css-and-javascript-files/";s:8:"ADD_DATE";s:10:"1308562156";s:7:"PRIVATE";s:1:"0";s:4:"TAGS";s:45:"css,javascript,server,development,performance";s:7:"COMMENT";s:58:"Useful automatic versioning for CSS and JavaScript files.
";}i:190;a:5:{s:4:"HREF";s:94:"http://www.gutenberg.org/wiki/Best_Books_Ever_Listings_(Bookshelf)#Science_fiction_and_fantasy";s:8:"ADD_DATE";s:10:"1308502616";s:7:"PRIVATE";s:1:"0";s:4:"TAGS";s:13:"toread,kindle";s:7:"COMMENT";s:20:"Nice list of reads.
";}i:191;a:5:{s:4:"HREF";s:79:"http://www.skyhighkites.co.uk/shop/product/64/Classic-Diamond-Rainbow-Kite.html";s:8:"ADD_DATE";s:10:"1308425992";s:7:"PRIVATE";s:1:"0";s:4:"TAGS";s:14:"carys,birthday";s:7:"COMMENT";s:21:"Lovely classic kite.
";}i:192;a:5:{s:4:"HREF";s:90:"http://littlebigdetails.com/post/6615475899/alanvanroemburg-apple-icloud-icon-golden-ratio";s:8:"ADD_DATE";s:10:"1308410390";s:7:"PRIVATE";s:1:"0";s:4:"TAGS";s:30:"golden_ratio,apple,morganesque";s:7:"COMMENT";s:37:"Haha lovely. I'd never have noticed.
";}i:193;a:5:{s:4:"HREF";s:38:"http://www.sparrow-framework.org/info/";s:8:"ADD_DATE";s:10:"1308136095";s:7:"PRIVATE";s:1:"0";s:4:"TAGS";s:46:"iphone,game,programming,opensource,development";s:7:"COMMENT";s:42:"Friendly for Flash developers apparently.
";}i:194;a:5:{s:4:"HREF";s:29:"http://www.texturepacker.com/";s:8:"ADD_DATE";s:10:"1308135947";s:7:"PRIVATE";s:1:"0";s:4:"TAGS";s:58:"tools,programming,iphone,games,sprites,development,gamedev";s:7:"COMMENT";s:45:"Sprite sheet creation and image optimization
";}i:195;a:5:{s:4:"HREF";s:44:"https://github.com/zoltan-dulac/cssSandpaper";s:8:"ADD_DATE";s:10:"1308130392";s:7:"PRIVATE";s:1:"0";s:4:"TAGS";s:18:"html5,css3,polyfil";s:7:"COMMENT";s:49:"HTML5 CSS3 Polyfil for shadows and gradients etc
";}i:196;a:5:{s:4:"HREF";s:64:"http://zootool.com/blog/2010/04/21/apple-touch-icon-precomposed/";s:8:"ADD_DATE";s:10:"1308126253";s:7:"PRIVATE";s:1:"0";s:4:"TAGS";s:32:"apple,graphics,icons,iphone,ipad";s:7:"COMMENT";s:137:"Explaining what the apple icon "precomposed" and what's it's useful for. (Not having the sheen which apple adds to your icon otherwise).
";}i:197;a:5:{s:4:"HREF";s:88:"http://blog.typekit.com/2010/07/07/quick-tip-tuning-condensed-fonts-with-webfont-loader/";s:8:"ADD_DATE";s:10:"1307991361";s:7:"PRIVATE";s:1:"0";s:4:"TAGS";s:46:"fonts,typography,webdesign,development,typekit";s:7:"COMMENT";s:73:"Useful tip for making sure things are OK when your web fonts don't load.
";}i:198;a:5:{s:4:"HREF";s:25:"http://tictocbodypop.com/";s:8:"ADD_DATE";s:10:"1307954062";s:7:"PRIVATE";s:1:"0";s:4:"TAGS";s:16:"ipod,game,barber";s:7:"COMMENT";s:79:"That game made by the son in law (?) of he barber who cut my hair on Saturday.
";}i:199;a:5:{s:4:"HREF";s:76:"http://forge.mysql.com/wiki/TagSchema#Tagging_and_Folksonomy_Schema_Concepts";s:8:"ADD_DATE";s:10:"1307801329";s:7:"PRIVATE";s:1:"0";s:4:"TAGS";s:17:"tagging,php,mysql";s:7:"COMMENT";s:35:"More useful tagging stuff in MYSQL
";}i:200;a:5:{s:4:"HREF";s:60:"http://stackoverflow.com/questions/2783049/mysql-php-tagging";s:8:"ADD_DATE";s:10:"1307801160";s:7:"PRIVATE";s:1:"0";s:4:"TAGS";s:17:"mysql,tagging,php";s:7:"COMMENT";s:45:"Useful stuff for setting up tagging in MYSQL
";}i:201;a:4:{s:4:"HREF";s:69:"http://www.flashuser.net/freebies/60-free-social-media-icon-sets.html";s:8:"ADD_DATE";s:10:"1307799791";s:7:"PRIVATE";s:1:"0";s:4:"TAGS";s:12:"icons,social";}i:202;a:4:{s:4:"HREF";s:87:"http://exploringleeds.blogspot.com/2011/06/bettakultcha-ix-so-what-was-drama-about.html";s:8:"ADD_DATE";s:10:"1307645708";s:7:"PRIVATE";s:1:"0";s:4:"TAGS";s:12:"bettakultcha";}i:203;a:4:{s:4:"HREF";s:67:"http://claireot.wordpress.com/2011/06/09/bettakultcha-ix-june-2011/";s:8:"ADD_DATE";s:10:"1307645682";s:7:"PRIVATE";s:1:"0";s:4:"TAGS";s:12:"bettakultcha";}i:204;a:4:{s:4:"HREF";s:46:"http://www.fontsquirrel.com/fonts/ostrich-sans";s:8:"ADD_DATE";s:10:"1307611758";s:7:"PRIVATE";s:1:"0";s:4:"TAGS";s:14:"justenous,font";}i:205;a:4:{s:4:"HREF";s:47:"http://www.fontsquirrel.com/fonts/District-Thin";s:8:"ADD_DATE";s:10:"1307611673";s:7:"PRIVATE";s:1:"0";s:4:"TAGS";s:14:"justenous,font";}i:206;a:4:{s:4:"HREF";s:41:"http://www.fontsquirrel.com/fonts/osp-din";s:8:"ADD_DATE";s:10:"1307611500";s:7:"PRIVATE";s:1:"0";s:4:"TAGS";s:13:"justenous,fot";}i:207;a:4:{s:4:"HREF";s:41:"http://www.fontsquirrel.com/fonts/Bentham";s:8:"ADD_DATE";s:10:"1307611500";s:7:"PRIVATE";s:1:"0";s:4:"TAGS";s:14:"justenous,font";}i:208;a:4:{s:4:"HREF";s:45:"http://www.fontsquirrel.com/fonts/DubielPlain";s:8:"ADD_DATE";s:10:"1307611500";s:7:"PRIVATE";s:1:"0";s:4:"TAGS";s:14:"justenous,font";}i:209;a:5:{s:4:"HREF";s:76:"http://www.thejacklawson.com/index.php/2011/05/dynamic-pages-with-perch-cms/";s:8:"ADD_DATE";s:10:"1307288087";s:7:"PRIVATE";s:1:"0";s:4:"TAGS";s:8:"perchcms";s:7:"COMMENT";s:110:"Just what I was after a quick explaination of Perch CMS and a useful tip for dynamic pages thrown in. Coolio!
";}i:210;a:4:{s:4:"HREF";s:153:"http://the99percent.com/tips/7025/The-Resume-Is-Dead-The-Bio-Is-King?utm_source=Triggermail&utm_medium=email&utm_term=ALL&utm_campaign=MIH%20June%20%2711";s:8:"ADD_DATE";s:10:"1307259341";s:7:"PRIVATE";s:1:"0";s:4:"TAGS";s:29:"design,portfolio,writing,tips";}i:211;a:5:{s:4:"HREF";s:67:"http://www.branded07.com/2011/06/03/draw-your-own-canvas-photoshop/";s:8:"ADD_DATE";s:10:"1307175526";s:7:"PRIVATE";s:1:"0";s:4:"TAGS";s:29:"webdesign,background,patterns";s:7:"COMMENT";s:62:"Making a seamless canvas style pattern in photoshop. Cunning.
";}i:212;a:5:{s:4:"HREF";s:73:"http://www.flashuser.net/wordpress/20-most-popular-wordpress-plugins.html";s:8:"ADD_DATE";s:10:"1307175494";s:7:"PRIVATE";s:1:"0";s:4:"TAGS";s:17:"wordpress,plugins";s:7:"COMMENT";s:75:"Wordpress plugins. Some I know some I don't. MIght be useful to return to.
";}i:213;a:5:{s:4:"HREF";s:48:"http://www.oecdbetterlifeindex.org/#/55145343535";s:8:"ADD_DATE";s:10:"1306855883";s:7:"PRIVATE";s:1:"0";s:4:"TAGS";s:18:"visualization,data";s:7:"COMMENT";s:91:"What makes a better life and what the stats say about those things in different countries.
";}i:214;a:5:{s:4:"HREF";s:35:"http://huffduffer.com/adactio/40956";s:8:"ADD_DATE";s:10:"1306831090";s:7:"PRIVATE";s:1:"0";s:4:"TAGS";s:32:"webdesign,responsive,css,podcast";s:7:"COMMENT";s:44:"Should be worth listening to at some point.
";}i:215;a:5:{s:4:"HREF";s:58:"http://killscreendaily.com/articles/reviews/infinity-blade";s:8:"ADD_DATE";s:10:"1306159527";s:7:"PRIVATE";s:1:"0";s:4:"TAGS";s:30:"games,philosophy,review,design";s:7:"COMMENT";s:55:"Nice review of a game which iterates it's own content.
";}i:216;a:5:{s:4:"HREF";s:20:"http://css-sprit.es/";s:8:"ADD_DATE";s:10:"1305547726";s:7:"PRIVATE";s:1:"0";s:4:"TAGS";s:28:"design,webdesign,css,sprites";s:7:"COMMENT";s:42:"CSS Sprites Generator. That's what it is.
";}i:217;a:5:{s:4:"HREF";s:199:"http://whitneyhess.com/blog/2011/05/04/design-principles-the-philosophy-of-ux/?utm_source=feedburner&utm_medium=feed&utm_campaign=Feed%3A+whitneyhess+%28Pleasure+and+Pain%29&utm_content=Google+Reader";s:8:"ADD_DATE";s:10:"1305491033";s:7:"PRIVATE";s:1:"0";s:4:"TAGS";s:9:"design,ux";s:7:"COMMENT";s:58:"Yes. A set of principles. Right after I get a lawyer! ;-)
";}i:218;a:5:{s:4:"HREF";s:24:"http://iwdrm.tumblr.com/";s:8:"ADD_DATE";s:10:"1305355579";s:7:"PRIVATE";s:1:"0";s:4:"TAGS";s:9:"animation";s:7:"COMMENT";s:27:"More gif animations. nice.
";}i:219;a:5:{s:4:"HREF";s:41:"http://fromme-toyou.tumblr.com/tagged/gif";s:8:"ADD_DATE";s:10:"1305355375";s:7:"PRIVATE";s:1:"0";s:4:"TAGS";s:32:"design,inspiration,gif,animation";s:7:"COMMENT";s:60:"Wonderful use of subtly animated gifs here. Really amazing.
";}i:220;a:5:{s:4:"HREF";s:62:"http://blog.readability.com/2011/05/and-what-of-art-direction/";s:8:"ADD_DATE";s:10:"1305194258";s:7:"PRIVATE";s:1:"0";s:4:"TAGS";s:39:"design,web,inspiration,typography,print";s:7:"COMMENT";s:185:"Excellent article by the makers of Readability. Comparison of magazine and web "art direction". Really agree. "it’s hard to deny that things have gotten a bit out of hand on the web"
";}i:221;a:4:{s:4:"HREF";s:60:"http://www.designinginteractive.com/design/sharing-the-grid/";s:8:"ADD_DATE";s:10:"1305031991";s:7:"PRIVATE";s:1:"0";s:4:"TAGS";s:36:"design,webdesign,tools,grid,printing";}i:222;a:5:{s:4:"HREF";s:38:"https://github.com/defunkt/jquery-pjax";s:8:"ADD_DATE";s:10:"1305027892";s:7:"PRIVATE";s:1:"0";s:4:"TAGS";s:28:"jquery,ajax,javascript,html5";s:7:"COMMENT";s:134:"Nice jQuery extension to make a certain use of Ajax (loading flat content) nice and easy and enabling you to use the back button etc.
";}i:223;a:5:{s:4:"HREF";s:52:"http://bonsaiden.github.com/JavaScript-Garden/#intro";s:8:"ADD_DATE";s:10:"1305027315";s:7:"PRIVATE";s:1:"0";s:4:"TAGS";s:47:"javascript,reference,programming,js,development";s:7:"COMMENT";s:86:"Useful advice about more in-depth JavaScript development. Very nicely build page too.
";}i:224;a:5:{s:4:"HREF";s:49:"http://en.wikipedia.org/wiki/Social_choice_theory";s:8:"ADD_DATE";s:10:"1305012831";s:7:"PRIVATE";s:1:"0";s:4:"TAGS";s:33:"toread,politics,philosophy,social";s:7:"COMMENT";s:13:"Interesting.
";}i:225;a:5:{s:4:"HREF";s:48:"http://css-tricks.com/examples/WebKitScrollbars/";s:8:"ADD_DATE";s:10:"1304539381";s:7:"PRIVATE";s:1:"0";s:4:"TAGS";s:25:"webdesign,css3,scrollbars";s:7:"COMMENT";s:38:"styling scrollbars with CSS in webkit
";}i:226;a:5:{s:4:"HREF";s:42:"http://www.unionplatform.com/?page_id=1994";s:8:"ADD_DATE";s:10:"1304432670";s:7:"PRIVATE";s:1:"0";s:4:"TAGS";s:43:"flash,collaboration,server,union,javascript";s:7:"COMMENT";s:95:"Multi-user server thing which you can use through Flash and JS and stuff. Looking interesting.
";}i:227;a:5:{s:4:"HREF";s:236:"http://behind-the-enemy-lines.blogspot.com/2011/04/want-to-improve-sales-fix-grammar-and.html?utm_source=feedburner&utm_medium=feed&utm_campaign=Feed%3A+AComputerScientistInABusinessSchool+%28A+Computer+Scientist+in+a+Business+School%29";s:8:"ADD_DATE";s:10:"1303849574";s:7:"PRIVATE";s:1:"0";s:4:"TAGS";s:40:"language,mechanical_turk,reviews,grammar";s:7:"COMMENT";s:190:"If the quality of writing was something which customers found to be a useful indicator, it is manipulative and deceitful to fake that? Even when you use real reviews as your starting point.
";}i:228;a:5:{s:4:"HREF";s:70:"http://www.flickr.com/photos/strawbleu/5622623421/in/pool-1616607@N20/";s:8:"ADD_DATE";s:10:"1303760597";s:7:"PRIVATE";s:1:"0";s:4:"TAGS";s:12:"bettakultcha";s:7:"COMMENT";s:34:"Nervously waiting at Bettakultcha
";}i:229;a:5:{s:4:"HREF";s:70:"http://www.flickr.com/photos/strawbleu/5622624833/in/pool-1616607@N20/";s:8:"ADD_DATE";s:10:"1303760527";s:7:"PRIVATE";s:1:"0";s:4:"TAGS";s:12:"bettakultcha";s:7:"COMMENT";s:26:"Pic of my at Bettakultcha
";}i:230;a:5:{s:4:"HREF";s:70:"http://www.flickr.com/photos/strawbleu/5623212290/in/pool-1616607@N20/";s:8:"ADD_DATE";s:10:"1303760508";s:7:"PRIVATE";s:1:"0";s:4:"TAGS";s:12:"bettakultcha";s:7:"COMMENT";s:26:"Pic of me at Bettakultcha
";}i:231;a:5:{s:4:"HREF";s:48:"http://nicolasgallagher.com/micro-clearfix-hack/";s:8:"ADD_DATE";s:10:"1303637846";s:7:"PRIVATE";s:1:"0";s:4:"TAGS";s:28:"css,webdesign,html,css3,tips";s:7:"COMMENT";s:19:"A better clearfix?
";}i:232;a:5:{s:4:"HREF";s:100:"http://www.talentzoo.com/news.php/Questions-You-Absolutely-Must-Ask-Your-Interviewer/?articleID=9159";s:8:"ADD_DATE";s:10:"1303570862";s:7:"PRIVATE";s:1:"0";s:4:"TAGS";s:14:"interview,jobs";s:7:"COMMENT";s:40:"Useful set of questions for interviews.
";}i:233;a:5:{s:4:"HREF";s:63:"http://longair.net/blog/2010/10/04/the-guardian-on-your-kindle/";s:8:"ADD_DATE";s:10:"1303298781";s:7:"PRIVATE";s:1:"0";s:4:"TAGS";s:15:"kindle,guardian";s:7:"COMMENT";s:90:"Someone's used the API to create a Kingle compatible file of the Guardian each day. Nice.
";}i:234;a:5:{s:4:"HREF";s:75:"http://russelldavies.typepad.com/planning/2011/04/the-pretending-layer.html";s:8:"ADD_DATE";s:10:"1303292876";s:7:"PRIVATE";s:1:"0";s:4:"TAGS";s:28:"ux,uidesign,webdesign,design";s:7:"COMMENT";s:13:"Lovely idea.
";}i:235;a:5:{s:4:"HREF";s:67:"http://www.slideshare.net/jpalioto/windows-phone-7-overview-4714260";s:8:"ADD_DATE";s:10:"1303239609";s:7:"PRIVATE";s:1:"0";s:4:"TAGS";s:27:"windows7,phone,ui,webdesign";s:7:"COMMENT";s:103:"slides on Windows phone design principles, the stuff meantioned in the "bauhaus" article from earlier.
";}i:236;a:4:{s:4:"HREF";s:55:"http://www.cavendishonline.co.uk/pensions/shp_aviva.php";s:8:"ADD_DATE";s:10:"1303147652";s:7:"PRIVATE";s:1:"0";s:4:"TAGS";s:0:"";}i:237;a:5:{s:4:"HREF";s:47:"http://infrequently.org/2009/08/css-3-progress/";s:8:"ADD_DATE";s:10:"1302878537";s:7:"PRIVATE";s:1:"0";s:4:"TAGS";s:27:"css3,layout,html5,class,css";s:7:"COMMENT";s:53:"Flex box stuff (helper classes) - looks interesting.
";}i:238;a:5:{s:4:"HREF";s:65:"http://www.flickr.com/photos/30119559@N08/sets/72157626490940952/";s:8:"ADD_DATE";s:10:"1302768058";s:7:"PRIVATE";s:1:"0";s:4:"TAGS";s:12:"bettakultcha";s:7:"COMMENT";s:50:"Flickr set of bettakultcha - I'm in one of these.
";}i:239;a:5:{s:4:"HREF";s:61:"http://www.flickr.com/photos/sovietuk/sets/72157626363298997/";s:8:"ADD_DATE";s:10:"1302698090";s:7:"PRIVATE";s:1:"0";s:4:"TAGS";s:12:"bettakultcha";s:7:"COMMENT";s:31:"Photos from that bettakultcha.
";}i:240;a:5:{s:4:"HREF";s:26:"http://www.jo-blogs.co.uk/";s:8:"ADD_DATE";s:10:"1302697872";s:7:"PRIVATE";s:1:"0";s:4:"TAGS";s:12:"bettakultcha";s:7:"COMMENT";s:45:"Description of the Bettakultcha I talked at.
";}i:241;a:5:{s:4:"HREF";s:48:"http://stuffandnonsense.co.uk/projects/320andup/";s:8:"ADD_DATE";s:10:"1302681681";s:7:"PRIVATE";s:1:"0";s:4:"TAGS";s:26:"mobile,css,webdesign,html5";s:7:"COMMENT";s:220:"‘320 and Up’ prevents mobile devices from downloading desktop assets by using a tiny screen’s stylesheet as its starting point. Try this page at different window sizes and on different devices to see it in action.
";}i:242;a:5:{s:4:"HREF";s:32:"http://adactio.com/journal/4492/";s:8:"ADD_DATE";s:10:"1302601387";s:7:"PRIVATE";s:1:"0";s:4:"TAGS";s:44:"lsx,tedx,trading,algorithms,money,technology";s:7:"COMMENT";s:55:"About trading algorithms and money and technology etc.
";}i:243;a:5:{s:4:"HREF";s:66:"http://www.kk.org/thetechnium/archives/2008/06/scenius_or_comm.php";s:8:"ADD_DATE";s:10:"1302600917";s:7:"PRIVATE";s:1:"0";s:4:"TAGS";s:50:"culture,community,creativity,education,morganesque";s:7:"COMMENT";s:63:"I love this description of what "scenius" is from Kevin Kelly.
";}i:244;a:5:{s:4:"HREF";s:33:"http://www.jqueryahm.com/examples";s:8:"ADD_DATE";s:10:"1302550463";s:7:"PRIVATE";s:1:"0";s:4:"TAGS";s:26:"jquery,ajax,javascript,php";s:7:"COMMENT";s:107:"jQuery uber plugin making it easier to deal with ajax stuff and control things via the PHP rather than JS.
";}i:245;a:5:{s:4:"HREF";s:48:"http://mark-kirby.co.uk/2011/the-mobile-context/";s:8:"ADD_DATE";s:10:"1302532370";s:7:"PRIVATE";s:1:"0";s:4:"TAGS";s:49:"mobile,design,ux,webdesign,responsive,morganesque";s:7:"COMMENT";s:65:"Interesting discussion of what the "mobile context" actually is.
";}i:246;a:5:{s:4:"HREF";s:83:"http://designfestival.com/the-cicada-principle-and-why-it-matters-to-web-designers/";s:8:"ADD_DATE";s:10:"1302531245";s:7:"PRIVATE";s:1:"0";s:4:"TAGS";s:48:"css,design,webdesign,background,inspiration,math";s:7:"COMMENT";s:87:"Very nice idea and it's based on maths too so it's on a solid foundation naturally! ;)
";}i:247;a:5:{s:4:"HREF";s:18:"http://griddle.it/";s:8:"ADD_DATE";s:10:"1302530440";s:7:"PRIVATE";s:1:"0";s:4:"TAGS";s:24:"css,grid,tools,webdesign";s:7:"COMMENT";s:89:"Nice grid thing. Only a background image though so more useful early on than throughout.
";}i:248;a:5:{s:4:"HREF";s:111:"http://techblog.procurios.nl/k/n618/news/view/34972/14863/Cache-a-large-array-JSON-serialize-or-var_export.html";s:8:"ADD_DATE";s:10:"1301988170";s:7:"PRIVATE";s:1:"0";s:4:"TAGS";s:27:"php,development,performance";s:7:"COMMENT";s:67:"Interesting - about which method is best for caching stuff in PHP.
";}i:249;a:5:{s:4:"HREF";s:73:"https://github.com/Modernizr/Modernizr/wiki/HTML5-Cross-browser-Polyfills";s:8:"ADD_DATE";s:10:"1301662860";s:7:"PRIVATE";s:1:"0";s:4:"TAGS";s:49:"html5,css3,javascript,browser,reference,webdesign";s:7:"COMMENT";s:8:"Useful!
";}i:250;a:4:{s:4:"HREF";s:35:"http://typekit.com/fonts/museo-sans";s:8:"ADD_DATE";s:10:"1301306248";s:7:"PRIVATE";s:1:"0";s:4:"TAGS";s:8:"font,lsx";}i:251;a:4:{s:4:"HREF";s:37:"http://typekit.com/fonts/proxima-nova";s:8:"ADD_DATE";s:10:"1301306065";s:7:"PRIVATE";s:1:"0";s:4:"TAGS";s:8:"font,lsx";}i:252;a:4:{s:4:"HREF";s:40:"http://typekit.com/fonts/news-gothic-std";s:8:"ADD_DATE";s:10:"1301305773";s:7:"PRIVATE";s:1:"0";s:4:"TAGS";s:8:"font,lsx";}i:253;a:4:{s:4:"HREF";s:47:"http://www.cameronmoll.com/archives/000240.html";s:8:"ADD_DATE";s:10:"1301303029";s:7:"PRIVATE";s:1:"0";s:4:"TAGS";s:33:"typography,design,fonts,webdesign";}i:254;a:4:{s:4:"HREF";s:57:"http://www.usabilitypost.com/2011/03/17/redesign-disease/";s:8:"ADD_DATE";s:10:"1300830669";s:7:"PRIVATE";s:1:"0";s:4:"TAGS";s:6:"toread";}i:255;a:5:{s:4:"HREF";s:77:"http://www.ferretarmy.com/files/canvas/fullScreenCanvas/fullScreenCanvas.html";s:8:"ADD_DATE";s:10:"1300808089";s:7:"PRIVATE";s:1:"0";s:4:"TAGS";s:12:"html5,canvas";s:7:"COMMENT";s:65:"Nice canvas experiment, must come back and see how this is done!
";}i:256;a:5:{s:4:"HREF";s:114:"http://probablyinteractive.com/url-hunter#%20%2030|---------------------------a--O----------a--aa--------------|30";s:8:"ADD_DATE";s:10:"1300798119";s:7:"PRIVATE";s:1:"0";s:4:"TAGS";s:22:"games,html,inspiration";s:7:"COMMENT";s:65:"Beautifully inventive game based in the URL bar of your browser.
";}i:257;a:5:{s:4:"HREF";s:30:"http://matthewlein.com/ceaser/";s:8:"ADD_DATE";s:10:"1300788514";s:7:"PRIVATE";s:1:"0";s:4:"TAGS";s:30:"css3,animation,css,easing,tool";s:7:"COMMENT";s:54:"Excellent tool for creating your own CSS easing code.
";}i:258;a:5:{s:4:"HREF";s:56:"http://kilo75.com/blog/post/html5-web-sockets-experiment";s:8:"ADD_DATE";s:10:"1300738845";s:7:"PRIVATE";s:1:"0";s:4:"TAGS";s:42:"html5,websockets,twitter,node.js,streaming";s:7:"COMMENT";s:21:"Ooooh that's clever!
";}i:259;a:5:{s:4:"HREF";s:68:"http://www.hongkiat.com/blog/clean-simple-minimalist-website-design/";s:8:"ADD_DATE";s:10:"1300704935";s:7:"PRIVATE";s:1:"0";s:4:"TAGS";s:21:"inspiration,webdesign";s:7:"COMMENT";s:49:"Hmmm a need to go a little more minimal I think.
";}i:260;a:5:{s:4:"HREF";s:60:"http://hplusmagazine.com/2010/02/11/scrapheap-transhumanism/";s:8:"ADD_DATE";s:10:"1300380561";s:7:"PRIVATE";s:1:"0";s:4:"TAGS";s:13:"transhumanism";s:7:"COMMENT";s:66:"Weird but strangely attractive. A bit like getting a super power.
";}i:261;a:5:{s:4:"HREF";s:90:"http://www.readwriteweb.com/archives/can_foursquare_deliver_on_recommendations_version.php";s:8:"ADD_DATE";s:10:"1300369381";s:7:"PRIVATE";s:1:"0";s:4:"TAGS";s:35:"recommendations,foursquare,location";s:7:"COMMENT";s:39:"Looks like an interesting development.
";}i:262;a:5:{s:4:"HREF";s:64:"http://www.etereaestudios.com/docs_html/nbyn_htm/about_index.htm";s:8:"ADD_DATE";s:10:"1300279656";s:7:"PRIVATE";s:1:"0";s:4:"TAGS";s:61:"math,mathematics,learning,video,design,fibonacci,golden_ratio";s:7:"COMMENT";s:92:"Wonderful explanation of that fantastic fibonacci / golden ratio video I found a while ago.
";}i:263;a:5:{s:4:"HREF";s:78:"http://www.informationarchitects.jp/en/the-web-is-all-about-typography-period/";s:8:"ADD_DATE";s:10:"1300269568";s:7:"PRIVATE";s:1:"0";s:4:"TAGS";s:31:"typography,webdesign,design,web";s:7:"COMMENT";s:29:"Did I save this one yet too?
";}i:264;a:5:{s:4:"HREF";s:94:"http://www.smashingmagazine.com/2011/03/14/technical-web-typography-guidelines-and-techniques/";s:8:"ADD_DATE";s:10:"1300269140";s:7:"PRIVATE";s:1:"0";s:4:"TAGS";s:37:"typography,webdesign,fonts,css,design";s:7:"COMMENT";s:54:"Excellent run-down of typography tips for web design.
";}i:265;a:5:{s:4:"HREF";s:46:"http://www.informationarchitects.jp/en/100e2r/";s:8:"ADD_DATE";s:10:"1300267062";s:7:"PRIVATE";s:1:"0";s:4:"TAGS";s:48:"typography,webdesign,usability,design,fonts,text";s:7:"COMMENT";s:32:"Good article on web typography.
";}i:266;a:4:{s:4:"HREF";s:99:"http://www.mysociety.org/2011/02/22/seeking-to-contract-an-interactive-designer-for-fixmytransport/";s:8:"ADD_DATE";s:10:"1299835854";s:7:"PRIVATE";s:1:"0";s:4:"TAGS";s:24:"jobs,mysociety,webdesign";}i:267;a:5:{s:4:"HREF";s:45:"http://www.mysociety.org/about-tom-steinberg/";s:8:"ADD_DATE";s:10:"1299835834";s:7:"PRIVATE";s:1:"0";s:4:"TAGS";s:28:"community,uk,opensource,jobs";s:7:"COMMENT";s:15:"MySociety guy.
";}i:268;a:5:{s:4:"HREF";s:68:"http://andrewdupont.net/2006/10/01/javascript-tools-textmate-bundle/";s:8:"ADD_DATE";s:10:"1299781421";s:7:"PRIVATE";s:1:"0";s:4:"TAGS";s:26:"javascript,textmate,jslint";s:7:"COMMENT";s:54:"Looks like a useful bundle for javascript in textmate
";}i:269;a:5:{s:4:"HREF";s:99:"http://www.smashingmagazine.com/2011/03/08/ten-things-every-wordpress-plugin-developer-should-know/";s:8:"ADD_DATE";s:10:"1299681494";s:7:"PRIVATE";s:1:"0";s:4:"TAGS";s:36:"wordpress,development,tips,debugging";s:7:"COMMENT";s:60:"Aha! will probably have to come back to this at some point.
";}i:270;a:5:{s:4:"HREF";s:32:"http://code.google.com/p/ie7-js/";s:8:"ADD_DATE";s:10:"1299658013";s:7:"PRIVATE";s:1:"0";s:4:"TAGS";s:37:"ie,ie6,ie7,ie8,javascript,css,library";s:7:"COMMENT";s:62:"Might be useful for bringing lower IE versions up to scratch.
";}i:271;a:5:{s:4:"HREF";s:27:"http://www.hadthatbeer.com/";s:8:"ADD_DATE";s:10:"1299657270";s:7:"PRIVATE";s:1:"0";s:4:"TAGS";s:31:"inspiration,beer,web2.0,service";s:7:"COMMENT";s:166:"Very simple, and presented as "keep track of" where as surely the real value will be to tally up all the beers and join up the results to give users recommendations.
";}i:272;a:4:{s:4:"HREF";s:47:"http://www.ipadatelier.com/design-for-ipad.html";s:8:"ADD_DATE";s:10:"1299590529";s:7:"PRIVATE";s:1:"0";s:4:"TAGS";s:24:"ipad,design,resources,ui";}i:273;a:4:{s:4:"HREF";s:71:"http://srobbin.com/blog/easy-full-screen-background-images-with-jquery/";s:8:"ADD_DATE";s:10:"1299590505";s:7:"PRIVATE";s:1:"0";s:4:"TAGS";s:37:"html,background,css,javascript,jquery";}i:274;a:4:{s:4:"HREF";s:57:"http://css-tricks.com/perfect-full-page-background-image/";s:8:"ADD_DATE";s:10:"1299590475";s:7:"PRIVATE";s:1:"0";s:4:"TAGS";s:37:"html,background,jquery,javascript,css";}i:275;a:4:{s:4:"HREF";s:87:"http://bestphotoshoptutorials.net/wp-content/uploads/2009/03/fabrika-self-promotion.jpg";s:8:"ADD_DATE";s:10:"1299484859";s:7:"PRIVATE";s:1:"0";s:4:"TAGS";s:54:"inspiration,design,typography,filetype:jpg,media:image";}i:276;a:5:{s:4:"HREF";s:45:"http://developers.whatwg.org/scripting-1.html";s:8:"ADD_DATE";s:10:"1298916776";s:7:"PRIVATE";s:1:"0";s:4:"TAGS";s:0:"";s:7:"COMMENT";s:36:"Nice readable version of HTML5 spec
";}i:277;a:5:{s:4:"HREF";s:33:"http://css-tricks.com/sans-serif/";s:8:"ADD_DATE";s:10:"1298915342";s:7:"PRIVATE";s:1:"0";s:4:"TAGS";s:9:"css,fonts";s:7:"COMMENT";s:47:"Useful and link to a HTML5 boilerplater video.
";}i:278;a:5:{s:4:"HREF";s:24:"http://www.boxcar2d.com/";s:8:"ADD_DATE";s:10:"1298626820";s:7:"PRIVATE";s:1:"0";s:4:"TAGS";s:49:"programming,physics,algorithms,science,design,car";s:7:"COMMENT";s:113:"Excellent randomly generated "cars" which then try to make it along some terrain. Strangely compelling to watch.
";}i:279;a:5:{s:4:"HREF";s:76:"http://www.webdesignerwall.com/tutorials/css-specific-for-internet-explorer/";s:8:"ADD_DATE";s:10:"1298488190";s:7:"PRIVATE";s:1:"0";s:4:"TAGS";s:27:"css,ie,hacks,tips,webdesign";s:7:"COMMENT";s:147:"Interesting and different technique for targeting IE browsers. Instead of including a separate style sheet, add a class attribute to the html tag.
";}i:280;a:5:{s:4:"HREF";s:93:"http://help.adobe.com/en_US/fireworks/cs/using/WS4c25cfbb1410b0021e63e3d1152b00cace-7fd6.html";s:8:"ADD_DATE";s:10:"1298479935";s:7:"PRIVATE";s:1:"0";s:4:"TAGS";s:29:"fireworks,adobe,guides,design";s:7:"COMMENT";s:59:"Some useful extensions for Fireworks regarding guides etc.
";}i:281;a:5:{s:4:"HREF";s:52:"http://www.type.co.uk/categories/sp/Rounded/id/13523";s:8:"ADD_DATE";s:10:"1298459290";s:7:"PRIVATE";s:1:"0";s:4:"TAGS";s:8:"lsx,font";s:7:"COMMENT";s:102:"the font from LSX which isn't the grumgy one which everywhere else seems to have under the same name.
";}i:282;a:5:{s:4:"HREF";s:51:"http://css-tricks.com/ajax-load-container-contents/";s:8:"ADD_DATE";s:10:"1297965581";s:7:"PRIVATE";s:1:"0";s:4:"TAGS";s:36:"jquery,ajax,css,tutorials,javascript";s:7:"COMMENT";s:110:"Excellent little technique to use ajax in a way which would easily fit using it as a progressive enhancement.
";}i:283;a:5:{s:4:"HREF";s:30:"http://photoshopetiquette.com/";s:8:"ADD_DATE";s:10:"1297948583";s:7:"PRIVATE";s:1:"0";s:4:"TAGS";s:31:"photoshop,webdesign,design,tips";s:7:"COMMENT";s:64:"Nice set of "instructions" about how to be a nice web designer.
";}i:284;a:5:{s:4:"HREF";s:56:"http://evhead.com/2005/11/ten-rules-for-web-startups.asp";s:8:"ADD_DATE";s:10:"1297947152";s:7:"PRIVATE";s:1:"0";s:4:"TAGS";s:30:"business,entrepreneurship,tips";s:7:"COMMENT";s:29:"Interesting and useful tips.
";}i:285;a:4:{s:4:"HREF";s:61:"http://www.androidpatterns.com/uap_category/dealing-with-data";s:8:"ADD_DATE";s:10:"1297848331";s:7:"PRIVATE";s:1:"0";s:4:"TAGS";s:31:"android,ux,development,patterns";}i:286;a:5:{s:4:"HREF";s:60:"http://www.guardian.co.uk/books/2003/oct/18/features.weekend";s:8:"ADD_DATE";s:10:"1297791007";s:7:"PRIVATE";s:1:"0";s:4:"TAGS";s:28:"games,game,bbc,books,history";s:7:"COMMENT";s:15:"I loved Elite.
";}i:287;a:5:{s:4:"HREF";s:44:"http://ejohn.org/blog/learning-from-twitter/";s:8:"ADD_DATE";s:10:"1297688815";s:7:"PRIVATE";s:1:"0";s:4:"TAGS";s:36:"jquery,javascript,performance,scroll";s:7:"COMMENT";s:107:"Nice bit of best practice when you're wanting to fire events off the back of the page scrolling in jQuery.
";}i:288;a:5:{s:4:"HREF";s:81:"http://www.creativeapplications.net/processing/spotify-player-processing-objects/";s:8:"ADD_DATE";s:10:"1297671417";s:7:"PRIVATE";s:1:"0";s:4:"TAGS";s:39:"spotify,music,design,technology,arduino";s:7:"COMMENT";s:77:"Amazingy lovely spotify player with RFID "albums" and wood and Arduino. Wow!
";}i:289;a:5:{s:4:"HREF";s:30:"http://www.grungetextures.com/";s:8:"ADD_DATE";s:10:"1297607237";s:7:"PRIVATE";s:1:"0";s:4:"TAGS";s:50:"design,free,photoshop,resources,graphics,webdesign";s:7:"COMMENT";s:49:"Useful free stuff for when free stuff is needed.
";}i:290;a:4:{s:4:"HREF";s:61:"http://www.slideshare.net/antimega/design-of-understanding-ne";s:8:"ADD_DATE";s:10:"1297412869";s:7:"PRIVATE";s:1:"0";s:4:"TAGS";s:36:"design,mobile,ux,presentations,media";}i:291;a:5:{s:4:"HREF";s:75:"http://www.webdesignerwall.com/tutorials/css-clearing-floats-with-overflow/";s:8:"ADD_DATE";s:10:"1297198231";s:7:"PRIVATE";s:1:"0";s:4:"TAGS";s:48:"css,webdesign,html,tips,tools,tutorial,reference";s:7:"COMMENT";s:119:"Useful tip for clearing floats where you want to non-floaty thing containing text not to wrap around the floaty thing.
";}i:292;a:5:{s:4:"HREF";s:33:"http://www.francescobertelli.com/";s:8:"ADD_DATE";s:10:"1297113570";s:7:"PRIVATE";s:1:"0";s:4:"TAGS";s:28:"inspiration,portfolio,design";s:7:"COMMENT";s:146:"This site is nuts. No flash but a very flash-type interface. Not sure whether it's genius or terrible. Certainly pushing the bounds a bit though.
";}i:293;a:5:{s:4:"HREF";s:57:"http://www.book-of-thoth.com/archives-printpage-7592.html";s:8:"ADD_DATE";s:10:"1296640380";s:7:"PRIVATE";s:1:"0";s:4:"TAGS";s:42:"zulus,bottom,adrian_edmondson,comedy,quote";s:7:"COMMENT";s:134:"Eddie: "Zulus. Thousands of 'em. Wait 'til you see the whites of their eyes, lads." - I know it was from Bottom, thanks the internet.
";}i:294;a:4:{s:4:"HREF";s:46:"http://typekit.com/fonts/tilden-sans-light-web";s:8:"ADD_DATE";s:10:"1296556279";s:7:"PRIVATE";s:1:"0";s:4:"TAGS";s:8:"font,lsx";}i:295;a:5:{s:4:"HREF";s:55:"http://www.sealthreinhold.com/class_sites/tuftes_rules/";s:8:"ADD_DATE";s:10:"1296423535";s:7:"PRIVATE";s:1:"0";s:4:"TAGS";s:35:"information_design,tufte,rules,data";s:7:"COMMENT";s:34:"Yay! Go Tufte and his rules!! ;-D
";}i:296;a:4:{s:4:"HREF";s:54:"http://remysharp.com/2009/01/07/html5-enabling-script/";s:8:"ADD_DATE";s:10:"1296208615";s:7:"PRIVATE";s:1:"0";s:4:"TAGS";s:0:"";}i:297;a:5:{s:4:"HREF";s:46:"http://journal.benbashford.com/post/2848763029";s:8:"ADD_DATE";s:10:"1296079000";s:7:"PRIVATE";s:1:"0";s:4:"TAGS";s:44:"design,interaction,technology,emotion,future";s:7:"COMMENT";s:65:"Good article about internet of things and possible consequences.
";}i:298;a:5:{s:4:"HREF";s:91:"http://littlebigdetails.com/post/2907539770/quora-after-entering-your-email-adress-it-loads";s:8:"ADD_DATE";s:10:"1295993225";s:7:"PRIVATE";s:1:"0";s:4:"TAGS";s:35:"ux,jquery,javascript,webdesign,html";s:7:"COMMENT";s:123:"Such a lovely and also easy thing to add which would totally give the user a sense of success as they filled out the form.
";}i:299;a:5:{s:4:"HREF";s:65:"http://www.zeldman.com/2010/12/31/2010-the-year-in-web-standards/";s:8:"ADD_DATE";s:10:"1295874947";s:7:"PRIVATE";s:1:"0";s:4:"TAGS";s:32:"html5,css,webdesign,css3,zeldman";s:7:"COMMENT";s:89:"Nice roundup of the year in web design and a good source of links to other stuff of use.
";}i:300;a:4:{s:4:"HREF";s:28:"http://html5boilerplate.com/";s:8:"ADD_DATE";s:10:"1295874922";s:7:"PRIVATE";s:1:"0";s:4:"TAGS";s:43:"html5,css,template,html,framework,webdesign";}i:301;a:4:{s:4:"HREF";s:22:"http://html5reset.org/";s:8:"ADD_DATE";s:10:"1295874913";s:7:"PRIVATE";s:1:"0";s:4:"TAGS";s:56:"html5,css3,css,reset,html,template,webdesign,development";}i:302;a:5:{s:4:"HREF";s:93:"http://filamentgroup.com/lab/responsive_images_experimenting_with_context_aware_image_sizing/";s:8:"ADD_DATE";s:10:"1295874904";s:7:"PRIVATE";s:1:"0";s:4:"TAGS";s:63:"responsive,javascript,mobile,fluid,image,webdesign,design,html5";s:7:"COMMENT";s:65:"Excellent technique I will come back and use this at some point.
";}i:303;a:5:{s:4:"HREF";s:61:"http://www.channel4.com/programmes/10-oclock-live/4od#3156825";s:8:"ADD_DATE";s:10:"1295874858";s:7:"PRIVATE";s:1:"0";s:4:"TAGS";s:10:"towatch,tv";s:7:"COMMENT";s:84:"Got half way through the other evening, must try and watch the rest before Thursday
";}i:304;a:4:{s:4:"HREF";s:66:"http://www.alistapart.com/articles/understanding-css3-transitions/";s:8:"ADD_DATE";s:10:"1295874831";s:7:"PRIVATE";s:1:"0";s:4:"TAGS";s:27:"css3,css,tutorial,webdesign";}i:305;a:5:{s:4:"HREF";s:66:"http://observermedia.designobserver.com/videofile.html?entry=14568";s:8:"ADD_DATE";s:10:"1295874143";s:7:"PRIVATE";s:1:"0";s:4:"TAGS";s:35:"towatch,interviews,clients,designer";s:7:"COMMENT";s:44:"Must come back to watch this at some point.
";}i:306;a:5:{s:4:"HREF";s:18:"http://www.sxc.hu/";s:8:"ADD_DATE";s:10:"1295871730";s:7:"PRIVATE";s:1:"0";s:4:"TAGS";s:18:"photos,free,images";s:7:"COMMENT";s:8:"images!
";}i:307;a:4:{s:4:"HREF";s:33:"http://www.joelycettcomedy.co.uk/";s:8:"ADD_DATE";s:10:"1295626080";s:7:"PRIVATE";s:1:"0";s:4:"TAGS";s:14:"comedy,standup";}i:308;a:5:{s:4:"HREF";s:60:"http://www.webdesignshock.com/review/design-trends-for-2011/";s:8:"ADD_DATE";s:10:"1295553190";s:7:"PRIVATE";s:1:"0";s:4:"TAGS";s:28:"design,inspiration,webdesign";s:7:"COMMENT";s:21:"Nice little roundup.
";}i:309;a:5:{s:4:"HREF";s:39:"http://www.fontsquirrel.com/fonts/Bebas";s:8:"ADD_DATE";s:10:"1295553057";s:7:"PRIVATE";s:1:"0";s:4:"TAGS";s:28:"fonts,free,typography,design";s:7:"COMMENT";s:60:"Looks like that font everyone's using all the fricken time.
";}i:310;a:5:{s:4:"HREF";s:25:"http://vimeo.com/14777910";s:8:"ADD_DATE";s:10:"1295544547";s:7:"PRIVATE";s:1:"0";s:4:"TAGS";s:48:"visualization,data,video,documentary,information";s:7:"COMMENT";s:36:"That film about data visualisation.
";}i:311;a:5:{s:4:"HREF";s:24:"http://vimeo.com/9953368";s:8:"ADD_DATE";s:10:"1295544492";s:7:"PRIVATE";s:1:"0";s:4:"TAGS";s:45:"video,math,animation,art,graphics,morganesque";s:7:"COMMENT";s:77:"Just beautiful. The bit where it becomes dragonfly wings is mind blowing ;-)
";}i:312;a:5:{s:4:"HREF";s:26:"http://radillustrator.com/";s:8:"ADD_DATE";s:10:"1295540111";s:7:"PRIVATE";s:1:"0";s:4:"TAGS";s:12:"js,webdesign";s:7:"COMMENT";s:28:"Nice simple slidey js site.
";}i:313;a:5:{s:4:"HREF";s:43:"http://codex.wordpress.org/Create_A_Network";s:8:"ADD_DATE";s:10:"1295514860";s:7:"PRIVATE";s:1:"0";s:4:"TAGS";s:36:"wordpress,network,howto,cms,tutorial";s:7:"COMMENT";s:40:"Doing the multi-site thing in wordpress
";}i:314;a:5:{s:4:"HREF";s:28:"http://www.w3.org/html/logo/";s:8:"ADD_DATE";s:10:"1295440347";s:7:"PRIVATE";s:1:"0";s:4:"TAGS";s:32:"morganesque,html5,logo,webdesign";s:7:"COMMENT";s:54:"Oooh have haven't seen this page before. Nicely done.
";}i:315;a:5:{s:4:"HREF";s:83:"http://net.tutsplus.com/tutorials/php/how-to-authenticate-users-with-twitter-oauth/";s:8:"ADD_DATE";s:10:"1295179439";s:7:"PRIVATE";s:1:"0";s:4:"TAGS";s:30:"twitter,php,api,tutorial,howto";s:7:"COMMENT";s:68:"Good tutorial about authenticating twitter users via OAuth and PHP.
";}i:316;a:5:{s:4:"HREF";s:44:"http://www.bbc.co.uk/news/education-12171281";s:8:"ADD_DATE";s:10:"1295178736";s:7:"PRIVATE";s:1:"0";s:4:"TAGS";s:24:"education,politics,audio";s:7:"COMMENT";s:137:"Haha, wonderful how easily an intelligent, articulate and well informed person can wipe the floor with the supposedly "media trained" MP
";}i:317;a:5:{s:4:"HREF";s:24:"http://www.hellobar.com/";s:8:"ADD_DATE";s:10:"1294863455";s:7:"PRIVATE";s:1:"0";s:4:"TAGS";s:52:"webdesign,design,marketing,tools,website,morganesque";s:7:"COMMENT";s:119:"Ha! something you could easily build yourself but taken just far enough that perhaps it's worth using they're version:
";}i:318;a:5:{s:4:"HREF";s:35:"http://www.bit-101.com/blog/?p=2939";s:8:"ADD_DATE";s:10:"1294748406";s:7:"PRIVATE";s:1:"0";s:4:"TAGS";s:32:"flash,animation,tool,morganesque";s:7:"COMMENT";s:151:"Excellent little tool for creating a sprite sheet from a SWF. Adobe should really be looking to incorporate this kind of thing into Flash before long.
";}i:319;a:4:{s:4:"HREF";s:46:"http://www.fontsquirrel.com/fontface/generator";s:8:"ADD_DATE";s:10:"1294345730";s:7:"PRIVATE";s:1:"0";s:4:"TAGS";s:55:"fonts,css,typography,generator,tools,webdesign,web,css3";}i:320;a:5:{s:4:"HREF";s:70:"http://paulirish.com/2009/bulletproof-font-face-implementation-syntax/";s:8:"ADD_DATE";s:10:"1294344996";s:7:"PRIVATE";s:1:"0";s:4:"TAGS";s:35:"css,typography,fonts,webdesign,css3";s:7:"COMMENT";s:21:"Embedding web fonts.
";}i:321;a:4:{s:4:"HREF";s:81:"http://www.creativeboom.co.uk/tips/50-of-the-best-websites-for-daily-inspiration/";s:8:"ADD_DATE";s:10:"1294304865";s:7:"PRIVATE";s:1:"0";s:4:"TAGS";s:42:"inspiration,design,creativity,illustration";}i:322;a:5:{s:4:"HREF";s:75:"http://tjkdesign.com/articles/z-index/teach_yourself_how_elements_stack.asp";s:8:"ADD_DATE";s:10:"1293189933";s:7:"PRIVATE";s:1:"0";s:4:"TAGS";s:41:"css,tools,webdesign,tutorial,html,z-index";s:7:"COMMENT";s:70:"Excellent little demonstration of how css positioning affects z-index
";}i:323;a:4:{s:4:"HREF";s:19:"http://easeljs.com/";s:8:"ADD_DATE";s:10:"1293049424";s:7:"PRIVATE";s:1:"0";s:4:"TAGS";s:63:"javascript,html5,canvas,library,animation,games,framework,flash";}i:324;a:4:{s:4:"HREF";s:45:"http://soundcloud.com/tobyba/roundaboutradio1";s:8:"ADD_DATE";s:10:"1292617947";s:7:"PRIVATE";s:1:"0";s:4:"TAGS";s:12:"london,radio";}i:325;a:5:{s:4:"HREF";s:18:"http://teixido.co/";s:8:"ADD_DATE";s:10:"1292449882";s:7:"PRIVATE";s:1:"0";s:4:"TAGS";s:44:"fluid,inspiration,design,portfolio,webdesign";s:7:"COMMENT";s:66:"Another nice fluid design, nice use of multiple points of change.
";}i:326;a:5:{s:4:"HREF";s:28:"http://www.stephencaver.com/";s:8:"ADD_DATE";s:10:"1292449674";s:7:"PRIVATE";s:1:"0";s:4:"TAGS";s:44:"fluid,inspiration,design,webdesign,portfolio";s:7:"COMMENT";s:66:"Nice fluid design website portfolio. The guy works for Happy Cog.
";}i:327;a:4:{s:4:"HREF";s:149:"http://www.managementexchange.com/blog/im-bored-significance-manifesto?utm_source=MIX+Fix&utm_campaign=6b64b6f3b0-MIX_Fix_Oct30_2010&utm_medium=email";s:8:"ADD_DATE";s:10:"1292449069";s:7:"PRIVATE";s:1:"0";s:4:"TAGS";s:60:"toread,management,business,marketing,design,work,inspiration";}i:328;a:5:{s:4:"HREF";s:57:"http://www.society6.com/studio/lishoffs/Minimalism_Heroes";s:8:"ADD_DATE";s:10:"1292191060";s:7:"PRIVATE";s:1:"0";s:4:"TAGS";s:25:"design,poster,morganesque";s:7:"COMMENT";s:37:"Love these minimalized super heroes.
";}i:329;a:5:{s:4:"HREF";s:49:"http://wiki.moxiecode.com/index.php/TinyMCE:Index";s:8:"ADD_DATE";s:10:"1291810466";s:7:"PRIVATE";s:1:"0";s:4:"TAGS";s:45:"editor,documentation,wordpress,reference,wiki";s:7:"COMMENT";s:67:"Wiki with all the docs about the WYSIWYG editor used by Wordpress.
";}i:330;a:5:{s:4:"HREF";s:88:"http://www.beanstalk.ie/blog/wordpress/customising-the-tinymce-text-editor-in-wordpress/";s:8:"ADD_DATE";s:10:"1291810426";s:7:"PRIVATE";s:1:"0";s:4:"TAGS";s:34:"wordpress,editor,development,howto";s:7:"COMMENT";s:84:"The bit of code you need to start mucking around with the Wordpress WYSIWYG editor.
";}i:331;a:5:{s:4:"HREF";s:42:"http://www.youtube.com/watch?v=l7AWnfFRc7g";s:8:"ADD_DATE";s:10:"1291801527";s:7:"PRIVATE";s:1:"0";s:4:"TAGS";s:46:"video,animation,philosophy,science,morganesque";s:7:"COMMENT";s:88:"Another fantastic video from the RSA this time about how we're "softwired" for empathy.
";}i:332;a:5:{s:4:"HREF";s:140:"http://mblogs.discovermagazine.com/notrocketscience/2010/11/25/15-minute-writing-exercise-closes-the-gender-gap-in-university-level-physics/";s:8:"ADD_DATE";s:10:"1291715601";s:7:"PRIVATE";s:1:"0";s:4:"TAGS";s:17:"education,science";s:7:"COMMENT";s:141:"Very interesting study of how personal confidence particularly for those who are stereo-typed against can actually aid academic achievement.
";}i:333;a:5:{s:4:"HREF";s:18:"http://ohlife.com/";s:8:"ADD_DATE";s:10:"1291715534";s:7:"PRIVATE";s:1:"0";s:4:"TAGS";s:30:"writing,blog,email,inspiration";s:7:"COMMENT";s:64:"An excellent service. Clear clean simple and it has "movement".
";}i:334;a:5:{s:4:"HREF";s:269:"http://www.adaptivepath.com/blog/2010/11/18/the-pernicious-effects-of-advertising-and-marketing-agencies-trying-to-deliver-user-experience-design/?utm_source=feedburner&utm_medium=feed&utm_campaign=Feed%3A+adaptivepath+%28Adaptive+Path+Blog%29&utm_content=Google+Reader";s:8:"ADD_DATE";s:10:"1291282712";s:7:"PRIVATE";s:1:"0";s:4:"TAGS";s:58:"ux,design,marketing,advertising,business,experience,toread";s:7:"COMMENT";s:60:"Rant about advertising agencies doing user experience work.
";}i:335;a:4:{s:4:"HREF";s:27:"http://vihart.com/doodling/";s:8:"ADD_DATE";s:10:"1291281821";s:7:"PRIVATE";s:1:"0";s:4:"TAGS";s:18:"maths,drawings,art";}i:336;a:5:{s:4:"HREF";s:56:"http://www.dbswebsite.com/design/wordpress-reference/V3/";s:8:"ADD_DATE";s:10:"1291151087";s:7:"PRIVATE";s:1:"0";s:4:"TAGS";s:19:"wordpress,reference";s:7:"COMMENT";s:82:"Oh my a whole list of template tags in a form which is actually vaguely readable.
";}i:337;a:4:{s:4:"HREF";s:110:"http://37signals.com/svn/posts/2666-the-story-of-polaroid-inventor-edwin-land-one-of-steve-jobs-biggest-heroes";s:8:"ADD_DATE";s:10:"1290368056";s:7:"PRIVATE";s:1:"0";s:4:"TAGS";s:6:"toread";}i:338;a:4:{s:4:"HREF";s:28:"http://www.volumique.com/en/";s:8:"ADD_DATE";s:10:"1290367725";s:7:"PRIVATE";s:1:"0";s:4:"TAGS";s:0:"";}i:339;a:5:{s:4:"HREF";s:57:"http://boardgamegeek.com/boardgame/1070/waldschattenspiel";s:8:"ADD_DATE";s:10:"1290076498";s:7:"PRIVATE";s:1:"0";s:4:"TAGS";s:30:"games,boardgames,kids,play,fun";s:7:"COMMENT";s:97:"Oooh a lovely board game mentioned by @mattedgar in his excellent write up of Interesting North.
";}i:340;a:5:{s:4:"HREF";s:34:"http://e-texteditor.com/index.html";s:8:"ADD_DATE";s:10:"1289905928";s:7:"PRIVATE";s:1:"0";s:4:"TAGS";s:56:"editor,windows,software,development,textmate,morganesque";s:7:"COMMENT";s:114:"Hmmm looks interesting. Would certainly make the move back to windows less painful (I LOVE Textmate). Thanx @orta
";}i:341;a:4:{s:4:"HREF";s:91:"http://www.yellowjug.com/web-design/how-to-install-multiple-instances-of-internet-explorer/";s:8:"ADD_DATE";s:10:"1289306446";s:7:"PRIVATE";s:1:"0";s:4:"TAGS";s:21:"ie,browsers,webdesign";}i:342;a:5:{s:4:"HREF";s:35:"http://browsers.evolt.org/?ie/win32";s:8:"ADD_DATE";s:10:"1289306329";s:7:"PRIVATE";s:1:"0";s:4:"TAGS";s:24:"ie,browser,ie6,webdesign";s:7:"COMMENT";s:24:"Archive of IE versions.
";}i:343;a:4:{s:4:"HREF";s:68:"http://uk.answers.yahoo.com/question/index?qid=20100328092641AAGSNUL";s:8:"ADD_DATE";s:10:"1289302606";s:7:"PRIVATE";s:1:"0";s:4:"TAGS";s:26:"banking,money,selfemployed";}i:344;a:4:{s:4:"HREF";s:143:"http://www.netmums.com/coffeehouse/working-yourself-76/wfy-discussion-ideas-research-79/88217-why-do-i-need-business-account-what-benefits.html";s:8:"ADD_DATE";s:10:"1289302428";s:7:"PRIVATE";s:1:"0";s:4:"TAGS";s:26:"banking,money,selfemployed";}i:345;a:5:{s:4:"HREF";s:87:"http://makemarketinghistory.blogspot.com/2010/11/why-targetting-is-wrong-marketing.html";s:8:"ADD_DATE";s:10:"1289232322";s:7:"PRIVATE";s:1:"0";s:4:"TAGS";s:18:"language,marketing";s:7:"COMMENT";s:339:"Haha. This is exactly the problem. Who wants to think of themselves (or their goal) as to be "constantly available/accessible". People would much rather see themselves as the proactive agent going out and "targetting" something. Just imagine telling a loads of marketing dude to picture themselves as Bambi's mum, only wanting to be shot!
";}i:346;a:5:{s:4:"HREF";s:52:"http://www.uxbooth.com/blog/on-potential-experience/";s:8:"ADD_DATE";s:10:"1288994742";s:7:"PRIVATE";s:1:"0";s:4:"TAGS";s:37:"ux,usability,design,experience,toread";s:7:"COMMENT";s:78:"Looks very interesting. Skimmed. Must come back to read properly. Sleepy now.
";}i:347;a:5:{s:4:"HREF";s:71:"http://doctyper.com/archives/200808/fixed-positioning-on-mobile-safari/";s:8:"ADD_DATE";s:10:"1288901257";s:7:"PRIVATE";s:1:"0";s:4:"TAGS";s:62:"iphone,webdesign,safari,mobile,development,css,html,javascript";s:7:"COMMENT";s:48:"A solution for fixed positioning on the iPhone?
";}i:348;a:5:{s:4:"HREF";s:31:"http://discoverdigitallife.com/";s:8:"ADD_DATE";s:10:"1288728618";s:7:"PRIVATE";s:1:"0";s:4:"TAGS";s:30:"statistics,flash,visualization";s:7:"COMMENT";s:85:"Very nice site for exploring statistics on the use of the internet across the world.
";}i:349;a:5:{s:4:"HREF";s:41:"http://theoatmeal.com/comics/working_home";s:8:"ADD_DATE";s:10:"1288085704";s:7:"PRIVATE";s:1:"0";s:4:"TAGS";s:36:"cartoon,funny,humor,work,comics,home";s:7:"COMMENT";s:44:"Haha, I hope all this turns out to be true!
";}i:350;a:5:{s:4:"HREF";s:50:"http://www.slideshare.net/katielips/every-day-apps";s:8:"ADD_DATE";s:10:"1288085027";s:7:"PRIVATE";s:1:"0";s:4:"TAGS";s:4:"apps";s:7:"COMMENT";s:19:"Looks interesting.
";}i:351;a:5:{s:4:"HREF";s:27:"http://resizemybrowser.com/";s:8:"ADD_DATE";s:10:"1288036740";s:7:"PRIVATE";s:1:"0";s:4:"TAGS";s:23:"webdesign,browser,sizes";s:7:"COMMENT";s:8:"Useful.
";}i:352;a:5:{s:4:"HREF";s:20:"http://placehold.it/";s:8:"ADD_DATE";s:10:"1288036606";s:7:"PRIVATE";s:1:"0";s:4:"TAGS";s:31:"webdesign,image,generator,tools";s:7:"COMMENT";s:31:"Man that is handy handy handy.
";}i:353;a:5:{s:4:"HREF";s:18:"http://tileabl.es/";s:8:"ADD_DATE";s:10:"1288036343";s:7:"PRIVATE";s:1:"0";s:4:"TAGS";s:50:"patterns,photoshop,design,resources,webdesign,free";s:7:"COMMENT";s:15:"Tile textures.
";}i:354;a:5:{s:4:"HREF";s:25:"http://www.fillerati.com/";s:8:"ADD_DATE";s:10:"1288036235";s:7:"PRIVATE";s:1:"0";s:4:"TAGS";s:54:"text,generator,design,webdesign,typography,inspiration";s:7:"COMMENT";s:30:"Nice alternative Lorum Ipsum.
";}i:355;a:5:{s:4:"HREF";s:59:"http://www.actionscript.org/forums/showthread.php3?t=178142";s:8:"ADD_DATE";s:10:"1288014101";s:7:"PRIVATE";s:1:"0";s:4:"TAGS";s:17:"flash,as3,bitmaps";s:7:"COMMENT";s:104:"The reason bitmaps put into the IDE turn into Shapes (or at least are consolidated into one big shape).
";}i:356;a:5:{s:4:"HREF";s:78:"http://designleadership.blogspot.com/2010/10/service-design-at-crossroads.html";s:8:"ADD_DATE";s:10:"1288010656";s:7:"PRIVATE";s:1:"0";s:4:"TAGS";s:27:"toread,design,servicedesign";s:7:"COMMENT";s:108:"interesting but long article about service design in various areas and the future. Must come back a finish.
";}i:357;a:5:{s:4:"HREF";s:20:"http://www.30ml.com/";s:8:"ADD_DATE";s:10:"1287990923";s:7:"PRIVATE";s:1:"0";s:4:"TAGS";s:54:"portfolio,inspiration,flash,animation,webdesign,agency";s:7:"COMMENT";s:225:"Amazing portfolio site. Not so much for the Flash itself but for the visual design and imagination which went into it. As should be the case: the Flash gets out of the way and lets the creativity of the artist shine through.
";}i:358;a:5:{s:4:"HREF";s:43:"http://www.cheestrings.co.uk/worldtourgame/";s:8:"ADD_DATE";s:10:"1287990442";s:7:"PRIVATE";s:1:"0";s:4:"TAGS";s:22:"game,flash,inspiration";s:7:"COMMENT";s:171:"Lovely flash game for Cheese strings. Pretty simply driving + physics dynamics, but they've included a "design your own" vehicle and there's loads of nice design touches.
";}i:359;a:4:{s:4:"HREF";s:17:"http://yiibu.com/";s:8:"ADD_DATE";s:10:"1287689781";s:7:"PRIVATE";s:1:"0";s:4:"TAGS";s:0:"";}i:360;a:5:{s:4:"HREF";s:58:"http://css-tricks.com/how-to-create-an-ie-only-stylesheet/";s:8:"ADD_DATE";s:10:"1287671092";s:7:"PRIVATE";s:1:"0";s:4:"TAGS";s:26:"css,ie6,ie,webdesign,hacks";s:7:"COMMENT";s:52:"A complete list of IE CSS hacks for every occasion.
";}i:361;a:5:{s:4:"HREF";s:46:"http://www.coolhunting.com/tech/playbutton.php";s:8:"ADD_DATE";s:10:"1287671021";s:7:"PRIVATE";s:1:"0";s:4:"TAGS";s:16:"music,mp3,badges";s:7:"COMMENT";s:41:"Wonderful. It's an album in a pin badge.
";}i:362;a:5:{s:4:"HREF";s:33:"http://www.frankchimero.com/idea/";s:8:"ADD_DATE";s:10:"1287658419";s:7:"PRIVATE";s:1:"0";s:4:"TAGS";s:67:"creativity,inspiration,writing,ideas,innovation,humor,visualization";s:7:"COMMENT";s:131:"Lovely webpage/comic/rant/inspiration. Try not to read it till the end. You can't can you. How many websites do you see like that?
";}i:363;a:5:{s:4:"HREF";s:20:"http://comedify.com/";s:8:"ADD_DATE";s:10:"1287487137";s:7:"PRIVATE";s:1:"0";s:4:"TAGS";s:14:"comedy,spotify";s:7:"COMMENT";s:18:"Comedy on Spotify
";}i:364;a:4:{s:4:"HREF";s:58:"http://www.duport.co.uk/company-formation/sole_traders.php";s:8:"ADD_DATE";s:10:"1287413682";s:7:"PRIVATE";s:1:"0";s:4:"TAGS";s:27:"business,company,uk,finance";}i:365;a:5:{s:4:"HREF";s:88:"http://www.smashingmagazine.com/2010/10/18/common-security-mistakes-in-web-applications/";s:8:"ADD_DATE";s:10:"1287409405";s:7:"PRIVATE";s:1:"0";s:4:"TAGS";s:38:"security,web,php,webdesign,development";s:7:"COMMENT";s:94:"Useful security threats to web services article. One to store away and refer back to I think,
";}i:366;a:4:{s:4:"HREF";s:80:"http://the99percent.com/articles/6732/welcome-to-the-era-of-creative-meritocracy";s:8:"ADD_DATE";s:10:"1287349360";s:7:"PRIVATE";s:1:"0";s:4:"TAGS";s:62:"creativity,design,technology,advertising,business,career,ideas";}i:367;a:5:{s:4:"HREF";s:42:"http://www.colorzilla.com/gradient-editor/";s:8:"ADD_DATE";s:10:"1287349251";s:7:"PRIVATE";s:1:"0";s:4:"TAGS";s:43:"generator,webdesign,CSS,color,gradient,css3";s:7:"COMMENT";s:44:"Nice handy gradient editor outputting CSS3.
";}i:368;a:4:{s:4:"HREF";s:73:"http://www.webdesignerdepot.com/2009/05/30-artistic-and-creative-resumes/";s:8:"ADD_DATE";s:10:"1287304874";s:7:"PRIVATE";s:1:"0";s:4:"TAGS";s:26:"design,inspiration,jobs,cv";}i:369;a:5:{s:4:"HREF";s:48:"http://primaxstudio.com/stuff/scale_of_universe/";s:8:"ADD_DATE";s:10:"1287260627";s:7:"PRIVATE";s:1:"0";s:4:"TAGS";s:32:"science,astronomy,flash,work,as3";s:7:"COMMENT";s:111:"Interesting. Done in Flash. Looks like they're literally reliing on Flash to blow everything up..... hmmm.....
";}i:370;a:5:{s:4:"HREF";s:77:"http://www.helmutgranda.com/2009/12/02/robotlegs-and-flash-ide-cs4-injection/";s:8:"ADD_DATE";s:10:"1287006347";s:7:"PRIVATE";s:1:"0";s:4:"TAGS";s:19:"robotlegs,flash,as3";s:7:"COMMENT";s:35:"Using RobotLegs with the Flash IDE
";}i:371;a:5:{s:4:"HREF";s:56:"http://www.flashmagazine.com/news/detail/flash_vs_flash/";s:8:"ADD_DATE";s:10:"1287003029";s:7:"PRIVATE";s:1:"0";s:4:"TAGS";s:16:"Flash,as3,vector";s:7:"COMMENT";s:110:"Very interesting discussion of the use of Flash, the purpose of Flash and what it's possible future could be.
";}i:372;a:5:{s:4:"HREF";s:53:"http://www.custardbelly.com/android/froyo/as3flobile/";s:8:"ADD_DATE";s:10:"1286997359";s:7:"PRIVATE";s:1:"0";s:4:"TAGS";s:39:"as3,android,flash,air,mobile,components";s:7:"COMMENT";s:8:"useful!
";}i:373;a:5:{s:4:"HREF";s:40:"http://www.greensock.com/loadermax-tips/";s:8:"ADD_DATE";s:10:"1286980304";s:7:"PRIVATE";s:1:"0";s:4:"TAGS";s:17:"flash,as3,library";s:7:"COMMENT";s:92:"Very good hints and tips for LoaderMax that guy just keeps churning out amazing flash code.
";}i:374;a:5:{s:4:"HREF";s:212:"http://m.readwriteweb.com/archives/amazon_breathes_new_life_into_novellas_long-form_w.php?utm_source=feedburner&utm_medium=feed&utm_campaign=Feed%253A+readwriteweb+%2528ReadWriteWeb%2529&utm_content=Google+Reader";s:8:"ADD_DATE";s:10:"1286978871";s:7:"PRIVATE";s:1:"0";s:4:"TAGS";s:38:"amazon,kindle,books,reading,literature";s:7:"COMMENT";s:94:"Oooh interesting development. I like the kind of tone Amazon seems to take with these things.
";}i:375;a:4:{s:4:"HREF";s:68:"http://uk.answers.yahoo.com/question/index?qid=20080319010124AADphFC";s:8:"ADD_DATE";s:10:"1286915892";s:7:"PRIVATE";s:1:"0";s:4:"TAGS";s:15:"redundancy,work";}i:376;a:4:{s:4:"HREF";s:46:"http://sol.gfxile.net/interpolation/index.html";s:8:"ADD_DATE";s:10:"1286899401";s:7:"PRIVATE";s:1:"0";s:4:"TAGS";s:72:"as3,flash,tweening,math,animation,graphics,tutorial,reference,algorithms";}i:377;a:5:{s:4:"HREF";s:33:"http://code.google.com/p/soylent/";s:8:"ADD_DATE";s:10:"1286893261";s:7:"PRIVATE";s:1:"0";s:4:"TAGS";s:24:"amazon,turk,writing,word";s:7:"COMMENT";s:41:"Mechanical Turk usage for writing tasks.
";}i:378;a:4:{s:4:"HREF";s:48:"http://www.acas.org.uk/index.aspx?articleid=1611";s:8:"ADD_DATE";s:10:"1286892567";s:7:"PRIVATE";s:1:"0";s:4:"TAGS";s:27:"redundancy,work,information";}i:379;a:4:{s:4:"HREF";s:55:"http://www.direct.gov.uk/en/Diol1/DoItOnline/DG_4017972";s:8:"ADD_DATE";s:10:"1286887058";s:7:"PRIVATE";s:1:"0";s:4:"TAGS";s:27:"redundancy,work,information";}i:380;a:4:{s:4:"HREF";s:42:"http://www.youtube.com/watch?v=zgZfry82LC4";s:8:"ADD_DATE";s:10:"1286829430";s:7:"PRIVATE";s:1:"0";s:4:"TAGS";s:55:"to_watch,video,environment,visualization,sustainability";}i:381;a:4:{s:4:"HREF";s:26:"http://crisisofcredit.com/";s:8:"ADD_DATE";s:10:"1286829273";s:7:"PRIVATE";s:1:"0";s:4:"TAGS";s:45:"to_watch,video,visualization,animation,design";}i:382;a:5:{s:4:"HREF";s:57:"http://www.deusexmachinatio.com/2010/10/chekhovs-gun.html";s:8:"ADD_DATE";s:10:"1286478272";s:7:"PRIVATE";s:1:"0";s:4:"TAGS";s:0:"";s:7:"COMMENT";s:164:"Chekov's Gun. Everything in a novel should reveal character, advance plot, or support theme. I'd add one more item to Uncle Jim's list: Adding color to your world.
";}i:383;a:5:{s:4:"HREF";s:64:"http://blogs.sitepoint.com/2005/02/26/simple-clearing-of-floats/";s:8:"ADD_DATE";s:10:"1286477879";s:7:"PRIVATE";s:1:"0";s:4:"TAGS";s:18:"css,html,webdesign";s:7:"COMMENT";s:83:"More discussion of floating a clearing. If only it was as athletic as that sounds.
";}i:384;a:5:{s:4:"HREF";s:80:"http://orderedlist.com/our-writing/blog/articles/clearing-floats-the-fne-method/";s:8:"ADD_DATE";s:10:"1286477538";s:7:"PRIVATE";s:1:"0";s:4:"TAGS";s:18:"html,css,webdesign";s:7:"COMMENT";s:41:"A method of getting your floats working.
";}i:385;a:5:{s:4:"HREF";s:54:"http://techcrunch.com/2006/07/15/is-twttr-interesting/";s:8:"ADD_DATE";s:10:"1286353363";s:7:"PRIVATE";s:1:"0";s:4:"TAGS";s:24:"twitter,history,articles";s:7:"COMMENT";s:159:"How do their shareholders feel about side projects like Twttr when their primary product line is, besides the excellent design, a total snoozer? - haha lovely
";}i:386;a:5:{s:4:"HREF";s:65:"http://www.bubblecow.co.uk/2010/10/self-publishing-on-the-kindle/";s:8:"ADD_DATE";s:10:"1286283352";s:7:"PRIVATE";s:1:"0";s:4:"TAGS";s:41:"writing,kindle,publishing,self-publishing";s:7:"COMMENT";s:65:"nice set of tips not just for Kindle but in general for writing.
";}i:387;a:5:{s:4:"HREF";s:27:"http://www.khanacademy.org/";s:8:"ADD_DATE";s:10:"1286204798";s:7:"PRIVATE";s:1:"0";s:4:"TAGS";s:23:"math,tutorial,education";s:7:"COMMENT";s:122:"The Khan Academy is a not-for-profit 501(c)(3) with the mission of providing a world-class education to anyone, anywhere.
";}i:388;a:5:{s:4:"HREF";s:189:"http://www.virgin.com/entrepreneur/news/mobile-apps-and-why-they-have-no-future?utm_source=Twitter&utm_medium=virgindotcom&utm_campaign=Mobile%2Bapps%2Band%2Bwhy%2Bthey%2Bhave%2Bno%2Bfuture";s:8:"ADD_DATE";s:10:"1285772902";s:7:"PRIVATE";s:1:"0";s:4:"TAGS";s:33:"mobile,apps,web,webdesign,comment";s:7:"COMMENT";s:253:"Yeah, I broadly agree although in reality one thing doesn't always replace the other so much as sit along side filling a niche. Apps will probably always be around even when most people find creating a mobile compatible web site is more cost effective.
";}i:389;a:5:{s:4:"HREF";s:24:"http://erkie.github.com/";s:8:"ADD_DATE";s:10:"1285771929";s:7:"PRIVATE";s:1:"0";s:4:"TAGS";s:32:"html5,canvas,fun,game,javascript";s:7:"COMMENT";s:37:"Haha, play asteroids on any website.
";}i:390;a:5:{s:4:"HREF";s:63:"http://soenkerohde.com/2008/04/as3flex-and-the-new-youtube-api/";s:8:"ADD_DATE";s:10:"1285690224";s:7:"PRIVATE";s:1:"0";s:4:"TAGS";s:21:"flash,As3,youtube,api";s:7:"COMMENT";s:47:"Discussion of using YouTube API from AS3 Flash
";}i:391;a:5:{s:4:"HREF";s:76:"http://blog.martinlegris.com/2008/04/22/getting-around-as3s-un-restful-ness/";s:8:"ADD_DATE";s:10:"1285690202";s:7:"PRIVATE";s:1:"0";s:4:"TAGS";s:32:"flash,as3,youtube,api,rest,proxy";s:7:"COMMENT";s:73:"Discussion of using the YouTube API from AS3 using a PHP REST-ful proxy.
";}i:392;a:5:{s:4:"HREF";s:22:"http://www.vidyup.com/";s:8:"ADD_DATE";s:10:"1285690069";s:7:"PRIVATE";s:1:"0";s:4:"TAGS";s:28:"video,youtube,upload,widgets";s:7:"COMMENT";s:83:"Video upload to YouTube. Not with Flash I hasten to add but it seems pretty slick.
";}i:393;a:5:{s:4:"HREF";s:66:"http://www.cloudfour.com/css-media-query-for-mobile-is-fools-gold/";s:8:"ADD_DATE";s:10:"1285612986";s:7:"PRIVATE";s:1:"0";s:4:"TAGS";s:38:"mobile,css,webdesign,performance,html5";s:7:"COMMENT";s:222:"More stuff against media queries (or at least for less of a silver bullet approach). Interesting non the less how much of what comes out is general good practice which we've known about (but rarely implemented) for years.
";}i:394;a:5:{s:4:"HREF";s:23:"http://web-sniffer.net/";s:8:"ADD_DATE";s:10:"1285594016";s:7:"PRIVATE";s:1:"0";s:4:"TAGS";s:35:"http,tools,web,internet,development";s:7:"COMMENT";s:117:"Useful little tool when you're changing headers and need to be able to test that the damn thing's working correctly.
";}i:395;a:5:{s:4:"HREF";s:33:"http://iampaddy.com/lifebelow600/";s:8:"ADD_DATE";s:10:"1285576480";s:7:"PRIVATE";s:1:"0";s:4:"TAGS";s:16:"webdesign,layout";s:7:"COMMENT";s:44:"Lovely webpage about The Fold and Iceburgs.
";}i:396;a:5:{s:4:"HREF";s:28:"http://www.crowley-webb.com/";s:8:"ADD_DATE";s:10:"1285535033";s:7:"PRIVATE";s:1:"0";s:4:"TAGS";s:34:"agency,flash,webdesign,inspiration";s:7:"COMMENT";s:110:"Really nice simply text led flash site. Links expand to bring in new content - previous links always visible.
";}i:397;a:5:{s:4:"HREF";s:63:"http://designm.ag/resources/500-splatter-brushes-for-photoshop/";s:8:"ADD_DATE";s:10:"1285534322";s:7:"PRIVATE";s:1:"0";s:4:"TAGS";s:42:"photoshop,brushes,resources,webdesign,free";s:7:"COMMENT";s:42:"loads of splattery ps brushes. Watch out!
";}i:398;a:5:{s:4:"HREF";s:18:"http://themify.me/";s:8:"ADD_DATE";s:10:"1285450842";s:7:"PRIVATE";s:1:"0";s:4:"TAGS";s:38:"wordpress,themes,design,webdesign,blog";s:7:"COMMENT";s:30:"Creator for Wordpress Themes.
";}i:399;a:5:{s:4:"HREF";s:90:"http://www.kickerstudio.com/blog/2010/09/essential-interaction-design-essays-and-articles/";s:8:"ADD_DATE";s:10:"1285449840";s:7:"PRIVATE";s:1:"0";s:4:"TAGS";s:50:"design,reference,interaction,ux,resources,articles";s:7:"COMMENT";s:128:"Oooh this looks like a good list. Nice on a plate. Will work my way through this reading each one in turn.... (probably won't).
";}i:400;a:5:{s:4:"HREF";s:19:"http://tinysrc.net/";s:8:"ADD_DATE";s:10:"1285354125";s:7:"PRIVATE";s:1:"0";s:4:"TAGS";s:32:"api,images,html,webdesign,resize";s:7:"COMMENT";s:205:"Excellent. Get your images resized on the fly. Is this free? How fast will it be? I guess you could cache them on your own server or something. Seems weird just to be offering it as a free service though.
";}i:401;a:5:{s:4:"HREF";s:72:"http://www.slideshare.net/bryanrieger/rethinking-the-mobile-web-by-yiibu";s:8:"ADD_DATE";s:10:"1285318929";s:7:"PRIVATE";s:1:"0";s:4:"TAGS";s:46:"responsive,mobile,presentation,webdesign,html5";s:7:"COMMENT";s:120:"Excellent presentation about designing for mobile and why some of the recent responsive design stuff isn't all that :-)
";}i:402;a:5:{s:4:"HREF";s:55:"http://techcrunch.com/2010/08/25/scvngr-game-mechanics/";s:8:"ADD_DATE";s:10:"1285315938";s:7:"PRIVATE";s:1:"0";s:4:"TAGS";s:33:"game,design,gaming,game-mechanics";s:7:"COMMENT";s:90:"Interesting group of game concepts as a useful way of describing various ways games work.
";}i:403;a:4:{s:4:"HREF";s:81:"http://help.youtube.com/group/youtube-howto/browse_thread/thread/e36a435c1b39412b";s:8:"ADD_DATE";s:10:"1285256447";s:7:"PRIVATE";s:1:"0";s:4:"TAGS";s:19:"youtube,snorchestra";}i:404;a:5:{s:4:"HREF";s:24:"http://www.tunecore.com/";s:8:"ADD_DATE";s:10:"1285250645";s:7:"PRIVATE";s:1:"0";s:4:"TAGS";s:49:"music,mp3,business,itunes,audio,publishing,online";s:7:"COMMENT";s:74:"Sell your music online. Seems quite good if I ever had any music to sell.
";}i:405;a:5:{s:4:"HREF";s:23:"http://flipstorm.co.uk/";s:8:"ADD_DATE";s:10:"1285249019";s:7:"PRIVATE";s:1:"0";s:4:"TAGS";s:13:"design,agency";s:7:"COMMENT";s:25:"Webdesign Agency in Brum
";}i:406;a:5:{s:4:"HREF";s:22:"http://www.rith.co.uk/";s:8:"ADD_DATE";s:10:"1285185911";s:7:"PRIVATE";s:1:"0";s:4:"TAGS";s:19:"agency,huddersfield";s:7:"COMMENT";s:37:"A web design agency in Huddersfield.
";}i:407;a:5:{s:4:"HREF";s:19:"http://rubular.com/";s:8:"ADD_DATE";s:10:"1285149439";s:7:"PRIVATE";s:1:"0";s:4:"TAGS";s:11:"regex,tools";s:7:"COMMENT";s:39:"handy regular expressions as you type.
";}i:408;a:5:{s:4:"HREF";s:64:"http://www.slideshare.net/giberti/graphing-without-flash-4041041";s:8:"ADD_DATE";s:10:"1285142773";s:7:"PRIVATE";s:1:"0";s:4:"TAGS";s:35:"javascript,graph,library,canvas,svg";s:7:"COMMENT";s:84:"Useful presentsation discussing the non-Flash ways of creating graphs on web pages.
";}i:409;a:5:{s:4:"HREF";s:30:"http://code.google.com/p/flot/";s:8:"ADD_DATE";s:10:"1285142675";s:7:"PRIVATE";s:1:"0";s:4:"TAGS";s:44:"javascript,graph,chart,visualization,library";s:7:"COMMENT";s:52:"The JS graph creating library I used the other day.
";}i:410;a:4:{s:4:"HREF";s:104:"http://javascript.open-libraries.com/utilities/chart/20-best-javascript-charting-and-plotting-libraries/";s:8:"ADD_DATE";s:10:"1285142608";s:7:"PRIVATE";s:1:"0";s:4:"TAGS";s:40:"javascript,charts,graphics,chart,library";}i:411;a:5:{s:4:"HREF";s:34:"http://blog.eyemagazine.com/?p=656";s:8:"ADD_DATE";s:10:"1284977601";s:7:"PRIVATE";s:1:"0";s:4:"TAGS";s:65:"design,iphone,visualization,penguin,development,books,interaction";s:7:"COMMENT";s:68:"Nice description of the iPhone app to accompany Fry's autobiography
";}i:412;a:5:{s:4:"HREF";s:42:"http://130.113.54.154/~monger/hsl-rgb.html";s:8:"ADD_DATE";s:10:"1284652853";s:7:"PRIVATE";s:1:"0";s:4:"TAGS";s:27:"flash,as3,colours,math,code";s:7:"COMMENT";s:57:"Converting colours. Good old fashioned maths godamn it!!
";}i:413;a:5:{s:4:"HREF";s:39:"http://ryanfait.com/position-fixed-ie6/";s:8:"ADD_DATE";s:10:"1284393840";s:7:"PRIVATE";s:1:"0";s:4:"TAGS";s:26:"ie6,code,browser,webdesign";s:7:"COMMENT";s:44:"A fix for IE6 not fixing position properly?
";}i:414;a:5:{s:4:"HREF";s:24:"http://box.mepholio.com/";s:8:"ADD_DATE";s:10:"1284187686";s:7:"PRIVATE";s:1:"0";s:4:"TAGS";s:31:"inspiration,webdesign,interface";s:7:"COMMENT";s:48:"Nicely designed site of nicely design examples.
";}i:415;a:5:{s:4:"HREF";s:18:"http://lanyrd.com/";s:8:"ADD_DATE";s:10:"1284062106";s:7:"PRIVATE";s:1:"0";s:4:"TAGS";s:53:"twitter,events,calendar,social,tools,socialnetworking";s:7:"COMMENT";s:87:"Looks like a nice service. Nice simple login via Twitter. Immediate value added. Cool.
";}i:416;a:5:{s:4:"HREF";s:28:"http://wellplacedpixels.com/";s:8:"ADD_DATE";s:10:"1284057333";s:7:"PRIVATE";s:1:"0";s:4:"TAGS";s:52:"design,inspiration,interface,software,apps,webdesign";s:7:"COMMENT";s:70:"Nice little collection of beautiful software. Worth checking back on.
";}i:417;a:4:{s:4:"HREF";s:24:"http://www.tappgala.com/";s:8:"ADD_DATE";s:10:"1284056911";s:7:"PRIVATE";s:1:"0";s:4:"TAGS";s:45:"iphone,design,mobile,ui,interface,inspiration";}i:418;a:4:{s:4:"HREF";s:86:"http://www.paper-leaf.com/blog/wp-content/uploads/2010/01/ColorTheory_Screen_White.jpg";s:8:"ADD_DATE";s:10:"1284056099";s:7:"PRIVATE";s:1:"0";s:4:"TAGS";s:75:"color,design,reference,visualization,art,webdesign,filetype:jpg,media:image";}i:419;a:4:{s:4:"HREF";s:93:"http://www.slideshare.net/fredwilson/the-10-golden-principles-for-successful-web-apps-3238116";s:8:"ADD_DATE";s:10:"1284021488";s:7:"PRIVATE";s:1:"0";s:4:"TAGS";s:31:"web,development,apps,principles";}i:420;a:5:{s:4:"HREF";s:62:"http://ignorethecode.net/blog/2010/01/21/realism_in_ui_design/";s:8:"ADD_DATE";s:10:"1284021276";s:7:"PRIVATE";s:1:"0";s:4:"TAGS";s:45:"design,ui,usability,interface,icons,webdesign";s:7:"COMMENT";s:50:"Interesting discussion of the art of icon design.
";}i:421;a:4:{s:4:"HREF";s:38:"http://www.matthew-lyons.blogspot.com/";s:8:"ADD_DATE";s:10:"1283980185";s:7:"PRIVATE";s:1:"0";s:4:"TAGS";s:53:"inspiration,illustration,portfolio,design,illustrator";}i:422;a:5:{s:4:"HREF";s:38:"http://www.canvasdemos.com/type/tools/";s:8:"ADD_DATE";s:10:"1283979289";s:7:"PRIVATE";s:1:"0";s:4:"TAGS";s:12:"html5,canvas";s:7:"COMMENT";s:42:"Some useful tool for working with canvas.
";}i:423;a:5:{s:4:"HREF";s:36:"http://www.sevenstories.org.uk/home/";s:8:"ADD_DATE";s:10:"1283962442";s:7:"PRIVATE";s:1:"0";s:4:"TAGS";s:22:"books,children,reading";s:7:"COMMENT";s:19:"Looks interesting.
";}i:424;a:5:{s:4:"HREF";s:84:"http://www.youthedesigner.com/2010/02/23/40-absolutely-free-vector-pack-collections/";s:8:"ADD_DATE";s:10:"1283937227";s:7:"PRIVATE";s:1:"0";s:4:"TAGS";s:50:"vector,free,illustrator,design,resources,webdesign";s:7:"COMMENT";s:119:"Hmmmm bound to be of use. I'll probably forgot though won't I and then find it via Google. Oh well bookmark it anyway.
";}i:425;a:5:{s:4:"HREF";s:101:"http://www.peterboersma.com/blog/uploaded_images/wabi-sabi-as-ux-design-approach-for-web20-715357.gif";s:8:"ADD_DATE";s:10:"1283801448";s:7:"PRIVATE";s:1:"0";s:4:"TAGS";s:45:"web2.0,design,web,ux,filetype:gif,media:image";s:7:"COMMENT";s:13:"Interesting.
";}i:426;a:5:{s:4:"HREF";s:79:"http://speckyboy.com/2010/02/01/25-ui-inspiration-and-design-pattern-resources/";s:8:"ADD_DATE";s:10:"1283715378";s:7:"PRIVATE";s:1:"0";s:4:"TAGS";s:40:"ui,design,webdesign,inspiration,patterns";s:7:"COMMENT";s:56:"Nice list of this kind of resource. Worth returning to.
";}i:427;a:5:{s:4:"HREF";s:75:"http://www.engadget.com/2010/05/26/a-modest-proposal-the-continuous-client/";s:8:"ADD_DATE";s:10:"1283698405";s:7:"PRIVATE";s:1:"0";s:4:"TAGS";s:44:"browser,ux,ideas,mobile,technology,usability";s:7:"COMMENT";s:44:"Interesting idea. Must read more carefully.
";}i:428;a:5:{s:4:"HREF";s:71:"http://line25.com/articles/beautiful-mac-app-web-design-showcase-trends";s:8:"ADD_DATE";s:10:"1283631007";s:7:"PRIVATE";s:1:"0";s:4:"TAGS";s:37:"inspiration,webdesign,design,mac,apps";s:7:"COMMENT";s:130:"There's something about the design of the sites for some mac apps. Don't know why but there's a kind of look. Most of it is here.
";}i:429;a:5:{s:4:"HREF";s:19:"http://caniuse.com/";s:8:"ADD_DATE";s:10:"1283595924";s:7:"PRIVATE";s:1:"0";s:4:"TAGS";s:37:"html5,css,browser,reference,webdesign";s:7:"COMMENT";s:105:"Useful list of new web technologies ad whether you can use them yet (and how soon you might be able to).
";}i:430;a:5:{s:4:"HREF";s:40:"http://dconstruct2010.rattlecentral.com/";s:8:"ADD_DATE";s:10:"1283595772";s:7:"PRIVATE";s:1:"0";s:4:"TAGS";s:11:"html5,graph";s:7:"COMMENT";s:71:"Nice ongoing graph done in SVG (putting <svg> tags straight into HTML)
";}i:431;a:5:{s:4:"HREF";s:94:"http://www.newscientist.com/article/dn18754-visual-tricks-can-make-downloads-seem-quicker.html";s:8:"ADD_DATE";s:10:"1283510755";s:7:"PRIVATE";s:1:"0";s:4:"TAGS";s:27:"progress,intreface,flash,ux";s:7:"COMMENT";s:57:"Very interesting. Must implement this next chance I get.
";}i:432;a:5:{s:4:"HREF";s:80:"http://www.belltent.co.uk/index.php?main_page=product_info&cPath=1&products_id=3";s:8:"ADD_DATE";s:10:"1283502968";s:7:"PRIVATE";s:1:"0";s:4:"TAGS";s:13:"tents,camping";s:7:"COMMENT";s:60:"Oooh a lovely tent - if I wanted a tent I'd want this tent.
";}i:433;a:4:{s:4:"HREF";s:90:"http://www.streaminglearningcenter.com/articles/the-five-key-myths-about-html5.html?page=1";s:8:"ADD_DATE";s:10:"1283502644";s:7:"PRIVATE";s:1:"0";s:4:"TAGS";s:17:"html5,flash,video";}i:434;a:5:{s:4:"HREF";s:75:"http://www.kirupa.com/developer/flashcs4/video/making_money_flash_games.htm";s:8:"ADD_DATE";s:10:"1283282669";s:7:"PRIVATE";s:1:"0";s:4:"TAGS";s:17:"flash,games,money";s:7:"COMMENT";s:16:"haha - if only.
";}i:435;a:5:{s:4:"HREF";s:169:"http://veerle.duoh.com/design/article/gradient_ring_chart_in_illustrator?utm_source=feedburner&utm_medium=feed&utm_campaign=Feed%3A+veerlesblog+Veerle%27s+Blog+3.0+-+All";s:8:"ADD_DATE";s:10:"1281005569";s:7:"PRIVATE";s:1:"0";s:4:"TAGS";s:26:"illustrator,tutorial,chart";s:7:"COMMENT";s:64:"Nice tutorial. Always something to learn in Illustrator I find.
";}i:436;a:5:{s:4:"HREF";s:46:"http://www.ambrosiasw.com/utilities/snapzprox/";s:8:"ADD_DATE";s:10:"1280333834";s:7:"PRIVATE";s:1:"0";s:4:"TAGS";s:19:"screengrab,software";s:7:"COMMENT";s:70:"The screengrab software I just used - in case I want to use it again.
";}i:437;a:5:{s:4:"HREF";s:34:"http://www.helenolney.com/home.htm";s:8:"ADD_DATE";s:10:"1280320840";s:7:"PRIVATE";s:1:"0";s:4:"TAGS";s:16:"webdesign,agency";s:7:"COMMENT";s:41:"webdesign in Skipton of all places!! ;-D
";}i:438;a:5:{s:4:"HREF";s:77:"http://bldgblog.blogspot.com/2010/07/indefinite-in-number-but-of-certain.html";s:8:"ADD_DATE";s:10:"1280233096";s:7:"PRIVATE";s:1:"0";s:4:"TAGS";s:39:"architecture,education,toys,inspiration";s:7:"COMMENT";s:108:"Interesting article about old fashions children building toys with some amazing illustrations form one set.
";}i:439;a:5:{s:4:"HREF";s:50:"http://www.flurry.com/product/analytics/index.html";s:8:"ADD_DATE";s:10:"1279904379";s:7:"PRIVATE";s:1:"0";s:4:"TAGS";s:43:"analytics,iphone,mobile,android,development";s:7:"COMMENT";s:21:"Mobile app analytics
";}i:440;a:5:{s:4:"HREF";s:49:"http://24ways.org/2009/make-your-mockup-in-markup";s:8:"ADD_DATE";s:10:"1279876262";s:7:"PRIVATE";s:1:"0";s:4:"TAGS";s:19:"webdesign,inbrowser";s:7:"COMMENT";s:211:"Good article arguing for design in the browser. A bit of needless anti-Photoshop stuff at the beginning is followed by a compelling and convincing argument with a lovely design as the example. Read to the end!!
";}i:441;a:5:{s:4:"HREF";s:90:"http://forabeautifulweb.com/blog/about/time_to_stop_showing_clients_static_design_visuals/";s:8:"ADD_DATE";s:10:"1279875890";s:7:"PRIVATE";s:1:"0";s:4:"TAGS";s:26:"toread,webdesign,inbrowser";s:7:"COMMENT";s:77:"Andy Clarkes take on the need for showing clients in browser designs etc etc
";}i:442;a:5:{s:4:"HREF";s:81:"http://designshack.co.uk/articles/css/12-killer-tips-for-designing-in-the-browser";s:8:"ADD_DATE";s:10:"1279875691";s:7:"PRIVATE";s:1:"0";s:4:"TAGS";s:24:"webdesign,inbrowser,tips";s:7:"COMMENT";s:72:"A few good things and some good links. Looking into this at the moment.
";}i:443;a:4:{s:4:"HREF";s:71:"http://blog.jaggeree.com/post/836712134/the-misdirections-of-nhs-direct";s:8:"ADD_DATE";s:10:"1279707617";s:7:"PRIVATE";s:1:"0";s:4:"TAGS";s:32:"design,experience,health,service";}i:444;a:5:{s:4:"HREF";s:25:"http://hol.abime.net/5369";s:8:"ADD_DATE";s:10:"1279554734";s:7:"PRIVATE";s:1:"0";s:4:"TAGS";s:30:"flash,game,amiga,todo,nosalgia";s:7:"COMMENT";s:133:"That old Amiga game with the two planes which I plan to re-create in Flash the next time I have a spare month with nothing to do ;-)
";}i:445;a:5:{s:4:"HREF";s:30:"http://gotsleeves.appspot.com/";s:8:"ADD_DATE";s:10:"1279540445";s:7:"PRIVATE";s:1:"0";s:4:"TAGS";s:20:"web2.0,webdesign,fun";s:7:"COMMENT";s:48:"Nice weather forecast website based on Sleeves.
";}i:446;a:5:{s:4:"HREF";s:98:"http://www.flashmagazine.com/tutorials/detail/ten_tips_for_building_better_adobe_air_applications/";s:8:"ADD_DATE";s:10:"1279540163";s:7:"PRIVATE";s:1:"0";s:4:"TAGS";s:40:"flash,air,as3,tips,reference,performance";s:7:"COMMENT";s:46:"Worthwhile set of tips for better AIR coding.
";}i:447;a:5:{s:4:"HREF";s:33:"http://hicksdesign.co.uk/journal/";s:8:"ADD_DATE";s:10:"1279392625";s:7:"PRIVATE";s:1:"0";s:4:"TAGS";s:38:"design,webdesign,fluid,css,inspiration";s:7:"COMMENT";s:60:"Another nice example of a fluid design - very nice looking.
";}i:448;a:5:{s:4:"HREF";s:85:"http://www.lightbulbs-direct.com/product/1632/pld-compact-10w-835-white-g24q-1-4-pin/";s:8:"ADD_DATE";s:10:"1279286322";s:7:"PRIVATE";s:1:"0";s:4:"TAGS";s:0:"";s:7:"COMMENT";s:40:"Obscure bulb for Carys's bedside light.
";}i:449;a:4:{s:4:"HREF";s:55:"http://irama.org/news/2009/12/04/wordpress-performance/";s:8:"ADD_DATE";s:10:"1279210690";s:7:"PRIVATE";s:1:"0";s:4:"TAGS";s:21:"wordpress,preformance";}i:450;a:4:{s:4:"HREF";s:35:"http://www.smartbusinesshelp.co.uk/";s:8:"ADD_DATE";s:10:"1279210530";s:7:"PRIVATE";s:1:"0";s:4:"TAGS";s:11:"work,common";}i:451;a:5:{s:4:"HREF";s:31:"http://www.snibbe.com/projects/";s:8:"ADD_DATE";s:10:"1279184519";s:7:"PRIVATE";s:1:"0";s:4:"TAGS";s:35:"design,art,installation,interactive";s:7:"COMMENT";s:144:"Just found this on an open tab in Firefox. Don't know where I found the link it's the website of what looks like an amazing interactive artist.
";}i:452;a:5:{s:4:"HREF";s:55:"http://worrydream.com/MagicInk/#of_software_and_sorcery";s:8:"ADD_DATE";s:10:"1279139225";s:7:"PRIVATE";s:1:"0";s:4:"TAGS";s:56:"design,software,usability,interface,articles,interaction";s:7:"COMMENT";s:85:"Huge but very interesting article about interaction design and whether it is or not.
";}i:453;a:5:{s:4:"HREF";s:38:"http://tinymce.moxiecode.com/index.php";s:8:"ADD_DATE";s:10:"1279118366";s:7:"PRIVATE";s:1:"0";s:4:"TAGS";s:43:"wordpress,javascript,editor,html,opensource";s:7:"COMMENT";s:83:"TinyMCE is a platform independent web based Javascript HTML WYSIWYG editor control
";}i:454;a:5:{s:4:"HREF";s:20:"http://dribbble.com/";s:8:"ADD_DATE";s:10:"1279022016";s:7:"PRIVATE";s:1:"0";s:4:"TAGS";s:38:"design,inspiration,community,webdesign";s:7:"COMMENT";s:130:"Interesting site encouraging designers to share work and then comment on it. Only in a deliberately restricted (twitter?) format.
";}i:455;a:4:{s:4:"HREF";s:50:"http://www.romancortes.com/blog/pure-css-coke-can/";s:8:"ADD_DATE";s:10:"1279020562";s:7:"PRIVATE";s:1:"0";s:4:"TAGS";s:37:"css,webdesign,design,inspiration,cool";}i:456;a:5:{s:4:"HREF";s:40:"http://appinventor.googlelabs.com/about/";s:8:"ADD_DATE";s:10:"1278949719";s:7:"PRIVATE";s:1:"0";s:4:"TAGS";s:66:"android,development,google,programming,mobile,tools,apps,generator";s:7:"COMMENT";s:103:"Interesting. GUI for creating Android Apps. Google do keep innovating. I wonder how easy it is to use?
";}i:457;a:5:{s:4:"HREF";s:28:"http://www.manpritkalsi.com/";s:8:"ADD_DATE";s:10:"1278938104";s:7:"PRIVATE";s:1:"0";s:4:"TAGS";s:5:"funny";s:7:"COMMENT";s:83:"He's photoshopped his head onto some else's body. This is a truly awesome website.
";}i:458;a:5:{s:4:"HREF";s:33:"http://swffit.millermedeiros.com/";s:8:"ADD_DATE";s:10:"1278923223";s:7:"PRIVATE";s:1:"0";s:4:"TAGS";s:40:"flash,javascript,resize,actionscript,swf";s:7:"COMMENT";s:111:"Script to make sure you get scrollbars when you embed flash onto a page when the window size become too small.
";}i:459;a:5:{s:4:"HREF";s:31:"http://www.fatihtanriverdi.com/";s:8:"ADD_DATE";s:10:"1278620973";s:7:"PRIVATE";s:1:"0";s:4:"TAGS";s:21:"inspiration,webdesign";s:7:"COMMENT";s:89:"Lovely graphical sideways scrolling page, cut up into sections, with a nice visual look.
";}i:460;a:5:{s:4:"HREF";s:22:"http://www.sidlee.com/";s:8:"ADD_DATE";s:10:"1278620868";s:7:"PRIVATE";s:1:"0";s:4:"TAGS";s:41:"agency,design,inspiration,webdesign,flash";s:7:"COMMENT";s:156:"Nice flash site. Just well done. Good UI design, nice looking, swishy without being overly gaudy, works in a way I just don't see HTML achieving right now.
";}i:461;a:5:{s:4:"HREF";s:165:"http://johannhari.com//2010/07/08/did-the-media-help-pull-the-trigger-on-this-shooting-spree?utm_source=twitterfeed&utm_medium=twitter&utm_campaign=Hari+Social+Media";s:8:"ADD_DATE";s:10:"1278592759";s:7:"PRIVATE";s:1:"0";s:4:"TAGS";s:5:"media";s:7:"COMMENT";s:147:"Excellent well reasoned argument against mass coverage of mass murder by the media. Market forces are not producing a positive effect here at all.
";}i:462;a:5:{s:4:"HREF";s:33:"http://www.clagnut.com/blog/1663/";s:8:"ADD_DATE";s:10:"1278580653";s:7:"PRIVATE";s:1:"0";s:4:"TAGS";s:15:"webdesign,fluid";s:7:"COMMENT";s:82:"A few examples of fluid layouts (from 2006 though so maybe not state of the art).
";}i:463;a:5:{s:4:"HREF";s:31:"http://www.b-kobe.com/favorite/";s:8:"ADD_DATE";s:10:"1278580544";s:7:"PRIVATE";s:1:"0";s:4:"TAGS";s:27:"webdesign,inspiration,fluid";s:7:"COMMENT";s:77:"Nice fluid design with animation between states when you resize your window.
";}i:464;a:5:{s:4:"HREF";s:17:"http://colly.com/";s:8:"ADD_DATE";s:10:"1278529241";s:7:"PRIVATE";s:1:"0";s:4:"TAGS";s:31:"inspiration,webdesign,fluid,css";s:7:"COMMENT";s:63:"Wonderful example of fluid layout and great web design in one.
";}i:465;a:5:{s:4:"HREF";s:56:"http://www.newsweek.com/1995/02/26/the-internet-bah.html";s:8:"ADD_DATE";s:10:"1278514085";s:7:"PRIVATE";s:1:"0";s:4:"TAGS";s:42:"internet,history,articles,funny,technology";s:7:"COMMENT";s:213:"Hahaha - is this real? If so it's a wonderful little article about why the internet isn't going to catch on. A great example of the way knee-jerk anti-hype can be just as wrong as the hype it's trying to counter.
";}i:466;a:5:{s:4:"HREF";s:59:"http://notes.gilest.org/economist-direct-is-a-fabulous-idea";s:8:"ADD_DATE";s:10:"1278323800";s:7:"PRIVATE";s:1:"0";s:4:"TAGS";s:30:"magazines,mobile,subscriptions";s:7:"COMMENT";s:122:"Excellent example of a brand/company showing a bit of self-confidence resulting in a lovely feeling of trust - both ways.
";}i:467;a:5:{s:4:"HREF";s:25:"http://dulldudegames.com/";s:8:"ADD_DATE";s:10:"1278012853";s:7:"PRIVATE";s:1:"0";s:4:"TAGS";s:23:"games,flash,inspiration";s:7:"COMMENT";s:33:"A nice selection of Flash games.
";}i:468;a:5:{s:4:"HREF";s:69:"http://www.slideshare.net/danctheduck/wordcamp-2010-public?from=embed";s:8:"ADD_DATE";s:10:"1277912267";s:7:"PRIVATE";s:1:"0";s:4:"TAGS";s:12:"slideshow,ux";s:7:"COMMENT";s:107:"interesting user experience thing - started reading it, found I wanted to read it all, didn't have time...
";}i:469;a:5:{s:4:"HREF";s:65:"http://www.gracesmith.co.uk/get-wireframing-the-all-in-one-guide/";s:8:"ADD_DATE";s:10:"1277895795";s:7:"PRIVATE";s:1:"0";s:4:"TAGS";s:51:"webdesign,prototyping,design,wireframing,wireframes";s:7:"COMMENT";s:97:"Big list of resources for the helping of you with your wireframing needs. Mucho wireframo amigo!
";}i:470;a:5:{s:4:"HREF";s:80:"http://www.bannedinhollywood.com/wp-content/uploads/2009/06/funny-headline12.jpg";s:8:"ADD_DATE";s:10:"1277827980";s:7:"PRIVATE";s:1:"0";s:4:"TAGS";s:30:"funny,filetype:jpg,media:image";s:7:"COMMENT";s:34:"You just can't argue with that...
";}i:471;a:5:{s:4:"HREF";s:120:"http://www.lifeworth.com/consult/2010/05/will-design-thinking-save-us-the-creativity-revolution-in-responsible-business/";s:8:"ADD_DATE";s:10:"1277807623";s:7:"PRIVATE";s:1:"0";s:4:"TAGS";s:48:"toread,design,sustainability,business,innovation";s:7:"COMMENT";s:29:"Looks interesting for later.
";}i:472;a:5:{s:4:"HREF";s:52:"http://unstoppablerobotninja.com/entry/fluid-images/";s:8:"ADD_DATE";s:10:"1277760145";s:7:"PRIVATE";s:1:"0";s:4:"TAGS";s:44:"css,fluid,images,javascript,webdesign,layout";s:7:"COMMENT";s:79:"Some good investigation into image resizing and the stumbling blocks of... it.
";}i:473;a:5:{s:4:"HREF";s:82:"http://www.guardian.co.uk/books/2010/feb/20/ten-rules-for-writing-fiction-part-one";s:8:"ADD_DATE";s:10:"1277738683";s:7:"PRIVATE";s:1:"0";s:4:"TAGS";s:43:"writing,tips,fiction,literature,books,howto";s:7:"COMMENT";s:64:"Read this a while ago in the paper - nice that it's online too.
";}i:474;a:4:{s:4:"HREF";s:26:"http://sciencehackday.com/";s:8:"ADD_DATE";s:10:"1277714606";s:7:"PRIVATE";s:1:"0";s:4:"TAGS";s:22:"webdesign,fluid,layout";}i:475;a:4:{s:4:"HREF";s:22:"http://huffduffer.com/";s:8:"ADD_DATE";s:10:"1277714518";s:7:"PRIVATE";s:1:"0";s:4:"TAGS";s:22:"webdesign,fluid,layout";}i:476;a:4:{s:4:"HREF";s:46:"http://www.alistapart.com/articles/fluidgrids/";s:8:"ADD_DATE";s:10:"1277714087";s:7:"PRIVATE";s:1:"0";s:4:"TAGS";s:31:"css,webdesign,grid,layout,fluid";}i:477;a:4:{s:4:"HREF";s:57:"http://www.alistapart.com/articles/responsive-web-design/";s:8:"ADD_DATE";s:10:"1277713928";s:7:"PRIVATE";s:1:"0";s:4:"TAGS";s:33:"css,webdesign,design,fluid,layout";}i:478;a:5:{s:4:"HREF";s:58:"http://flowingdata.com/2010/06/25/music-animation-machine/";s:8:"ADD_DATE";s:10:"1277455954";s:7:"PRIVATE";s:1:"0";s:4:"TAGS";s:19:"music,visualization";s:7:"COMMENT";s:127:"Nice music visualisation - based on MIDI files though so the notes are available rather than just the usual spectrum analysis.
";}i:479;a:5:{s:4:"HREF";s:79:"http://blog.everythingflex.com/2008/10/01/filereferencesave-in-flash-player-10/";s:8:"ADD_DATE";s:10:"1277385415";s:7:"PRIVATE";s:1:"0";s:4:"TAGS";s:41:"flash,as3,filereference,actionscript,save";s:7:"COMMENT";s:59:"Saving a file to the local filesystem from a Flash 10 SWF.
";}i:480;a:5:{s:4:"HREF";s:102:"http://control-online.nl/gamesindustrie/2010/06/22/iwatani-toont-gamesgeschiedenis-in-meest-pure-vorm/";s:8:"ADD_DATE";s:10:"1277368009";s:7:"PRIVATE";s:1:"0";s:4:"TAGS";s:32:"design,games,history,inspiration";s:7:"COMMENT";s:30:"Original sketches for Pac-Man
";}i:481;a:5:{s:4:"HREF";s:33:"http://gskinner.com/RegExr/?2rjll";s:8:"ADD_DATE";s:10:"1277218704";s:7:"PRIVATE";s:1:"0";s:4:"TAGS";s:30:"regex,tools,flash,as3,gskinner";s:7:"COMMENT";s:111:"An excellent utility to try out regular expressions and a neat little reminder on the right of what does what.
";}i:482;a:5:{s:4:"HREF";s:58:"http://ilovetypography.com/OpenType/opentype-features.html";s:8:"ADD_DATE";s:10:"1276929471";s:7:"PRIVATE";s:1:"0";s:4:"TAGS";s:32:"typography,design,fonts,opentype";s:7:"COMMENT";s:13:"interesting.
";}i:483;a:5:{s:4:"HREF";s:87:"http://www.smashingmagazine.com/2010/06/16/design-better-faster-with-rapid-prototyping/";s:8:"ADD_DATE";s:10:"1276866636";s:7:"PRIVATE";s:1:"0";s:4:"TAGS";s:67:"prototyping,design,webdesign,usability,prototype,development,toread";s:7:"COMMENT";s:75:"Looks like a good basic guide to the ins and outs of it. One to return to.
";}i:484;a:5:{s:4:"HREF";s:68:"http://weblog.muledesign.com/2010/06/unsuck_it_special_byebye_my.php";s:8:"ADD_DATE";s:10:"1276599492";s:7:"PRIVATE";s:1:"0";s:4:"TAGS";s:25:"design,language,webdesign";s:7:"COMMENT";s:74:"Haha very good  - I totally agree with this. Must never use My again! ;-)
";}i:485;a:5:{s:4:"HREF";s:40:"http://gettingreal.37signals.com/toc.php";s:8:"ADD_DATE";s:10:"1276525629";s:7:"PRIVATE";s:1:"0";s:4:"TAGS";s:61:"development,books,programming,software,webdesign,productivity";s:7:"COMMENT";s:60:"Interesting looking 'book' from the people behind basecamp.
";}i:486;a:5:{s:4:"HREF";s:103:"http://www.sevenforums.com/crashes-debugging/78385-bsod-irql_not_less_or_equal-caused-ntoskrnl-exe.html";s:8:"ADD_DATE";s:10:"1276106123";s:7:"PRIVATE";s:1:"0";s:4:"TAGS";s:17:"windows7,problems";s:7:"COMMENT";s:51:"ntoskrnl page - some more potentially useful info.
";}i:487;a:5:{s:4:"HREF";s:65:"http://www.gyford.com/phil/writing/2010/06/09/todays-guardian.php";s:8:"ADD_DATE";s:10:"1276078708";s:7:"PRIVATE";s:1:"0";s:4:"TAGS";s:38:"design,guardian,reading,api,experience";s:7:"COMMENT";s:72:"interesting explanation behind his Today's Guardian website. I like it.
";}i:488;a:5:{s:4:"HREF";s:101:"http://social.answers.microsoft.com/Forums/en-US/w7repair/thread/8dad59b9-a08d-4cb8-8ddf-1c164b7caf65";s:8:"ADD_DATE";s:10:"1275994335";s:7:"PRIVATE";s:1:"0";s:4:"TAGS";s:17:"windows7,problems";s:7:"COMMENT";s:33:"problems with windows 7 - *sigh*
";}i:489;a:5:{s:4:"HREF";s:32:"http://adactio.com/journal/1671/";s:8:"ADD_DATE";s:10:"1275904780";s:7:"PRIVATE";s:1:"0";s:4:"TAGS";s:54:"design,web,webdesign,tools,mobile,html,css,html5,fluid";s:7:"COMMENT";s:60:"Fluid layouts article with some useful links at the bottom.
";}i:490;a:5:{s:4:"HREF";s:74:"http://pushbuttonengine.com/2010/06/pushbutton-labs-profiler-open-sourced/";s:8:"ADD_DATE";s:10:"1275898052";s:7:"PRIVATE";s:1:"0";s:4:"TAGS";s:54:"flash,profiler,actionscript,performance,as3,opensource";s:7:"COMMENT";s:52:"A flash profiling tool for fine tuning performance.
";}i:491;a:5:{s:4:"HREF";s:63:"http://www.osnews.com/story/23378/Will_Apple_Embrace_the_Web_No";s:8:"ADD_DATE";s:10:"1275853727";s:7:"PRIVATE";s:1:"0";s:4:"TAGS";s:35:"apple,web,html5,iphone,safari,flash";s:7:"COMMENT";s:60:"Very interesting read. I'm sure there's some truth in this.
";}i:492;a:5:{s:4:"HREF";s:40:"http://www.opensourcemediaframework.com/";s:8:"ADD_DATE";s:10:"1275685119";s:7:"PRIVATE";s:1:"0";s:4:"TAGS";s:48:"flash,video,opensource,framework,as3,adobe,media";s:7:"COMMENT";s:76:"Flash framework for quickly creating media players. Worth a look I'd guess.
";}i:493;a:5:{s:4:"HREF";s:68:"http://www.youtube.com/watch?v=u6XAPnuFjJc&feature=player_embedded#!";s:8:"ADD_DATE";s:10:"1275593464";s:7:"PRIVATE";s:1:"0";s:4:"TAGS";s:34:"motivation,video,animation,youtube";s:7:"COMMENT";s:64:"Excellent illustration to an interesting talk about motivation.
";}i:494;a:5:{s:4:"HREF";s:27:"http://www.find-book.co.uk/";s:8:"ADD_DATE";s:10:"1275557461";s:7:"PRIVATE";s:1:"0";s:4:"TAGS";s:32:"books,shopping,comparison,search";s:7:"COMMENT";s:102:"Useful search site for finding the cheapest books online. There's CD and DVD versions too apparently.
";}i:495;a:5:{s:4:"HREF";s:94:"http://carsonified.com/blog/design/emotional-interface-design-the-gateway-to-passionate-users/";s:8:"ADD_DATE";s:10:"1275165606";s:7:"PRIVATE";s:1:"0";s:4:"TAGS";s:67:"design,webdesign,usability,interface,inspiration,psychology,emotion";s:7:"COMMENT";s:19:"Very nice article.
";}i:496;a:5:{s:4:"HREF";s:60:"http://kilo75.com/blog/post/robert-mckee-story-lecture-notes";s:8:"ADD_DATE";s:10:"1275042363";s:7:"PRIVATE";s:1:"0";s:4:"TAGS";s:18:"storytelling,notes";s:7:"COMMENT";s:118:"Excellent notes from a lecture on story telling. Both wonderfully presented and really interesting for their content.
";}i:497;a:5:{s:4:"HREF";s:74:"http://www.techvert.com/london-museum-releases-cool-augmented-reality-app/";s:8:"ADD_DATE";s:10:"1274975059";s:7:"PRIVATE";s:1:"0";s:4:"TAGS";s:40:"history,museum,london,iphone,apps,photos";s:7:"COMMENT";s:154:"Very impressive use of old photography to show the history of the city right there in the streets you're walking in. Now that's a museum doing good work.
";}i:498;a:5:{s:4:"HREF";s:50:"http://www.slideshare.net/imranali/tag/igniteleeds";s:8:"ADD_DATE";s:10:"1274595537";s:7:"PRIVATE";s:1:"0";s:4:"TAGS";s:13:"ignite,slides";s:7:"COMMENT";s:71:"From the Ignite evening I went to the other day. Very good it was too!
";}i:499;a:4:{s:4:"HREF";s:90:"http://best.complex.com/lists/Kon-Amir-Present-The-50-Greatest-Samples-In-Hip-Hop-History/";s:8:"ADD_DATE";s:10:"1274553471";s:7:"PRIVATE";s:1:"0";s:4:"TAGS";s:38:"music,history,hiphop,audio,interesting";}i:500;a:5:{s:4:"HREF";s:46:"http://sidekickstudios.net/projects/timetable/";s:8:"ADD_DATE";s:10:"1274520572";s:7:"PRIVATE";s:1:"0";s:4:"TAGS";s:26:"table,furniture,technology";s:7:"COMMENT";s:37:"A techie table which times meetings.
";}i:501;a:4:{s:4:"HREF";s:97:"http://www.1stwebdesigner.com/development/27-twitter-tools-to-help-you-find-and-manage-followers/";s:8:"ADD_DATE";s:10:"1274456823";s:7:"PRIVATE";s:1:"0";s:4:"TAGS";s:13:"twitter,tools";}i:502;a:5:{s:4:"HREF";s:26:"http://www.wefeelfine.org/";s:8:"ADD_DATE";s:10:"1274372281";s:7:"PRIVATE";s:1:"0";s:4:"TAGS";s:28:"visualization,twitter,design";s:7:"COMMENT";s:74:"Internet visualisation with lots of balls flying everywhere. Very pretty.
";}i:503;a:5:{s:4:"HREF";s:27:"http://twistori.com/#i_love";s:8:"ADD_DATE";s:10:"1274372153";s:7:"PRIVATE";s:1:"0";s:4:"TAGS";s:28:"twitter,visualization,mashup";s:7:"COMMENT";s:57:"Twitter visualistion with love, hate, think, believe etc
";}i:504;a:5:{s:4:"HREF";s:31:"http://code.google.com/webfonts";s:8:"ADD_DATE";s:10:"1274365350";s:7:"PRIVATE";s:1:"0";s:4:"TAGS";s:42:"fonts,google,typography,css,webdesign,free";s:7:"COMMENT";s:39:"Ooh nice free fonts from Google. Woop!
";}i:505;a:5:{s:4:"HREF";s:30:"http://www.reclaimprivacy.org/";s:8:"ADD_DATE";s:10:"1274260675";s:7:"PRIVATE";s:1:"0";s:4:"TAGS";s:25:"facebook,privacy,security";s:7:"COMMENT";s:61:"Helping you to maintain your privacy in Facebook. Very nice.
";}i:506;a:4:{s:4:"HREF";s:88:"http://www.nytimes.com/2010/05/02/magazine/02self-measurement-t.html?pagewanted=1&src=tp";s:8:"ADD_DATE";s:10:"1273955522";s:7:"PRIVATE";s:1:"0";s:4:"TAGS";s:18:"data,gaming,toread";}i:507;a:5:{s:4:"HREF";s:37:"http://code.google.com/p/minibuilder/";s:8:"ADD_DATE";s:10:"1273745707";s:7:"PRIVATE";s:1:"0";s:4:"TAGS";s:37:"flash,as3,actionscript,editor,ide,air";s:7:"COMMENT";s:66:"Flash builder written in Flash. Might be worth keeping an eye on.
";}i:508;a:5:{s:4:"HREF";s:85:"http://blog.jaggeree.com/post/543895344/are-there-barely-game-like-things-in-physical";s:8:"ADD_DATE";s:10:"1273738789";s:7:"PRIVATE";s:1:"0";s:4:"TAGS";s:17:"games,media,print";s:7:"COMMENT";s:53:"Article about reading newspapers and finishing them.
";}i:509;a:5:{s:4:"HREF";s:56:"http://lunar.lostgarden.com/evolutionary_game_design.htm";s:8:"ADD_DATE";s:10:"1273664435";s:7:"PRIVATE";s:1:"0";s:4:"TAGS";s:11:"game,design";s:7:"COMMENT";s:680:"Game design, in its most pure sense, is the creation of the rules that govern the gaming environment.  At the base of every finished game is a game design.  Strip away the techno-geek graphics and the ambient sounds.  Strip away the marketing hype.  You are left with a set of rules driving minimalist iconic representations.  A strange miracle occurs. People enjoy playing the game. Yes, people enjoy playing Tetris, Net Hack, and pixilated games from the early 80s.  Developers even enjoy playing the primitive prototypes used to test their ideas.  Why?  Because the rules that govern the gaming world create an entertaining experience regardless of the eye candy piled on top.
";}i:510;a:4:{s:4:"HREF";s:96:"http://www.stumbleupon.com/su/1LnsBo/www.smashingmagazine.com/2010/05/04/web-design-trends-2010/";s:8:"ADD_DATE";s:10:"1273610492";s:7:"PRIVATE";s:1:"0";s:4:"TAGS";s:28:"trends,inspiration,webdesign";}i:511;a:4:{s:4:"HREF";s:81:"http://naldzgraphics.net/freebies/30-collections-of-ornate-patterns-and-textures/";s:8:"ADD_DATE";s:10:"1273610046";s:7:"PRIVATE";s:1:"0";s:4:"TAGS";s:28:"patterns,resources,webdesign";}i:512;a:5:{s:4:"HREF";s:25:"http://www.fluidgrid.net/";s:8:"ADD_DATE";s:10:"1273608574";s:7:"PRIVATE";s:1:"0";s:4:"TAGS";s:38:"grid,design,webdesign,layout,css,fluid";s:7:"COMMENT";s:46:"Interesting fluid version of the grid system.
";}i:513;a:5:{s:4:"HREF";s:43:"http://apirocks.com/html5/html5.html#slide1";s:8:"ADD_DATE";s:10:"1273493040";s:7:"PRIVATE";s:1:"0";s:4:"TAGS";s:29:"html5,javascript,presentation";s:7:"COMMENT";s:26:"Very good HTML5 run down.
";}i:514;a:5:{s:4:"HREF";s:43:"http://www.accuratedemocracy.com/d_anti.htm";s:8:"ADD_DATE";s:10:"1273483118";s:7:"PRIVATE";s:1:"0";s:4:"TAGS";s:11:"politics,pr";s:7:"COMMENT";s:49:"Must read - discussion of PR and related issues.
";}i:515;a:5:{s:4:"HREF";s:57:"http://blog.iainlobb.com/2010/04/introducing-gamepad.html";s:8:"ADD_DATE";s:10:"1273137613";s:7:"PRIVATE";s:1:"0";s:4:"TAGS";s:39:"as3,keyboard,flash,actionscript,game,ui";s:7:"COMMENT";s:39:"Useful game controlled library for AS3
";}i:516;a:5:{s:4:"HREF";s:37:"http://www.pixelbeat.org/cmdline.html";s:8:"ADD_DATE";s:10:"1272537150";s:7:"PRIVATE";s:1:"0";s:4:"TAGS";s:36:"linux,reference,bash,tips,howto,unix";s:7:"COMMENT";s:22:"Useful unlx commands.
";}i:517;a:5:{s:4:"HREF";s:66:"http://www.gskinner.com/blog/archives/2010/04/the_flashsample.html";s:8:"ADD_DATE";s:10:"1272037162";s:7:"PRIVATE";s:1:"0";s:4:"TAGS";s:56:"as3,api,performance,documentation,profiler,sampler,flash";s:7:"COMMENT";s:111:"Should probably get to grips with this at some point. Especially for mobile app dev - performance will be key.
";}i:518;a:5:{s:4:"HREF";s:83:"http://www.zaalabs.com/2010/04/introducing-zaail-40-image-format-support-for-flash/";s:8:"ADD_DATE";s:10:"1272030636";s:7:"PRIVATE";s:1:"0";s:4:"TAGS";s:50:"flash,as3,images,bitmapdata,formats,alchemy,bitmap";s:7:"COMMENT";s:37:"Sure to come in handy at some point.
";}i:519;a:4:{s:4:"HREF";s:34:"http://www.bountybev.com/home.html";s:8:"ADD_DATE";s:10:"1271189805";s:7:"PRIVATE";s:1:"0";s:4:"TAGS";s:21:"webdesign,inspiration";}i:520;a:4:{s:4:"HREF";s:20:"http://luciasoto.es/";s:8:"ADD_DATE";s:10:"1271189726";s:7:"PRIVATE";s:1:"0";s:4:"TAGS";s:21:"webdesign,inspiration";}i:521;a:4:{s:4:"HREF";s:173:"http://radar.oreilly.com/2010/03/state-of-internet-operating-system.html?utm_source=feedburner&utm_medium=feed&utm_campaign=Feed%3A+oreilly%2Fradar%2Fatom+(O%27Reilly+Radar)";s:8:"ADD_DATE";s:10:"1269944985";s:7:"PRIVATE";s:1:"0";s:4:"TAGS";s:6:"toread";}i:522;a:5:{s:4:"HREF";s:41:"http://www.thebrilliantdesignlecture.org/";s:8:"ADD_DATE";s:10:"1269548834";s:7:"PRIVATE";s:1:"0";s:4:"TAGS";s:21:"webdesign,inspiration";s:7:"COMMENT";s:58:"Nice simple, colourful, fun bit of web design. I like it.
";}i:523;a:5:{s:4:"HREF";s:25:"http://www.audiotool.com/";s:8:"ADD_DATE";s:10:"1269511644";s:7:"PRIVATE";s:1:"0";s:4:"TAGS";s:49:"music,flash,audio,online,browser,tools,sound,tool";s:7:"COMMENT";s:63:"A whole suite of electronic musical equipment in your browser.
";}i:524;a:4:{s:4:"HREF";s:63:"http://en.wikipedia.org/wiki/The_Thirty-Six_Dramatic_Situations";s:8:"ADD_DATE";s:10:"1268658742";s:7:"PRIVATE";s:1:"0";s:4:"TAGS";s:52:"writing,storytelling,reference,literature,story,plot";}i:525;a:5:{s:4:"HREF";s:82:"http://www.bbc.co.uk/blogs/bbcinternet/2010/02/a_new_global_visual_language_f.html";s:8:"ADD_DATE";s:10:"1268065789";s:7:"PRIVATE";s:1:"0";s:4:"TAGS";s:48:"design,bbc,webdesign,inspiration,grid,typography";s:7:"COMMENT";s:37:"That article about the BBC redesign.
";}i:526;a:5:{s:4:"HREF";s:28:"http://www.minimalcomps.com/";s:8:"ADD_DATE";s:10:"1268064732";s:7:"PRIVATE";s:1:"0";s:4:"TAGS";s:46:"flash,components,ui,as3,actionscript,interface";s:7:"COMMENT";s:202:"Good set of small components for use in flash projects. Probably quicker and easier to use that the default Flash ones which is nice for those little control panels you might add occasionally to thing.
";}i:527;a:5:{s:4:"HREF";s:73:"http://www.adobe.com/devnet/air/articles/signing_air_applications_02.html";s:8:"ADD_DATE";s:10:"1267702743";s:7:"PRIVATE";s:1:"0";s:4:"TAGS";s:47:"air,adobe,flash,as3,signing,certificate,digital";s:7:"COMMENT";s:64:"Good step-by-step on getting a certificate for signing AIR apps
";}i:528;a:4:{s:4:"HREF";s:27:"http://blip.tv/file/3268604";s:8:"ADD_DATE";s:10:"1267629181";s:7:"PRIVATE";s:1:"0";s:4:"TAGS";s:25:"flash,tutorial,kinematics";}i:529;a:4:{s:4:"HREF";s:34:"http://www.sharify.it/how-it-works";s:8:"ADD_DATE";s:10:"1267624492";s:7:"PRIVATE";s:1:"0";s:4:"TAGS";s:8:"air,apps";}i:530;a:5:{s:4:"HREF";s:49:"http://www.phpied.com/form-auto-fill-bookmarklet/";s:8:"ADD_DATE";s:10:"1267546846";s:7:"PRIVATE";s:1:"0";s:4:"TAGS";s:54:"forms,javascript,tools,development,useful,bookmarklets";s:7:"COMMENT";s:84:"Bookmarklet for autofilling in forms. Of course the web has done this already!! ;-)
";}i:531;a:5:{s:4:"HREF";s:17:"http://sugru.com/";s:8:"ADD_DATE";s:10:"1267457052";s:7:"PRIVATE";s:1:"0";s:4:"TAGS";s:45:"diy,repair,design,materials,hacks,prototyping";s:7:"COMMENT";s:78:"kind of easy to use clay which you can use for repairing or altering objects.
";}i:532;a:4:{s:4:"HREF";s:21:"http://sass-lang.com/";s:8:"ADD_DATE";s:10:"1267457001";s:7:"PRIVATE";s:1:"0";s:4:"TAGS";s:10:"css,markup";}i:533;a:4:{s:4:"HREF";s:92:"http://sixrevisions.com/user-interface/best-practices-for-hints-and-validation-in-web-forms/";s:8:"ADD_DATE";s:10:"1267111877";s:7:"PRIVATE";s:1:"0";s:4:"TAGS";s:48:"forms,webdesign,usability,javascript,inspiration";}i:534;a:4:{s:4:"HREF";s:37:"http://www.propaganda.co.uk/index.php";s:8:"ADD_DATE";s:10:"1266419828";s:7:"PRIVATE";s:1:"0";s:4:"TAGS";s:12:"agency,leeds";}i:535;a:5:{s:4:"HREF";s:49:"http://help.adobe.com/en_US/as3/mobile/index.html";s:8:"ADD_DATE";s:10:"1266401433";s:7:"PRIVATE";s:1:"0";s:4:"TAGS";s:41:"flash,actionscript,mobile,as3,performance";s:7:"COMMENT";s:39:"Tips for mobile development with Flash
";}i:536;a:5:{s:4:"HREF";s:85:"http://www.stevensacks.net/2009/01/09/firefox-3-mac-flash-bug-boxes-visual-artifacts/";s:8:"ADD_DATE";s:10:"1266397555";s:7:"PRIVATE";s:1:"0";s:4:"TAGS";s:32:"flash,firefox,mac,as3,javascript";s:7:"COMMENT";s:114:"Hmmm noticed this bug, shame its seems to be brought on by SWFAddress. Still looks like 2.4 might have solved it.
";}i:537;a:4:{s:4:"HREF";s:35:"http://www.engageinteractive.co.uk/";s:8:"ADD_DATE";s:10:"1266315155";s:7:"PRIVATE";s:1:"0";s:4:"TAGS";s:16:"agency,harrogate";}i:538;a:4:{s:4:"HREF";s:29:"http://www.thevastagency.com/";s:8:"ADD_DATE";s:10:"1266314990";s:7:"PRIVATE";s:1:"0";s:4:"TAGS";s:12:"agency,leeds";}i:539;a:5:{s:4:"HREF";s:79:"http://www.sixtostart.com/onetoread/2009/why-smokescreen-is-the-best-game-ever/";s:8:"ADD_DATE";s:10:"1266313813";s:7:"PRIVATE";s:1:"0";s:4:"TAGS";s:48:"games,education,internet,privacy,security,gaming";s:7:"COMMENT";s:103:"Explanation of the Smokescreen (not quite) ARG game created by SixToStart for media literacy education
";}i:540;a:4:{s:4:"HREF";s:52:"http://fjordnet.com/fjord-thoughts/fjord-trends-2010";s:8:"ADD_DATE";s:10:"1265818378";s:7:"PRIVATE";s:1:"0";s:4:"TAGS";s:24:"trends,mobile,social,web";}i:541;a:5:{s:4:"HREF";s:46:"http://unitinteractive.com/2009-annual-report/";s:8:"ADD_DATE";s:10:"1265225013";s:7:"PRIVATE";s:1:"0";s:4:"TAGS";s:42:"webdesign,inspiration,visualization,agency";s:7:"COMMENT";s:41:"Nice "annual report' info-graphic thingy
";}i:542;a:4:{s:4:"HREF";s:23:"http://www.yodabaz.com/";s:8:"ADD_DATE";s:10:"1265128127";s:7:"PRIVATE";s:1:"0";s:4:"TAGS";s:27:"flash,inspiration,portfolio";}i:543;a:5:{s:4:"HREF";s:60:"http://www.flexiblefactory.co.uk/flexible/?p=51#comment-3556";s:8:"ADD_DATE";s:10:"1265120272";s:7:"PRIVATE";s:1:"0";s:4:"TAGS";s:40:"as3,flash,stream,audio,icecast,shoutcast";s:7:"COMMENT";s:80:"More discussion about Icecast/Shoutcast streams and memory and meta data stuff.
";}i:544;a:5:{s:4:"HREF";s:33:"http://tunamedia.co.uk/blog/?p=13";s:8:"ADD_DATE";s:10:"1265119562";s:7:"PRIVATE";s:1:"0";s:4:"TAGS";s:46:"audio,flash,as3,icecast,shoutcast,stream,radio";s:7:"COMMENT";s:102:"Getting meta data out of a IceCast or ShoutCast audio stream, using sockets and parsing or some such.
";}i:545;a:5:{s:4:"HREF";s:55:"http://maclema.com/b/2008/05/09/as3-working-with-sound/";s:8:"ADD_DATE";s:10:"1265114021";s:7:"PRIVATE";s:1:"0";s:4:"TAGS";s:41:"flash,as3,sound,audio,memory,actionscript";s:7:"COMMENT";s:72:"Some interesting stuff about freeing up memory when working with sound.
";}i:546;a:5:{s:4:"HREF";s:47:"http://wordpress.org/extend/plugins/wp-cumulus/";s:8:"ADD_DATE";s:10:"1265017785";s:7:"PRIVATE";s:1:"0";s:4:"TAGS";s:30:"wordpress,flash,tag,cloud,blog";s:7:"COMMENT";s:32:"Silly funky whizzy tags for WP.
";}i:547;a:5:{s:4:"HREF";s:82:"http://blog.madarco.net/44/memory-leaks-playing-shoutcasticecast-streams-in-flash/";s:8:"ADD_DATE";s:10:"1264092271";s:7:"PRIVATE";s:1:"0";s:4:"TAGS";s:56:"flash,audio,mp3,streaming,actionscript,memory,as3,stream";s:7:"COMMENT";s:97:"A solution to the memory leak problem with IceCast and ShoutCast. I haven't tried it but I will.
";}i:548;a:5:{s:4:"HREF";s:31:"http://www.novio.be/blog/?p=879";s:8:"ADD_DATE";s:10:"1264089349";s:7:"PRIVATE";s:1:"0";s:4:"TAGS";s:36:"mp3,streaming,flash,as3,audio,stream";s:7:"COMMENT";s:80:"Hmmm this looks important will have to remember to read it when the time comes.
";}i:549;a:5:{s:4:"HREF";s:23:"http://sugru.com/about/";s:8:"ADD_DATE";s:10:"1264005247";s:7:"PRIVATE";s:1:"0";s:4:"TAGS";s:48:"diy,materials,fabrication,hardware,shopping,cool";s:7:"COMMENT";s:89:"It's not plastercine, it's made out of silicon. and it helps you make you things better.
";}i:550;a:5:{s:4:"HREF";s:62:"http://desktoppub.about.com/cs/typeanatomy/a/basic_anatomy.htm";s:8:"ADD_DATE";s:10:"1263807619";s:7:"PRIVATE";s:1:"0";s:4:"TAGS";s:42:"typography,design,fonts,reference,learning";s:7:"COMMENT";s:123:"Just a few of the terms and jargon with definitions to help explain. If you can't tell your crossbars from your extenders.
";}i:551;a:5:{s:4:"HREF";s:24:"http://www.canabalt.com/";s:8:"ADD_DATE";s:10:"1263487093";s:7:"PRIVATE";s:1:"0";s:4:"TAGS";s:11:"flash,games";s:7:"COMMENT";s:83:"The game where you're running on the skyline and smashing through walls and stuff.
";}i:552;a:5:{s:4:"HREF";s:41:"http://wtp2.appspot.com/wheresthepath.htm";s:8:"ADD_DATE";s:10:"1263384545";s:7:"PRIVATE";s:1:"0";s:4:"TAGS";s:51:"maps,google,uk,mashup,os,ordinance_survey,footpaths";s:7:"COMMENT";s:59:"The site with Google Maps next to OS Ordinance Survey maps
";}i:553;a:4:{s:4:"HREF";s:95:"http://www.guardian.co.uk/tv-and-radio/tvandradioblog/2010/jan/12/guardian-50-television-dramas";s:8:"ADD_DATE";s:10:"1263290151";s:7:"PRIVATE";s:1:"0";s:4:"TAGS";s:25:"lists,television,guardian";}i:554;a:5:{s:4:"HREF";s:70:"http://geekswithblogs.net/steveclements/archive/2007/03/03/107839.aspx";s:8:"ADD_DATE";s:10:"1260966540";s:7:"PRIVATE";s:1:"0";s:4:"TAGS";s:46:"flash,html,wmode,transparent,swfobject,css,swf";s:7:"COMMENT";s:91:"getting Flash and HTML to play nicely when floating them around over and under each other.
";}i:555;a:5:{s:4:"HREF";s:63:"http://designm.ag/resources/free-fonts-for-professional-design/";s:8:"ADD_DATE";s:10:"1260266319";s:7:"PRIVATE";s:1:"0";s:4:"TAGS";s:38:"free,fonts,typography,design,resources";s:7:"COMMENT";s:22:"free fonts free fonts
";}i:556;a:5:{s:4:"HREF";s:59:"http://www.smashingmagazine.com/the-death-of-the-blog-post/";s:8:"ADD_DATE";s:10:"1260219238";s:7:"PRIVATE";s:1:"0";s:4:"TAGS";s:46:"webdesign,design,inspiration,blog,blogging,css";s:7:"COMMENT";s:243:"Very interesting idea, something that I've kind of been seeing (more in the idea of carefully crafted text than in the actual design) but certainly less frequent but higher quality blog posts have certainly been the outcome of micro-blogging.
";}i:557;a:5:{s:4:"HREF";s:57:"http://new.myfonts.com/foundry/Larabie/#return_to_item_32";s:8:"ADD_DATE";s:10:"1259859628";s:7:"PRIVATE";s:1:"0";s:4:"TAGS";s:10:"free,fonts";s:7:"COMMENT";s:25:"Nice bunch of free fonts
";}i:558;a:5:{s:4:"HREF";s:98:"http://www.lostinactionscript.com/blog/index.php/2009/11/29/aes-cryptography-for-actionscript-php/";s:8:"ADD_DATE";s:10:"1259681601";s:7:"PRIVATE";s:1:"0";s:4:"TAGS";s:37:"actionscript,php,flash,encryption,as3";s:7:"COMMENT";s:77:"Actionscript to PHP encription, might come in handy at some point for stuff.
";}i:559;a:5:{s:4:"HREF";s:83:"http://www.adobe.com/designcenter/fireworks/articles/frwcs3it_sitemapsymbol_02.html";s:8:"ADD_DATE";s:10:"1259577578";s:7:"PRIVATE";s:1:"0";s:4:"TAGS";s:32:"fireworks,tutorial,smart_symbols";s:7:"COMMENT";s:60:"This is the tutorial which actually tells you how to do it.
";}i:560;a:5:{s:4:"HREF";s:26:"http://www.mootdesign.com/";s:8:"ADD_DATE";s:10:"1259317973";s:7:"PRIVATE";s:1:"0";s:4:"TAGS";s:46:"webdesign,inspiration,web,design,agency,london";s:7:"COMMENT";s:130:"Very nice simple design for a site. Where javascripty stuff is made to work well and not just look like added bells and whistles.
";}i:561;a:4:{s:4:"HREF";s:37:"http://www.thompsonbrandpartners.com/";s:8:"ADD_DATE";s:10:"1259249365";s:7:"PRIVATE";s:1:"0";s:4:"TAGS";s:6:"agency";}i:562;a:4:{s:4:"HREF";s:92:"http://www.webdesignerdepot.com/2009/11/to-grid-or-not-to-grid-advantages-and-disadvantages/";s:8:"ADD_DATE";s:10:"1259241008";s:7:"PRIVATE";s:1:"0";s:4:"TAGS";s:47:"grid,webdesign,design,tips,articles,inspiration";}i:563;a:5:{s:4:"HREF";s:120:"http://arstechnica.com/open-source/news/2009/11/chromeos-announcement.ars?utm_source=rss&utm_medium=rss&utm_campaign=rss";s:8:"ADD_DATE";s:10:"1258996478";s:7:"PRIVATE";s:1:"0";s:4:"TAGS";s:25:"google,internet,chrome_os";s:7:"COMMENT";s:226:"Explanation of Chrome OS which is interesting and a little strange. Not sure whether I think it's great or potentially falls between two stools too much. It's definitely an interesting development though. I'd love to try one.
";}i:564;a:5:{s:4:"HREF";s:63:"http://farm3.static.flickr.com/2461/4095269786_544dd1f551_o.jpg";s:8:"ADD_DATE";s:10:"1258987793";s:7:"PRIVATE";s:1:"0";s:4:"TAGS";s:38:"cartoon,funny,filetype:jpg,media:image";s:7:"COMMENT";s:55:"Wondeful beautiful watercolour-looking cartoon satire.
";}i:565;a:5:{s:4:"HREF";s:81:"http://vectortuts.s3.amazonaws.com/articles/inspir_26_Creattica_Posters/pic18.jpg";s:8:"ADD_DATE";s:10:"1258918713";s:7:"PRIVATE";s:1:"0";s:4:"TAGS";s:49:"illustration,inspiration,filetype:jpg,media:image";s:7:"COMMENT";s:39:"Old fashions looking poster vector art
";}i:566;a:4:{s:4:"HREF";s:116:"http://vector.tutsplus.com/tutorials/text-effects/how-to-create-smoky-brushes-and-type-in-illustrator-cs4/#more-3226";s:8:"ADD_DATE";s:10:"1258898019";s:7:"PRIVATE";s:1:"0";s:4:"TAGS";s:29:"illustrator,brushes,tutorials";}i:567;a:4:{s:4:"HREF";s:22:"http://www.mixd.co.uk/";s:8:"ADD_DATE";s:10:"1258631893";s:7:"PRIVATE";s:1:"0";s:4:"TAGS";s:23:"agency,webdesign,design";}i:568;a:4:{s:4:"HREF";s:30:"http://mnatwork.com/#/?state=0";s:8:"ADD_DATE";s:10:"1258555833";s:7:"PRIVATE";s:1:"0";s:4:"TAGS";s:34:"agency,flash,inspiration,webdesign";}i:569;a:4:{s:4:"HREF";s:18:"http://kilo75.com/";s:8:"ADD_DATE";s:10:"1258537669";s:7:"PRIVATE";s:1:"0";s:4:"TAGS";s:29:"agency,leeds,design,webdesign";}i:570;a:4:{s:4:"HREF";s:22:"http://www.quba.co.uk/";s:8:"ADD_DATE";s:10:"1258537623";s:7:"PRIVATE";s:1:"0";s:4:"TAGS";s:42:"agency,design,web,media,webdesign,branding";}i:571;a:4:{s:4:"HREF";s:28:"http://www.blueskynorth.com/";s:8:"ADD_DATE";s:10:"1258537588";s:7:"PRIVATE";s:1:"0";s:4:"TAGS";s:6:"agency";}i:572;a:4:{s:4:"HREF";s:47:"http://www.youtube.com/watch?v=2lXh2n0aPyw&NR=1";s:8:"ADD_DATE";s:10:"1258039684";s:7:"PRIVATE";s:1:"0";s:4:"TAGS";s:36:"education,fun,design,ux,piano,stairs";}i:573;a:4:{s:4:"HREF";s:66:"http://www.youtube.com/watch?v=cbEKAwCoCKw&feature=player_embedded";s:8:"ADD_DATE";s:10:"1258039662";s:7:"PRIVATE";s:1:"0";s:4:"TAGS";s:54:"video,inspiration,creativity,fun,ideas,installation,ux";}i:574;a:5:{s:4:"HREF";s:73:"http://diveintomark.org/archives/2009/11/02/why-do-we-have-an-img-element";s:8:"ADD_DATE";s:10:"1257758253";s:7:"PRIVATE";s:1:"0";s:4:"TAGS";s:50:"HTML,history,web,internet,browsers,development,img";s:7:"COMMENT";s:144:"Wonderful retelling of the dicussions around intorudcing an <img> tag into HTML. So interesting... but so long, must return and finish reading.
";}i:575;a:5:{s:4:"HREF";s:33:"http://www.tomgauld.com/index.php";s:8:"ADD_DATE";s:10:"1257346968";s:7:"PRIVATE";s:1:"0";s:4:"TAGS";s:40:"cartoons,inspiration,illustration,comics";s:7:"COMMENT";s:59:"Wonderful cartoons in a minimal but lovely and warm style.
";}i:576;a:5:{s:4:"HREF";s:60:"http://hyperphysics.phy-astr.gsu.edu/hbase/thermo/phase.html";s:8:"ADD_DATE";s:10:"1257264727";s:7:"PRIVATE";s:1:"0";s:4:"TAGS";s:40:"science,boiling,phase_transition,physics";s:7:"COMMENT";s:63:"A graph of energy usage against temperature for boiling water.
";}i:577;a:5:{s:4:"HREF";s:37:"http://jayisgames.com/cgdc6/?gameID=9";s:8:"ADD_DATE";s:10:"1256744125";s:7:"PRIVATE";s:1:"0";s:4:"TAGS";s:22:"flash,games,fun,design";s:7:"COMMENT";s:126:"Wonderful flash game with oh so simple graphics but with an excellent use of zooming-out and the revealing-map style of play.
";}i:578;a:5:{s:4:"HREF";s:35:"http://www.parispanda.com/index.htm";s:8:"ADD_DATE";s:10:"1256115429";s:7:"PRIVATE";s:1:"0";s:4:"TAGS";s:15:"friends,website";s:7:"COMMENT";s:29:"Liz's company - lovely site.
";}i:579;a:5:{s:4:"HREF";s:45:"http://www.seenmobilemedia.com/seen/index.php";s:8:"ADD_DATE";s:10:"1256065913";s:7:"PRIVATE";s:1:"0";s:4:"TAGS";s:22:"seenmobile,work,client";s:7:"COMMENT";s:26:"the website for a client.
";}i:580;a:4:{s:4:"HREF";s:56:"http://www.logodesignlove.com/negative-space-logo-design";s:8:"ADD_DATE";s:10:"1256052647";s:7:"PRIVATE";s:1:"0";s:4:"TAGS";s:43:"design,logos,inspiration,branding,reference";}i:581;a:5:{s:4:"HREF";s:92:"http://blog.everythingflex.com/2009/10/16/flash-seo-secrets-my-max-preso-with-duane-nickull/";s:8:"ADD_DATE";s:10:"1256046472";s:7:"PRIVATE";s:1:"0";s:4:"TAGS";s:9:"flash,seo";s:7:"COMMENT";s:37:"A hour long talk about SEO in flash.
";}i:582;a:5:{s:4:"HREF";s:19:"http://screenr.com/";s:8:"ADD_DATE";s:10:"1255594939";s:7:"PRIVATE";s:1:"0";s:4:"TAGS";s:48:"twitter,tools,video,presentation,free,screencast";s:7:"COMMENT";s:130:"Uses a java applet to capture a screen cast meaning you can pretty much do it straight away. Share via twitter- It's pretty cool.
";}i:583;a:5:{s:4:"HREF";s:48:"http://ignorethecode.net/blog/2009/10/13/10_gui/";s:8:"ADD_DATE";s:10:"1255511205";s:7:"PRIVATE";s:1:"0";s:4:"TAGS";s:55:"design,interface,video,desktop,ui,future,multitouch,gui";s:7:"COMMENT";s:75:"Amazing, convincing, vision of how multi-touch could work for the desktop.
";}i:584;a:5:{s:4:"HREF";s:23:"http://www.factual.com/";s:8:"ADD_DATE";s:10:"1255509952";s:7:"PRIVATE";s:1:"0";s:4:"TAGS";s:41:"cloud,data,api,database,open,spreadsheets";s:7:"COMMENT";s:152:"Open database type thing. Looks interesting - potentially useful. I like the API bit - sounds like it might be more versatile that Google Spreadsheets.
";}i:585;a:5:{s:4:"HREF";s:35:"http://gskinner.com/talks/quick/#52";s:8:"ADD_DATE";s:10:"1254932020";s:7:"PRIVATE";s:1:"0";s:4:"TAGS";s:45:"flash,as2,tips,howto,presentation,inspiration";s:7:"COMMENT";s:87:"Another great set of slides from The Skin-meister! Too many good tips for one sitting.
";}i:586;a:5:{s:4:"HREF";s:42:"http://www.youtube.com/watch?v=Q2bJRh4rPZM";s:8:"ADD_DATE";s:10:"1254913477";s:7:"PRIVATE";s:1:"0";s:4:"TAGS";s:9:"tedxleeds";s:7:"COMMENT";s:30:"TEDxLeeds 2009 - Norman Lewis
";}i:587;a:5:{s:4:"HREF";s:42:"http://www.youtube.com/watch?v=aSfaa5c88Os";s:8:"ADD_DATE";s:10:"1254913456";s:7:"PRIVATE";s:1:"0";s:4:"TAGS";s:9:"tedxleeds";s:7:"COMMENT";s:31:"TEDxLeeds 2009 - Charles Cecil
";}i:588;a:5:{s:4:"HREF";s:42:"http://www.youtube.com/watch?v=WFwDJTBzXkM";s:8:"ADD_DATE";s:10:"1254913369";s:7:"PRIVATE";s:1:"0";s:4:"TAGS";s:9:"tedxleeds";s:7:"COMMENT";s:31:"TEDxLeeds 2009 - Clive Grinyer
";}i:589;a:5:{s:4:"HREF";s:60:"http://www.qwghlm.co.uk/2005/09/08/a-better-postcode-regexp/";s:8:"ADD_DATE";s:10:"1254855343";s:7:"PRIVATE";s:1:"0";s:4:"TAGS";s:20:"regex,postcodes,maps";s:7:"COMMENT";s:92:"/\b[A-PR-UWYZ][A-HK-Y0-9][A-HJKSTUW0-9]?[ABEHMNPRVWXY0-9]? {1,2}[0-9][ABD-HJLN-UW-Z]{2}\b/g
";}i:590;a:4:{s:4:"HREF";s:53:"http://www.fordpaintcodes.co.uk/ford-mondeo-2000-2007";s:8:"ADD_DATE";s:10:"1254843005";s:7:"PRIVATE";s:1:"0";s:4:"TAGS";s:20:"car,paint,howto,ford";}i:591;a:5:{s:4:"HREF";s:77:"http://www.noupe.com/tutorial/55-adobe-illustrator-icon-design-tutorials.html";s:8:"ADD_DATE";s:10:"1254836982";s:7:"PRIVATE";s:1:"0";s:4:"TAGS";s:20:"illustrator,tutorial";s:7:"COMMENT";s:55:"Dean said it was good. Will investigate at some point.
";}i:592;a:5:{s:4:"HREF";s:132:"http://www.halfords.com/webapp/wcs/stores/servlet/product_storeId_10001_catalogId_14551_productId_701009_langId_-1_categoryId_173044";s:8:"ADD_DATE";s:10:"1254832559";s:7:"PRIVATE";s:1:"0";s:4:"TAGS";s:27:"car,paint,dent,repair,howto";s:7:"COMMENT";s:49:"Hmmm it's about time I did something about this.
";}i:593;a:5:{s:4:"HREF";s:27:"http://periscopegadget.com/";s:8:"ADD_DATE";s:10:"1254751859";s:7:"PRIVATE";s:1:"0";s:4:"TAGS";s:30:"google,basecamp,widgets,timema";s:7:"COMMENT";s:73:"A google homepage widget for timekeeping in Basecamp (notice a pattern?)
";}i:594;a:5:{s:4:"HREF";s:19:"http://www.timy.be/";s:8:"ADD_DATE";s:10:"1254751828";s:7:"PRIVATE";s:1:"0";s:4:"TAGS";s:27:"air,basecamp,timemanagement";s:7:"COMMENT";s:49:"An Adobe AIR client for time keeping in Basecamp
";}i:595;a:5:{s:4:"HREF";s:125:"http://www.slideshare.net/blackbeltjones/polite-pertinent-and-pretty-designing-for-the-newwave-of-personal-informatics-493301";s:8:"ADD_DATE";s:10:"1254339829";s:7:"PRIVATE";s:1:"0";s:4:"TAGS";s:86:"design,information,presentation,dopplr,data,social,interaction,informatics,inspiration";s:7:"COMMENT";s:63:"Probably bookmarked this before. Can't bookmark it enough! ;-)
";}i:596;a:4:{s:4:"HREF";s:42:"http://www.alistapart.com/articles/waiaria";s:8:"ADD_DATE";s:10:"1254327516";s:7:"PRIVATE";s:1:"0";s:4:"TAGS";s:41:"web2.0,usability,accessibility,xhtml,aria";}i:597;a:4:{s:4:"HREF";s:87:"http://www.smashingmagazine.com/2009/09/24/10-useful-usability-findings-and-guidelines/";s:8:"ADD_DATE";s:10:"1254240740";s:7:"PRIVATE";s:1:"0";s:4:"TAGS";s:34:"usability,webdesign,design,ui,tips";}i:598;a:4:{s:4:"HREF";s:59:"http://gizmodo.com/5187630/how-to-use-bittorrent-like-a-pro";s:8:"ADD_DATE";s:10:"1253696017";s:7:"PRIVATE";s:1:"0";s:4:"TAGS";s:10:"bittorrent";}i:599;a:4:{s:4:"HREF";s:50:"http://forums.afterdawn.com/thread_view.cfm/338725";s:8:"ADD_DATE";s:10:"1253695742";s:7:"PRIVATE";s:1:"0";s:4:"TAGS";s:10:"bittorrent";}i:600;a:5:{s:4:"HREF";s:95:"http://www.musikfolk.co.uk/aliveandshouting/comp-fiddlers-lp-juniorchoice-favouriterequests.htm";s:8:"ADD_DATE";s:10:"1253621558";s:7:"PRIVATE";s:1:"0";s:4:"TAGS";s:15:"music,nostalgia";s:7:"COMMENT";s:154:"I used to have this album when I was young. It was the single and only tape we had to play in the car on long journeys (Harpenden 3, Machynlleth 4+ hrs).
";}i:601;a:5:{s:4:"HREF";s:52:"http://ghijklmno.wordpress.com/2009/09/13/tedxleeds/";s:8:"ADD_DATE";s:10:"1253110214";s:7:"PRIVATE";s:1:"0";s:4:"TAGS";s:50:"writing,tedx,leeds,technology,design,entertainment";s:7:"COMMENT";s:21:"My write up of TEDx.
";}i:602;a:5:{s:4:"HREF";s:40:"http://www.munnecke.com/islands/qwan.htm";s:8:"ADD_DATE";s:10:"1252402163";s:7:"PRIVATE";s:1:"0";s:4:"TAGS";s:33:"ideas,art,design,community,beauty";s:7:"COMMENT";s:158:"Interesting article about the way patterns appear in life and the fact the changing patterns of behaviour is better than trying to solve individual problems.
";}i:603;a:5:{s:4:"HREF";s:47:"http://www.soundstep.com/blog/downloads/somaui/";s:8:"ADD_DATE";s:10:"1252008888";s:7:"PRIVATE";s:1:"0";s:4:"TAGS";s:36:"framework,mvc,actionscript,flash,as3";s:7:"COMMENT";s:139:"A MVC based AS3 framework. Just don't know whether I have the patience to sit down and learn one of these. I really probably should but...
";}i:604;a:5:{s:4:"HREF";s:24:"http://waterlife.nfb.ca/";s:8:"ADD_DATE";s:10:"1251834677";s:7:"PRIVATE";s:1:"0";s:4:"TAGS";s:34:"inspiration,flash,design,webdesign";s:7:"COMMENT";s:77:"A lovely Flash site with some very interesting interface mcgubbins going on.
";}i:605;a:5:{s:4:"HREF";s:45:"http://mapki.com/wiki/Add_Your_Own_Custom_Map";s:8:"ADD_DATE";s:10:"1251810523";s:7:"PRIVATE";s:1:"0";s:4:"TAGS";s:30:"googlemaps,google,tutorial,api";s:7:"COMMENT";s:92:"Creating a custom map with the Google Maps API and a bunch of your own images. Interesting.
";}i:606;a:5:{s:4:"HREF";s:70:"http://speedbird.wordpress.com/2009/08/23/on-systems-and-what-they-do/";s:8:"ADD_DATE";s:10:"1251807073";s:7:"PRIVATE";s:1:"0";s:4:"TAGS";s:65:"politics,health,systems,culture,data,history,information,cybersyn";s:7:"COMMENT";s:59:"Excellent article about healthcare and Chile and networks.
";}i:607;a:5:{s:4:"HREF";s:27:"http://www.fontcapture.com/";s:8:"ADD_DATE";s:10:"1251801461";s:7:"PRIVATE";s:1:"0";s:4:"TAGS";s:26:"fonts,tools,generator,free";s:7:"COMMENT";s:125:"Create a font from your own handwriting - used to have something very similar built into a tablet PC I once had. It was fun!
";}i:608;a:4:{s:4:"HREF";s:80:"http://sixrevisions.com/web_design/16-best-web-design-galleries-for-inspiration/";s:8:"ADD_DATE";s:10:"1251230250";s:7:"PRIVATE";s:1:"0";s:4:"TAGS";s:21:"webdesign,inspiration";}i:609;a:5:{s:4:"HREF";s:26:"http://imgur.com/Qpoth.png";s:8:"ADD_DATE";s:10:"1251123980";s:7:"PRIVATE";s:1:"0";s:4:"TAGS";s:70:"calvin&amp;hobbes,comics,drugs,humor,sad,adhd,filetype:png,media:image";s:7:"COMMENT";s:20:"Lovely sad cartoon.
";}i:610;a:5:{s:4:"HREF";s:127:"http://livedocs.adobe.com/flex/201/html/wwhelp/wwhimpl/common/html/wwhelp.htm?context=LiveDocs_Book_Parts&file=asdoc_127_1.html";s:8:"ADD_DATE";s:10:"1250758618";s:7:"PRIVATE";s:1:"0";s:4:"TAGS";s:15:"as3,asdoc,flash";s:7:"COMMENT";s:61:"ASDoc documentation which might come in handy at some point.
";}i:611;a:5:{s:4:"HREF";s:94:"http://www.lynchconsulting.com.au/blog/index.cfm/2007/8/23/howto-document-your-code-with-ASDoc";s:8:"ADD_DATE";s:10:"1250758556";s:7:"PRIVATE";s:1:"0";s:4:"TAGS";s:15:"asdoc,flash,as3";s:7:"COMMENT";s:55:"Intrustctions for creating AS docs with ASDoc. Useful.
";}i:612;a:5:{s:4:"HREF";s:80:"http://www.fiftyonereasons.com/2009/06/tha-case-for-standardized-as3-formatting/";s:8:"ADD_DATE";s:10:"1250755598";s:7:"PRIVATE";s:1:"0";s:4:"TAGS";s:25:"flash,coding,for:@twitter";s:7:"COMMENT";s:82:"Getting more concerned about standard formatting recently - some good ideas here.
";}i:613;a:5:{s:4:"HREF";s:95:"http://www.1stwebdesigner.com/inspiration/50-gorgeous-flash-websites-you-definitely-should-see/";s:8:"ADD_DATE";s:10:"1249565311";s:7:"PRIVATE";s:1:"0";s:4:"TAGS";s:17:"flash,inspiration";s:7:"COMMENT";s:60:"Must pop back and have a look at these some time for ideas.
";}i:614;a:5:{s:4:"HREF";s:97:"http://flash.tutsplus.com/tutorials/video/creating-a-youtube-search-and-play-gadget-with-puremvc/";s:8:"ADD_DATE";s:10:"1249564073";s:7:"PRIVATE";s:1:"0";s:4:"TAGS";s:13:"flash,as3,mvc";s:7:"COMMENT";s:82:"Have the feeling the PureMVC might be worth looking at - but am resisting it! ;-)
";}i:615;a:5:{s:4:"HREF";s:89:"http://flash.tutsplus.com/tutorials/air/create-your-own-adobe-air-application-with-flash/";s:8:"ADD_DATE";s:10:"1249396696";s:7:"PRIVATE";s:1:"0";s:4:"TAGS";s:13:"flash,as3,air";s:7:"COMMENT";s:43:"Useful step-by-step for creating AIR apps.
";}i:616;a:5:{s:4:"HREF";s:31:"http://mrdoob.com/blog/post/647";s:8:"ADD_DATE";s:10:"1248771177";s:7:"PRIVATE";s:1:"0";s:4:"TAGS";s:27:"actionscript,as3,flash,tips";s:7:"COMMENT";s:63:"var localMode : Boolean = loaderInfo.url.indexOf("file") == 0;
";}i:617;a:4:{s:4:"HREF";s:61:"http://backspace.com/notes/2009/07/design-manifestos.php#more";s:8:"ADD_DATE";s:10:"1248338280";s:7:"PRIVATE";s:1:"0";s:4:"TAGS";s:16:"design,manifesto";}i:618;a:5:{s:4:"HREF";s:75:"http://blog.ickydime.com/2008/07/as3-notes-automatically-declare-stage.html";s:8:"ADD_DATE";s:10:"1248256650";s:7:"PRIVATE";s:1:"0";s:4:"TAGS";s:43:"flash,as3,ide,class,inheritance,programming";s:7:"COMMENT";s:103:"AS previous a explanation of this which is something I'd not realised about Flash before. Interesting.
";}i:619;a:5:{s:4:"HREF";s:51:"http://www.kirupa.com/forum/showthread.php?t=312548";s:8:"ADD_DATE";s:10:"1248254070";s:7:"PRIVATE";s:1:"0";s:4:"TAGS";s:47:"as3,flash,library,class,inheritance,programming";s:7:"COMMENT";s:61:"A solution to this problem with inheritance from the library
";}i:620;a:5:{s:4:"HREF";s:78:"http://us2.php.net/manual/en/function.xml-set-character-data-handler.php#19659";s:8:"ADD_DATE";s:10:"1247585716";s:7:"PRIVATE";s:1:"0";s:4:"TAGS";s:18:"php,xml,whitespace";s:7:"COMMENT";s:77:"A way to strip all the spaces (whitespace) between tags in an xml document. 
";}i:621;a:5:{s:4:"HREF";s:52:"http://www.scribd.com/doc/16307113/What-is-swine-flu";s:8:"ADD_DATE";s:10:"1246276950";s:7:"PRIVATE";s:1:"0";s:4:"TAGS";s:28:"ux,information_design,design";s:7:"COMMENT";s:148:"A "translation" of the swine flu leaflet into a more readable format. Proper, useful, important user experience work! That's the dream right there.
";}i:622;a:5:{s:4:"HREF";s:44:"http://www.kirupa.com/web/xml/XMLbasics5.htm";s:8:"ADD_DATE";s:10:"1244730093";s:7:"PRIVATE";s:1:"0";s:4:"TAGS";s:23:"flash,as3,xml,reference";s:7:"COMMENT";s:75:"Oh the page with carriage returns and and tabs for XML importing to Flash.
";}i:623;a:5:{s:4:"HREF";s:28:"http://windosill.com/online/";s:8:"ADD_DATE";s:10:"1244729735";s:7:"PRIVATE";s:1:"0";s:4:"TAGS";s:26:"flash,game,inspiration,as3";s:7:"COMMENT";s:84:"lovely flash game - will come back to this - wish I knew how he did all this stuff.
";}i:624;a:5:{s:4:"HREF";s:61:"http://www.adobe.com/devnet/flash/quickstart/embedding_fonts/";s:8:"ADD_DATE";s:10:"1244637117";s:7:"PRIVATE";s:1:"0";s:4:"TAGS";s:22:"flash,as3,fonts,action";s:7:"COMMENT";s:174:"Some how this embedding font thing is always bloody messing me up one way or another. Had to go to this website and do EXACTLY what it said and then somehow it worked. SIGH.
";}i:625;a:5:{s:4:"HREF";s:33:"http://gskinner.com/talks/things/";s:8:"ADD_DATE";s:10:"1244634879";s:7:"PRIVATE";s:1:"0";s:4:"TAGS";s:35:"flash,actionscript,presentation,as3";s:7:"COMMENT";s:99:"Great set of slides by Grant Skinner - some enlightening stuff about Design Patterns in there too.
";}i:626;a:5:{s:4:"HREF";s:48:"http://johndunning.com/fireworks/about/QuickFire";s:8:"ADD_DATE";s:10:"1244062870";s:7:"PRIVATE";s:1:"0";s:4:"TAGS";s:20:"extensions,fireworks";s:7:"COMMENT";s:53:"like quicksilver for fireworks? worth a look I rekon
";}i:627;a:5:{s:4:"HREF";s:56:"http://blog.guykawasaki.com/2006/02/the_art_of_schm.html";s:8:"ADD_DATE";s:10:"1243932390";s:7:"PRIVATE";s:1:"0";s:4:"TAGS";s:44:"networking,marketing,career,lifehacks,social";s:7:"COMMENT";s:88:"Hmmm - 'Ask for the return of favors' - interesting reasoning. I don't tend to do this.
";}i:628;a:5:{s:4:"HREF";s:56:"http://artofmanliness.com/2009/05/05/network-like-a-man/";s:8:"ADD_DATE";s:10:"1243932101";s:7:"PRIVATE";s:1:"0";s:4:"TAGS";s:42:"toread,networking,career,lifehacks,network";s:7:"COMMENT";s:75:"Not sure about the 'like a man' bit but interesting - must finish reading.
";}i:629;a:5:{s:4:"HREF";s:83:"http://googleblog.blogspot.com/2009/05/went-walkabout-brought-back-google-wave.html";s:8:"ADD_DATE";s:10:"1243860660";s:7:"PRIVATE";s:1:"0";s:4:"TAGS";s:17:"google,wave,video";s:7:"COMMENT";s:86:"The page with the video on Google Wave - I'm up to 5:45 - can't watch it all now. ;-)
";}i:630;a:5:{s:4:"HREF";s:72:"http://www.bbc.co.uk/iplayer/episode/b00ktcdb/Jon_Richardson_31_05_2009/";s:8:"ADD_DATE";s:10:"1243848934";s:7:"PRIVATE";s:1:"0";s:4:"TAGS";s:22:"collingsherrin,podcast";s:7:"COMMENT";s:80:"Collings and Herrin on 6Music for a week - must listen - why no podcast eh BBC?
";}i:631;a:5:{s:4:"HREF";s:17:"http://ow.ly/aaUZ";s:8:"ADD_DATE";s:10:"1243848871";s:7:"PRIVATE";s:1:"0";s:4:"TAGS";s:44:"webdesign,innovation,agency,youtube,homepage";s:7:"COMMENT";s:40:"Youtube as Home Page - very nicely done
";}i:632;a:4:{s:4:"HREF";s:69:"http://www.tate.org.uk/liverpool/exhibitions/colourchart/default.shtm";s:8:"ADD_DATE";s:10:"1243511828";s:7:"PRIVATE";s:1:"0";s:4:"TAGS";s:20:"mbday,art,exhibition";}i:633;a:5:{s:4:"HREF";s:31:"http://www.red3d.com/cwr/steer/";s:8:"ADD_DATE";s:10:"1243457954";s:7:"PRIVATE";s:1:"0";s:4:"TAGS";s:37:"games,programming,steering,algorithms";s:7:"COMMENT";s:61:"This looks like an interesting source for movement patterns.
";}i:634;a:4:{s:4:"HREF";s:74:"http://thinkdesignblog.com/typography-20-quality-free-sans-serif-fonts.htm";s:8:"ADD_DATE";s:10:"1243439233";s:7:"PRIVATE";s:1:"0";s:4:"TAGS";s:37:"fonts,design,typography,download,free";}i:635;a:4:{s:4:"HREF";s:60:"http://thinkdesignblog.com/20-beautiful-free-serif-fonts.htm";s:8:"ADD_DATE";s:10:"1243439097";s:7:"PRIVATE";s:1:"0";s:4:"TAGS";s:40:"free,fonts,typography,resources,download";}i:636;a:4:{s:4:"HREF";s:75:"http://www.manchestergalleries.org/whats-on/exhibitions/index.php?itemID=55";s:8:"ADD_DATE";s:10:"1243370784";s:7:"PRIVATE";s:1:"0";s:4:"TAGS";s:20:"mbday,art,manchester";}i:637;a:4:{s:4:"HREF";s:70:"http://www.whitworth.manchester.ac.uk/whatson/exhibitions/waltercrane/";s:8:"ADD_DATE";s:10:"1243369818";s:7:"PRIVATE";s:1:"0";s:4:"TAGS";s:20:"mbday,art,manchester";}i:638;a:5:{s:4:"HREF";s:30:"http://schulzeandwebb.com/hat/";s:8:"ADD_DATE";s:10:"1242908885";s:7:"PRIVATE";s:1:"0";s:4:"TAGS";s:53:"visualization,maps,design,map,3d,art,inspiration,cool";s:7:"COMMENT";s:63:"I can't stop looking at this map image. What a wonderful idea.
";}i:639;a:5:{s:4:"HREF";s:85:"http://www.newscientist.com/gallery/mg20026761900-solargraphs-show-half-a-year-of-sun";s:8:"ADD_DATE";s:10:"1242894573";s:7:"PRIVATE";s:1:"0";s:4:"TAGS";s:46:"for:tero,pinhole,photography,solargraph,Photos";s:7:"COMMENT";s:28:"Wow this is immensely cool!
";}i:640;a:5:{s:4:"HREF";s:39:"http://timespentalone.com/destinations/";s:8:"ADD_DATE";s:10:"1242831994";s:7:"PRIVATE";s:1:"0";s:4:"TAGS";s:40:"inspiration,googlemaps,twitter,maps,cool";s:7:"COMMENT";s:85:"Something lovely about these full page satellite images and the accompanying phrase.
";}i:641;a:5:{s:4:"HREF";s:109:"http://noisydecentgraphics.typepad.com/design/2009/05/the-seven-habits-of-highly-effective-people-i-know.html";s:8:"ADD_DATE";s:10:"1242830682";s:7:"PRIVATE";s:1:"0";s:4:"TAGS";s:19:"work,timemanagement";s:7:"COMMENT";s:15:"Interesting...
";}i:642;a:5:{s:4:"HREF";s:32:"http://sitemaps.org/protocol.php";s:8:"ADD_DATE";s:10:"1242819021";s:7:"PRIVATE";s:1:"0";s:4:"TAGS";s:51:"xml,webdesign,reference,search,internet,seo,sitemap";s:7:"COMMENT";s:90:"Sitemaps - der der der da da da da sitemaps - der der de da da da da (the Bonanza theme).
";}i:643;a:5:{s:4:"HREF";s:69:"http://www.gracesmith.co.uk/75-truly-remarkable-typography-resources/";s:8:"ADD_DATE";s:10:"1242652002";s:7:"PRIVATE";s:1:"0";s:4:"TAGS";s:20:"typography,webdesign";s:7:"COMMENT";s:25:"Useful typography stuff.
";}i:644;a:5:{s:4:"HREF";s:78:"http://www.blogdesignblog.com/blog-design/37-ways-to-design-the-comments-form/";s:8:"ADD_DATE";s:10:"1242315423";s:7:"PRIVATE";s:1:"0";s:4:"TAGS";s:21:"webdesign,inspiration";s:7:"COMMENT";s:60:"some comment form ideas. About 1/3 of these are quite good.
";}i:645;a:5:{s:4:"HREF";s:43:"http://www.flickr.com/photos/elsie/8229790/";s:8:"ADD_DATE";s:10:"1242224770";s:7:"PRIVATE";s:1:"0";s:4:"TAGS";s:35:"flickr,picture,cc,cogs,gears,wheels";s:7:"COMMENT";s:36:"cogs and gears picture for website.
";}i:646;a:5:{s:4:"HREF";s:53:"http://en.wikipedia.org/wiki/Glider_(Conway%27s_Life)";s:8:"ADD_DATE";s:10:"1242029999";s:7:"PRIVATE";s:1:"0";s:4:"TAGS";s:11:"programming";s:7:"COMMENT";s:15:"Interesting...
";}i:647;a:5:{s:4:"HREF";s:51:"http://www.grupthink.com/topic/6/Best_online_comics";s:8:"ADD_DATE";s:10:"1242029249";s:7:"PRIVATE";s:1:"0";s:4:"TAGS";s:30:"comics,online,design,webdesign";s:7:"COMMENT";s:135:"Just looking for a few presentational ideas. Not a great deal here but I'm impressed that this is a pretty good list of online comics.
";}i:648;a:5:{s:4:"HREF";s:82:"http://www.90percentofeverything.com/lazy_registration/lazy_registration_demo.html";s:8:"ADD_DATE";s:10:"1241705323";s:7:"PRIVATE";s:1:"0";s:4:"TAGS";s:50:"registration,interface,ui,patterns,login,usability";s:7:"COMMENT";s:251:"Similar to before - a good demo of how registration should be. As an ex-developer it's the type of thing which brings me out in hives because of all the extra complication technically but it's so clear that the experience here is just so much better.
";}i:649;a:5:{s:4:"HREF";s:23:"http://www.aroxo.co.uk/";s:8:"ADD_DATE";s:10:"1241702629";s:7:"PRIVATE";s:1:"0";s:4:"TAGS";s:15:"shopping,online";s:7:"COMMENT";s:179:"Hehe I like this. It's kind of turning things on their head - so you choose what you'd pay for something and if someone out there is willing to sell you it ... I guess you're in!
";}i:650;a:5:{s:4:"HREF";s:119:"http://www.90percentofeverything.com/2009/04/16/five-ux-antipatterns-to-avoid-when-designing-log-in-registration-areas/";s:8:"ADD_DATE";s:10:"1241691481";s:7:"PRIVATE";s:1:"0";s:4:"TAGS";s:73:"usability,patterns,webdesign,forms,design,antipatterns,login,registration";s:7:"COMMENT";s:168:"Some good stuff to avoid here. I was particularly interested in the comments about CAPTCHA which I had previously envisaged simply throwing at the problem willy nilly.
";}i:651;a:5:{s:4:"HREF";s:63:"http://help.adobe.com/en_US/Fireworks/10.0_Extending/index.html";s:8:"ADD_DATE";s:10:"1241530174";s:7:"PRIVATE";s:1:"0";s:4:"TAGS";s:20:"fireworks,javascript";s:7:"COMMENT";s:51:"Again extending Fireworks with JavaScript - handy.
";}i:652;a:5:{s:4:"HREF";s:77:"http://www.adobe.com/devnet/fireworks/articles/extending_fireworks_print.html";s:8:"ADD_DATE";s:10:"1241530134";s:7:"PRIVATE";s:1:"0";s:4:"TAGS";s:20:"fireworks,javascript";s:7:"COMMENT";s:122:"Making Fireworks do stuff using JavaScript - this is actually pretty easy and quite cool when you get it doing something.
";}i:653;a:4:{s:4:"HREF";s:69:"http://radar.oreilly.com/2009/04/reinventing-the-book-age-of-web.html";s:8:"ADD_DATE";s:10:"1241105817";s:7:"PRIVATE";s:1:"0";s:4:"TAGS";s:6:"toread";}i:654;a:5:{s:4:"HREF";s:28:"http://www.fontsquirrel.com/";s:8:"ADD_DATE";s:10:"1240952334";s:7:"PRIVATE";s:1:"0";s:4:"TAGS";s:40:"free,fonts,typography,resources,download";s:7:"COMMENT";s:74:"Handpicked free fonts for graphic designers with commercial-use licenses.
";}i:655;a:5:{s:4:"HREF";s:69:"http://www.theselectseries.com/product/1807/Yes_Yes_Yes_Yes/Jim_Unwin";s:8:"ADD_DATE";s:10:"1240863479";s:7:"PRIVATE";s:1:"0";s:4:"TAGS";s:18:"threadless,tshirts";s:7:"COMMENT";s:38:"Latest in my wishlist for Threadless.
";}i:656;a:5:{s:4:"HREF";s:113:"http://www.independent.co.uk/arts-entertainment/music/features/does-the-world-need-another-indie-band-870520.html";s:8:"ADD_DATE";s:10:"1240827397";s:7:"PRIVATE";s:1:"0";s:4:"TAGS";s:11:"music,indie";s:7:"COMMENT";s:113:"Utter rubbish naturally but I'm such a sucker for an inappropriately intellectual approach to pop music history.
";}i:657;a:5:{s:4:"HREF";s:33:"http://www.senocular.com/?id=2.69";s:8:"ADD_DATE";s:10:"1240826359";s:7:"PRIVATE";s:1:"0";s:4:"TAGS";s:14:"flash,security";s:7:"COMMENT";s:170:"This is very good. One of those security thing where I just accept that something's needed without ever really understanding it. I feel like I do now ... well a bit ....
";}i:658;a:5:{s:4:"HREF";s:48:"http://www.numberempire.com/numberfactorizer.php";s:8:"ADD_DATE";s:10:"1240409861";s:7:"PRIVATE";s:1:"0";s:4:"TAGS";s:28:"maths,tools,number,reference";s:7:"COMMENT";s:92:"Sad I know, but sometimes you just need to factorise a number and what are you going to do?
";}i:659;a:5:{s:4:"HREF";s:69:"http://www.leedsmet.ac.uk/inn/news_innovation_north_showcase_2009.htm";s:8:"ADD_DATE";s:10:"1240402993";s:7:"PRIVATE";s:1:"0";s:4:"TAGS";s:19:"innovation,leedsmet";s:7:"COMMENT";s:83:"At Becketts Park- might be worth a look at the day time showcase thing if in area.
";}i:660;a:5:{s:4:"HREF";s:84:"http://log.maniacalrage.net/post/98510137/a-little-over-a-week-and-a-half-ago-google";s:8:"ADD_DATE";s:10:"1240387069";s:7:"PRIVATE";s:1:"0";s:4:"TAGS";s:45:"iphone,apps,google,analytics,problem,appstore";s:7:"COMMENT";s:167:"interesting interesting - no good trying to be iterative and agile when you're stopped from being iterative and agile but the people who should be enabling you to be.
";}i:661;a:5:{s:4:"HREF";s:53:"http://www.meghan-mccarthy.com/illustratorsguide.html";s:8:"ADD_DATE";s:10:"1240312090";s:7:"PRIVATE";s:1:"0";s:4:"TAGS";s:34:"howto,books,kids,tips,illustration";s:7:"COMMENT";s:101:"Yes, well I've read enough of them recently it's not surprising I've thought about creating one. ;-)
";}i:662;a:5:{s:4:"HREF";s:65:"http://www.realvnc.com/products/free/4.1/winvnc.html#Installation";s:8:"ADD_DATE";s:10:"1239892281";s:7:"PRIVATE";s:1:"0";s:4:"TAGS";s:8:"vnc,todo";s:7:"COMMENT";s:62:"the VNC server that's used in work. might install it at home.
";}i:663;a:5:{s:4:"HREF";s:53:"http://code.google.com/p/swfobject/issues/detail?id=3";s:8:"ADD_DATE";s:10:"1239889282";s:7:"PRIVATE";s:1:"0";s:4:"TAGS";s:41:"flash,swfobject,javascript,ie,ie6,ie7,as3";s:7:"COMMENT";s:106:"Problem with Flash, SWFObject and IE6 or IE7 or something - typical - you can't trust those IE's can you.
";}i:664;a:5:{s:4:"HREF";s:46:"http://www.foundation-flash.com/tutorials/xml/";s:8:"ADD_DATE";s:10:"1239286303";s:7:"PRIVATE";s:1:"0";s:4:"TAGS";s:9:"xml,flash";s:7:"COMMENT";s:74:"Needs to get some XML into AS2 Flash. This doesn't look too bad actually.
";}i:665;a:5:{s:4:"HREF";s:103:"http://www.slideshare.net/blackbeltjones/data-as-seductive-material-spring-summit-ume-march09?src=embed";s:8:"ADD_DATE";s:10:"1238960223";s:7:"PRIVATE";s:1:"0";s:4:"TAGS";s:6:"toread";s:7:"COMMENT";s:139:"More good stuff from Matt Jones - need to come back and have a good look at this although from a quick glance I've seen some of it before.
";}i:666;a:5:{s:4:"HREF";s:37:"http://www.adobe.com/devnet/facebook/";s:8:"ADD_DATE";s:10:"1238537428";s:7:"PRIVATE";s:1:"0";s:4:"TAGS";s:22:"facebook,flash,api,as3";s:7:"COMMENT";s:42:"Flash & Facebook. They both begin with F.
";}i:667;a:5:{s:4:"HREF";s:69:"http://www.quip.net/blog/2007/flash/how-to-use-flash-video-cue-points";s:8:"ADD_DATE";s:10:"1238502140";s:7:"PRIVATE";s:1:"0";s:4:"TAGS";s:25:"flash,video,as3,cuepoints";s:7:"COMMENT";s:46:"This might be useful for the current project.
";}i:668;a:5:{s:4:"HREF";s:61:"http://www.flickr.com/photos/mscorley/sets/72157613493686930/";s:8:"ADD_DATE";s:10:"1238490769";s:7:"PRIVATE";s:1:"0";s:4:"TAGS";s:52:"design,inspiration,books,penguin,covers,illustration";s:7:"COMMENT";s:136:"modern books done in that old penguin books style - very nice - lovely 'distressed vectors' look which I'd love to be able to recreate.
";}i:669;a:5:{s:4:"HREF";s:53:"http://alexgorbatchev.com/wiki/SyntaxHighlighter:Demo";s:8:"ADD_DATE";s:10:"1238445391";s:7:"PRIVATE";s:1:"0";s:4:"TAGS";s:30:"javascript,syntax,actionscript";s:7:"COMMENT";s:73:"Possibility for blog maybe - not sure whether I can implement it though.
";}i:670;a:5:{s:4:"HREF";s:65:"http://thinkvitamin.com/features/white-space-how-to-get-it-right/";s:8:"ADD_DATE";s:10:"1238429918";s:7:"PRIVATE";s:1:"0";s:4:"TAGS";s:6:"toread";s:7:"COMMENT";s:29:"Looks interesting - to read.
";}i:671;a:5:{s:4:"HREF";s:23:"http://twitterfeed.com/";s:8:"ADD_DATE";s:10:"1238405452";s:7:"PRIVATE";s:1:"0";s:4:"TAGS";s:22:"twitter,RSS,feed,tools";s:7:"COMMENT";s:26:"so that's how they do it.
";}i:672;a:5:{s:4:"HREF";s:39:"http://presstube.com/project.php?id=259";s:8:"ADD_DATE";s:10:"1238232613";s:7:"PRIVATE";s:1:"0";s:4:"TAGS";s:9:"flash,art";s:7:"COMMENT";s:51:"Hmmm not sure what it is, but it looks cool to me.
";}i:673;a:5:{s:4:"HREF";s:62:"http://www.flashdevelop.org/community/viewtopic.php?f=7&t=4172";s:8:"ADD_DATE";s:10:"1238063136";s:7:"PRIVATE";s:1:"0";s:4:"TAGS";s:23:"flash,as3,library,tween";s:7:"COMMENT";s:29:"Yet another tweening engine.
";}i:674;a:5:{s:4:"HREF";s:30:"http://www.grabbinggordon.com/";s:8:"ADD_DATE";s:10:"1237459686";s:7:"PRIVATE";s:1:"0";s:4:"TAGS";s:49:"flash,games,viral,mobile,fun,phone,game,recycling";s:7:"COMMENT";s:30:"A flash game I made for work.
";}i:675;a:5:{s:4:"HREF";s:60:"http://forums.macosxhints.com/archive/index.php/t-72963.html";s:8:"ADD_DATE";s:10:"1237392423";s:7:"PRIVATE";s:1:"0";s:4:"TAGS";s:28:"wifi,macbook,router,wireless";s:7:"COMMENT";s:121:"I'm intrepidly trying to find out whether Macbooks can be forced to only use 802.11b mode for WiFi - without success....
";}i:676;a:5:{s:4:"HREF";s:22:"http://www.favicon.cc/";s:8:"ADD_DATE";s:10:"1237379168";s:7:"PRIVATE";s:1:"0";s:4:"TAGS";s:40:"webdesign,tools,generator,icons,favicons";s:7:"COMMENT";s:7:"handy!
";}i:677;a:5:{s:4:"HREF";s:38:"http://www.rossmcginnes.com/index.html";s:8:"ADD_DATE";s:10:"1237377892";s:7:"PRIVATE";s:1:"0";s:4:"TAGS";s:29:"portfolio,photography,friends";s:7:"COMMENT";s:25:"he's a photographer too?
";}i:678;a:5:{s:4:"HREF";s:38:"http://www.intrarts.com/throttled.html";s:8:"ADD_DATE";s:10:"1236679886";s:7:"PRIVATE";s:1:"0";s:4:"TAGS";s:43:"utilities,software,mac,network,osx,throttle";s:7:"COMMENT";s:68:"Bandwidth optimiser/throttler thingy - don't really know - oh dear.
";}i:679;a:4:{s:4:"HREF";s:77:"http://simplythebest.net/sounds/WAV/sound_effects_WAV/miscellaneous_wavs.html";s:8:"ADD_DATE";s:10:"1236609007";s:7:"PRIVATE";s:1:"0";s:4:"TAGS";s:6:"sounds";}i:680;a:5:{s:4:"HREF";s:25:"http://www.vlourenco.com/";s:8:"ADD_DATE";s:10:"1236085201";s:7:"PRIVATE";s:1:"0";s:4:"TAGS";s:38:"webdesign,portfolio,design,inspiration";s:7:"COMMENT";s:78:"Nice website of a designer who's recently worked on Twitter (and he's 21!!!).
";}i:681;a:5:{s:4:"HREF";s:59:"http://blog.wired.com/sterling/2009/03/what-bruce-ster.html";s:8:"ADD_DATE";s:10:"1236013757";s:7:"PRIVATE";s:1:"0";s:4:"TAGS";s:41:"web2.0,technology,culture,internet,future";s:7:"COMMENT";s:35:"That guy again. Again interesting.
";}i:682;a:5:{s:4:"HREF";s:57:"http://blog.wired.com/gadgets/2009/02/why-the-iphone.html";s:8:"ADD_DATE";s:10:"1236012992";s:7:"PRIVATE";s:1:"0";s:4:"TAGS";s:38:"technology,mobile,culture,iphone,japan";s:7:"COMMENT";s:319:"A large portion of Japanese citizens live with only a cellphone as their computing device — not a personal computer, said Hideshi Hamaguchi, a concept creator and chief operating officer of LUNARR. And the problem with the iPhone is it depends on a computer for syncing media and running software updates via iTunes.
";}i:683;a:5:{s:4:"HREF";s:31:"http://beanstalkapp.com/pricing";s:8:"ADD_DATE";s:10:"1236010223";s:7:"PRIVATE";s:1:"0";s:4:"TAGS";s:30:"free,svn,subversion,repository";s:7:"COMMENT";s:51:"100mb of free SVN space. Might be handy some time.
";}i:684;a:5:{s:4:"HREF";s:37:"http://www.modernista.com/7/index.php";s:8:"ADD_DATE";s:10:"1236010180";s:7:"PRIVATE";s:1:"0";s:4:"TAGS";s:42:"webdesign,web2.0,design,inspiration,agency";s:7:"COMMENT";s:177:"That design agency who did the thing before Skittles did the thing which makes your website out of all your web2.0 accounts. Didn't I bookmark this before? Delicious? Didn't i?
";}i:685;a:5:{s:4:"HREF";s:61:"http://simeonpilgrim.com/blog/2008/01/30/slow-dns-on-macbook/";s:8:"ADD_DATE";s:10:"1235827856";s:7:"PRIVATE";s:1:"0";s:4:"TAGS";s:17:"mac,wifi,dns,slow";s:7:"COMMENT";s:73:"At last a solution (I think) to my terribly-slow-Macbook-at-home problem
";}i:686;a:5:{s:4:"HREF";s:43:"http://www.tml.tkk.fi/~pnr/GoF-models/html/";s:8:"ADD_DATE";s:10:"1235405905";s:7:"PRIVATE";s:1:"0";s:4:"TAGS";s:43:"design,programming,patterns,for:will.grange";s:7:"COMMENT";s:68:"Design Patterns - not explanation but a good starting point I guess
";}i:687;a:5:{s:4:"HREF";s:32:"http://www.crazybob.org/twubble/";s:8:"ADD_DATE";s:10:"1234967709";s:7:"PRIVATE";s:1:"0";s:4:"TAGS";s:30:"tools,socialnetworking,twitter";s:7:"COMMENT";s:182:"Finds friends of friends who aren't your friends and orders them by the number of your friends who's friends they are. This is just what social network sites need front and centre!!
";}i:688;a:5:{s:4:"HREF";s:63:"http://www.cooper.com/journal/2009/01/one_free_interaction.html";s:8:"ADD_DATE";s:10:"1234886086";s:7:"PRIVATE";s:1:"0";s:4:"TAGS";s:31:"design,interaction,interface,ui";s:7:"COMMENT";s:121:"I definitely do the selecting/de-selecting text as I'm reading thing, in fact I think I was doing as I was reading this.
";}i:689;a:5:{s:4:"HREF";s:74:"http://subjectnavigator.wordpress.com/2009/01/01/mapping-the-brainysphere/";s:8:"ADD_DATE";s:10:"1234863618";s:7:"PRIVATE";s:1:"0";s:4:"TAGS";s:18:"toread,games,blogs";s:7:"COMMENT";s:32:"Like I need more blogs to read!
";}i:690;a:5:{s:4:"HREF";s:19:"http://twuffer.com/";s:8:"ADD_DATE";s:10:"1234785677";s:7:"PRIVATE";s:1:"0";s:4:"TAGS";s:13:"tools,twitter";s:7:"COMMENT";s:56:"A twitter buffer. Uses include "appear to never sleep".
";}i:691;a:5:{s:4:"HREF";s:82:"http://www.bushidodesigns.net/blog/mobile-device-detection-css-without-user-agent/";s:8:"ADD_DATE";s:10:"1234780526";s:7:"PRIVATE";s:1:"0";s:4:"TAGS";s:40:"webdesign,CSS,browser,mobile,development";s:7:"COMMENT";s:124:"Yes, bound to be of use at some point. The mobile web is looming like that big wave at the start of the poseiden adventure.
";}i:692;a:5:{s:4:"HREF";s:35:"http://www.danielhai.com/blog/?p=55";s:8:"ADD_DATE";s:10:"1234517548";s:7:"PRIVATE";s:1:"0";s:4:"TAGS";s:21:"flash,performance,as3";s:7:"COMMENT";s:118:"You can't have enough of this stuff. It's so easy to bring the damn thing to a halt with only a few things happening.
";}i:693;a:5:{s:4:"HREF";s:49:"http://www.killsometime.com/games/Game.asp?ID=514";s:8:"ADD_DATE";s:10:"1234454399";s:7:"PRIVATE";s:1:"0";s:4:"TAGS";s:11:"flash,games";s:7:"COMMENT";s:145:"Another harpoon based Flash game, again without a proper rope, hmmm, maybe it's not worth the effort when the effect is almost the same without.
";}i:694;a:5:{s:4:"HREF";s:82:"http://www.flasharcade.com/action-games/play-596/the-lord-of-the-harpoon-game.html";s:8:"ADD_DATE";s:10:"1234454352";s:7:"PRIVATE";s:1:"0";s:4:"TAGS";s:11:"flash,games";s:7:"COMMENT";s:149:"A game based on a harpoon being shot at some fish. Is that a rope attached. Is it but it's not being used to push the harpoon back is it!! Fakery!!!
";}i:695;a:4:{s:4:"HREF";s:78:"http://gogogic.wordpress.com/2009/02/09/symbol6-how-we-created-an-iphone-game/";s:8:"ADD_DATE";s:10:"1234445881";s:7:"PRIVATE";s:1:"0";s:4:"TAGS";s:26:"design,process,game,iphone";}i:696;a:5:{s:4:"HREF";s:26:"http://agit8.org.uk/?p=307";s:8:"ADD_DATE";s:10:"1234353467";s:7:"PRIVATE";s:1:"0";s:4:"TAGS";s:43:"work,innovation,future,society,unemployment";s:7:"COMMENT";s:49:"How social technology might work in a recession.
";}i:697;a:4:{s:4:"HREF";s:63:"http://www.orangecone.com/archives/2009/02/smart_things_an.html";s:8:"ADD_DATE";s:10:"1234281622";s:7:"PRIVATE";s:1:"0";s:4:"TAGS";s:6:"toread";}i:698;a:5:{s:4:"HREF";s:61:"http://www.guardian.co.uk/books/2009/jan/23/bestbooks-fiction";s:8:"ADD_DATE";s:10:"1234279288";s:7:"PRIVATE";s:1:"0";s:4:"TAGS";s:12:"books,toread";s:7:"COMMENT";s:18:"the complete list
";}i:699;a:5:{s:4:"HREF";s:33:"http://www.demonsterdebugger.com/";s:8:"ADD_DATE";s:10:"1234279275";s:7:"PRIVATE";s:1:"0";s:4:"TAGS";s:9:"flash,as3";s:7:"COMMENT";s:15:"Flash debugger
";}i:700;a:5:{s:4:"HREF";s:44:"http://www.bookcoverarchive.com/?startrow=50";s:8:"ADD_DATE";s:10:"1234279275";s:7:"PRIVATE";s:1:"0";s:4:"TAGS";s:6:"design";s:7:"COMMENT";s:35:"Nice archive of book cover design.
";}i:701;a:5:{s:4:"HREF";s:62:"http://www.believermag.com/issues/200708/?read=interview_simon";s:8:"ADD_DATE";s:10:"1233927470";s:7:"PRIVATE";s:1:"0";s:4:"TAGS";s:12:"thewire,wire";s:7:"COMMENT";s:51:"Great interview with the bloke who wrote the wire.
";}i:702;a:5:{s:4:"HREF";s:69:"http://www.nationalmediamuseum.org.uk/General/MuseumFutureHistory.asp";s:8:"ADD_DATE";s:10:"1233837598";s:7:"PRIVATE";s:1:"0";s:4:"TAGS";s:14:"museum,graffoo";s:7:"COMMENT";s:32:"Aha! The history of the museum.
";}i:703;a:5:{s:4:"HREF";s:50:"http://en.wikipedia.org/wiki/National_Media_Museum";s:8:"ADD_DATE";s:10:"1233833661";s:7:"PRIVATE";s:1:"0";s:4:"TAGS";s:4:"work";s:7:"COMMENT";s:18:"I am this museum.
";}i:704;a:5:{s:4:"HREF";s:81:"http://kspark.kaist.ac.kr/Human%20Engineering.files/Chernoff/Chernoff%20Faces.htm";s:8:"ADD_DATE";s:10:"1233831806";s:7:"PRIVATE";s:1:"0";s:4:"TAGS";s:44:"visualization,graphics,data,statistics,faces";s:7:"COMMENT";s:115:"Interesting data visualisation technique - probably flawed but it would be fun to try given the right set of data.
";}i:705;a:5:{s:4:"HREF";s:77:"http://www.slideshare.net/prashantagarwal/fjord-09-mobile-trends-presentation";s:8:"ADD_DATE";s:10:"1233757352";s:7:"PRIVATE";s:1:"0";s:4:"TAGS";s:13:"mobile,trends";s:7:"COMMENT";s:79:"Interesting bits and pieces, makes me wish I had a smartphone or something ;-)
";}i:706;a:5:{s:4:"HREF";s:23:"http://get.novarra.com/";s:8:"ADD_DATE";s:10:"1233593600";s:7:"PRIVATE";s:1:"0";s:4:"TAGS";s:15:"browsers,mobile";s:7:"COMMENT";s:45:"one final mobile browser for the collection.
";}i:707;a:5:{s:4:"HREF";s:110:"http://get.skyfire.com/index.php?utm_campaign=organic&utm_medium=website&utm_source=corporate&utm_content=both";s:8:"ADD_DATE";s:10:"1233593577";s:7:"PRIVATE";s:1:"0";s:4:"TAGS";s:15:"browsers,mobile";s:7:"COMMENT";s:58:"A mobile browser (can you guess what I'm doing in work?!)
";}i:708;a:5:{s:4:"HREF";s:40:"http://www.ucweb.com/English/index.shtml";s:8:"ADD_DATE";s:10:"1233593554";s:7:"PRIVATE";s:1:"0";s:4:"TAGS";s:15:"browsers,mobile";s:7:"COMMENT";s:17:"A mobile browser
";}i:709;a:5:{s:4:"HREF";s:37:"http://www.boltbrowser.com/index.html";s:8:"ADD_DATE";s:10:"1233593534";s:7:"PRIVATE";s:1:"0";s:4:"TAGS";s:15:"browsers,mobile";s:7:"COMMENT";s:17:"a mobile browser
";}i:710;a:5:{s:4:"HREF";s:33:"http://wapreview.com/blog/?p=2653";s:8:"ADD_DATE";s:10:"1233593496";s:7:"PRIVATE";s:1:"0";s:4:"TAGS";s:15:"browsers,mobile";s:7:"COMMENT";s:106:"A good source of mobile browsers which use a proxy transcoder to shrink web pages for mobile consumption.
";}i:711;a:5:{s:4:"HREF";s:42:"http://www.misprintedtype.com/v3/fonts.php";s:8:"ADD_DATE";s:10:"1233160415";s:7:"PRIVATE";s:1:"0";s:4:"TAGS";s:5:"fonts";s:7:"COMMENT";s:121:"Aha!! this is what I was after - have a tagged this before - found these years ago, I always come back to them - lovely!
";}i:712;a:5:{s:4:"HREF";s:59:"http://outlawdesignblog.com/2008/63-must-have-grunge-fonts/";s:8:"ADD_DATE";s:10:"1233160352";s:7:"PRIVATE";s:1:"0";s:4:"TAGS";s:5:"fonts";s:7:"COMMENT";s:70:"Just found these might want to come back and grab a couple some time.
";}i:713;a:5:{s:4:"HREF";s:25:"http://www.droiddraw.org/";s:8:"ADD_DATE";s:10:"1233135565";s:7:"PRIVATE";s:1:"0";s:4:"TAGS";s:46:"programming,android,mobile,ui,development,java";s:7:"COMMENT";s:72:"Might be useful at some point once I get my head around all this stuff.
";}i:714;a:5:{s:4:"HREF";s:64:"http://www.keyxl.com/aaaa3d6/370/Inkscape-keyboard-shortcuts.htm";s:8:"ADD_DATE";s:10:"1232971385";s:7:"PRIVATE";s:1:"0";s:4:"TAGS";s:27:"keyboard,shortcuts,inkscape";s:7:"COMMENT";s:52:"No doubt I'll be coming back to this at some point.
";}i:715;a:5:{s:4:"HREF";s:66:"http://nettuts.com/tutorials/other/the-golden-ratio-in-web-design/";s:8:"ADD_DATE";s:10:"1232702112";s:7:"PRIVATE";s:1:"0";s:4:"TAGS";s:37:"webdesign,design,tutorial,inspiration";s:7:"COMMENT";s:56:"I always attempt this but always give up after a while.
";}i:716;a:5:{s:4:"HREF";s:36:"http://www.mtop.co.uk/software2.html";s:8:"ADD_DATE";s:10:"1232637366";s:7:"PRIVATE";s:1:"0";s:4:"TAGS";s:9:"mac,toppy";s:7:"COMMENT";s:148:"Gah! one of my taps seems to have bitten the dust, so I'm going to have to ... dust off the old knowledge and try and restore things. Now on a mac.
";}i:717;a:5:{s:4:"HREF";s:53:"http://www.wsu.edu/~brians/anglophone/satanic_verses/";s:8:"ADD_DATE";s:10:"1232628921";s:7:"PRIVATE";s:1:"0";s:4:"TAGS";s:37:"books,toread,literature,rushdie,notes";s:7:"COMMENT";s:93:"Just finished reading it and I feel like I'd probably find a lot of this quite enlightening.
";}i:718;a:5:{s:4:"HREF";s:64:"http://www.adaptivepath.com/blog/2009/01/18/say-goodbye-to-done/";s:8:"ADD_DATE";s:10:"1232628881";s:7:"PRIVATE";s:1:"0";s:4:"TAGS";s:26:"webdesign,design,mobile,ui";s:7:"COMMENT";s:62:"Stuff about mobile interface designs. An interesting article.
";}i:719;a:5:{s:4:"HREF";s:33:"http://www.semyon.com/crisis.html";s:8:"ADD_DATE";s:10:"1232094292";s:7:"PRIVATE";s:1:"0";s:4:"TAGS";s:50:"politics,economics,mathematics,finance,interesting";s:7:"COMMENT";s:114:"Interesting and I'm sure correct analysis of the financial crisis, the fog is beginning to lift ever so slightly.
";}i:720;a:5:{s:4:"HREF";s:30:"http://www.cableturtles.co.uk/";s:8:"ADD_DATE";s:10:"1232031262";s:7:"PRIVATE";s:1:"0";s:4:"TAGS";s:23:"useful,gadgets,shopping";s:7:"COMMENT";s:19:"Useful for cables.
";}i:721;a:5:{s:4:"HREF";s:64:"http://developer.openwave.com/dvl/tools_and_sdk/phone_simulator/";s:8:"ADD_DATE";s:10:"1232014201";s:7:"PRIVATE";s:1:"0";s:4:"TAGS";s:32:"webdesign,tools,usability,mobile";s:7:"COMMENT";s:104:"A phone simulator for openwave which is a big mobile browser maker or something - might be useful soon.
";}i:722;a:5:{s:4:"HREF";s:53:"http://canopycanopycanopy.com/4/star_wars__a_new_heap";s:8:"ADD_DATE";s:10:"1231953294";s:7:"PRIVATE";s:1:"0";s:4:"TAGS";s:39:"film,design,interesting,sci-fi,starwars";s:7:"COMMENT";s:76:"Ooops - a comparison of Star Wars and 2001 too good to rush through now ;-)
";}i:723;a:5:{s:4:"HREF";s:73:"http://www.smashingmagazine.com/2009/01/13/mobile-web-design-trends-2009/";s:8:"ADD_DATE";s:10:"1231938923";s:7:"PRIVATE";s:1:"0";s:4:"TAGS";s:23:"webdesign,mobile,trends";s:7:"COMMENT";s:35:"Some useful stuff in here I think.
";}i:724;a:5:{s:4:"HREF";s:77:"http://russelldavies.typepad.com/planning/2009/01/meet-the-new-schtick-2.html";s:8:"ADD_DATE";s:10:"1231935170";s:7:"PRIVATE";s:1:"0";s:4:"TAGS";s:49:"books,technology,publishing,printing,trends,paper";s:7:"COMMENT";s:36:"The source of the previous 2 links.
";}i:725;a:5:{s:4:"HREF";s:22:"http://www.folksy.com/";s:8:"ADD_DATE";s:10:"1231934976";s:7:"PRIVATE";s:1:"0";s:4:"TAGS";s:38:"socialnetworking,shopping,shop,selling";s:7:"COMMENT";s:207:"Folksy champions cool crafts and design talent. We marry up designers and crafters with buyers who want individual, quality stuff that's made with love. Plus, we run design competitions and other fun stuff.
";}i:726;a:5:{s:4:"HREF";s:20:"http://magcloud.com/";s:8:"ADD_DATE";s:10:"1231934945";s:7:"PRIVATE";s:1:"0";s:4:"TAGS";s:57:"tools,publishing,printing,writing,service,self-publishing";s:7:"COMMENT";s:75:"Send them a PDf and they'll create a printed magazine and sell it for you.
";}i:727;a:5:{s:4:"HREF";s:46:"http://labs.adobe.com/technologies/textlayout/";s:8:"ADD_DATE";s:10:"1231861967";s:7:"PRIVATE";s:1:"0";s:4:"TAGS";s:25:"flash,as3,typography,text";s:7:"COMMENT";s:113:"A frameworks for the more advanced text layout stuff you can do in Flash 10. Must have a look at this some time.
";}i:728;a:5:{s:4:"HREF";s:87:"http://www.avclub.com/articles/15-things-kurt-vonnegut-said-better-than-anyone-el,1858/";s:8:"ADD_DATE";s:10:"1231842827";s:7:"PRIVATE";s:1:"0";s:4:"TAGS";s:21:"books,quotes,vonnegut";s:7:"COMMENT";s:53:"I like kurt vonnegut, I must read more of his books.
";}i:729;a:5:{s:4:"HREF";s:40:"http://www.number27.org/beyondflash.html";s:8:"ADD_DATE";s:10:"1231419585";s:7:"PRIVATE";s:1:"0";s:4:"TAGS";s:5:"flash";s:7:"COMMENT";s:102:"Very interesting and yes, inspiring. Leaves me feeling a kind of mixture of confusion and excitement.
";}i:730;a:5:{s:4:"HREF";s:66:"http://www.gskinner.com/blog/archives/2009/01/multi_column_te.html";s:8:"ADD_DATE";s:10:"1231246503";s:7:"PRIVATE";s:1:"0";s:4:"TAGS";s:16:"design,flash,as3";s:7:"COMMENT";s:40:"This could come in handy at some point.
";}i:731;a:5:{s:4:"HREF";s:53:"http://justin.everett-church.com/fp10demos/cloth.html";s:8:"ADD_DATE";s:10:"1231162054";s:7:"PRIVATE";s:1:"0";s:4:"TAGS";s:17:"flash,as3,physics";s:7:"COMMENT";s:30:"Nice physics demo in Flash 10
";}i:732;a:5:{s:4:"HREF";s:80:"http://www.lostinactionscript.com/blog/index.php/2009/01/05/tweensy-goes-public/";s:8:"ADD_DATE";s:10:"1231156983";s:7:"PRIVATE";s:1:"0";s:4:"TAGS";s:30:"flash,as3,tweener,actionscript";s:7:"COMMENT";s:47:"New tweening library - file with the others...
";}i:733;a:4:{s:4:"HREF";s:85:"http://victorian.lang.nagoya-u.ac.jp/victorianweb/authors/dickens/edh/chronology.html";s:8:"ADD_DATE";s:10:"1231155903";s:7:"PRIVATE";s:1:"0";s:4:"TAGS";s:20:"books,toread,dickens";}i:734;a:5:{s:4:"HREF";s:91:"http://lifehacker.com/386526/slipstream-service-pack-3-into-your-windows-xp-installation-cd";s:8:"ADD_DATE";s:10:"1231091919";s:7:"PRIVATE";s:1:"0";s:4:"TAGS";s:74:"windows,reference,tutorial,xp,backup,microsoft,slipstream,sp3,installation";s:7:"COMMENT";s:113:"Looks like it's coming up to that time where I need to install Windows again - looks like this might be helpful.
";}i:735;a:5:{s:4:"HREF";s:26:"http://www.deanvipond.com/";s:8:"ADD_DATE";s:10:"1229333909";s:7:"PRIVATE";s:1:"0";s:4:"TAGS";s:13:"friend,design";s:7:"COMMENT";s:70:"Dean's website for his new business venture - lots of fonty goodness.
";}i:736;a:5:{s:4:"HREF";s:68:"http://www.adobe.com/devnet/flash/quickstart/datagrid_pt3/#section11";s:8:"ADD_DATE";s:10:"1228824982";s:7:"PRIVATE";s:1:"0";s:4:"TAGS";s:14:"flash,as3,flex";s:7:"COMMENT";s:100:"I thought I wasn't ever going to find an answer to this but finally I did. Thank god for this page!
";}i:737;a:5:{s:4:"HREF";s:45:"http://news.bbc.co.uk/1/hi/health/4115872.stm";s:8:"ADD_DATE";s:10:"1228224914";s:7:"PRIVATE";s:1:"0";s:4:"TAGS";s:14:"medicines,kids";s:7:"COMMENT";s:22:"To use or not to use.
";}i:738;a:5:{s:4:"HREF";s:58:"http://blog.smashedapples.com/2008/03/listening-for-a.html";s:8:"ADD_DATE";s:10:"1228161342";s:7:"PRIVATE";s:1:"0";s:4:"TAGS";s:16:"flash,as3,events";s:7:"COMMENT";s:185:"Not sure if this works yet but it could be a god send for learning about how and when events are triggered by build in objects (I'm working with NetStream and NetConnection right now).
";}i:739;a:5:{s:4:"HREF";s:54:"http://www.wowzamedia.com/forums/showthread.php?t=1320";s:8:"ADD_DATE";s:10:"1227707897";s:7:"PRIVATE";s:1:"0";s:4:"TAGS";s:32:"work,wowza,flash,video,streaming";s:7:"COMMENT";s:138:"The page I took a number of settings from which are now live (just in case I need to go back and work out how I broke things later on!!).
";}i:740;a:5:{s:4:"HREF";s:77:"http://www.guardian.co.uk/business/interactive/2008/nov/24/pre-budget-report1";s:8:"ADD_DATE";s:10:"1227698124";s:7:"PRIVATE";s:1:"0";s:4:"TAGS";s:33:"flash,visualization,data,politics";s:7:"COMMENT";s:65:"Very interesting and clear layout of public income and spending.
";}i:741;a:5:{s:4:"HREF";s:44:"http://floodfonts.com/freefont/coraline.html";s:8:"ADD_DATE";s:10:"1227626217";s:7:"PRIVATE";s:1:"0";s:4:"TAGS";s:5:"fonts";s:7:"COMMENT";s:23:"Nice set of free fonts
";}i:742;a:4:{s:4:"HREF";s:27:"http://www.bnpnearme.co.uk/";s:8:"ADD_DATE";s:10:"1227175183";s:7:"PRIVATE";s:1:"0";s:4:"TAGS";s:19:"politics,mashup,map";}i:743;a:5:{s:4:"HREF";s:62:"http://www.ltcconline.net/greenl/courses/201/descstat/mean.htm";s:8:"ADD_DATE";s:10:"1226592331";s:7:"PRIVATE";s:1:"0";s:4:"TAGS";s:35:"maths,statistic,average,mean,median";s:7:"COMMENT";s:49:"Ooooh more maths - but it's so useful sometimes.
";}i:744;a:5:{s:4:"HREF";s:31:"http://www.adrianparr.com/?p=83";s:8:"ADD_DATE";s:10:"1226493298";s:7:"PRIVATE";s:1:"0";s:4:"TAGS";s:18:"as3,libraries,code";s:7:"COMMENT";s:51:"Libraries of code which are for AS3. That's right.
";}i:745;a:4:{s:4:"HREF";s:84:"http://www.typetees.com/product/755/Being_vague_is_almost_as_fun_as_doing_this_other";s:8:"ADD_DATE";s:10:"1226396212";s:7:"PRIVATE";s:1:"0";s:4:"TAGS";s:10:"threadless";}i:746;a:5:{s:4:"HREF";s:32:"http://www.pomegranatephone.com/";s:8:"ADD_DATE";s:10:"1226308119";s:7:"PRIVATE";s:1:"0";s:4:"TAGS";s:38:"phone,hoax,mobile,viral,viralmarketing";s:7:"COMMENT";s:53:"Ooooh what a cool looking phone - and what features?
";}i:747;a:4:{s:4:"HREF";s:79:"http://www.guardian.co.uk/commentisfree/2008/nov/05/uselections2008-barackobama";s:8:"ADD_DATE";s:10:"1225898415";s:7:"PRIVATE";s:1:"0";s:4:"TAGS";s:18:"politics,usa,obama";}i:748;a:5:{s:4:"HREF";s:38:"http://www.jorgebucaran.com/blog/?p=30";s:8:"ADD_DATE";s:10:"1225728419";s:7:"PRIVATE";s:1:"0";s:4:"TAGS";s:30:"flash,actionscript,file,upload";s:7:"COMMENT";s:137:"More uploading stuff with Flash. Looks fairly simple actually - lots of things do though - have to see how it works in practise I guess.
";}i:749;a:5:{s:4:"HREF";s:70:"http://www.kirupa.com/developer/flash8/uploading_fileReference_pg1.htm";s:8:"ADD_DATE";s:10:"1225728371";s:7:"PRIVATE";s:1:"0";s:4:"TAGS";s:53:"flash,actionscript,file,upload,tutorial,filereference";s:7:"COMMENT";s:75:"Using Flash uploaders - might be useful to understand how they work innit.
";}i:750;a:5:{s:4:"HREF";s:48:"http://www.samknows.com/broadband/exchange/MYGUI";s:8:"ADD_DATE";s:10:"1225282602";s:7:"PRIVATE";s:1:"0";s:4:"TAGS";s:19:"broadband,telephone";s:7:"COMMENT";s:93:"My local telephone exchange. For some reason I just know one day I'll need to know this. ;-)
";}i:751;a:4:{s:4:"HREF";s:40:"http://willperone.net/Code/svnserver.php";s:8:"ADD_DATE";s:10:"1225275624";s:7:"PRIVATE";s:1:"0";s:4:"TAGS";s:22:"svn,windows,subversion";}i:752;a:5:{s:4:"HREF";s:46:"http://uneasysilence.com/archive/2006/10/8087/";s:8:"ADD_DATE";s:10:"1225103329";s:7:"PRIVATE";s:1:"0";s:4:"TAGS";s:14:"osx,firefox,ui";s:7:"COMMENT";s:128:"Just getting Firefox OSX to behave 'normally'. You need to be able to tab to a submit button after filling in a text box right?
";}i:753;a:5:{s:4:"HREF";s:56:"http://code.google.com/p/as3-php-date/wiki/Documentation";s:8:"ADD_DATE";s:10:"1223995879";s:7:"PRIVATE";s:1:"0";s:4:"TAGS";s:17:"as3,php,date,code";s:7:"COMMENT";s:80:"Might be handy at some point. A port of the PHP date classes into Actionscript.
";}i:754;a:5:{s:4:"HREF";s:50:"http://www.wfco.de/applications/macosx/Renamer4Mac";s:8:"ADD_DATE";s:10:"1223987962";s:7:"PRIVATE";s:1:"0";s:4:"TAGS";s:17:"mac,software,free";s:7:"COMMENT";s:70:"Renaming multiple files - very nice and simple and useful. Tres bien.
";}i:755;a:5:{s:4:"HREF";s:88:"http://groups.google.com/group/fluidapp/web/making-fluid-ssbs-browse-only-pages-you-want";s:8:"ADD_DATE";s:10:"1223980839";s:7:"PRIVATE";s:1:"0";s:4:"TAGS";s:9:"mac,fluid";s:7:"COMMENT";s:193:"If you're using Fluid on a Mac (which I'd recomend) then this page might be the most important for you. It's this bit of control which is vital for making Fluid apps work the way they need to.
";}i:756;a:5:{s:4:"HREF";s:58:"http://freespace.virgin.net/hugo.elias/models/m_perlin.htm";s:8:"ADD_DATE";s:10:"1223568147";s:7:"PRIVATE";s:1:"0";s:4:"TAGS";s:28:"math,code,actionscript,flash";s:7:"COMMENT";s:184:"It's like random numbers which are kind of muted into something resembling a smooth flow - meaning it's kind of nice to moving things in a random yet natural way. Blame Keith Peters!!
";}i:757;a:5:{s:4:"HREF";s:34:"http://en.wikipedia.org/wiki/Radix";s:8:"ADD_DATE";s:10:"1223568068";s:7:"PRIVATE";s:1:"0";s:4:"TAGS";s:23:"math,flash,actionscript";s:7:"COMMENT";s:54:"more base stuff - this hopefully explains a bit more.
";}i:758;a:5:{s:4:"HREF";s:59:"http://mathbits.com/mathbits/compsci/Introduction/intro.htm";s:8:"ADD_DATE";s:10:"1223568012";s:7:"PRIVATE";s:1:"0";s:4:"TAGS";s:29:"maths,code,flash,actionscript";s:7:"COMMENT";s:148:"Hahaha - no really though I'm trying to work out how to convert different number bases. It's for flash - I'm trying to understand Perlin Noise! lol
";}i:759;a:5:{s:4:"HREF";s:81:"http://hubflanger.com/stage-resize-and-the-stagewidth-and-stageheight-properties/";s:8:"ADD_DATE";s:10:"1223287908";s:7:"PRIVATE";s:1:"0";s:4:"TAGS";s:37:"flash,osx,firefox,resize,actionscript";s:7:"COMMENT";s:47:"Just noticed this problem in Firefox/OSX. Ack!
";}i:760;a:5:{s:4:"HREF";s:32:"http://axdt.org/wiki/InstallAxdt";s:8:"ADD_DATE";s:10:"1222876827";s:7:"PRIVATE";s:1:"0";s:4:"TAGS";s:30:"actionscript,eclipse,flash,as3";s:7:"COMMENT";s:51:"Actionscript developing in Eclipse - so they claim
";}i:761;a:5:{s:4:"HREF";s:31:"http://csi.nfshost.com/goodies/";s:8:"ADD_DATE";s:10:"1222874434";s:7:"PRIVATE";s:1:"0";s:4:"TAGS";s:9:"icons,mac";s:7:"COMMENT";s:16:"icons for Fluid
";}i:762;a:4:{s:4:"HREF";s:21:"http://recaptcha.net/";s:8:"ADD_DATE";s:10:"1222424473";s:7:"PRIVATE";s:1:"0";s:4:"TAGS";s:25:"webdesign,web2.0,web,tool";}i:763;a:5:{s:4:"HREF";s:34:"http://www.tordex.com/startkiller/";s:8:"ADD_DATE";s:10:"1222340967";s:7:"PRIVATE";s:1:"0";s:4:"TAGS";s:55:"windows,utilities,useful,tweaks,tools,software,freeware";s:7:"COMMENT";s:73:"More software from my old windows laptop - this was always nice to have.
";}i:764;a:5:{s:4:"HREF";s:28:"http://www.sixty-five.cc/sm/";s:8:"ADD_DATE";s:10:"1222340738";s:7:"PRIVATE";s:1:"0";s:4:"TAGS";s:67:"windows,visualization,utilities,useful,tools,storage,space,software";s:7:"COMMENT";s:133:"It's a monger for space. Haven't you always needed a monger, for space? Who's currently monging your space? Well, can I recommend...
";}i:765;a:5:{s:4:"HREF";s:25:"http://www.apophysis.org/";s:8:"ADD_DATE";s:10:"1222339581";s:7:"PRIVATE";s:1:"0";s:4:"TAGS";s:45:"windows,visualization,tools,software,fractals";s:7:"COMMENT";s:99:"Tero's fractal program - I'm just removing it from my work laptop - don't want to forget the name.
";}i:766;a:5:{s:4:"HREF";s:41:"http://meyerweb.com/eric/tools/css/reset/";s:8:"ADD_DATE";s:10:"1222178430";s:7:"PRIVATE";s:1:"0";s:4:"TAGS";s:43:"webdesign,CSS,code,reference,browsers,reset";s:7:"COMMENT";s:74:"Bound to come in handy at some point - a very useful looking bit of code.
";}i:767;a:4:{s:4:"HREF";s:63:"http://ask.metafilter.com/85756/No-more-bounce-Damn-ye-Mac-dock";s:8:"ADD_DATE";s:10:"1222162825";s:7:"PRIVATE";s:1:"0";s:4:"TAGS";s:16:"apple,hacks,dock";}i:768;a:5:{s:4:"HREF";s:23:"http://riflebird.co.uk/";s:8:"ADD_DATE";s:10:"1222097376";s:7:"PRIVATE";s:1:"0";s:4:"TAGS";s:16:"friend,portfolio";s:7:"COMMENT";s:77:"Who is this rifle bird? Looks like they've done work for Orange in the past!
";}i:769;a:5:{s:4:"HREF";s:90:"http://entertainment.timesonline.co.uk/tol/arts_and_entertainment/books/article4627683.ece";s:8:"ADD_DATE";s:10:"1222094617";s:7:"PRIVATE";s:1:"0";s:4:"TAGS";s:45:"books,toread,lists,reading,literature,pullman";s:7:"COMMENT";s:131:"Always nice to have a source of new reading to flick through even if I'll probably never get round to reading anything from it ;-)
";}i:770;a:5:{s:4:"HREF";s:24:"http://www.viewfilm.net/";s:8:"ADD_DATE";s:10:"1222086424";s:7:"PRIVATE";s:1:"0";s:4:"TAGS";s:24:"freeview,film,television";s:7:"COMMENT";s:105:"Films... that are on Freeview. Sometimes you have an idea, you ask the internet, and it simply provides.
";}i:771;a:5:{s:4:"HREF";s:70:"http://russelldavies.typepad.com/planning/2008/09/blog-all-dog-ea.html";s:8:"ADD_DATE";s:10:"1221838595";s:7:"PRIVATE";s:1:"0";s:4:"TAGS";s:16:"design,ecomonics";s:7:"COMMENT";s:329:"That gets so much right for me. So much of what I love most is balanced in that lagrange point between art and commerce, not plumping for one or the other but excelling at both. The best people I've ever worked with have never worried about the art or commerce thing, they're doing both: "heartbreaking beauty that moves units".
";}i:772;a:5:{s:4:"HREF";s:57:"http://docs.google.com/View?docid=ah8hqmhmjgbg_50dnqx5jcx";s:8:"ADD_DATE";s:10:"1221661568";s:7:"PRIVATE";s:1:"0";s:4:"TAGS";s:39:"lists,personal,desk,work,orange,ananova";s:7:"COMMENT";s:59:"Just a quick list of a few things I just found in my desk.
";}i:773;a:4:{s:4:"HREF";s:28:"http://www.jgrinsdale.co.uk/";s:8:"ADD_DATE";s:10:"1221555122";s:7:"PRIVATE";s:1:"0";s:4:"TAGS";s:29:"portfolio,friend,design,flash";}i:774;a:5:{s:4:"HREF";s:62:"http://safalra.com/web-design/usability/contact-feedback-form/";s:8:"ADD_DATE";s:10:"1221489468";s:7:"PRIVATE";s:1:"0";s:4:"TAGS";s:25:"usability,forms,webdesign";s:7:"COMMENT";s:31:"Might be useful at some point.
";}i:775;a:5:{s:4:"HREF";s:22:"http://www.fitbit.com/";s:8:"ADD_DATE";s:10:"1221130881";s:7:"PRIVATE";s:1:"0";s:4:"TAGS";s:68:"design,cool,interesting,hardware,technology,gadgets,fitness,tracking";s:7:"COMMENT";s:100:"This looks good. Data collection and feedback with minimal user intervention. Tis the future I say!
";}i:776;a:5:{s:4:"HREF";s:40:"http://interactionivrea.org/en/index.asp";s:8:"ADD_DATE";s:10:"1221119146";s:7:"PRIVATE";s:1:"0";s:4:"TAGS";s:32:"web,interaction,education,design";s:7:"COMMENT";s:120:"Design institute in Italy where Neil Churcher and it Stuart Penny both worked. The plot thickens! (well... not really).
";}i:777;a:5:{s:4:"HREF";s:52:"http://www.disambiguity.com/the-general-public-myth/";s:8:"ADD_DATE";s:10:"1221038699";s:7:"PRIVATE";s:1:"0";s:4:"TAGS";s:40:"ux,usability,experience,design,webdesign";s:7:"COMMENT";s:313:"This is what happens when we design for everyone - we ‘dumb things down’ to the point that they become useless or inefficient for most people. How does this happen? Well, because although everyone in the world might want to use your product or your website, they’ll want to use it in a very particular way.
";}i:778;a:5:{s:4:"HREF";s:39:"http://www.jabberworks.co.uk/index.html";s:8:"ADD_DATE";s:10:"1220967269";s:7:"PRIVATE";s:1:"0";s:4:"TAGS";s:41:"portfolio,illustrator,illustration,design";s:7:"COMMENT";s:102:"Nice illustration / design - nice protfolie website. I particularly like the aliens on the home page.
";}i:779;a:5:{s:4:"HREF";s:37:"http://gskinner.com/libraries/gtween/";s:8:"ADD_DATE";s:10:"1220272832";s:7:"PRIVATE";s:1:"0";s:4:"TAGS";s:31:"as3,library,tweener,tween,flash";s:7:"COMMENT";s:181:"New tweening library - looks good - feature list I've seen so far includes a lot of nice things - I nocited a couple of bits which would definitely solve problems I've come across.
";}i:780;a:5:{s:4:"HREF";s:77:"http://due-diligence.typepad.com/blog/2008/08/burkes-law-of-metadynamics.html";s:8:"ADD_DATE";s:10:"1220262129";s:7:"PRIVATE";s:1:"0";s:4:"TAGS";s:60:"science,quotes,process,organization,energy,systems,structure";s:7:"COMMENT";s:65:"I'm chasing this one a bit, trying to keep up, I think I get it.
";}i:781;a:5:{s:4:"HREF";s:44:"http://www.gotoandlearn.com/player.php?id=81";s:8:"ADD_DATE";s:10:"1220262082";s:7:"PRIVATE";s:1:"0";s:4:"TAGS";s:36:"flash,actionscript3,slider,tutorials";s:7:"COMMENT";s:218:"Very god tutorial - Brimelow back to his best, taking a small subject and explaining it very neatly whilst throwing in loads of little "best practice" tips, and ending up with something which is undoubtedly just cool.
";}i:782;a:5:{s:4:"HREF";s:42:"http://code.google.com/p/mrdoob/wiki/stats";s:8:"ADD_DATE";s:10:"1218538075";s:7:"PRIVATE";s:1:"0";s:4:"TAGS";s:64:"stats,performance,library,flex,flash,code,class,as3,actionscript";s:7:"COMMENT";s:106:"a small class for monitoring framerate and memory usage in Flash AS3 apps. Very nice - why make your own.
";}i:783;a:5:{s:4:"HREF";s:48:"http://www.nekogames.jp/mt/2008/01/cursor10.html";s:8:"ADD_DATE";s:10:"1218209915";s:7:"PRIVATE";s:1:"0";s:4:"TAGS";s:11:"games,flash";s:7:"COMMENT";s:75:"Too crazy this game. Not good for the ol' RSI either. A great idea though.
";}i:784;a:5:{s:4:"HREF";s:62:"http://www.flashmagazine.com/tutorials/detail/flash_3d_basics/";s:8:"ADD_DATE";s:10:"1218206210";s:7:"PRIVATE";s:1:"0";s:4:"TAGS";s:26:"papervision3d,flash,as3,3d";s:7:"COMMENT";s:149:"Nice overview of 3D in Flash with explanations of some of the jargon which is nice and useful to get to grips with before you dive into 3D in Flash.
";}i:785;a:5:{s:4:"HREF";s:26:"http://www.silentsonb.com/";s:8:"ADD_DATE";s:10:"1218195495";s:7:"PRIVATE";s:1:"0";s:4:"TAGS";s:60:"portfolio,papervision3d,ideas,flash,cool,webdesign,interface";s:7:"COMMENT";s:165:"Simple and cool. A website of bar raising excellence. 3D is great but this is also wonderful interface design. Got to be one of the best websites I've seen in ages.
";}i:786;a:5:{s:4:"HREF";s:41:"http://www.smileycat.com/design_elements/";s:8:"ADD_DATE";s:10:"1217942333";s:7:"PRIVATE";s:1:"0";s:4:"TAGS";s:9:"webdesign";s:7:"COMMENT";s:101:"Nice little collection of design elements  - worth going back to for a bit of inspiration and review
";}i:787;a:4:{s:4:"HREF";s:47:"http://www.flickr.com/photos/splat/sets/981332/";s:8:"ADD_DATE";s:10:"1217596299";s:7:"PRIVATE";s:1:"0";s:4:"TAGS";s:20:"webdesign,screenshot";}i:788;a:5:{s:4:"HREF";s:36:"https://trac.cakefoundation.org/amf/";s:8:"ADD_DATE";s:10:"1217507575";s:7:"PRIVATE";s:1:"0";s:4:"TAGS";s:39:"php,flex,cakephp,flash,amf,actionscript";s:7:"COMMENT";s:134:"Still quite hard to negotiate this thing. Seems to have it installed but doesn't seem to include the nice Flex app for texting stuff.
";}i:789;a:5:{s:4:"HREF";s:62:"http://snook.ca/archives/php/zend_framework_first_impressions/";s:8:"ADD_DATE";s:10:"1217500898";s:7:"PRIVATE";s:1:"0";s:4:"TAGS";s:35:"cakephp,zend,review,programming,web";s:7:"COMMENT";s:141:"A combination of Cake and Zend - most interesting for the small diagram putting Zend and Cake at opposite ends of the "automation" spectrum.
";}i:790;a:5:{s:4:"HREF";s:58:"http://mashable.com/2008/07/24/synching-files-and-folders/";s:8:"ADD_DATE";s:10:"1217259264";s:7:"PRIVATE";s:1:"0";s:4:"TAGS";s:43:"backup,freeware,software,tools,sync,storage";s:7:"COMMENT";s:54:"I use SyncToy but maybe one of these would be better.
";}i:791;a:5:{s:4:"HREF";s:27:"http://blip.tv/file/855937/";s:8:"ADD_DATE";s:10:"1216975318";s:7:"PRIVATE";s:1:"0";s:4:"TAGS";s:19:"history,interesting";s:7:"COMMENT";s:187:"Very nice neat theory about spare time and gin. I like the idea that things might progress like this and that mindless TV is simply a undulgent splurge which we're slowly growing out of.
";}i:792;a:5:{s:4:"HREF";s:63:"http://www.digital-web.com/articles/photoshop_versus_fireworks/";s:8:"ADD_DATE";s:10:"1216802971";s:7:"PRIVATE";s:1:"0";s:4:"TAGS";s:15:"design,software";s:7:"COMMENT";s:181:"The big debate. Haven't really used Fireworks so much (apart from a quick try when we got CS3) - but it's interesting how this debate can now be different now Adobe owns them both.
";}i:793;a:5:{s:4:"HREF";s:57:"http://www.guardian.co.uk/world/2008/jul/23/usa.mcdonalds";s:8:"ADD_DATE";s:10:"1216801305";s:7:"PRIVATE";s:1:"0";s:4:"TAGS";s:19:"advertising,news,tv";s:7:"COMMENT";s:239:"It's the dishonesty involved here which leaves a bad taste. The idea you're being influenced and manipulated deliberately, systematically and constantly is just so tiring. Should I really have to be always vigilant for this kind of thing?
";}i:794;a:5:{s:4:"HREF";s:70:"http://www.timesonline.co.uk/tol/comment/obituaries/article3167372.ece";s:8:"ADD_DATE";s:10:"1216666341";s:7:"PRIVATE";s:1:"0";s:4:"TAGS";s:12:"design,roads";s:7:"COMMENT";s:150:"“If you treat drivers like idiots, they act as idiots. Never treat anyone in the public realm as an idiot, always assume they have intelligence.”
";}i:795;a:5:{s:4:"HREF";s:66:"http://www.nettime.org/Lists-Archives/nettime-l-0807/msg00023.html";s:8:"ADD_DATE";s:10:"1216045499";s:7:"PRIVATE";s:1:"0";s:4:"TAGS";s:34:"environment,history,science,social";s:7:"COMMENT";s:72:"An interesting intelligent article about climate change and the future.
";}i:796;a:5:{s:4:"HREF";s:60:"http://postspectacular.com/process/20080711_faberfindslaunch";s:8:"ADD_DATE";s:10:"1216038482";s:7:"PRIVATE";s:1:"0";s:4:"TAGS";s:67:"book,books,design,print,processing,publishing,typography,generative";s:7:"COMMENT";s:113:"Interesting post about Print On Demand for out of print books and book covers "designed" on the fly by software.
";}i:797;a:5:{s:4:"HREF";s:38:"http://youtube.com/watch?v=4TM3GbxaNLI";s:8:"ADD_DATE";s:10:"1215703557";s:7:"PRIVATE";s:1:"0";s:4:"TAGS";s:24:"video,comedy,funny,music";s:7:"COMMENT";s:62:"Again - why did I ever think I needed to keep a copy of this?
";}i:798;a:5:{s:4:"HREF";s:42:"http://www.youtube.com/watch?v=vWbXBThY1Jw";s:8:"ADD_DATE";s:10:"1215703214";s:7:"PRIVATE";s:1:"0";s:4:"TAGS";s:14:"politics,video";s:7:"COMMENT";s:148:"I've just deleted this from my computer because I thought I'd probably be able to find it on youtube. Why store things on your own machine anymore?
";}i:799;a:5:{s:4:"HREF";s:40:"http://bbc.nvg.org/emulators.php3#BeebEm";s:8:"ADD_DATE";s:10:"1215690067";s:7:"PRIVATE";s:1:"0";s:4:"TAGS";s:21:"bbc,computer,emulator";s:7:"COMMENT";s:61:"BBC Micro emulator - because nostalgia gets better with age.
";}i:800;a:5:{s:4:"HREF";s:50:"http://en.wikipedia.org/wiki/Canvas_(HTML_element)";s:8:"ADD_DATE";s:10:"1215614293";s:7:"PRIVATE";s:1:"0";s:4:"TAGS";s:31:"canvas,javascript,html,graphics";s:7:"COMMENT";s:171:"I don't really know about this, although it looks fairly simple, I suppose problems with IE support have stopped it completely taking off. Seems to have potential though.
";}i:801;a:5:{s:4:"HREF";s:49:"http://www.vimeo.com/1202830?pg=embed&sec=1202830";s:8:"ADD_DATE";s:10:"1215613677";s:7:"PRIVATE";s:1:"0";s:4:"TAGS";s:47:"art,cool,image,opensource,video,html,javascript";s:7:"COMMENT";s:147:"Context Free is very cool to play with. This is a port of that into JavaScript using the <canvas> element from HTML. What's the canvas element eh?
";}i:802;a:5:{s:4:"HREF";s:87:"http://www.blogstorm.co.uk/cut-and-paste-one-line-of-code-to-make-any-website-editable/";s:8:"ADD_DATE";s:10:"1215524913";s:7:"PRIVATE";s:1:"0";s:4:"TAGS";s:39:"browser,code,javascript,hacks,webdesign";s:7:"COMMENT";s:142:"This might be useful one day, being able to turn any website editable seems like a neat trick. Shame you loose the colouring on links though.
";}i:803;a:5:{s:4:"HREF";s:38:"http://gskinner.com/talks/as3workshop/";s:8:"ADD_DATE";s:10:"1215176868";s:7:"PRIVATE";s:1:"0";s:4:"TAGS";s:38:"actionscript3,as3,adobe,flash,learning";s:7:"COMMENT";s:131:"Very good set of slides about AS3. I would say "exhaustive" but I'm exhausted from reading 150 of them and not reaching the end!!!
";}i:804;a:5:{s:4:"HREF";s:62:"http://gskinner.com/blog/archives/2004/06/conference_sess.html";s:8:"ADD_DATE";s:10:"1215167425";s:7:"PRIVATE";s:1:"0";s:4:"TAGS";s:53:"actionscript,as3,flash,lectures,tutorial,presentation";s:7:"COMMENT";s:139:"I'm sure there's a load of good stuff in here. I'm looking at the AS3 stuff now but I'll have to return for a rummage some other time too.
";}i:805;a:5:{s:4:"HREF";s:47:"http://www.kk.org/cooltools/archives/001520.php";s:8:"ADD_DATE";s:10:"1215080142";s:7:"PRIVATE";s:1:"0";s:4:"TAGS";s:53:"articles,blog,books,publishing,print,photography,book";s:7:"COMMENT";s:79:"Review of self publishing services. Seems to think Blurb is great. I hope so!!
";}i:806;a:5:{s:4:"HREF";s:28:"http://orangoo.com/labs/AJS/";s:8:"ADD_DATE";s:10:"1215071507";s:7:"PRIVATE";s:1:"0";s:4:"TAGS";s:54:"ajax,api,code,dom,effects,library,framework,javascript";s:7:"COMMENT";s:139:"A JavaScript library from the guy who creates Todoist, so I'm guessing it's pretty cool. A lot smaller than Prototype and JQuery is seems.
";}i:807;a:5:{s:4:"HREF";s:79:"http://europaukblog.blogspot.com/2007/06/indesign-create-table-of-contents.html";s:8:"ADD_DATE";s:10:"1215002358";s:7:"PRIVATE";s:1:"0";s:4:"TAGS";s:52:"adobe,design,graphics,indesign,software,tutorial,pdf";s:7:"COMMENT";s:106:"Very handy I've stumbled through trying to do this before but I don't think I quite understood it before.
";}i:808;a:5:{s:4:"HREF";s:58:"http://epeus.blogspot.com/2008/06/how-not-to-be-viral.html";s:8:"ADD_DATE";s:10:"1214490075";s:7:"PRIVATE";s:1:"0";s:4:"TAGS";s:24:"interesting,viral,social";s:7:"COMMENT";s:248:"TV is not vulgar and prurient and dumb because the audience are vulgar and dumb. but because they tend to be extremely similar in their vulgar and prurient and dumb interests and wildly different in their refined and aesthetic and noble interests.
";}i:809;a:5:{s:4:"HREF";s:76:"http://www.wired.com/techbiz/media/magazine/16-07/ff_android?currentPage=all";s:8:"ADD_DATE";s:10:"1214485067";s:7:"PRIVATE";s:1:"0";s:4:"TAGS";s:45:"google,inspiration,interesting,android,mobile";s:7:"COMMENT";s:88:"Google's model is to build a killer app, then monetize it later - I like that model :-D
";}i:810;a:5:{s:4:"HREF";s:24:"http://magcloud.com/home";s:8:"ADD_DATE";s:10:"1214387294";s:7:"PRIVATE";s:1:"0";s:4:"TAGS";s:52:"publishing,magazine,printing,diy,design,online,tools";s:7:"COMMENT";s:46:"Publish your own magazine. Looks easy enough.
";}i:811;a:4:{s:4:"HREF";s:38:"http://www.orchardsuits.co.uk/orchard/";s:8:"ADD_DATE";s:10:"1214381292";s:7:"PRIVATE";s:1:"0";s:4:"TAGS";s:10:"jobs,leeds";}i:812;a:5:{s:4:"HREF";s:34:"http://www.evoluent.com/index.html";s:8:"ADD_DATE";s:10:"1213973065";s:7:"PRIVATE";s:1:"0";s:4:"TAGS";s:16:"ergonomics,mouse";s:7:"COMMENT";s:111:"Hmmm this is a funky new mouse which keeps your hand is a better position for fighting off the effects of RSI.
";}i:813;a:5:{s:4:"HREF";s:34:"http://moodstream.gettyimages.com/";s:8:"ADD_DATE";s:10:"1213956653";s:7:"PRIVATE";s:1:"0";s:4:"TAGS";s:50:"audio,cool,creativity,culture,design,visualization";s:7:"COMMENT";s:145:"Nice use of the huge collection of music, video and images in Getty - I could sit and watch/listen to this for far too long if I wasn't careful.
";}i:814;a:5:{s:4:"HREF";s:22:"http://www.daninko.ca/";s:8:"ADD_DATE";s:10:"1213907237";s:7:"PRIVATE";s:1:"0";s:4:"TAGS";s:28:"inspiration,design,portfolio";s:7:"COMMENT";s:86:"Very nice portfolio site. Bold black and white pallete but with a grungy egded style.
";}i:815;a:5:{s:4:"HREF";s:48:"http://www.philosophynow.org/issue58/58kirby.htm";s:8:"ADD_DATE";s:10:"1213890147";s:7:"PRIVATE";s:1:"0";s:4:"TAGS";s:24:"philosophy,postmodernism";s:7:"COMMENT";s:189:"Alan Kirby says postmodernism is dead and buried. In its place comes a new paradigm of authority and knowledge formed under the pressure of new technologies and contemporary social forces.
";}i:816;a:5:{s:4:"HREF";s:21:"http://www.neave.com/";s:8:"ADD_DATE";s:10:"1213791145";s:7:"PRIVATE";s:1:"0";s:4:"TAGS";s:48:"actionscript3,flash,design,inspiration,portfolio";s:7:"COMMENT";s:83:"This is a very good flash portfolio type site - well worth another look some time.
";}i:817;a:5:{s:4:"HREF";s:42:"http://www.youtube.com/watch?v=YtdE662eY_M";s:8:"ADD_DATE";s:10:"1212668938";s:7:"PRIVATE";s:1:"0";s:4:"TAGS";s:31:"education,physics,science,video";s:7:"COMMENT";s:80:"String theory at the TED conference. I like string theory. Beauty is important.
";}i:818;a:5:{s:4:"HREF";s:97:"http://www.mobileeurope.co.uk/news_wire/11661/Orange_announces_changes_to_its_executive_team.html";s:8:"ADD_DATE";s:10:"1212668532";s:7:"PRIVATE";s:1:"0";s:4:"TAGS";s:19:"history,orange,work";s:7:"COMMENT";s:9:"in 2004.
";}i:819;a:5:{s:4:"HREF";s:106:"http://www.3point7designs.com/blog/2008/06/02/10-examples-of-beautiful-css-typography-and-how-they-did-it/";s:8:"ADD_DATE";s:10:"1212665306";s:7:"PRIVATE";s:1:"0";s:4:"TAGS";s:37:"css,design,typography,webdesign,fonts";s:7:"COMMENT";s:204:"I love the smell  of CSS typograhy in the morning. There's some good examples here and unusually instead of just saying "look at this" they've actually worked out the CSS and presented it nicely for you.
";}i:820;a:5:{s:4:"HREF";s:24:"http://www.capablue.com/";s:8:"ADD_DATE";s:10:"1212569196";s:7:"PRIVATE";s:1:"0";s:4:"TAGS";s:11:"friend,work";s:7:"COMMENT";s:31:"Where Marcia Rankin works now.
";}i:821;a:5:{s:4:"HREF";s:67:"http://gobigalways.com/get-your-scary-software-out-of-my-workplace/";s:8:"ADD_DATE";s:10:"1212496966";s:7:"PRIVATE";s:1:"0";s:4:"TAGS";s:35:"blog,business,culture,funny,history";s:7:"COMMENT";s:217:"Hehe I like this. It shows the innate conservatism of big organisations and a kind of in built fear of their workers doing anything other that stuff they understand (which is a vanishingly small number of things) ;-)
";}i:822;a:5:{s:4:"HREF";s:63:"http://www.guardian.co.uk/business/2008/jun/03/economics.policy";s:8:"ADD_DATE";s:10:"1212481217";s:7:"PRIVATE";s:1:"0";s:4:"TAGS";s:21:"economics,uk,politics";s:7:"COMMENT";s:253:"Government supported the notion of choice suggesting it would become irrelevant as schools improved. With the lottery the illusion ended. They now oppose the notion of parental choice because it exposes the fact that there has been no such improvement.
";}i:823;a:5:{s:4:"HREF";s:39:"http://www.latitudefestival.co.uk/home/";s:8:"ADD_DATE";s:10:"1212397378";s:7:"PRIVATE";s:1:"0";s:4:"TAGS";s:22:"music,comedy,festivals";s:7:"COMMENT";s:167:"This looks like a really nice festival. Not for me this year, but Dave sounds like he might go. Looks family friendly by all accounts so I future possibility perhaps.
";}i:824;a:5:{s:4:"HREF";s:58:"http://www.youtube.com/watch?v=EUJxT0CukDU&feature=related";s:8:"ADD_DATE";s:10:"1212395923";s:7:"PRIVATE";s:1:"0";s:4:"TAGS";s:6:"comedy";s:7:"COMMENT";s:172:"Heard this a while ago on the radio and was blown away. I haven't heard anything about him since until today. Apparently he's playing at the Latitude festival this summer.
";}i:825;a:5:{s:4:"HREF";s:30:"http://www.seedconference.com/";s:8:"ADD_DATE";s:10:"1212060487";s:7:"PRIVATE";s:1:"0";s:4:"TAGS";s:50:"creativity,design,typography,inspiration,webdesign";s:7:"COMMENT";s:73:"Nice site with no images just typography - have I linked to this before?
";}i:826;a:5:{s:4:"HREF";s:63:"http://rooreynolds.com/2008/05/28/welcome-to-the-new-sincerity/";s:8:"ADD_DATE";s:10:"1212052326";s:7:"PRIVATE";s:1:"0";s:4:"TAGS";s:7:"culture";s:7:"COMMENT";s:167:"A bit muddled but there's a general point here I like. There's definitely something in it particularly the Ze Frank bit - reminds a bit of Daniel Kitson last weekend.
";}i:827;a:5:{s:4:"HREF";s:20:"http://fluidapp.com/";s:8:"ADD_DATE";s:10:"1211890068";s:7:"PRIVATE";s:1:"0";s:4:"TAGS";s:38:"ajax,api,browsers,mac,browser,software";s:7:"COMMENT";s:71:"Nice idea. Making web apps back into apps again. Only on Mac is seems.
";}i:828;a:5:{s:4:"HREF";s:83:"http://discussionleader.hbsp.com/taylor/2008/05/wy_zappos_pays_new_employees_t.html";s:8:"ADD_DATE";s:10:"1211889714";s:7:"PRIVATE";s:1:"0";s:4:"TAGS";s:58:"articles,business,communication,company,culture,management";s:7:"COMMENT";s:175:"I love these kind of stories which revolve around the idea that businesses that don't concentrate only on money making can actually evolve better strategies for money making.
";}i:829;a:5:{s:4:"HREF";s:73:"http://img.dailymail.co.uk/i/pix/2007/06_02/playgraphicDM1406_736x800.jpg";s:8:"ADD_DATE";s:10:"1211880768";s:7:"PRIVATE";s:1:"0";s:4:"TAGS";s:70:"children,security,social,kids,history,culture,filetype:jpg,media:image";s:7:"COMMENT";s:127:"Can't bring myself to bookmark the Daily Mail's website, but this image contains the pertinent information. Quite interesting.
";}i:830;a:5:{s:4:"HREF";s:20:"http://taggalaxy.de/";s:8:"ADD_DATE";s:10:"1211880088";s:7:"PRIVATE";s:1:"0";s:4:"TAGS";s:40:"actionscript,as3,flickr,visualization,3d";s:7:"COMMENT";s:106:"Very cool flash + flickr mashup using a planets metaphor to display photos from various tag combinations.
";}i:831;a:5:{s:4:"HREF";s:67:"http://lifeandhealth.guardian.co.uk/family/story/0,,1933276,00.html";s:8:"ADD_DATE";s:10:"1211447182";s:7:"PRIVATE";s:1:"0";s:4:"TAGS";s:8:"politics";s:7:"COMMENT";s:65:"An article from 2006 which seems pertinent given recent evernts.
";}i:832;a:5:{s:4:"HREF";s:62:"http://pointawayfromface.com/2008/03/06/making-a-360-panorama/";s:8:"ADD_DATE";s:10:"1211443569";s:7:"PRIVATE";s:1:"0";s:4:"TAGS";s:22:"photoshop,tips,filters";s:7:"COMMENT";s:121:"A tutorial for creating these weird polar distortion images with 360 degree panorama pics. I really like the end result.
";}i:833;a:5:{s:4:"HREF";s:95:"http://www.adobe.com/cfusion/webforums/forum/messageview.cfm?catid=675&threadid=1363282#4960560";s:8:"ADD_DATE";s:10:"1211309872";s:7:"PRIVATE";s:1:"0";s:4:"TAGS";s:13:"api,flash,as3";s:7:"COMMENT";s:49:"A run down (or dump) of all the latest features.
";}i:834;a:5:{s:4:"HREF";s:62:"http://www.guardian.co.uk/society/2008/may/20/health.stemcells";s:8:"ADD_DATE";s:10:"1211275822";s:7:"PRIVATE";s:1:"0";s:4:"TAGS";s:22:"guardian,news,politics";s:7:"COMMENT";s:204:"There's now been more than 30 years of research in Europe and the US, that has found very consistently that children raised in a lesbian household are no different from children in heterosexual families.
";}i:835;a:5:{s:4:"HREF";s:55:"http://labs.adobe.com/technologies/flashplayer10/demos/";s:8:"ADD_DATE";s:10:"1210951808";s:7:"PRIVATE";s:1:"0";s:4:"TAGS";s:24:"actionscript,flash,adobe";s:7:"COMMENT";s:124:"Oooooh I can official get excited about a new versio of Flash nowadays as I actually understand what it actually means! ;-)
";}i:836;a:5:{s:4:"HREF";s:76:"http://technology.timesonline.co.uk/tol/news/tech_and_web/article3897340.ece";s:8:"ADD_DATE";s:10:"1210882311";s:7:"PRIVATE";s:1:"0";s:4:"TAGS";s:23:"mobile,socialnetworking";s:7:"COMMENT";s:112:"Interesting article about a clever use of all mobile's technologies in conjunction for a useful social purpose.
";}i:837;a:4:{s:4:"HREF";s:79:"http://www.readwriteweb.com/archives/the_rise_of_contextual_user_interfaces.php";s:8:"ADD_DATE";s:10:"1210878392";s:7:"PRIVATE";s:1:"0";s:4:"TAGS";s:39:"design,webdesign,ui,interface,usability";}i:838;a:4:{s:4:"HREF";s:412:"http://jobview.monster.co.uk/GetJob.aspx?JobID=71563157&JobTitle=Flash+Developer&q=actionscript&lid=12&lid=12&lid=12&lid=806&lid=35006&lid=35007&lid=35008&lid=35009&lid=35010&lid=35008&lid=806&lid=35010&lid=806&lnhash=12&lnhash=00DDA1F74232399D6DA5AC1634202BAA&lnhash=12&lnhash=47D40E97DCE1EF840A60E710668EFEA5&lnhash=12&lnhash=2C1D6D3B895299F5CB45C9C29896E3E4&cy=uk&vw=b&AVSDM=2008-05-13+00%3A26%3A00&pg=1&seq=3";s:8:"ADD_DATE";s:10:"1210878313";s:7:"PRIVATE";s:1:"1";s:4:"TAGS";s:4:"jobs";}i:839;a:4:{s:4:"HREF";s:463:"http://jobview.monster.co.uk/GetJob.aspx?JobID=71699783&JobTitle=Flash+Web+%26+Graphic+Designer+%2F+Actionscript+Developer%2C+Leeds&q=actionscript&lid=12&lid=12&lid=12&lid=806&lid=35006&lid=35007&lid=35008&lid=35009&lid=35010&lid=35008&lid=806&lid=35010&lid=806&lnhash=12&lnhash=00DDA1F74232399D6DA5AC1634202BAA&lnhash=12&lnhash=47D40E97DCE1EF840A60E710668EFEA5&lnhash=12&lnhash=2C1D6D3B895299F5CB45C9C29896E3E4&cy=uk&vw=b&AVSDM=2008-05-09+10%3A18%3A00&pg=1&seq=1";s:8:"ADD_DATE";s:10:"1210878268";s:7:"PRIVATE";s:1:"1";s:4:"TAGS";s:4:"jobs";}i:840;a:5:{s:4:"HREF";s:27:"http://www.sadtrombone.com/";s:8:"ADD_DATE";s:10:"1210763515";s:7:"PRIVATE";s:1:"0";s:4:"TAGS";s:24:"audio,humor,trombone,sad";s:7:"COMMENT";s:11:"a classic!
";}i:841;a:4:{s:4:"HREF";s:69:"http://www.reading.ac.uk/Study/courses/taught/mainformationdesign.asp";s:8:"ADD_DATE";s:10:"1210666915";s:7:"PRIVATE";s:1:"0";s:4:"TAGS";s:16:"education,design";}i:842;a:5:{s:4:"HREF";s:46:"http://www.iaonesheeters.com/iaonesheeters.asp";s:8:"ADD_DATE";s:10:"1210599124";s:7:"PRIVATE";s:1:"0";s:4:"TAGS";s:54:"communication,design,education,reference,documentation";s:7:"COMMENT";s:11:"Nice idea.
";}i:843;a:5:{s:4:"HREF";s:29:"http://www.google.com/transit";s:8:"ADD_DATE";s:10:"1210585108";s:7:"PRIVATE";s:1:"0";s:4:"TAGS";s:41:"google,travel,transit,maps,transportation";s:7:"COMMENT";s:35:"public transportation - go Google!
";}i:844;a:5:{s:4:"HREF";s:107:"https://www.ecogadgetshop.co.uk/ProductDetails.aspx?ProductCode=Current%20Cost%20Device%20(TEST)&Category=1";s:8:"ADD_DATE";s:10:"1210531360";s:7:"PRIVATE";s:1:"0";s:4:"TAGS";s:7:"ecology";s:7:"COMMENT";s:129:"Poors man's Wattson but still. We're with Scottish Hydro actually via USwitch because of their ecologicalness so there you go...
";}i:845;a:5:{s:4:"HREF";s:70:"http://gigaom.com/2008/04/17/pixars-brad-bird-on-fostering-innovation/";s:8:"ADD_DATE";s:10:"1210245511";s:7:"PRIVATE";s:1:"0";s:4:"TAGS";s:66:"business,communication,leadership,creativity,innovation,management";s:7:"COMMENT";s:126:"It seems counterintuitive, but for imagination-based companies to succeed in the long run, making money can’t be the focus.
";}i:846;a:5:{s:4:"HREF";s:30:"http://niceone.org/infodesign/";s:8:"ADD_DATE";s:10:"1210163558";s:7:"PRIVATE";s:1:"0";s:4:"TAGS";s:53:"design,visualization,patterns,information,charts,data";s:7:"COMMENT";s:33:"useful and very nicely presented
";}i:847;a:5:{s:4:"HREF";s:77:"http://www.geocities.com/olafstapledon_archive/darknesslight_index.html?20087";s:8:"ADD_DATE";s:10:"1210161287";s:7:"PRIVATE";s:1:"0";s:4:"TAGS";s:6:"toread";s:7:"COMMENT";s:7:"a book
";}i:848;a:4:{s:4:"HREF";s:87:"http://interactivehug.com/2008/04/12/your-ticket-to-success-a-killer-portfolio/#more-85";s:8:"ADD_DATE";s:10:"1210066877";s:7:"PRIVATE";s:1:"0";s:4:"TAGS";s:27:"design,flash,work,portfolio";}i:849;a:5:{s:4:"HREF";s:32:"http://whitevoid.com/application";s:8:"ADD_DATE";s:10:"1209737098";s:7:"PRIVATE";s:1:"0";s:4:"TAGS";s:31:"inspiration,papervision3d,flash";s:7:"COMMENT";s:32:"papervision site - 3d interface
";}i:850;a:5:{s:4:"HREF";s:45:"http://www.analogduck.com/main/explorer_hangs";s:8:"ADD_DATE";s:10:"1209632142";s:7:"PRIVATE";s:1:"0";s:4:"TAGS";s:52:"howto,windows,explorer,reference,tech,tips,processes";s:7:"COMMENT";s:98:"more bits of windows you might want to turn off to try and get the damn thing to ACTUALLY WORK!!!
";}i:851;a:5:{s:4:"HREF";s:48:"http://www.nhk.or.jp/professional/mogi_moja.html";s:8:"ADD_DATE";s:10:"1209563731";s:7:"PRIVATE";s:1:"0";s:4:"TAGS";s:14:"cool,flash,fun";s:7:"COMMENT";s:20:"This is wondeful!!!
";}i:852;a:5:{s:4:"HREF";s:26:"http://designmeltdown.com/";s:8:"ADD_DATE";s:10:"1209541169";s:7:"PRIVATE";s:1:"0";s:4:"TAGS";s:28:"design,inspiration,reference";s:7:"COMMENT";s:20:"Design inspiration.
";}i:853;a:4:{s:4:"HREF";s:53:"http://downlode.org/Etext/Patterns/index.html#group31";s:8:"ADD_DATE";s:10:"1209462045";s:7:"PRIVATE";s:1:"0";s:4:"TAGS";s:6:"design";}i:854;a:5:{s:4:"HREF";s:62:"http://www.guardian.co.uk/science/2008/apr/26/universe.physics";s:8:"ADD_DATE";s:10:"1209371169";s:7:"PRIVATE";s:1:"0";s:4:"TAGS";s:59:"articles,astronomy,physics,space,cosmology,universe,science";s:7:"COMMENT";s:6:"Nuts!
";}i:855;a:4:{s:4:"HREF";s:85:"http://blogs.guardian.co.uk/digitalcontent/2008/04/guardian_viral_video_chart_63.html";s:8:"ADD_DATE";s:10:"1209239515";s:7:"PRIVATE";s:1:"0";s:4:"TAGS";s:7:"towatch";}i:856;a:5:{s:4:"HREF";s:83:"http://kevin.vanzonneveld.net/techblog/article/javascript_equivalent_for_phps_trim/";s:8:"ADD_DATE";s:10:"1209051800";s:7:"PRIVATE";s:1:"0";s:4:"TAGS";s:27:"javascript,php,actionscript";s:7:"COMMENT";s:36:"Probably works in ActionScript too!
";}i:857;a:5:{s:4:"HREF";s:36:"http://www.thegillroydparade.org.uk/";s:8:"ADD_DATE";s:10:"1209030504";s:7:"PRIVATE";s:1:"0";s:4:"TAGS";s:20:"friend,music,kev,rob";s:7:"COMMENT";s:32:"folk-country-scifi-gospel music
";}i:858;a:4:{s:4:"HREF";s:76:"http://www.smashingmagazine.com/2008/02/25/breathtaking-typographic-posters/";s:8:"ADD_DATE";s:10:"1209028061";s:7:"PRIVATE";s:1:"0";s:4:"TAGS";s:0:"";}i:859;a:5:{s:4:"HREF";s:60:"http://www.flashmagazine.com/news/detail/fitc_award_winners/";s:8:"ADD_DATE";s:10:"1208976600";s:7:"PRIVATE";s:1:"0";s:4:"TAGS";s:15:"work,flash,jobs";s:7:"COMMENT";s:36:"Good list of Flash studio/agencies.
";}i:860;a:5:{s:4:"HREF";s:26:"http://oo5.whatiminto.com/";s:8:"ADD_DATE";s:10:"1208877551";s:7:"PRIVATE";s:1:"0";s:4:"TAGS";s:31:"api,cool,mashup,reviews,twitter";s:7:"COMMENT";s:87:"Things reviewed through Twitter - just put @oo5 <name> <score> <comment> and it works.
";}i:861;a:5:{s:4:"HREF";s:70:"http://lifehacker.com/379328/analyze-your-email-usage-with-mail-trends";s:8:"ADD_DATE";s:10:"1208854986";s:7:"PRIVATE";s:1:"0";s:4:"TAGS";s:54:"analysis,articles,email,gmail,statistics,python,trends";s:7:"COMMENT";s:52:"Must do this when I get a moment. Looks cool to me.
";}i:862;a:4:{s:4:"HREF";s:79:"http://www.fabianvercuiel.com/installing-papervision3d-on-flash-and-flex-19.htm";s:8:"ADD_DATE";s:10:"1208792249";s:7:"PRIVATE";s:1:"0";s:4:"TAGS";s:41:"actionscript,flash,tutorial,papervision3d";}i:863;a:5:{s:4:"HREF";s:32:"http://www.asual.com/swfaddress/";s:8:"ADD_DATE";s:10:"1208787357";s:7:"PRIVATE";s:1:"0";s:4:"TAGS";s:62:"actionscript,ajax,actionscript3,as3,javascript,flash,swfobject";s:7:"COMMENT";s:108:"I've been dealing (perhaps niavely) with this problem - should have known someone else woudl have been too.
";}i:864;a:5:{s:4:"HREF";s:40:"http://code.google.com/p/kitchensynclib/";s:8:"ADD_DATE";s:10:"1208787115";s:7:"PRIVATE";s:1:"0";s:4:"TAGS";s:41:"actionscript,as3,flash,library,opensource";s:7:"COMMENT";s:29:"Sequencing animations in AS3
";}i:865;a:5:{s:4:"HREF";s:59:"http://www.gramophone.co.uk/recrecordings.asp?action=search";s:8:"ADD_DATE";s:10:"1208774646";s:7:"PRIVATE";s:1:"0";s:4:"TAGS";s:5:"music";s:7:"COMMENT";s:55:"Which versions of classical music recordings are best.
";}i:866;a:5:{s:4:"HREF";s:45:"http://www.1001freefonts.com/modern-fonts.htm";s:8:"ADD_DATE";s:10:"1208509575";s:7:"PRIVATE";s:1:"0";s:4:"TAGS";s:5:"fonts";s:7:"COMMENT";s:22:"SOme more free fonts.
";}i:867;a:4:{s:4:"HREF";s:33:"http://www.krazydad.com/bestiary/";s:8:"ADD_DATE";s:10:"1207924181";s:7:"PRIVATE";s:1:"0";s:4:"TAGS";s:18:"actionscript,flash";}i:868;a:5:{s:4:"HREF";s:37:"http://pyamf.org/wiki/GoogleAppEngine";s:8:"ADD_DATE";s:10:"1207921597";s:7:"PRIVATE";s:1:"0";s:4:"TAGS";s:26:"gae,python,pyamf,amf,flash";s:7:"COMMENT";s:50:"It's the latest thing. Must get to grips with it.
";}i:869;a:4:{s:4:"HREF";s:42:"http://www.youtube.com/watch?v=3uns_cTgOU8";s:8:"ADD_DATE";s:10:"1207834448";s:7:"PRIVATE";s:1:"0";s:4:"TAGS";s:23:"video,jaques_brel,music";}i:870;a:5:{s:4:"HREF";s:25:"http://sprungstudios.com/";s:8:"ADD_DATE";s:10:"1207819263";s:7:"PRIVATE";s:1:"0";s:4:"TAGS";s:18:"design,people,work";s:7:"COMMENT";s:14:"James Chaytor
";}i:871;a:5:{s:4:"HREF";s:28:"http://www.susanstriker.com/";s:8:"ADD_DATE";s:10:"1207817957";s:7:"PRIVATE";s:1:"0";s:4:"TAGS";s:18:"art,colouring,kids";s:7:"COMMENT";s:38:"nice - for when they're older though.
";}i:872;a:5:{s:4:"HREF";s:66:"http://www.itjobswatch.co.uk/jobs/west%20yorkshire/actionscript.do";s:8:"ADD_DATE";s:10:"1207770061";s:7:"PRIVATE";s:1:"0";s:4:"TAGS";s:9:"jobs,work";s:7:"COMMENT";s:13:"Interesting.
";}i:873;a:5:{s:4:"HREF";s:45:"http://en.wikipedia.org/wiki/Shappi_Khorsandi";s:8:"ADD_DATE";s:10:"1207565866";s:7:"PRIVATE";s:1:"0";s:4:"TAGS";s:9:"comedy,uk";s:7:"COMMENT";s:42:"Heard her on the Now Show - sounded good.
";}i:874;a:5:{s:4:"HREF";s:69:"http://www.guardian.co.uk/crossword/howto/rules/0,4406,210643,00.html";s:8:"ADD_DATE";s:10:"1207305528";s:7:"PRIVATE";s:1:"0";s:4:"TAGS";s:27:"crosswords,cryptic,guardian";s:7:"COMMENT";s:40:"Bar of soap (3,6,6) = THE ROVERS RETURN
";}i:875;a:5:{s:4:"HREF";s:65:"http://www.thecanadianpress.com/news_and_information.aspx?id=122&";s:8:"ADD_DATE";s:10:"1207305479";s:7:"PRIVATE";s:1:"0";s:4:"TAGS";s:10:"crosswords";s:7:"COMMENT";s:126:"Cryptic:  It means nothing in court (4) Answer: LOVE (“court” here means the tennis court where love = 0) - arrrrrrrgh! I
";}i:876;a:5:{s:4:"HREF";s:71:"http://www.guardian.co.uk/crossword/howto/example/0,4406,210674,00.html";s:8:"ADD_DATE";s:10:"1207304552";s:7:"PRIVATE";s:1:"0";s:4:"TAGS";s:16:"crosswords,clues";s:7:"COMMENT";s:79:"Aha! I like this. Why do the answers to crossword clues often make me chuckle?
";}i:877;a:5:{s:4:"HREF";s:49:"http://www.anandnatrajan.com/FAQs/crosswords.html";s:8:"ADD_DATE";s:10:"1207304508";s:7:"PRIVATE";s:1:"0";s:4:"TAGS";s:28:"reference,cryptic,crosswords";s:7:"COMMENT";s:78:"mwah ha ha ha - solving crosswords is part of my quest for global domination!
";}i:878;a:5:{s:4:"HREF";s:35:"http://www.visualcomplexity.com/vc/";s:8:"ADD_DATE";s:10:"1207299910";s:7:"PRIVATE";s:1:"0";s:4:"TAGS";s:47:"analysis,art,visualization,information,graphics";s:7:"COMMENT";s:50:"A visual exploration on mapping complex networks.
";}i:879;a:5:{s:4:"HREF";s:29:"http://del.icio.us/tero/grids";s:8:"ADD_DATE";s:10:"1207126597";s:7:"PRIVATE";s:1:"0";s:4:"TAGS";s:19:"tero,grid,webdesign";s:7:"COMMENT";s:127:"Tero's grid bookmarks - he seems to be be building a large collection and I can't be bothered bookmarking them all myself! ;-)
";}i:880;a:5:{s:4:"HREF";s:63:"http://flickr.com/groups/flickrideas/discuss/72157604282140434/";s:8:"ADD_DATE";s:10:"1207049414";s:7:"PRIVATE";s:1:"0";s:4:"TAGS";s:30:"flickr,google,utilities,picasa";s:7:"COMMENT";s:19:"That'll do nicely.
";}i:881;a:5:{s:4:"HREF";s:69:"http://www.openthefuture.com/2008/03/please_dont_kick_the_robots.html";s:8:"ADD_DATE";s:10:"1207049252";s:7:"PRIVATE";s:1:"0";s:4:"TAGS";s:35:"culture,psychology,robot,technology";s:7:"COMMENT";s:123:"Utterly nuts, the way this robot moves is eerily animal like. Watching it kicked or slipping on ice is actually upsetting!
";}i:882;a:5:{s:4:"HREF";s:53:"http://nedbatchelder.com/blog/200803/active_urls.html";s:8:"ADD_DATE";s:10:"1207048526";s:7:"PRIVATE";s:1:"0";s:4:"TAGS";s:51:"cool,design,interesting,fun,internet,urls,webdesign";s:7:"COMMENT";s:39:"I like this idea. I think it has legs.
";}i:883;a:5:{s:4:"HREF";s:82:"http://www.jamesfairhurst.co.uk/posts/view/creating_an_admin_section_with_cakephp/";s:8:"ADD_DATE";s:10:"1207040092";s:7:"PRIVATE";s:1:"0";s:4:"TAGS";s:22:"cakephp,tutorial,admin";s:7:"COMMENT";s:101:"Nice little tutorial about creating an admin system in cakephp and the built in admin routing stuff.
";}i:884;a:5:{s:4:"HREF";s:99:"http://www.adaptivepath.com/blog/2008/03/27/conversation-with-matt-jones-co-founderdesigner-dopplr/";s:8:"ADD_DATE";s:10:"1206963001";s:7:"PRIVATE";s:1:"0";s:4:"TAGS";s:31:"design,interview,process,dopplr";s:7:"COMMENT";s:58:"Interesting interview where I first heard of Rescue Time.
";}i:885;a:5:{s:4:"HREF";s:26:"http://flood.firetree.net/";s:8:"ADD_DATE";s:10:"1206647988";s:7:"PRIVATE";s:1:"0";s:4:"TAGS";s:54:"climate,cool,data,environment,future,googlemaps,mashup";s:7:"COMMENT";s:71:"A google maps hack showing how sea level rises would effect countries.
";}i:886;a:5:{s:4:"HREF";s:28:"http://www.xk72.com/charles/";s:8:"ADD_DATE";s:10:"1206474656";s:7:"PRIVATE";s:1:"0";s:4:"TAGS";s:90:"actionscript,ajax,apache,bandwidth,coding,flash,programming,debugging,proxy,http,tools,web";s:7:"COMMENT";s:63:"Come on, admit it, you've always wanted a tool called Charles.
";}i:887;a:5:{s:4:"HREF";s:72:"http://www.openthefuture.com/2008/03/superempowered_hopeful_individ.html";s:8:"ADD_DATE";s:10:"1206435869";s:7:"PRIVATE";s:1:"0";s:4:"TAGS";s:19:"activism,technology";s:7:"COMMENT";s:8:"hopeful
";}i:888;a:5:{s:4:"HREF";s:26:"http://www.flickrbits.com/";s:8:"ADD_DATE";s:10:"1205955792";s:7:"PRIVATE";s:1:"0";s:4:"TAGS";s:6:"flickr";s:7:"COMMENT";s:13:"flickr stuff
";}i:889;a:5:{s:4:"HREF";s:29:"http://www.trueknowledge.com/";s:8:"ADD_DATE";s:10:"1205844529";s:7:"PRIVATE";s:1:"0";s:4:"TAGS";s:57:"britain,company,google,semantic,search,knowledge,language";s:7:"COMMENT";s:24:"Oooooh you go guys! ;-)
";}i:890;a:5:{s:4:"HREF";s:74:"http://gallery.live.com/Author.aspx?a=6f7e2867-ca44-40ee-8a96-8c1c3a4b7b6a";s:8:"ADD_DATE";s:10:"1205490979";s:7:"PRIVATE";s:1:"0";s:4:"TAGS";s:28:"gadgets,orange,widgets,vista";s:7:"COMMENT";s:33:"Orange's Vista Gadgets it seems.
";}i:891;a:5:{s:4:"HREF";s:70:"http://www.bbc.co.uk/history/interactive/timelines/british/index.shtml";s:8:"ADD_DATE";s:10:"1205486793";s:7:"PRIVATE";s:1:"0";s:4:"TAGS";s:58:"reference,britain,flash,bbc,visualization,timeline,history";s:7:"COMMENT";s:100:"Wonderful. If you ever want to get an overall picture of history this is an excellent way to do it.
";}i:892;a:5:{s:4:"HREF";s:55:"http://www.time.com/time/covers/20061030/where_we_live/";s:8:"ADD_DATE";s:10:"1205486536";s:7:"PRIVATE";s:1:"0";s:4:"TAGS";s:67:"art,data,design,education,demographics,population,visualization,map";s:7:"COMMENT";s:101:"Stunning map of US population. Gave me a completely new view of the country and how it's inhabitied.
";}i:893;a:4:{s:4:"HREF";s:83:"http://www.layersmagazine.com/flash-xfl-and-a-look-back-to-the-future-of-flash.html";s:8:"ADD_DATE";s:10:"1205481650";s:7:"PRIVATE";s:1:"0";s:4:"TAGS";s:7:"towatch";}i:894;a:4:{s:4:"HREF";s:19:"http://psdtuts.com/";s:8:"ADD_DATE";s:10:"1205407281";s:7:"PRIVATE";s:1:"0";s:4:"TAGS";s:53:"photoshop,tutorials,design,graphics,inspiration,howto";}i:895;a:5:{s:4:"HREF";s:55:"http://stuffthathappens.com/blog/2008/03/05/simplicity/";s:8:"ADD_DATE";s:10:"1205405616";s:7:"PRIVATE";s:1:"0";s:4:"TAGS";s:49:"usability,design,humor,simplicity,ui,apple,google";s:7:"COMMENT";s:4:"yes
";}i:896;a:5:{s:4:"HREF";s:74:"http://whythatsdelightful.wordpress.com/2008/03/04/help-johnny-the-lurker/";s:8:"ADD_DATE";s:10:"1205340271";s:7:"PRIVATE";s:1:"0";s:4:"TAGS";s:6:"comics";s:7:"COMMENT";s:22:"Comics recommedations
";}i:897;a:5:{s:4:"HREF";s:46:"http://flashforwardconference.com/past_winners";s:8:"ADD_DATE";s:10:"1205313677";s:7:"PRIVATE";s:1:"0";s:4:"TAGS";s:18:"flash,actionscript";s:7:"COMMENT";s:45:"Probably a good source of interesting Flash.
";}i:898;a:5:{s:4:"HREF";s:80:"http://www.mikechambers.com/blog/2008/03/07/adobe-air-express-install-resources/";s:8:"ADD_DATE";s:10:"1205184487";s:7:"PRIVATE";s:1:"0";s:4:"TAGS";s:24:"air,reference,tips,adobe";s:7:"COMMENT";s:111:"Worth rememebering for whenever it actually is that I finally get round to doing something, anything with AIR.
";}i:899;a:5:{s:4:"HREF";s:69:"http://rellyannettbaker.typepad.com/blog/2008/03/ipswich-hospita.html";s:8:"ADD_DATE";s:10:"1205155986";s:7:"PRIVATE";s:1:"0";s:4:"TAGS";s:17:"bullying,hospital";s:7:"COMMENT";s:5:"ugh!
";}i:900;a:5:{s:4:"HREF";s:84:"http://www.furnituretoday.co.uk/acatalog/tampica_dark_wood_cubed_nest_of_tables.html";s:8:"ADD_DATE";s:10:"1204920935";s:7:"PRIVATE";s:1:"0";s:4:"TAGS";s:21:"furniture,tables,nest";s:7:"COMMENT";s:21:"Nice nest of tables.
";}i:901;a:5:{s:4:"HREF";s:38:"http://www.myakka.co.uk/Furniture.aspx";s:8:"ADD_DATE";s:10:"1204920038";s:7:"PRIVATE";s:1:"0";s:4:"TAGS";s:16:"furniture,indian";s:7:"COMMENT";s:22:"Nice indian furniture
";}i:902;a:5:{s:4:"HREF";s:52:"http://tech.niques.info/itunes-podcast-to-plain-mp3/";s:8:"ADD_DATE";s:10:"1204717971";s:7:"PRIVATE";s:1:"0";s:4:"TAGS";s:14:"podcast,itunes";s:7:"COMMENT";s:169:"This is something which I've been wanting to figure out for so long that it actually aches my brain to try and remember. Thank god I've found a solution. Thank you god!
";}i:903;a:5:{s:4:"HREF";s:45:"http://www.adobe.com/products/air/tools/ajax/";s:8:"ADD_DATE";s:10:"1204143325";s:7:"PRIVATE";s:1:"0";s:4:"TAGS";s:32:"adobe,ajax,tools,air,dreamweaver";s:7:"COMMENT";s:34:"AIR apps creation in Dreamweaver.
";}i:904;a:5:{s:4:"HREF";s:103:"http://www.scottgmorgan.com/blog/index.php/2007/12/20/ondragover-ondragout-and-onreleaseoutside-in-as3/";s:8:"ADD_DATE";s:10:"1204142679";s:7:"PRIVATE";s:1:"0";s:4:"TAGS";s:27:"flash,as3,drag,actionscript";s:7:"COMMENT";s:40:"Userful solution to this problem in AS3
";}i:905;a:5:{s:4:"HREF";s:66:"http://www.gskinner.com/blog/archives/2007/12/colormatrix_upd.html";s:8:"ADD_DATE";s:10:"1204101807";s:7:"PRIVATE";s:1:"0";s:4:"TAGS";s:88:"actionscript3,as3,code,color,flash,graphics,image,colormatrix,library,class,actionscript";s:7:"COMMENT";s:146:"Altering the brightness, contrast, hue and saturation in AS3 using the ColorMatrixFilter but nly made nice and easy by the wonderful gskinner ;-)
";}i:906;a:4:{s:4:"HREF";s:73:"http://www.collisiondetection.net/mt/archives/2008/02/_two_years_ago.html";s:8:"ADD_DATE";s:10:"1204040351";s:7:"PRIVATE";s:1:"0";s:4:"TAGS";s:40:"games,ideas,psychology,play,gaming,death";}i:907;a:5:{s:4:"HREF";s:49:"http://www.telepocalypse.net/archives/001107.html";s:8:"ADD_DATE";s:10:"1203934062";s:7:"PRIVATE";s:1:"0";s:4:"TAGS";s:26:"work,orange,website,design";s:7:"COMMENT";s:9:"So true.
";}i:908;a:5:{s:4:"HREF";s:73:"http://communities-dominate.blogs.com/brands/2007/02/mobile_the_7th_.html";s:8:"ADD_DATE";s:10:"1203514435";s:7:"PRIVATE";s:1:"0";s:4:"TAGS";s:61:"blog,community,cellphones,future,internet,mobile,media,trends";s:7:"COMMENT";s:53:"Interseting article about why mobile is different...
";}i:909;a:5:{s:4:"HREF";s:51:"http://brighton.ncsa.uiuc.edu/prajlich/forster.html";s:8:"ADD_DATE";s:10:"1203514024";s:7:"PRIVATE";s:1:"0";s:4:"TAGS";s:60:"toread,computer,books,history,ideas,literature,story,fiction";s:7:"COMMENT";s:230:"Anybody who uses the Internet should read E.M. Forster's The Machine Stops. It is a chilling, short story masterpiece about the role of technology in our lives. Written in 1909, it's as relevant today as the day it was published.
";}i:910;a:5:{s:4:"HREF";s:48:"http://www.adobe.com/products/flashlite/version/";s:8:"ADD_DATE";s:10:"1203448678";s:7:"PRIVATE";s:1:"0";s:4:"TAGS";s:28:"flashlite,adobe,actionscript";s:7:"COMMENT";s:91:"Interesting to note that Flash Lite 3 doesn't really do too much more than Flash Lite 2.1.
";}i:911;a:5:{s:4:"HREF";s:51:"http://www.brightcove.tv/title.jsp?title=1414327695";s:8:"ADD_DATE";s:10:"1203154882";s:7:"PRIVATE";s:1:"0";s:4:"TAGS";s:47:"interaction,dopplr,matt_jones,talk,presentation";s:7:"COMMENT";s:74:"Matt Jones talk from Interaction Design Assoc. conference (or something).
";}i:912;a:5:{s:4:"HREF";s:77:"http://infosthetics.com/archives/2008/02/saverclip_electricity_usage_pin.html";s:8:"ADD_DATE";s:10:"1202817171";s:7:"PRIVATE";s:1:"0";s:4:"TAGS";s:59:"ambient_data,data,sustainability,visualization,power,design";s:7:"COMMENT";s:114:"a conceptual design of a clothespin-like device that reads electric usage on any power cable it’s clipped onto.
";}i:913;a:5:{s:4:"HREF";s:73:"http://www.zephoria.org/thoughts/archives/2008/02/08/a_google_horror.html";s:8:"ADD_DATE";s:10:"1202817118";s:7:"PRIVATE";s:1:"0";s:4:"TAGS";s:71:"articles,data,future,gmail,google,technology,security,identity,phishing";s:7:"COMMENT";s:156:"Very interesting and scary. I have stored a lot of stuff online for a number of reasons and the idea of suddenly loosing it all would be a serious problem.
";}i:914;a:5:{s:4:"HREF";s:38:"http://developer.yahoo.com/flash/maps/";s:8:"ADD_DATE";s:10:"1202816119";s:7:"PRIVATE";s:1:"0";s:4:"TAGS";s:57:"actionscript,api,as3,development,flash,library,yahoo,maps";s:7:"COMMENT";s:158:"This looks cool and very handy if you need to do that kind of thing. I got all excited and then personally couldn't think of anything I could do with it. ;-)
";}i:915;a:5:{s:4:"HREF";s:78:"http://www.smithsonianmag.com/arts-culture/funny-martin-200802.html?c=y&page=1";s:8:"ADD_DATE";s:10:"1202737646";s:7:"PRIVATE";s:1:"0";s:4:"TAGS";s:60:"articles,books,comedians,comedy,creativity,fun,humor,writing";s:7:"COMMENT";s:96:"Steve Martin - excellent biographical article about his act. I want to read the whole book now!
";}i:916;a:5:{s:4:"HREF";s:41:"http://www.myspace.com/lightspeedchampion";s:8:"ADD_DATE";s:10:"1202671742";s:7:"PRIVATE";s:1:"0";s:4:"TAGS";s:18:"blog,myspace,music";s:7:"COMMENT";s:8:"via Jim
";}i:917;a:5:{s:4:"HREF";s:125:"http://www.dabs.com/productview.aspx?Quicklinx=4P7G&CategorySelectedId=11109&PageMode=1&NavigationKey=11109,49800000,44710000";s:8:"ADD_DATE";s:10:"1202476646";s:7:"PRIVATE";s:1:"0";s:4:"TAGS";s:17:"monitors,shopping";s:7:"COMMENT";s:8:"Monitor
";}i:918;a:5:{s:4:"HREF";s:135:"http://www.dabs.com/ProductView.aspx?Quicklinx=4NXX&CategorySelectedId=11109&PageMode=1&NavigationKey=11109,49800000,44710000&InMerch=1";s:8:"ADD_DATE";s:10:"1202476614";s:7:"PRIVATE";s:1:"0";s:4:"TAGS";s:17:"monitors,shopping";s:7:"COMMENT";s:8:"Monitor
";}i:919;a:4:{s:4:"HREF";s:87:"http://creativegeneralist.blogspot.com/2008/02/what-specifically-do-generalists-do.html";s:8:"ADD_DATE";s:10:"1202476399";s:7:"PRIVATE";s:1:"0";s:4:"TAGS";s:68:"creativity,ideas,generalism,culture,thinking,generalists,interesting";}i:920;a:5:{s:4:"HREF";s:40:"http://siege.org/projects/phpMyID/#usage";s:8:"ADD_DATE";s:10:"1202473118";s:7:"PRIVATE";s:1:"0";s:4:"TAGS";s:21:"web,openid,php,server";s:7:"COMMENT";s:24:"This looks interesting.
";}i:921;a:5:{s:4:"HREF";s:50:"http://ifyoulikeitsomuchwhydontyougolivethere.com/";s:8:"ADD_DATE";s:10:"1202401078";s:7:"PRIVATE";s:1:"0";s:4:"TAGS";s:73:"blog,comedy,funny,interesting,news,politics,comments,humour,for:deanmetal";s:7:"COMMENT";s:7:"hehehe
";}i:922;a:5:{s:4:"HREF";s:23:"http://www.flv2mp3.com/";s:8:"ADD_DATE";s:10:"1202389849";s:7:"PRIVATE";s:1:"0";s:4:"TAGS";s:79:"audio,convert,converter,flash,flv,free,mp3,youtube,tools,for:deanmetal,for:tero";s:7:"COMMENT";s:72:"Hoohoohoo! this is cool. can't be right or legal but very cool. youtube
";}i:923;a:5:{s:4:"HREF";s:47:"http://schulzeandwebb.com/2008/movement/slides/";s:8:"ADD_DATE";s:10:"1202387978";s:7:"PRIVATE";s:1:"0";s:4:"TAGS";s:47:"design,hardware,patterns,presentation,webdesign";s:7:"COMMENT";s:62:"Excellent - very interesting, thought provoking and relevant.
";}i:924;a:5:{s:4:"HREF";s:32:"http://www.seenly.com/seenly.php";s:8:"ADD_DATE";s:10:"1202131178";s:7:"PRIVATE";s:1:"0";s:4:"TAGS";s:43:"effects,flash,fun,photography,webcam,camera";s:7:"COMMENT";s:132:"webcam snapper - seems a bit like the thing you get with macs - without the full screen flash of course, but still  - pretty nifty.
";}i:925;a:5:{s:4:"HREF";s:43:"http://actionscript3libraries.riaforge.org/";s:8:"ADD_DATE";s:10:"1202128635";s:7:"PRIVATE";s:1:"0";s:4:"TAGS";s:88:"actionscript,actionscript3,as3,code,cs3,development,programming,opensource,library,flash";s:7:"COMMENT";s:51:"Yes, I will come back to this certainly. Forsooth.
";}i:926;a:5:{s:4:"HREF";s:87:"http://mobileopportunity.blogspot.com/2008/02/how-to-beat-google-and-why-microsoft.html";s:8:"ADD_DATE";s:10:"1202122131";s:7:"PRIVATE";s:1:"0";s:4:"TAGS";s:40:"news,yahoo,microsoft,technology,business";s:7:"COMMENT";s:99:"Interesting article. I don't like the idea of Microsoft owning Yahoo!, it doesn't sit right to me.
";}i:927;a:5:{s:4:"HREF";s:29:"http://www.worldometers.info/";s:8:"ADD_DATE";s:10:"1201941732";s:7:"PRIVATE";s:1:"0";s:4:"TAGS";s:74:"data,ecology,world,reference,statistics,population,interesting,environment";s:7:"COMMENT";s:10:"excellent
";}i:928;a:5:{s:4:"HREF";s:81:"http://www.smashingmagazine.com/2008/01/31/10-principles-of-effective-web-design/";s:8:"ADD_DATE";s:10:"1201857379";s:7:"PRIVATE";s:1:"0";s:4:"TAGS";s:25:"articles,webdesign,design";s:7:"COMMENT";s:66:"I'll come back and have a look at this some time - just to check.
";}i:929;a:5:{s:4:"HREF";s:75:"http://www.orange.com/en_EN/group/global_footprint/countries/uk/uk-lab.html";s:8:"ADD_DATE";s:10:"1201790410";s:7:"PRIVATE";s:1:"0";s:4:"TAGS";s:16:"orange,work,ftrd";s:7:"COMMENT";s:20:"in Chiswick - FTR&D
";}i:930;a:5:{s:4:"HREF";s:40:"http://chrishecker.com/The_Good_Old_Days";s:8:"ADD_DATE";s:10:"1201682847";s:7:"PRIVATE";s:1:"0";s:4:"TAGS";s:44:"creativity,sustainability,toys,branding,tone";s:7:"COMMENT";s:87:"friendly refreshing straightforward honest - that's nearly the whole set right there!!
";}i:931;a:5:{s:4:"HREF";s:33:"http://www.senocular.com/?id=2.22";s:8:"ADD_DATE";s:10:"1201681194";s:7:"PRIVATE";s:1:"0";s:4:"TAGS";s:22:"actionscript,as3,flash";s:7:"COMMENT";s:66:"Tweening engine  - haven't tried it but it might be worth a look.
";}i:932;a:5:{s:4:"HREF";s:43:"http://www.addictinggames.com/untangle.html";s:8:"ADD_DATE";s:10:"1201511313";s:7:"PRIVATE";s:1:"0";s:4:"TAGS";s:15:"flash,fun,games";s:7:"COMMENT";s:10:"Arrrrrrgh
";}i:933;a:5:{s:4:"HREF";s:30:"http://www.freemanholland.com/";s:8:"ADD_DATE";s:10:"1201440461";s:7:"PRIVATE";s:1:"0";s:4:"TAGS";s:26:"branding,design,web,friend";s:7:"COMMENT";s:19:"Gav's new company.
";}i:934;a:5:{s:4:"HREF";s:113:"http://www.jivesoftware.com/community/blogs/jivetalks/2008/01/24/xmpp-aka-jabber-is-the-future-for-cloud-services";s:8:"ADD_DATE";s:10:"1201440289";s:7:"PRIVATE";s:1:"0";s:4:"TAGS";s:38:"architecture,xmpp,jabber,cloud,saas,im";s:7:"COMMENT";s:15:"Interesting...
";}i:935;a:5:{s:4:"HREF";s:38:"http://code.new-bamboo.co.uk/polypage/";s:8:"ADD_DATE";s:10:"1201174969";s:7:"PRIVATE";s:1:"0";s:4:"TAGS";s:36:"design,html,presentation,prototyping";s:7:"COMMENT";s:44:"Nice - might be a neat help for prototyping
";}i:936;a:5:{s:4:"HREF";s:216:"http://216.239.59.104/search?q=cache:cHvssqxCNusJ:kb.adobe.com/selfservice/documentLink.do%3FmicrositeId%3DMS_Customer%26externalID%3D332947+INdesign+CS2+dual+monitor+problem&hl=en&ct=clnk&cd=1&gl=uk&client=firefox-a";s:8:"ADD_DATE";s:10:"1200930726";s:7:"PRIVATE";s:1:"0";s:4:"TAGS";s:40:"indesign,bugs,monitors,dialogues,windows";s:7:"COMMENT";s:240:"Yes if you go from dual-monitor to single  monitor InDesign doesn't realise that the second monitor isn't there anymore and places dialogue boxes in the empty space where it should have been. Windows realsies but InDesign doesn't. Amazing.
";}i:937;a:5:{s:4:"HREF";s:112:"http://www.themorningnews.org/archives/personal_essays/please_spool_to_end_of_tape_before_playing_other_side.php";s:8:"ADD_DATE";s:10:"1200691071";s:7:"PRIVATE";s:1:"0";s:4:"TAGS";s:0:"";s:7:"COMMENT";s:192:""The objects are cheap plastic tat; as it always should, the music matters most" - I like that :-) we too often hear people banging on about how the object was so important back in the day...
";}i:938;a:5:{s:4:"HREF";s:80:"http://www.coroflot.com/creativeseeds/2008/01/sidestep_interaction_designers.asp";s:8:"ADD_DATE";s:10:"1200690592";s:7:"PRIVATE";s:1:"0";s:4:"TAGS";s:50:"design,interaction,ixd,usability,articles,designer";s:7:"COMMENT";s:12:"is that me?
";}i:939;a:5:{s:4:"HREF";s:62:"http://www.zefrank.com/zesblog/archives/2008/01/overheard.html";s:8:"ADD_DATE";s:10:"1200575656";s:7:"PRIVATE";s:1:"0";s:4:"TAGS";s:21:"user_generate_content";s:7:"COMMENT";s:4:"lol
";}i:940;a:5:{s:4:"HREF";s:58:"http://blog.pixelbreaker.com/flash/as30-memory-monitoring/";s:8:"ADD_DATE";s:10:"1200418443";s:7:"PRIVATE";s:1:"0";s:4:"TAGS";s:38:"as3,flash,development,memory,resources";s:7:"COMMENT";s:37:"monitoring memory usage in Flash AS3
";}i:941;a:5:{s:4:"HREF";s:59:"http://boards.straightdope.com/sdmb/showthread.php?t=448717";s:8:"ADD_DATE";s:10:"1200315103";s:7:"PRIVATE";s:1:"0";s:4:"TAGS";s:61:"torture,waterboarding,politics,psychology,war,bush,experiment";s:7:"COMMENT";s:7:"yikes!
";}i:942;a:5:{s:4:"HREF";s:57:"http://www.guardian.co.uk/technology/2008/jan/14/facebook";s:8:"ADD_DATE";s:10:"1200301921";s:7:"PRIVATE";s:1:"0";s:4:"TAGS";s:90:"advertising,community,conspiracy,facebook,guardian,interesting,privacy,technology,politics";s:7:"COMMENT";s:53:"Oooh they're all stinking right wingers! The swines!
";}i:943;a:5:{s:4:"HREF";s:42:"http://www.thesea.ecsd.net/sea%20songs.htm";s:8:"ADD_DATE";s:10:"1200061434";s:7:"PRIVATE";s:1:"0";s:4:"TAGS";s:12:"songs,lyrics";s:7:"COMMENT";s:39:"Yay - they've got Sons of the Sea too!
";}i:944;a:5:{s:4:"HREF";s:53:"http://www.bigfooty.com/forum/showthread.php?t=187435";s:8:"ADD_DATE";s:10:"1200061173";s:7:"PRIVATE";s:1:"0";s:4:"TAGS";s:17:"songs,lyrics,kids";s:7:"COMMENT";s:104:"The lyrics of Sons of the Sea preserved for all enternity on a website about autrailian rules rootball?
";}i:945;a:5:{s:4:"HREF";s:67:"http://www.news.com.au/heraldsun/story/0,21985,22556281-661,00.html";s:8:"ADD_DATE";s:10:"1199982829";s:7:"PRIVATE";s:1:"0";s:4:"TAGS";s:49:"brain,psychology,illusion,science,fun,interesting";s:7:"COMMENT";s:11:"clockwise!
";}i:946;a:5:{s:4:"HREF";s:68:"http://www.ninakatchadourian.com/languagetranslation/sortedbooks.php";s:8:"ADD_DATE";s:10:"1199972703";s:7:"PRIVATE";s:1:"0";s:4:"TAGS";s:42:"2007,art,book,books,creativity,photography";s:7:"COMMENT";s:31:"I love these  - wonderful art.
";}i:947;a:5:{s:4:"HREF";s:68:"http://sethgodin.typepad.com/seths_blog/2007/09/thinking-about-.html";s:8:"ADD_DATE";s:10:"1199969083";s:7:"PRIVATE";s:1:"0";s:4:"TAGS";s:60:"communication,interesting,marketing,ideavirus,9/11,terrorism";s:7:"COMMENT";s:55:"...as a marketing problem. Nice idea well thought out.
";}i:948;a:5:{s:4:"HREF";s:71:"http://www.guardian.co.uk/society/2008/jan/08/health.healthandwellbeing";s:8:"ADD_DATE";s:10:"1199870435";s:7:"PRIVATE";s:1:"0";s:4:"TAGS";s:6:"health";s:7:"COMMENT";s:102:"Hmmm must exercise more. Does looking after kids count as exercise? It's certainly tiring enough! ;-)
";}i:949;a:4:{s:4:"HREF";s:100:"http://en.wikipedia.org/wiki/List_of_winners_and_shortlisted_authors_of_the_Booker_Prize_for_Fiction";s:8:"ADD_DATE";s:10:"1199304145";s:7:"PRIVATE";s:1:"0";s:4:"TAGS";s:43:"toread,books,literature,bookerprize,reading";}i:950;a:5:{s:4:"HREF";s:18:"http://trutap.com/";s:8:"ADD_DATE";s:10:"1198143579";s:7:"PRIVATE";s:1:"0";s:4:"TAGS";s:42:"chat,community,network,phone,social,mobile";s:7:"COMMENT";s:101:"Mobile IM social networking buzzword rich new download app which probably does a lot of nice things.
";}i:951;a:5:{s:4:"HREF";s:34:"http://www.futureplatforms.com/fp/";s:8:"ADD_DATE";s:10:"1198143354";s:7:"PRIVATE";s:1:"0";s:4:"TAGS";s:28:"company,mobile,agency,design";s:7:"COMMENT";s:60:"Mobile company based in Brighton ... too far to move to ;-)
";}i:952;a:4:{s:4:"HREF";s:51:"http://www.kirupa.com/forum/showthread.php?t=223798";s:8:"ADD_DATE";s:10:"1197465418";s:7:"PRIVATE";s:1:"0";s:4:"TAGS";s:53:"actionscript,actionscript3,as3,flash,tips,programming";}i:953;a:5:{s:4:"HREF";s:22:"http://www.kirupa.com/";s:8:"ADD_DATE";s:10:"1197458324";s:7:"PRIVATE";s:1:"0";s:4:"TAGS";s:46:"flash,tutorials,actionscript,as3,actionscript3";s:7:"COMMENT";s:35:"More flash resources tutorials etc
";}i:954;a:4:{s:4:"HREF";s:28:"http://www.actionscript.org/";s:8:"ADD_DATE";s:10:"1197458086";s:7:"PRIVATE";s:1:"0";s:4:"TAGS";s:46:"actionscript,actionscript3,as3,flash,tutorials";}i:955;a:5:{s:4:"HREF";s:50:"http://bakery.cakephp.org/articles/view/cakeswxphp";s:8:"ADD_DATE";s:10:"1197369020";s:7:"PRIVATE";s:1:"0";s:4:"TAGS";s:21:"cakephp,php,flash,swx";s:7:"COMMENT";s:102:"Flash to PHP via Cake and something called SWX. This looks like something I should get to understand.
";}i:956;a:4:{s:4:"HREF";s:33:"http://www.pocketdivxencoder.net/";s:8:"ADD_DATE";s:10:"1197283419";s:7:"PRIVATE";s:1:"0";s:4:"TAGS";s:0:"";}i:957;a:5:{s:4:"HREF";s:56:"http://www.ubiq.co.uk/courses/flash_training_courses.htm";s:8:"ADD_DATE";s:10:"1196943514";s:7:"PRIVATE";s:1:"0";s:4:"TAGS";s:14:"training,flash";s:7:"COMMENT";s:73:"Actionscript training course - the advanced one looks quite interesting.
";}i:958;a:5:{s:4:"HREF";s:45:"http://www.designswarm.com/goodnightlamp.html";s:8:"ADD_DATE";s:10:"1196683633";s:7:"PRIVATE";s:1:"0";s:4:"TAGS";s:12:"ambient_data";s:7:"COMMENT";s:86:"Another nice example of ambient data and connecting people through networked objects.
";}i:959;a:5:{s:4:"HREF";s:20:"http://www.4x90.com/";s:8:"ADD_DATE";s:10:"1196673748";s:7:"PRIVATE";s:1:"0";s:4:"TAGS";s:35:"frames,photography,shopping,framing";s:7:"COMMENT";s:28:"Another frames shop online.
";}i:960;a:5:{s:4:"HREF";s:35:"http://www.eframe.co.uk/default.asp";s:8:"ADD_DATE";s:10:"1196673725";s:7:"PRIVATE";s:1:"0";s:4:"TAGS";s:39:"photography,framing,frames,art,shopping";s:7:"COMMENT";s:19:"More photo frames.
";}i:961;a:5:{s:4:"HREF";s:28:"http://www.fastframes.co.uk/";s:8:"ADD_DATE";s:10:"1196673707";s:7:"PRIVATE";s:1:"0";s:4:"TAGS";s:41:"photo,photography,framing,frames,shopping";s:7:"COMMENT";s:14:"A frame shop.
";}i:962;a:4:{s:4:"HREF";s:28:"http://www.flashandmath.com/";s:8:"ADD_DATE";s:10:"1196347358";s:7:"PRIVATE";s:1:"0";s:4:"TAGS";s:51:"as3,code,cs3,development,flash,tutorial,programming";}i:963;a:5:{s:4:"HREF";s:37:"http://www.inthemod.com/inthemod.html";s:8:"ADD_DATE";s:10:"1195641305";s:7:"PRIVATE";s:1:"0";s:4:"TAGS";s:94:"actionscript,adobe,analysis,art,color,colours,cool,data,inspiration,visualization,design,flash";s:7:"COMMENT";s:124:"Interesting colour analytics visualisation based on famous paintings. Not quite sure what's going on really, but I like it.
";}i:964;a:5:{s:4:"HREF";s:117:"http://www.darrenbarefoot.com/archives/2007/09/everything-i-know-about-presentations-i-learned-in-theatre-school.html";s:8:"ADD_DATE";s:10:"1195481227";s:7:"PRIVATE";s:1:"0";s:4:"TAGS";s:84:"presentations,presentation,speaking,tips,communication,powerpoint,howto,productivity";s:7:"COMMENT";s:151:"Intersting. I don't often do presentations but I see a lot of them done badly. I'd like to know what I'm doing should I have to start doing them more.
";}i:965;a:5:{s:4:"HREF";s:47:"http://www.uxmatters.com/MT/archives/000230.php";s:8:"ADD_DATE";s:10:"1195041811";s:7:"PRIVATE";s:1:"0";s:4:"TAGS";s:101:"architecture,articles,career,design,information,interaction,jobs,experience,ux,webdesign,usability,ia";s:7:"COMMENT";s:42:"Very interesting and relelvent to my job.
";}i:966;a:4:{s:4:"HREF";s:72:"http://www.43folders.com/2005/09/12/building-a-smarter-to-do-list-part-i";s:8:"ADD_DATE";s:10:"1194963785";s:7:"PRIVATE";s:1:"0";s:4:"TAGS";s:62:"toread,productivity,todo,howto,tips,work,planning,organization";}i:967;a:5:{s:4:"HREF";s:72:"http://www.strangeharvest.com/mt/archive/the_harvest/in_the_night_ga.php";s:8:"ADD_DATE";s:10:"1194699160";s:7:"PRIVATE";s:1:"0";s:4:"TAGS";s:35:"design,tv,landscape,kids,television";s:7:"COMMENT";s:38:"An analysis of the childrens program.
";}i:968;a:5:{s:4:"HREF";s:86:"http://www.wired.com/gaming/gamingreviews/commentary/games/2007/11/gamesfrontiers_1105";s:8:"ADD_DATE";s:10:"1194697291";s:7:"PRIVATE";s:1:"0";s:4:"TAGS";s:67:"articles,blog,games,interesting,terrorism,psychology,politics,halo3";s:7:"COMMENT";s:89:"Interesting. As he points out himself it's a flawed analogy but I like it none the less.
";}i:969;a:5:{s:4:"HREF";s:34:"http://labs.systemone.at/retrievr/";s:8:"ADD_DATE";s:10:"1194527013";s:7:"PRIVATE";s:1:"0";s:4:"TAGS";s:65:"flickr,search,photo,photography,ajax,actionscript,api,image,tools";s:7:"COMMENT";s:97:"amazing tool which takes an image (you've drawn or uploaded) and matches it to images on Flickr.
";}i:970;a:5:{s:4:"HREF";s:60:"http://www.scripting.com/davenet/2001/04/30/strategyTax.html";s:8:"ADD_DATE";s:10:"1194260614";s:7:"PRIVATE";s:1:"0";s:4:"TAGS";s:22:"articles,blog,strategy";s:7:"COMMENT";s:39:"Interesting term and nice explanation.
";}i:971;a:5:{s:4:"HREF";s:43:"http://www.jesperjuul.net/ludologist/?p=389";s:8:"ADD_DATE";s:10:"1193997531";s:7:"PRIVATE";s:1:"0";s:4:"TAGS";s:33:"community,identity,presence,robot";s:7:"COMMENT";s:57:""It is such a downer to be the only avatar in the room."
";}i:972;a:5:{s:4:"HREF";s:25:"http://flare.prefuse.org/";s:8:"ADD_DATE";s:10:"1193996306";s:7:"PRIVATE";s:1:"0";s:4:"TAGS";s:91:"actionscript,adobe,as3,animation,code,cool,data,design,library,visualization,flash,graphics";s:7:"COMMENT";s:17:"Oooooh me likey!
";}i:973;a:5:{s:4:"HREF";s:64:"http://www.agileproductdesign.com/blog/dirty_hands_required.html";s:8:"ADD_DATE";s:10:"1193759556";s:7:"PRIVATE";s:1:"0";s:4:"TAGS";s:36:"design,usability,process,development";s:7:"COMMENT";s:123:"I like this idea. I'd certainly like to work more like this - not just because it suits very well my own skills/interests.
";}i:974;a:5:{s:4:"HREF";s:70:"http://www.telco2.net/blog/2007/10/nokias_dilemma_operator_friend.html";s:8:"ADD_DATE";s:10:"1193757695";s:7:"PRIVATE";s:1:"0";s:4:"TAGS";s:39:"nokia,mobile,strategy,analysis,presence";s:7:"COMMENT";s:65:"Very interesting article concerning communication (not content).
";}i:975;a:5:{s:4:"HREF";s:49:"http://www.slideshare.net/khoiv/control-annotated";s:8:"ADD_DATE";s:10:"1193755464";s:7:"PRIVATE";s:1:"0";s:4:"TAGS";s:64:"articles,presentation,inspiration,web,slideshow,design,webdesign";s:7:"COMMENT";s:156:"A good presentation arguing that digital media is more about conversation than narative. I like the historical bit in the middle tracing the push and pull.
";}i:976;a:5:{s:4:"HREF";s:40:"http://www.repton3.co.uk/chuckieegg.aspx";s:8:"ADD_DATE";s:10:"1193754873";s:7:"PRIVATE";s:1:"0";s:4:"TAGS";s:29:"computer,free,fun,game,online";s:7:"COMMENT";s:29:"I used to play these. Great!
";}i:977;a:5:{s:4:"HREF";s:53:"http://www.monkeymagic.net/2007/10/28/cognitive-bias/";s:8:"ADD_DATE";s:10:"1193742291";s:7:"PRIVATE";s:1:"0";s:4:"TAGS";s:12:"science,bias";s:7:"COMMENT";s:62:"Interesting. I like these more because I've seen them before.
";}i:978;a:5:{s:4:"HREF";s:29:"http://webtypography.net/toc/";s:8:"ADD_DATE";s:10:"1193668812";s:7:"PRIVATE";s:1:"0";s:4:"TAGS";s:65:"book,webdesign,typography,design,css,fonts,reference,web,tutorial";s:7:"COMMENT";s:66:"Have a bookmarked this already. If not I should have. Invaluable.
";}i:979;a:5:{s:4:"HREF";s:34:"http://five3d.mathieu-badimon.com/";s:8:"ADD_DATE";s:10:"1193087453";s:7:"PRIVATE";s:1:"0";s:4:"TAGS";s:64:"3d,actionscript,actionscript3,animation,library,as2,vector,flash";s:7:"COMMENT";s:131:"Anothing actionscript 3D library thing - I love the examples but I wonder if their lovely design is hiding a fairly basic product.
";}i:980;a:5:{s:4:"HREF";s:84:"http://www.emanueleferonato.com/2007/10/14/ape-actionscript-physics-engine-tutorial/";s:8:"ADD_DATE";s:10:"1192386408";s:7:"PRIVATE";s:1:"0";s:4:"TAGS";s:33:"actionscript,as3,physics,tutorial";s:7:"COMMENT";s:129:"A tutorial on APE - might not have anything new but sometimes it's just nice to hear someone else's view of something like this.
";}i:981;a:5:{s:4:"HREF";s:27:"http://www.fisixengine.com/";s:8:"ADD_DATE";s:10:"1192365398";s:7:"PRIVATE";s:1:"0";s:4:"TAGS";s:30:"actionscript,as3,physics,flash";s:7:"COMMENT";s:40:"An alternative physics engine for flash
";}i:982;a:5:{s:4:"HREF";s:62:"http://www.gotoandplay.it/_articles/2005/08/advCharPhysics.php";s:8:"ADD_DATE";s:10:"1192365260";s:7:"PRIVATE";s:1:"0";s:4:"TAGS";s:44:"flash,actionscript,physics,games,mathematics";s:7:"COMMENT";s:84:"Discussion of the above in the context of Flash Games. Looks worth reading I think.
";}i:983;a:5:{s:4:"HREF";s:33:"http://www.gotoandlearnforum.com/";s:8:"ADD_DATE";s:10:"1192276781";s:7:"PRIVATE";s:1:"0";s:4:"TAGS";s:54:"actionscript,actionscript3,flash,forms,forum,reference";s:7:"COMMENT";s:44:"Must start reading through this more often.
";}i:984;a:4:{s:4:"HREF";s:18:"http://drupal.org/";s:8:"ADD_DATE";s:10:"1192019572";s:7:"PRIVATE";s:1:"0";s:4:"TAGS";s:74:"ajax,apache,blog,blogging,code,community,cool,design,cms,opensource,drupal";}i:985;a:5:{s:4:"HREF";s:59:"http://www.zengestrom.com/blog/2006/07/blind_mens_base.html";s:8:"ADD_DATE";s:10:"1192010612";s:7:"PRIVATE";s:1:"0";s:4:"TAGS";s:82:"mobile,jaiku,presence,peripheral,vision,awareness,presentation,social,phone,future";s:7:"COMMENT";s:74:"Excellent presentation about the future of your phone's address book! ;-)
";}i:986;a:5:{s:4:"HREF";s:45:"http://en.wikipedia.org/wiki/The_four_humours";s:8:"ADD_DATE";s:10:"1192010156";s:7:"PRIVATE";s:1:"0";s:4:"TAGS";s:66:"articles,health,history,psychology,reference,alchemy,wiki,humorism";s:7:"COMMENT";s:39:"I looked up 'sanguine' and found this.
";}i:987;a:5:{s:4:"HREF";s:97:"http://pet-theory.com/blog/2006/10/27/packages-and-as3-v-as2-access-modifiers-introduced/#more-64";s:8:"ADD_DATE";s:10:"1191943507";s:7:"PRIVATE";s:1:"0";s:4:"TAGS";s:22:"actionscript,flash,as3";s:7:"COMMENT";s:33:"I think I get it now. I think...
";}i:988;a:5:{s:4:"HREF";s:84:"http://www.richardsona.com/main/2007/10/7/the-importance-of-invisible-processes.html";s:8:"ADD_DATE";s:10:"1191916928";s:7:"PRIVATE";s:1:"0";s:4:"TAGS";s:17:"business,strategy";s:7:"COMMENT";s:101:"One of those ideas which expresses a feeling you've had but haven't been able to put your finger on.
";}i:989;a:5:{s:4:"HREF";s:28:"http://moleskineproject.com/";s:8:"ADD_DATE";s:10:"1191916272";s:7:"PRIVATE";s:1:"0";s:4:"TAGS";s:18:"art,blog,moleskine";s:7:"COMMENT";s:32:"Send in your moleskine doodles!
";}i:990;a:5:{s:4:"HREF";s:51:"http://www.digital-web.com/articles/push_my_button/";s:8:"ADD_DATE";s:10:"1191835858";s:7:"PRIVATE";s:1:"0";s:4:"TAGS";s:53:"css,button,html,webdesign,forms,xhtml,tutorial,design";s:7:"COMMENT";s:92:"More stuff about the button tag. Why did I never know of this before. I'm quite ashamed ;-)
";}i:991;a:5:{s:4:"HREF";s:84:"http://www.seomoz.org/blog/5-html-elements-you-probably-never-use-but-perhaps-should";s:8:"ADD_DATE";s:10:"1191835568";s:7:"PRIVATE";s:1:"0";s:4:"TAGS";s:43:"html,webdesign,css,reference,tutorial,howto";s:7:"COMMENT";s:91:"All these look like ones I should know about and use in various places. Very good artcile.
";}i:992;a:5:{s:4:"HREF";s:24:"http://www.planbmag.com/";s:8:"ADD_DATE";s:10:"1191770232";s:7:"PRIVATE";s:1:"0";s:4:"TAGS";s:80:"culture,data,london,magazine,media,mp3,music,photography,indie,magazines,reviews";s:7:"COMMENT";s:70:"Imteresting looking music magazine pointed out to me by Kirsty's Dad.
";}i:993;a:5:{s:4:"HREF";s:17:"http://rsizr.com/";s:8:"ADD_DATE";s:10:"1191573806";s:7:"PRIVATE";s:1:"0";s:4:"TAGS";s:57:"image,tools,resize,photo,editor,web2.0,online,photography";s:7:"COMMENT";s:118:"Remember that article about clever image resizing things recently. Well here's a tool that does it. Very interesting.
";}i:994;a:5:{s:4:"HREF";s:37:"http://members.freewebs.com/index.jsp";s:8:"ADD_DATE";s:10:"1191507076";s:7:"PRIVATE";s:1:"0";s:4:"TAGS";s:45:"blog,website,free,hosting,web2.0,web,freeware";s:7:"COMMENT";s:30:"Free web hosting site. Hmmmm.
";}i:995;a:5:{s:4:"HREF";s:62:"http://russelldavies.typepad.com/planning/2007/10/wattson.html";s:8:"ADD_DATE";s:10:"1191498411";s:7:"PRIVATE";s:1:"0";s:4:"TAGS";s:78:"design,environment,green,money,sustainability,electricity,ambient_data,wattson";s:7:"COMMENT";s:80:"First comment I've seen from someone who actually owns the Wattson. So tempted.
";}i:996;a:4:{s:4:"HREF";s:51:"http://blog.pmarca.com/2007/09/the-pmarca-gu-1.html";s:8:"ADD_DATE";s:10:"1191229463";s:7:"PRIVATE";s:1:"0";s:4:"TAGS";s:55:"toread,blog,career,future,jobs,motivation,planning,work";}i:997;a:5:{s:4:"HREF";s:47:"http://wurfl.sourceforge.net/backgroundinfo.php";s:8:"ADD_DATE";s:10:"1190902409";s:7:"PRIVATE";s:1:"0";s:4:"TAGS";s:48:"data,design,mobile,programming,reference,xml,wap";s:7:"COMMENT";s:94:"Hmmm interesting. A collection of data about all mobile device capabilities. Could be useful.
";}i:998;a:5:{s:4:"HREF";s:44:"http://www.pavingways.com/frost-ajax-library";s:8:"ADD_DATE";s:10:"1190902132";s:7:"PRIVATE";s:1:"0";s:4:"TAGS";s:19:"ajax,library,mobile";s:7:"COMMENT";s:36:"A mobile AJAX library. Ooooh fancy!
";}i:999;a:5:{s:4:"HREF";s:28:"http://mux.adaptivepath.com/";s:8:"ADD_DATE";s:10:"1190807540";s:7:"PRIVATE";s:1:"0";s:4:"TAGS";s:25:"design,interaction,mobile";s:7:"COMMENT";s:67:"Interesting conference or something. I wonder what came out of it.
";}i:1000;a:5:{s:4:"HREF";s:22:"http://www.ponoko.com/";s:8:"ADD_DATE";s:10:"1190803370";s:7:"PRIVATE";s:1:"0";s:4:"TAGS";s:71:"community,company,cool,creativity,design,business,art,manufacturing,diy";s:7:"COMMENT";s:88:""It's early days here at Ponoko as we pioneer a new way of making and selling products"
";}i:1001;a:5:{s:4:"HREF";s:25:"http://www.cluetrain.com/";s:8:"ADD_DATE";s:10:"1190802590";s:7:"PRIVATE";s:1:"0";s:4:"TAGS";s:49:"toread,books,free,marketing,culture,business,work";s:7:"COMMENT";s:56:"Something I will come back again to read at some point.
";}i:1002;a:5:{s:4:"HREF";s:47:"http://notepad-plus.sourceforge.net/uk/site.htm";s:8:"ADD_DATE";s:10:"1190796517";s:7:"PRIVATE";s:1:"0";s:4:"TAGS";s:47:"coding,code,tools,freeware,software,editor,text";s:7:"COMMENT";s:56:"A notepad replacement. I'm getting bored with Editplus.
";}i:1003;a:5:{s:4:"HREF";s:18:"http://oskope.com/";s:8:"ADD_DATE";s:10:"1190365283";s:7:"PRIVATE";s:1:"0";s:4:"TAGS";s:74:"search,visualization,amazon,interface,design,visual,flash,flickr,ebay,cool";s:7:"COMMENT";s:183:"A ncie attempt to bring some visual trickery and a more playful interface to searching some of the bigger sites on the web. Not necessarily more useful but interesting none the less.
";}i:1004;a:5:{s:4:"HREF";s:62:"http://www.guardian.co.uk/news/video/2007/sep/19/student.taser";s:8:"ADD_DATE";s:10:"1190275573";s:7:"PRIVATE";s:1:"0";s:4:"TAGS";s:28:"politics,violence,video,news";s:7:"COMMENT";s:16:"Horrible video.
";}i:1005;a:5:{s:4:"HREF";s:35:"http://www.etymonline.com/index.php";s:8:"ADD_DATE";s:10:"1190204446";s:7:"PRIVATE";s:1:"0";s:4:"TAGS";s:83:"book,etymology,dictionary,free,words,language,reference,english,linguistics,history";s:7:"COMMENT";s:125:"I love etymology. Continuously facinating where words come from and what they really mean. I'll be back here again no doubt.
";}i:1006;a:5:{s:4:"HREF";s:69:"http://www.slideshare.net/billder/learning-ixd-from-everyday-objects/";s:8:"ADD_DATE";s:10:"1190120688";s:7:"PRIVATE";s:1:"0";s:4:"TAGS";s:39:"design,interaction,podcast,presentation";s:7:"COMMENT";s:51:"A talk about design of interfaces etc. Seems good.
";}i:1007;a:5:{s:4:"HREF";s:26:"http://www.jesslipson.com/";s:8:"ADD_DATE";s:10:"1190117291";s:7:"PRIVATE";s:1:"0";s:4:"TAGS";s:4:"work";s:7:"COMMENT";s:23:"New member of my team.
";}i:1008;a:5:{s:4:"HREF";s:30:"http://haml.hamptoncatlin.com/";s:8:"ADD_DATE";s:10:"1190110023";s:7:"PRIVATE";s:1:"0";s:4:"TAGS";s:31:"haml,rails,template,markup,html";s:7:"COMMENT";s:148:"a shorter way of writing HTML which looks quite neat but I'm yet to be completely won over to the need for something like this. Interesting though.
";}i:1009;a:5:{s:4:"HREF";s:24:"http://www.cove.org/ape/";s:8:"ADD_DATE";s:10:"1190043619";s:7:"PRIVATE";s:1:"0";s:4:"TAGS";s:53:"actionscript,animation,code,cs3,flash,physics,library";s:7:"COMMENT";s:144:"a free AS3 open source 2D physics engine for use in Flash and Flex, released under the MIT License. APE is written and maintained by Alec Cove.
";}i:1010;a:5:{s:4:"HREF";s:206:"http://66.102.9.104/search?q=cache:BgaLVitv_gkJ:kb.adobe.com/selfservice/documentLink.do%3FmicrositeId%3DMS_Customer%26externalID%3Dkb400807+contribute+OfficePlugin&hl=en&ct=clnk&cd=1&gl=uk&client=firefox-a";s:8:"ADD_DATE";s:10:"1190033892";s:7:"PRIVATE";s:1:"0";s:4:"TAGS";s:26:"howto,adobe,contribute,cs3";s:7:"COMMENT";s:108:"How to remove that annoying Contribute plugin which seems to install itself everywhere when you install CS3
";}i:1011;a:5:{s:4:"HREF";s:109:"http://www.youtube.com/watch?v=kieyjfZDUIc&eurl=http%3A%2F%2Fwww.naomiklein.org%2Fshock-doctrine%2Fshort-film";s:8:"ADD_DATE";s:10:"1189769528";s:7:"PRIVATE";s:1:"0";s:4:"TAGS";s:11:"book,toread";s:7:"COMMENT";s:69:"Excellent short film promoting Naomi Klein's book. I must read this.
";}i:1012;a:5:{s:4:"HREF";s:44:"http://www.flickr.com/photos/tags/iseefaces/";s:8:"ADD_DATE";s:10:"1189758039";s:7:"PRIVATE";s:1:"0";s:4:"TAGS";s:12:"faces,flickr";s:7:"COMMENT";s:121:"I love these pictures. I've always been fascinated by this kind of thing. They're often really funny too - I wonder why.
";}i:1013;a:5:{s:4:"HREF";s:53:"http://www.jellyvision.com/go.php?p=/ici/jp/index.php";s:8:"ADD_DATE";s:10:"1189623606";s:7:"PRIVATE";s:1:"0";s:4:"TAGS";s:49:"principles,interaxtion,interface,design,webdesign";s:7:"COMMENT";s:59:"...for conversation based interactions - very interesting.
";}i:1014;a:5:{s:4:"HREF";s:51:"https://addons.mozilla.org/en-US/firefox/addon/3615";s:8:"ADD_DATE";s:10:"1189623551";s:7:"PRIVATE";s:1:"0";s:4:"TAGS";s:39:"browsers,del.icio.us,firefox,extensions";s:7:"COMMENT";s:82:"A better firefox extension for delicious than the one I've previously been using.
";}i:1015;a:5:{s:4:"HREF";s:48:"http://dev.schulzeandwebb.com/2007/stack/slides/";s:8:"ADD_DATE";s:10:"1189611989";s:7:"PRIVATE";s:1:"0";s:4:"TAGS";s:40:"toread,usability,design,work,interesting";s:7:"COMMENT";s:80:"Another interesting set of slides from Matt Webb - must come back to read them.
";}i:1016;a:5:{s:4:"HREF";s:50:"http://en.wikipedia.org/wiki/The_Origins_of_Virtue";s:8:"ADD_DATE";s:10:"1189524886";s:7:"PRIVATE";s:1:"0";s:4:"TAGS";s:16:"philosophy,books";s:7:"COMMENT";s:25:"Maybe to read some time.
";}i:1017;a:5:{s:4:"HREF";s:30:"http://www.anywhere.fm/player/";s:8:"ADD_DATE";s:10:"1189524010";s:7:"PRIVATE";s:1:"0";s:4:"TAGS";s:36:"music,network,mp3,stream,online,free";s:7:"COMMENT";s:126:"Allows you to upload your music and then access it from anywhere. Interested to see how this would actually work in practice.
";}i:1018;a:5:{s:4:"HREF";s:66:"http://oreillygmt.typepad.com/scenius/2007/08/deb-bassett---i.html";s:8:"ADD_DATE";s:10:"1187773608";s:7:"PRIVATE";s:1:"0";s:4:"TAGS";s:50:"interview,geekup,opencoffee,leeds,rails,technology";s:7:"COMMENT";s:60:"I used to work with Deb for a while. Interesting interview.
";}i:1019;a:5:{s:4:"HREF";s:24:"http://www.kaboodle.com/";s:8:"ADD_DATE";s:10:"1187773371";s:7:"PRIVATE";s:1:"0";s:4:"TAGS";s:32:"shopping,social,web2.0,community";s:7:"COMMENT";s:51:"Community shopping wish-list type thing (I think).
";}i:1020;a:5:{s:4:"HREF";s:49:"http://bradfitz.com/social-graph-problem/#howhelp";s:8:"ADD_DATE";s:10:"1187454391";s:7:"PRIVATE";s:1:"0";s:4:"TAGS";s:81:"community,graph,mobile,myspace,social,service,facebook,openid,socialgraph,network";s:7:"COMMENT";s:138:"Very interesting artcile (it would seem from reading the beginning) about a problem which I've thought about before with social networks.
";}i:1021;a:5:{s:4:"HREF";s:49:"http://glancing.interconnected.org/2004/02/etcon/";s:8:"ADD_DATE";s:10:"1187365491";s:7:"PRIVATE";s:1:"0";s:4:"TAGS";s:72:"ambient_data,software,social,research,culture,psychology,presence,people";s:7:"COMMENT";s:77:"Matt Webb - presentation  - from 2004 but still very relevant & Interesting.
";}i:1022;a:5:{s:4:"HREF";s:44:"http://en.wikipedia.org/wiki/Dunbar_s_number";s:8:"ADD_DATE";s:10:"1187364739";s:7:"PRIVATE";s:1:"0";s:4:"TAGS";s:23:"anthropology,number,150";s:7:"COMMENT";s:249:"150, represents a theoretical maximum number of individuals with whom a set of people can maintain a social relationship, the kind of relationship that goes with knowing who each person is and how each person relates socially to every other person.
";}i:1023;a:4:{s:4:"HREF";s:70:"http://www.heyotwell.com/heyblog/archives/2005/05/thoughts_on_das.html";s:8:"ADD_DATE";s:10:"1187364181";s:7:"PRIVATE";s:1:"0";s:4:"TAGS";s:49:"dashboard,widgets,design,information,ambient_data";}i:1024;a:5:{s:4:"HREF";s:38:"http://www.viktoria.se/~tobias/thesis/";s:8:"ADD_DATE";s:10:"1187363265";s:7:"PRIVATE";s:1:"0";s:4:"TAGS";s:52:"visualization,ambient_data,design,information,toread";s:7:"COMMENT";s:74:"heavy scholarly approach to this - might come back and read it some time.
";}i:1025;a:5:{s:4:"HREF";s:62:"http://www.activewin.com/awin/comments.asp?HeadlineIndex=28471";s:8:"ADD_DATE";s:10:"1187363051";s:7:"PRIVATE";s:1:"0";s:4:"TAGS";s:41:"clock,cool,future,technology,magic,potter";s:7:"COMMENT";s:256:"At this year's internal Techfest Microsoft Research Cambridge demonstrated a clock surprisingly similar to that on the wall of the Weasley household in the Harry Potter films. I guess it only goes to show: any sufficiently advanced technology is indisting
";}i:1026;a:5:{s:4:"HREF";s:34:"http://www.diykyoto.com/index.html";s:8:"ADD_DATE";s:10:"1187168962";s:7:"PRIVATE";s:1:"0";s:4:"TAGS";s:39:"design,energy,future,power,ambient_data";s:7:"COMMENT";s:194:"Seriously considering getting one of these. Not only because of the green issues and stuff but because it looks like a cool thing and I'm really interested in ambient data devices of this sort.
";}i:1027;a:5:{s:4:"HREF";s:29:"http://www.alcoholfree.co.uk/";s:8:"ADD_DATE";s:10:"1187098451";s:7:"PRIVATE";s:1:"0";s:4:"TAGS";s:36:"free,UK,alcohol,shopping,drinks,Food";s:7:"COMMENT";s:196:"Hmmmm looks great but I wonder. It's never quite the same is it. The alcohol actually changes the taste doesn't it? I mean you can't recreate that kick. Tempting though. It is a poison after all.
";}i:1028;a:5:{s:4:"HREF";s:73:"http://home.arcor.de/dinoandfriends/frank_chords/frank_sinatra_chords.htm";s:8:"ADD_DATE";s:10:"1187095749";s:7:"PRIVATE";s:1:"0";s:4:"TAGS";s:12:"guitar,music";s:7:"COMMENT";s:76:"Yay - loads of tunes with chords to strum along to or something. Excellent.
";}i:1029;a:5:{s:4:"HREF";s:44:"http://swfupload.mammon.se/documentation.php";s:8:"ADD_DATE";s:10:"1186995988";s:7:"PRIVATE";s:1:"0";s:4:"TAGS";s:47:"ajax,coding,flash,javascript,php,library,upload";s:7:"COMMENT";s:105:"A flash based way of uploading files. Looks like it might be worth trying out at some point maybe maybe.
";}i:1030;a:5:{s:4:"HREF";s:31:"http://osflash.org/flashdevelop";s:8:"ADD_DATE";s:10:"1186732915";s:7:"PRIVATE";s:1:"0";s:4:"TAGS";s:78:"flash,actionscript,ide,opensource,software,flashdevelop,environment,flex,tools";s:7:"COMMENT";s:135:"Looks like it might be worth trying out some time in the absence of Flex Builder and if I ever get into ActionScript 3 in any big way.
";}i:1031;a:4:{s:4:"HREF";s:60:"http://www.mapmywalk.com/walk/united-kingdom/leeds/701064704";s:8:"ADD_DATE";s:10:"1186665659";s:7:"PRIVATE";s:1:"0";s:4:"TAGS";s:0:"";}i:1032;a:5:{s:4:"HREF";s:74:"http://ahsanity.wordpress.com/2007/02/23/get-started-with-ajax-in-cakephp/";s:8:"ADD_DATE";s:10:"1186646146";s:7:"PRIVATE";s:1:"0";s:4:"TAGS";s:16:"cakephp,AJAX,PHP";s:7:"COMMENT";s:47:"A handy group of pages for this type of thing.
";}i:1033;a:5:{s:4:"HREF";s:79:"http://advancedmedialab.wordpress.com/2007/07/24/experience-is-the-new-reality/";s:8:"ADD_DATE";s:10:"1186496988";s:7:"PRIVATE";s:1:"0";s:4:"TAGS";s:18:"media,future,video";s:7:"COMMENT";s:185:"I like this video. The message is a bit bonkers but the style is lovely. What's it done in? It looks like Flash but then kind of not quite. A little more 3D than I'd expect from Flash.
";}i:1034;a:5:{s:4:"HREF";s:28:"http://www.craftyarts.co.uk/";s:8:"ADD_DATE";s:10:"1186496653";s:7:"PRIVATE";s:1:"0";s:4:"TAGS";s:31:"art,shopping,materials,supplies";s:7:"COMMENT";s:13:"Art supplies
";}i:1035;a:5:{s:4:"HREF";s:63:"http://www.youtube.com/watch?v=VEaD_rmfDhI&mode=related&search=";s:8:"ADD_DATE";s:10:"1186488591";s:7:"PRIVATE";s:1:"0";s:4:"TAGS";s:21:"nostalgia,kids,tv,old";s:7:"COMMENT";s:77:"Damn it, I have to save this too. Too good to let slip by. Oh the nostalgia!
";}i:1036;a:5:{s:4:"HREF";s:42:"http://www.youtube.com/watch?v=fgJ4qYP44Rk";s:8:"ADD_DATE";s:10:"1186488286";s:7:"PRIVATE";s:1:"0";s:4:"TAGS";s:24:"kids,tv,themes,music,old";s:7:"COMMENT";s:98:"Haha - too cool - I've had this theme tune rattling around my head on and off for about 20 years.
";}i:1037;a:5:{s:4:"HREF";s:52:"http://www.wired.com/gadgets/mods/news/2006/06/71087";s:8:"ADD_DATE";s:10:"1186486825";s:7:"PRIVATE";s:1:"0";s:4:"TAGS";s:43:"electronics,implant,magnet,bodymod,magnetic";s:7:"COMMENT";s:78:"Yikes that operation sounds awful but them to have superpowers like this.....
";}i:1038;a:5:{s:4:"HREF";s:31:"http://www.polkadotsonline.com/";s:8:"ADD_DATE";s:10:"1186415009";s:7:"PRIVATE";s:1:"0";s:4:"TAGS";s:27:"art,designer,webdesign,kids";s:7:"COMMENT";s:184:"unique gifts for new beginnings - baptismal gifts, baptism gifts, christening gifts, first birthday gifts, personalized baby gifts, personalized nursery decor, wedding gifts and more!
";}i:1039;a:5:{s:4:"HREF";s:36:"http://www.paulgraham.com/stuff.html";s:8:"ADD_DATE";s:10:"1185982811";s:7:"PRIVATE";s:1:"0";s:4:"TAGS";s:38:"stuff,life,happiness,culture,lifehacks";s:7:"COMMENT";s:115:""Stuff has gotten a lot cheaper, but our attitudes toward it haven't changed correspondingly. We overvalue stuff."
";}i:1040;a:5:{s:4:"HREF";s:68:"http://www.jasonn.com/turning_off_unnecessary_services_on_windows_xp";s:8:"ADD_DATE";s:10:"1185981707";s:7:"PRIVATE";s:1:"0";s:4:"TAGS";s:24:"windows,xp,tips,services";s:7:"COMMENT";s:72:"Yes, more tweaking and tuning. I may want to come back to this however.
";}i:1041;a:5:{s:4:"HREF";s:55:"http://askbobrankin.com/make_windows_xp_run_faster.html";s:8:"ADD_DATE";s:10:"1185896801";s:7:"PRIVATE";s:1:"0";s:4:"TAGS";s:46:"windows,xp,computer,howto,reference,speed,tips";s:7:"COMMENT";s:90:"Just installed Adobe CS3 so I'm on a "make windows leaner and meaner" kick at the moment.
";}i:1042;a:5:{s:4:"HREF";s:62:"http://gskinner.com/blog/archives/2007/07/creating_air_pr.html";s:8:"ADD_DATE";s:10:"1185455005";s:7:"PRIVATE";s:1:"0";s:4:"TAGS";s:31:"development,flash,webdesign,air";s:7:"COMMENT";s:66:"This should come in handy - just as soon as I get my hands on CS3
";}i:1043;a:5:{s:4:"HREF";s:32:"http://www.jealouscomputers.com/";s:8:"ADD_DATE";s:10:"1185453940";s:7:"PRIVATE";s:1:"0";s:4:"TAGS";s:33:"marketing,viral,advertising,nokia";s:7:"COMMENT";s:14:"hehehehehehe.
";}i:1044;a:5:{s:4:"HREF";s:88:"http://lifehacker.com/software/motivation/jerry-seinfelds-productivity-secret-281626.php";s:8:"ADD_DATE";s:10:"1185440533";s:7:"PRIVATE";s:1:"0";s:4:"TAGS";s:47:"productivity,motivation,lifehacks,tips,seinfeld";s:7:"COMMENT";s:59:"Nice idea for self motivation. Maybe I'll try it tomorrow.
";}i:1045;a:5:{s:4:"HREF";s:37:"http://www.vladstudio.com/wallpapers/";s:8:"ADD_DATE";s:10:"1185374979";s:7:"PRIVATE";s:1:"0";s:4:"TAGS";s:23:"wallpaper,download,free";s:7:"COMMENT";s:76:"Some wonderful wallpapers and of course the inverted world map - excellent.
";}i:1046;a:5:{s:4:"HREF";s:78:"http://groups.google.com/group/rec.arts.sf.written/msg/2b05e32641fee4c2?hl=en&";s:8:"ADD_DATE";s:10:"1185282970";s:7:"PRIVATE";s:1:"0";s:4:"TAGS";s:19:"sci-fi,books,toread";s:7:"COMMENT";s:227:"I don't tend to read SciFi books although I imagine I might enjoy them a lot. This description of the "culture" series (or whatever) my Iain M Banks certainly makes me curious. Didn't have time to finish it though must return.
";}i:1047;a:5:{s:4:"HREF";s:71:"http://www.comedycentral.com/comedians/browse/g/zach_galifianakis.jhtml";s:8:"ADD_DATE";s:10:"1185186713";s:7:"PRIVATE";s:1:"0";s:4:"TAGS";s:15:"humor,comedians";s:7:"COMMENT";s:81:"A cool comedian  - read a review  - must go back and view these clips some time.
";}i:1048;a:5:{s:4:"HREF";s:39:"http://www.drewweing.com/pup/13pup.html";s:8:"ADD_DATE";s:10:"1184352845";s:7:"PRIVATE";s:1:"0";s:4:"TAGS";s:46:"Comics,art,comic,universe,science,illustration";s:7:"COMMENT";s:72:"This is a wonderful cartoon. Very cool. I just wish I could see it all.
";}i:1049;a:5:{s:4:"HREF";s:54:"http://www.goodexperience.com/blog/archives/009877.php";s:8:"ADD_DATE";s:10:"1184249367";s:7:"PRIVATE";s:1:"0";s:4:"TAGS";s:27:"work,design,usability,funny";s:7:"COMMENT";s:94:""The difference between usability engineering and experience design, in one photo." - via bbj
";}i:1050;a:5:{s:4:"HREF";s:50:"http://www.bbc.co.uk/radio4/science/5numbers.shtml";s:8:"ADD_DATE";s:10:"1184249022";s:7:"PRIVATE";s:1:"0";s:4:"TAGS";s:34:"math,science,mathematics,radio,bbc";s:7:"COMMENT";s:71:"Ooooh interesting numbers on the BBC - yeah  - can't get enough maths!
";}i:1051;a:5:{s:4:"HREF";s:24:"http://www.zen-cart.com/";s:8:"ADD_DATE";s:10:"1184237612";s:7:"PRIVATE";s:1:"0";s:4:"TAGS";s:45:"ecommerce,opensource,PHP,shop,e-commerce,cart";s:7:"COMMENT";s:99:"Free, open source shopping cart software from Zen Cart - again this might be useful at some point.
";}i:1052;a:5:{s:4:"HREF";s:22:"http://www.nochex.com/";s:8:"ADD_DATE";s:10:"1184228717";s:7:"PRIVATE";s:1:"0";s:4:"TAGS";s:41:"business,finance,money,payments,ecommerce";s:7:"COMMENT";s:143:"Online Payment Solutions: Just looking into this kind of thing at the moment to see how hard it would be to set up some kind of on-line store.
";}i:1053;a:5:{s:4:"HREF";s:58:"http://24ways.org/2005/swooshy-curly-quotes-without-images";s:8:"ADD_DATE";s:10:"1184055675";s:7:"PRIVATE";s:1:"0";s:4:"TAGS";s:37:"css,howto,html,quotes,tips,typography";s:7:"COMMENT";s:106:"Yes you have to have the big quotes. It's manda-tory. And if you gotta have 'em you gotta have 'em right!
";}i:1054;a:5:{s:4:"HREF";s:59:"http://www.psychologytoday.com/rss/pto-20030823-000001.html";s:8:"ADD_DATE";s:10:"1183972389";s:7:"PRIVATE";s:1:"0";s:4:"TAGS";s:39:"procrastination,psychology,productivity";s:7:"COMMENT";s:52:"Don't read this article. Go and get something done.
";}i:1055;a:5:{s:4:"HREF";s:27:"http://www.50pbadges.co.uk/";s:8:"ADD_DATE";s:10:"1183971100";s:7:"PRIVATE";s:1:"0";s:4:"TAGS";s:27:"design,shop,shopping,badges";s:7:"COMMENT";s:51:"Lots of cheap badgers - no bages - no badges! Yay!
";}i:1056;a:5:{s:4:"HREF";s:68:"http://www.doorsofperception.com/archives/2007/07/new_concept_of.php";s:8:"ADD_DATE";s:10:"1183735369";s:7:"PRIVATE";s:1:"0";s:4:"TAGS";s:61:"2007,design,energy,mobile,resources,sustainability,technology";s:7:"COMMENT";s:18:"Yeah I like this.
";}i:1057;a:5:{s:4:"HREF";s:77:"http://developer.apple.com/iphone/designingcontent.html#design_for_double_tap";s:8:"ADD_DATE";s:10:"1183546595";s:7:"PRIVATE";s:1:"0";s:4:"TAGS";s:39:"mobile,apple,work,interface,interaction";s:7:"COMMENT";s:102:"Optimizing Web Applications and Content for iPhone - interesting interface guidelines for the iPhone.
";}i:1058;a:5:{s:4:"HREF";s:28:"http://www.blurb.com/home/1/";s:8:"ADD_DATE";s:10:"1183113557";s:7:"PRIVATE";s:1:"0";s:4:"TAGS";s:32:"books,publishing,self-publishing";s:7:"COMMENT";s:61:"Self publish with free BookSmart software for Windows or Mac
";}i:1059;a:5:{s:4:"HREF";s:26:"http://ripe.co.uk/showreel";s:8:"ADD_DATE";s:10:"1183112960";s:7:"PRIVATE";s:1:"0";s:4:"TAGS";s:13:"design,agency";s:7:"COMMENT";s:38:"Leeds based design agency apparently.
";}i:1060;a:5:{s:4:"HREF";s:20:"http://www.lulu.com/";s:8:"ADD_DATE";s:10:"1183105653";s:7:"PRIVATE";s:1:"0";s:4:"TAGS";s:32:"publishing,books,self-publishing";s:7:"COMMENT";s:23:"Self Publishing - Free
";}i:1061;a:5:{s:4:"HREF";s:22:"http://www.zazzle.com/";s:8:"ADD_DATE";s:10:"1183043779";s:7:"PRIVATE";s:1:"0";s:4:"TAGS";s:24:"t-shirts,design,shopping";s:7:"COMMENT";s:80:"custom t-shirts and more, create or shop for unique designs shipped in 24 hours
";}i:1062;a:5:{s:4:"HREF";s:60:"http://books.guardian.co.uk/comment/story/0,,2105445,00.html";s:8:"ADD_DATE";s:10:"1182339041";s:7:"PRIVATE";s:1:"0";s:4:"TAGS";s:10:"books,news";s:7:"COMMENT";s:48:"An interesting comment on Rushdie's knighthood.
";}i:1063;a:5:{s:4:"HREF";s:118:"http://89.145.100.46/epages/webstore.storefront/?ObjectPath=/Shops/bristan/Categories/00/00/000048&OrderBy=NameOrAlias";s:8:"ADD_DATE";s:10:"1182247780";s:7:"PRIVATE";s:1:"0";s:4:"TAGS";s:4:"taps";s:7:"COMMENT";s:20:"Taps glorious taps.
";}i:1064;a:5:{s:4:"HREF";s:51:"http://www-users.cs.york.ac.uk/~susan/cyc/a/adj.htm";s:8:"ADD_DATE";s:10:"1182162979";s:7:"PRIVATE";s:1:"0";s:4:"TAGS";s:8:"language";s:7:"COMMENT";s:56:"You want adjectives? Stick 'em in the right order chum!
";}i:1065;a:5:{s:4:"HREF";s:38:"http://www.wearewhatwedo.org/index.php";s:8:"ADD_DATE";s:10:"1182155675";s:7:"PRIVATE";s:1:"0";s:4:"TAGS";s:56:"community,activism,inspiration,green,environment,ecology";s:7:"COMMENT";s:58:"We Are What We Do authors of Change the World for a Fiver
";}i:1066;a:5:{s:4:"HREF";s:81:"http://www.holomatix.com/index.php?option=com_content&task=view&id=211&Itemid=265";s:8:"ADD_DATE";s:10:"1181835526";s:7:"PRIVATE";s:1:"0";s:4:"TAGS";s:11:"blaze,flash";s:7:"COMMENT";s:66:"How to make your 3D files in swf files work in HTML file - files.
";}i:1067;a:5:{s:4:"HREF";s:40:"http://mannu.livejournal.com/359692.html";s:8:"ADD_DATE";s:10:"1181833508";s:7:"PRIVATE";s:1:"0";s:4:"TAGS";s:24:"flex,Flash,actionscript3";s:7:"COMMENT";s:32:"Nice flex and flash comparison.
";}i:1068;a:5:{s:4:"HREF";s:19:"http://meecard.com/";s:8:"ADD_DATE";s:10:"1181830471";s:7:"PRIVATE";s:1:"0";s:4:"TAGS";s:46:"card,design,later,mashup,web2.0,identity,tools";s:7:"COMMENT";s:193:"More combining of web presences in one place. I wonder how I will be able to combine all the combinations of my combinations of web presences when the amount of combinations becomes too great.
";}i:1069;a:5:{s:4:"HREF";s:47:"http://www.core77.com/reactor/06.07_merholz.asp";s:8:"ADD_DATE";s:10:"1181745902";s:7:"PRIVATE";s:1:"0";s:4:"TAGS";s:0:"";s:7:"COMMENT";s:83:"Why designers will never succeed in product design by simply doing product design.
";}i:1070;a:5:{s:4:"HREF";s:37:"http://www.flashmagazine.com/1119.htm";s:8:"ADD_DATE";s:10:"1181663194";s:7:"PRIVATE";s:1:"0";s:4:"TAGS";s:8:"flash,3d";s:7:"COMMENT";s:94:"Want to do photorealistic 3D in Flash? With Blaze 3D Studio from Holomatix you can - sort of.
";}i:1071;a:5:{s:4:"HREF";s:43:"http://mashable.com/2007/06/11/rss-toolbox/";s:8:"ADD_DATE";s:10:"1181659288";s:7:"PRIVATE";s:1:"0";s:4:"TAGS";s:25:"RSS,resources,tools,feeds";s:7:"COMMENT";s:54:"A useful collection of RSS tools and stuff like that.
";}i:1072;a:5:{s:4:"HREF";s:31:"http://www.clarkandmichael.com/";s:8:"ADD_DATE";s:10:"1181638860";s:7:"PRIVATE";s:1:"0";s:4:"TAGS";s:24:"video,comedy,humor,funny";s:7:"COMMENT";s:66:"Comedy from two guys  - one of which was on Arrested Development.
";}i:1073;a:5:{s:4:"HREF";s:87:"http://www.thinkvitamin.com/features/design/web-design-isms-7-surefire-styles-that-work";s:8:"ADD_DATE";s:10:"1181574772";s:7:"PRIVATE";s:1:"0";s:4:"TAGS";s:36:"design,inspiration,webdesign,art,web";s:7:"COMMENT";s:131:"I like it when someone gives categories and names to the stuff you see around you - you know so you don't, like, have to yourself?
";}i:1074;a:5:{s:4:"HREF";s:73:"http://www.stevekrause.org/steve_krause_blog/2006/01/pandora_and_las.html";s:8:"ADD_DATE";s:10:"1181570062";s:7:"PRIVATE";s:1:"0";s:4:"TAGS";s:55:"music,pandora,last.fm,comparison,social,recommendations";s:7:"COMMENT";s:59:"Pandora and Last.fm analysed for your listening enjoyment.
";}i:1075;a:5:{s:4:"HREF";s:34:"http://www.flashden.net/videomaru/";s:8:"ADD_DATE";s:10:"1181566210";s:7:"PRIVATE";s:1:"0";s:4:"TAGS";s:41:"actionscript,development,flash,free,video";s:7:"COMMENT";s:84:"Very cool flash tool thing which makes adding video to flash movies a d.d.d.doodle.
";}i:1076;a:5:{s:4:"HREF";s:30:"http://www.solutoire.com/plotr";s:8:"ADD_DATE";s:10:"1181289434";s:7:"PRIVATE";s:1:"0";s:4:"TAGS";s:46:"ajax,blog,javascript,prototype,graphics,canvas";s:7:"COMMENT";s:84:"This looks nice - must read up about this "canvas" thing - seems quite interesting.
";}i:1077;a:5:{s:4:"HREF";s:25:"http://compostthis.co.uk/";s:8:"ADD_DATE";s:10:"1181223885";s:7:"PRIVATE";s:1:"0";s:4:"TAGS";s:25:"compost,environment,howto";s:7:"COMMENT";s:40:"Excellent and useful website by a FOAF.
";}i:1078;a:5:{s:4:"HREF";s:40:"http://www.gmap-pedometer.com/?r=1015379";s:8:"ADD_DATE";s:10:"1180968211";s:7:"PRIVATE";s:1:"0";s:4:"TAGS";s:4:"maps";s:7:"COMMENT";s:39:"a night out including a bit of a walk.
";}i:1079;a:5:{s:4:"HREF";s:62:"http://blog.pixelbreaker.com/upload/polarclock/polarclock.html";s:8:"ADD_DATE";s:10:"1180961210";s:7:"PRIVATE";s:1:"0";s:4:"TAGS";s:32:"clock,flash,design,visualization";s:7:"COMMENT";s:103:"A nice bit of information design which doesn't quite work - but interesting for the reasons it doesn't
";}i:1080;a:5:{s:4:"HREF";s:22:"http://www.eatock.com/";s:8:"ADD_DATE";s:10:"1180622546";s:7:"PRIVATE";s:1:"0";s:4:"TAGS";s:53:"design,art,photography,portfolio,designer,inspiration";s:7:"COMMENT";s:114:"Strange artist guy who seems to have done the big brother logos amongst a load of other things of varied quality.
";}i:1081;a:5:{s:4:"HREF";s:34:"http://www.pokkadots.com/index.cfm";s:8:"ADD_DATE";s:10:"1180462531";s:7:"PRIVATE";s:1:"0";s:4:"TAGS";s:26:"baby,clothes,kids,shopping";s:7:"COMMENT";s:30:"Stuff for kids - via Dean :-)
";}i:1082;a:5:{s:4:"HREF";s:59:"http://video.google.com/videoplay?docid=5832390545689805144";s:8:"ADD_DATE";s:10:"1180441901";s:7:"PRIVATE";s:1:"0";s:4:"TAGS";s:46:"conspiracy,documentary,movies,politics,towatch";s:7:"COMMENT";s:181:""a brilliant documentary on the coup in Venezuela in 2002 - I know nothing about this so I'll come back and watch this some time (via http://users.livejournal.com/tao_/135141.html)
";}i:1083;a:5:{s:4:"HREF";s:64:"http://www.electricprism.com/aeron/slideshow/_robert_penner.html";s:8:"ADD_DATE";s:10:"1180435002";s:7:"PRIVATE";s:1:"0";s:4:"TAGS";s:18:"javascript,effects";s:7:"COMMENT";s:96:"Nice JavaScript easing transitions used for a slide show - must come back to see how it's done.
";}i:1084;a:5:{s:4:"HREF";s:17:"http://reaper.fm/";s:8:"ADD_DATE";s:10:"1180425914";s:7:"PRIVATE";s:1:"0";s:4:"TAGS";s:30:"audio,music,software,recording";s:7:"COMMENT";s:136:"This looks interesting - I'm always on the lookout for something which might approach the goodness (and ease) of Garageband on windows.
";}i:1085;a:5:{s:4:"HREF";s:58:"http://www.flash-creations.com/notes/sample_svgtoflash.php";s:8:"ADD_DATE";s:10:"1180098535";s:7:"PRIVATE";s:1:"0";s:4:"TAGS";s:32:"animation,flash,drawing,tutorial";s:7:"COMMENT";s:27:"This is a wonderful thing.
";}i:1086;a:5:{s:4:"HREF";s:66:"http://www.discoo.co.uk/religion-acid-smiley-face-mens-p-1986.html";s:8:"ADD_DATE";s:10:"1180021368";s:7:"PRIVATE";s:1:"0";s:4:"TAGS";s:7:"tshirts";s:7:"COMMENT";s:32:"I like this - nicely retro too.
";}i:1087;a:5:{s:4:"HREF";s:42:"http://www.pictoplasma.com/diary/index.php";s:8:"ADD_DATE";s:10:"1179908355";s:7:"PRIVATE";s:1:"0";s:4:"TAGS";s:35:"art,illustration,inspiration,design";s:7:"COMMENT";s:38:"contemporary character design and art
";}i:1088;a:5:{s:4:"HREF";s:93:"http://global.msi.com.tw/index.php?func=downloaddetail&type=driver&maincat_no=130&prod_no=939";s:8:"ADD_DATE";s:10:"1179774194";s:7:"PRIVATE";s:1:"0";s:4:"TAGS";s:7:"drivers";s:7:"COMMENT";s:41:"Video card driver - sooooo imporant! ;-)
";}i:1089;a:5:{s:4:"HREF";s:24:"http://www.offpanel.com/";s:8:"ADD_DATE";s:10:"1179475725";s:7:"PRIVATE";s:1:"0";s:4:"TAGS";s:27:"comics,webcomics,publishing";s:7:"COMMENT";s:22:"Indie comic publisher
";}i:1090;a:5:{s:4:"HREF";s:37:"http://filerecovery.hostyourself.net/";s:8:"ADD_DATE";s:10:"1179405776";s:7:"PRIVATE";s:1:"0";s:4:"TAGS";s:27:"recovery,storage,tools,free";s:7:"COMMENT";s:128:"Getting a lot of these "cyclic redundancy check" erros on my hard drive at home so maybe this is what I need to salvage things.
";}i:1091;a:5:{s:4:"HREF";s:82:"http://www.sandisk.com/Products/Catalog(1253)-SanDisk_Sansa_ShakerMP3_Players.aspx";s:8:"ADD_DATE";s:10:"1179321353";s:7:"PRIVATE";s:1:"0";s:4:"TAGS";s:19:"design,interface,ux";s:7:"COMMENT";s:191:"I like this, not just because of the shake but also the speaker and the two headphone jacks. Many has been the time I've seen a couple of young-uns on the train sharing a pair of headphones.
";}i:1092;a:5:{s:4:"HREF";s:135:"http://poorbuthappy.com/ease/archives/2007/04/29/3616/the-top-10-presentation-on-scaling-websites-twitter-flickr-bloglines-vox-and-more";s:8:"ADD_DATE";s:10:"1179312824";s:7:"PRIVATE";s:1:"0";s:4:"TAGS";s:66:"scalability,performance,web,architecture,development,presentations";s:7:"COMMENT";s:201:"... on scaling websites: twitter, Flickr, Bloglines, Vox and more. Very good, and just what you need when you suddenly realise you need to know this stuff which I don't now but hopefully will one day.
";}i:1093;a:5:{s:4:"HREF";s:95:"http://gizmodo.com/gadgets/save/isave-faucet-water-counter-for-your-green-conscience-259248.php";s:8:"ADD_DATE";s:10:"1179308165";s:7:"PRIVATE";s:1:"0";s:4:"TAGS";s:19:"energy,ambient_data";s:7:"COMMENT";s:78:"A attachment for a tap that tells you how much water you're using. Excellent.
";}i:1094;a:5:{s:4:"HREF";s:16:"http://vixy.net/";s:8:"ADD_DATE";s:10:"1179241397";s:7:"PRIVATE";s:1:"0";s:4:"TAGS";s:33:"video,converter,youtube,flv,tools";s:7:"COMMENT";s:61:"Download online videos direct to PC / iPod / PSP. It's free!
";}i:1095;a:5:{s:4:"HREF";s:49:"http://www.tawnygrammar.org/notes/2365/tangle-2.0";s:8:"ADD_DATE";s:10:"1179234363";s:7:"PRIVATE";s:1:"0";s:4:"TAGS";s:5:"funny";s:7:"COMMENT";s:36:"If only life was more like the web.
";}i:1096;a:5:{s:4:"HREF";s:36:"http://theresistancearmy.com/shirts/";s:8:"ADD_DATE";s:10:"1179215381";s:7:"PRIVATE";s:1:"0";s:4:"TAGS";s:7:"tshirts";s:7:"COMMENT";s:61:"Some cool t shirts - plus "please do not get into mischief".
";}i:1097;a:5:{s:4:"HREF";s:63:"http://www.youtube.com/watch?v=S24UJx0v9Og&mode=related&search=";s:8:"ADD_DATE";s:10:"1178716771";s:7:"PRIVATE";s:1:"0";s:4:"TAGS";s:11:"video,funny";s:7:"COMMENT";s:41:"part two of Lee and Herring at Tedstock.
";}i:1098;a:5:{s:4:"HREF";s:42:"http://www.youtube.com/watch?v=Ih41uU17P_o";s:8:"ADD_DATE";s:10:"1178716733";s:7:"PRIVATE";s:1:"0";s:4:"TAGS";s:19:"comedy,humour,video";s:7:"COMMENT";s:78:"Excellent hilarious clip of Lee and Herring back together after 7 or 8 years.
";}i:1099;a:5:{s:4:"HREF";s:45:"http://www.hackdiary.com/archives/000105.html";s:8:"ADD_DATE";s:10:"1178614371";s:7:"PRIVATE";s:1:"0";s:4:"TAGS";s:19:"talk,3d,prototyping";s:7:"COMMENT";s:113:"Matt BIdulph talks about 3D printing as it relates to the internet and the future of internet connected objects.
";}i:1100;a:5:{s:4:"HREF";s:30:"http://www.desktopfactory.com/";s:8:"ADD_DATE";s:10:"1178613473";s:7:"PRIVATE";s:1:"0";s:4:"TAGS";s:48:"3d,design,printing,prototyping,tools,fabrication";s:7:"COMMENT";s:104:"Is it me or has this 3D printing thing hit a kind of tipping point recently? It seems to be everywhere.
";}i:1101;a:5:{s:4:"HREF";s:66:"http://customsolutionsofmaryland.50megs.com/subliminalmessage.htm/";s:8:"ADD_DATE";s:10:"1178612445";s:7:"PRIVATE";s:1:"0";s:4:"TAGS";s:25:"subliminal,freeware,tools";s:7:"COMMENT";s:110:"Hmmmmm interesting - I might give this a go. Now who do I want to persuade and what do I want them to do? :-)
";}i:1102;a:5:{s:4:"HREF";s:81:"http://www.thesecurityinstaller.co.uk/community/lofiversion/index.php?t10610.html";s:8:"ADD_DATE";s:10:"1178529880";s:7:"PRIVATE";s:1:"0";s:4:"TAGS";s:5:"alarm";s:7:"COMMENT";s:119:"This happened on Saturday coz I turned off the mains to change a socket. Might be useful to find this again some time.
";}i:1103;a:5:{s:4:"HREF";s:32:"http://www.illustratemyname.com/";s:8:"ADD_DATE";s:10:"1178198543";s:7:"PRIVATE";s:1:"0";s:4:"TAGS";s:25:"art,design,webdesign,kids";s:7:"COMMENT";s:68:"Unique baby gifts, personalised baby gifts, baby christening gifts.
";}i:1104;a:5:{s:4:"HREF";s:36:"http://www.onefineday.co.uk/home.htm";s:8:"ADD_DATE";s:10:"1178198356";s:7:"PRIVATE";s:1:"0";s:4:"TAGS";s:25:"art,design,webdesign,kids";s:7:"COMMENT";s:56:"more personalised gifts for new babies and christenings
";}i:1105;a:5:{s:4:"HREF";s:47:"http://katiepie.co.uk/index.php?main_page=index";s:8:"ADD_DATE";s:10:"1178197515";s:7:"PRIVATE";s:1:"0";s:4:"TAGS";s:25:"art,design,webdesign,kids";s:7:"COMMENT";s:40:"Personalised baby name prints and gifts
";}i:1106;a:5:{s:4:"HREF";s:67:"http://webworkerdaily.com/2007/01/02/top-ajax-start-pages-reviewed/";s:8:"ADD_DATE";s:10:"1178196661";s:7:"PRIVATE";s:1:"0";s:4:"TAGS";s:21:"ajax,review,startpage";s:7:"COMMENT";s:46:"A handy round up of all these types of pages.
";}i:1107;a:5:{s:4:"HREF";s:27:"http://www.simonoldham.com/";s:8:"ADD_DATE";s:10:"1178195351";s:7:"PRIVATE";s:1:"0";s:4:"TAGS";s:6:"friend";s:7:"COMMENT";s:16:"Simon's website
";}i:1108;a:5:{s:4:"HREF";s:37:"http://www.thefarsyde.co.uk/flash.htm";s:8:"ADD_DATE";s:10:"1178010695";s:7:"PRIVATE";s:1:"0";s:4:"TAGS";s:10:"restaurant";s:7:"COMMENT";s:91:"The restaurant in Ilkley where we will tonight be celebrating our 3rd wedding anniversary.
";}i:1109;a:5:{s:4:"HREF";s:26:"http://www.dimsu.com/Login";s:8:"ADD_DATE";s:10:"1177943756";s:7:"PRIVATE";s:1:"0";s:4:"TAGS";s:4:"work";s:7:"COMMENT";s:48:"It's "by Orange" apparently. Well there you go.
";}i:1110;a:5:{s:4:"HREF";s:84:"http://video.google.com/videoplay?docid=3807826142091223684&q=label%3A%22to_watch%22";s:8:"ADD_DATE";s:10:"1177927358";s:7:"PRIVATE";s:1:"0";s:4:"TAGS";s:8:"to_watch";s:7:"COMMENT";s:77:"Kermode on Blade Runner - file under "will I ever come back and watch this?"
";}i:1111;a:5:{s:4:"HREF";s:26:"http://www.panic.com/coda/";s:8:"ADD_DATE";s:10:"1177684627";s:7:"PRIVATE";s:1:"0";s:4:"TAGS";s:19:"software,javascript";s:7:"COMMENT";s:110:"Not for the software itself but for some lush javascript effects that they use on this site. Very impressive.
";}i:1112;a:5:{s:4:"HREF";s:39:"http://www.gmap-pedometer.com/?r=899052";s:8:"ADD_DATE";s:10:"1177673021";s:7:"PRIVATE";s:1:"0";s:4:"TAGS";s:21:"maps,pedometer,routes";s:7:"COMMENT";s:115:"...and it looks like this one is. Which is what I thought anyway to be honest but, you know, it's nice to be sure.
";}i:1113;a:5:{s:4:"HREF";s:39:"http://www.gmap-pedometer.com/?r=899048";s:8:"ADD_DATE";s:10:"1177672962";s:7:"PRIVATE";s:1:"0";s:4:"TAGS";s:21:"maps,pedometer,routes";s:7:"COMMENT";s:56:"Just checking which route to the station is quicker ;-)
";}i:1114;a:5:{s:4:"HREF";s:22:"http://www.tumblr.com/";s:8:"ADD_DATE";s:10:"1177671102";s:7:"PRIVATE";s:1:"0";s:4:"TAGS";s:26:"web2.0,blogging,blog,tools";s:7:"COMMENT";s:51:"Hmmm this looks like an interesting blogging tool.
";}i:1115;a:5:{s:4:"HREF";s:50:"http://www.gotoandlearn.com/flex/gotoAndLearn.html";s:8:"ADD_DATE";s:10:"1177429256";s:7:"PRIVATE";s:1:"0";s:4:"TAGS";s:15:"flash,tutorials";s:7:"COMMENT";s:48:"seeing as it's not available elsewhere anymore.
";}i:1116;a:5:{s:4:"HREF";s:38:"http://interconnected.org/googlematic/";s:8:"ADD_DATE";s:10:"1177403513";s:7:"PRIVATE";s:1:"0";s:4:"TAGS";s:10:"web,AIMBot";s:7:"COMMENT";s:80:"Matt Webb's IM based Google Search - I wish I could create something like this.
";}i:1117;a:5:{s:4:"HREF";s:65:"http://music.guardian.co.uk/rock/reviews/story/0,,2060966,00.html";s:8:"ADD_DATE";s:10:"1177058960";s:7:"PRIVATE";s:1:"0";s:4:"TAGS";s:12:"music,review";s:7:"COMMENT";s:87:"A nicely even handed review of the second album from the Guardian - I'll be buying it.
";}i:1118;a:4:{s:4:"HREF";s:78:"http://www.informationweek.com/blog/main/archives/2007/04/google_lays_out.html";s:8:"ADD_DATE";s:10:"1176968401";s:7:"PRIVATE";s:1:"0";s:4:"TAGS";s:16:"google,mobile,ux";}i:1119;a:5:{s:4:"HREF";s:36:"http://blog.deconcept.com/swfobject/";s:8:"ADD_DATE";s:10:"1176968204";s:7:"PRIVATE";s:1:"0";s:4:"TAGS";s:26:"flash,JavaScript,swfobject";s:7:"COMMENT";s:36:"This should be useful at some point
";}i:1120;a:5:{s:4:"HREF";s:27:"http://www.markgroup.co.uk/";s:8:"ADD_DATE";s:10:"1176888644";s:7:"PRIVATE";s:1:"0";s:4:"TAGS";s:12:"house,energy";s:7:"COMMENT";s:17:"Renewable energy
";}i:1121;a:5:{s:4:"HREF";s:47:"http://news.bbc.co.uk/1/hi/sci/tech/6550361.stm";s:8:"ADD_DATE";s:10:"1176808743";s:7:"PRIVATE";s:1:"0";s:4:"TAGS";s:24:"environment,monitor,news";s:7:"COMMENT";s:49:"wonderful idea - just hope they make 'em usable.
";}i:1122;a:5:{s:4:"HREF";s:43:"http://bakery.cakephp.org/articles/view/329";s:8:"ADD_DATE";s:10:"1176752377";s:7:"PRIVATE";s:1:"0";s:4:"TAGS";s:7:"cakephp";s:7:"COMMENT";s:153:"The self-join, I've been wondering whether this was possible for a while now, just had to find the right combination of words for Google to help me out.
";}i:1123;a:5:{s:4:"HREF";s:54:"http://www.alistapart.com/articles/settingtypeontheweb";s:8:"ADD_DATE";s:10:"1176375278";s:7:"PRIVATE";s:1:"0";s:4:"TAGS";s:43:"css,typography,Webdesign,design,grid,layout";s:7:"COMMENT";s:14:"Useful stuff.
";}i:1124;a:5:{s:4:"HREF";s:89:"http://www.markboulton.co.uk/articles/detail/five_simple_steps_to_designing_grid_systems/";s:8:"ADD_DATE";s:10:"1176374897";s:7:"PRIVATE";s:1:"0";s:4:"TAGS";s:46:"design,grid,webdesign,layout,CSS,reference,web";s:7:"COMMENT";s:85:"Yeah, I'm quite interested in the whole grid thing - will have to come back to this.
";}i:1125;a:5:{s:4:"HREF";s:71:"http://3dpeople.blogspot.com/2007/03/mark-anderson-speaks-at-nokia.html";s:8:"ADD_DATE";s:10:"1176364515";s:7:"PRIVATE";s:1:"0";s:4:"TAGS";s:17:"video,future,talk";s:7:"COMMENT";s:58:"Very interesting talk about the future - including mobile
";}i:1126;a:5:{s:4:"HREF";s:23:"http://kuler.adobe.com/";s:8:"ADD_DATE";s:10:"1176303988";s:7:"PRIVATE";s:1:"0";s:4:"TAGS";s:22:"color,design,webdesign";s:7:"COMMENT";s:50:"color scheme picker - have I posted this already?
";}i:1127;a:5:{s:4:"HREF";s:27:"http://www.heidi.ie/eraser/";s:8:"ADD_DATE";s:10:"1176296173";s:7:"PRIVATE";s:1:"0";s:4:"TAGS";s:58:"Security,software,tools,windows,privacy,utilities,freeware";s:7:"COMMENT";s:24:"might be handy one day.
";}i:1128;a:5:{s:4:"HREF";s:61:"http://en.wikipedia.org/wiki/List_of_company_name_etymologies";s:8:"ADD_DATE";s:10:"1176196928";s:7:"PRIVATE";s:1:"0";s:4:"TAGS";s:43:"business,etymology,reference,names,branding";s:7:"COMMENT";s:72:"Etymology is just a facinating subject no matter what it's focussed on.
";}i:1129;a:5:{s:4:"HREF";s:66:"http://cakebaker.wordpress.com/2006/01/18/submit-a-form-with-ajax/";s:8:"ADD_DATE";s:10:"1175629496";s:7:"PRIVATE";s:1:"0";s:4:"TAGS";s:39:"ajax,howto,javascript,cakephp,tutorials";s:7:"COMMENT";s:52:"Nice bit of cake with some ajax thrown in. Yum yum.
";}i:1130;a:5:{s:4:"HREF";s:50:"http://www.culturewars.org.uk/2004-02/identity.htm";s:8:"ADD_DATE";s:10:"1175585660";s:7:"PRIVATE";s:1:"0";s:4:"TAGS";s:44:"books,history,mind,reference,research,toread";s:7:"COMMENT";s:75:"something I will come back and read when I really have nothing else to do.
";}i:1131;a:5:{s:4:"HREF";s:45:"http://www.elogodesign.com/logo-design-guide/";s:8:"ADD_DATE";s:10:"1175095959";s:7:"PRIVATE";s:1:"0";s:4:"TAGS";s:31:"design,tutorial,webdesign,logos";s:7:"COMMENT";s:50:"I'll probably never return to this but in case...
";}i:1132;a:5:{s:4:"HREF";s:42:"http://www.youtube.com/watch?v=4OyIOCzWMVg";s:8:"ADD_DATE";s:10:"1174665395";s:7:"PRIVATE";s:1:"0";s:4:"TAGS";s:25:"tv,old,public_information";s:7:"COMMENT";s:90:""It's the perfect place .. for an accident". LOL - I can't believe they ever showed this.
";}i:1133;a:5:{s:4:"HREF";s:56:"http://www.guardian.co.uk/drugs/Story/0,,2040886,00.html";s:8:"ADD_DATE";s:10:"1174647356";s:7:"PRIVATE";s:1:"0";s:4:"TAGS";s:39:"drugs,articles,guardian,politics,social";s:7:"COMMENT";s:83:"Excellent and sensible recommendations - I only hope they get somewhere with this.
";}i:1134;a:5:{s:4:"HREF";s:78:"http://sadena.homeip.net/comedy/ISIHAC%20I_m%20Sorry%20I%20Haven_t%20A%20Clue/";s:8:"ADD_DATE";s:10:"1174644889";s:7:"PRIVATE";s:1:"0";s:4:"TAGS";s:37:"comedy,isihac,links,download,free,mp3";s:7:"COMMENT";s:35:"lots of ISIHAC downloads  - yummy!
";}i:1135;a:5:{s:4:"HREF";s:74:"http://www.comedycentral.com/shows/the_sarah_silverman_program/index.jhtml";s:8:"ADD_DATE";s:10:"1174643389";s:7:"PRIVATE";s:1:"0";s:4:"TAGS";s:17:"comedy,television";s:7:"COMMENT";s:123:"Recommended by Stephen Merchant in the Guardian I don't know if it's available in the UK but it looks strangely brilliant.
";}i:1136;a:5:{s:4:"HREF";s:34:"http://scratch.media.mit.edu/about";s:8:"ADD_DATE";s:10:"1174642765";s:7:"PRIVATE";s:1:"0";s:4:"TAGS";s:25:"programming,kids,learning";s:7:"COMMENT";s:82:"This looks like an interesting project. Must come back and have a play some time.
";}i:1137;a:5:{s:4:"HREF";s:41:"https://www.pdfonline.com/convert_pdf.asp";s:8:"ADD_DATE";s:10:"1174577523";s:7:"PRIVATE";s:1:"0";s:4:"TAGS";s:29:"pdf,tools,online,convert,free";s:7:"COMMENT";s:143:"Simply upload the document you want to convert to PDF and it'll be sent to the email address you provide. Couldn't be simpler ... if it works.
";}i:1138;a:5:{s:4:"HREF";s:41:"http://best.online.docus.googlepages.com/";s:8:"ADD_DATE";s:10:"1174567869";s:7:"PRIVATE";s:1:"0";s:4:"TAGS";s:31:"video,documentaries,free,online";s:7:"COMMENT";s:85:"Hey great, this is what I need. One bookmark, loads of great documentaries. Perfect.
";}i:1139;a:5:{s:4:"HREF";s:48:"http://www.georgefisheronline.co.uk/home_3.shtml";s:8:"ADD_DATE";s:10:"1174557831";s:7:"PRIVATE";s:1:"0";s:4:"TAGS";s:18:"walking,lakes,shop";s:7:"COMMENT";s:61:"Lake District shop for buying Lake District types of things.
";}i:1140;a:5:{s:4:"HREF";s:37:"http://www.garmin.com/products/etrex/";s:8:"ADD_DATE";s:10:"1174557794";s:7:"PRIVATE";s:1:"0";s:4:"TAGS";s:12:"shopping,gps";s:7:"COMMENT";s:165:"A GPS way finding device. But how exactly do these things work? What's the interface like, I mean? How do you tell them where you want to go? more research I think.
";}i:1141;a:4:{s:4:"HREF";s:243:"http://video.google.com/url?docid=-6884155963216756796&esrc=sr3&ev=v&q=the+century+of+the+self&vidurl=http://video.google.com/videoplay%3Fdocid%3D-6884155963216756796%26q%3Dthe%2Bcentury%2Bof%2Bthe%2Bself&usg=AL29H21gVnd_5A_6zlJrCiTR8ursYHVpNw";s:8:"ADD_DATE";s:10:"1174477885";s:7:"PRIVATE";s:1:"0";s:4:"TAGS";s:7:"towatch";}i:1142;a:4:{s:4:"HREF";s:243:"http://video.google.com/url?docid=-7009899812873111112&esrc=sr6&ev=v&q=the+century+of+the+self&vidurl=http://video.google.com/videoplay%3Fdocid%3D-7009899812873111112%26q%3Dthe%2Bcentury%2Bof%2Bthe%2Bself&usg=AL29H20uslmyDW_QZdQjZiKZbQ4tUqV5kQ";s:8:"ADD_DATE";s:10:"1174477876";s:7:"PRIVATE";s:1:"0";s:4:"TAGS";s:7:"towatch";}i:1143;a:4:{s:4:"HREF";s:241:"http://video.google.com/url?docid=3031880283858584099&esrc=sr8&ev=v&q=the+century+of+the+self&vidurl=http://video.google.com/videoplay%3Fdocid%3D3031880283858584099%26q%3Dthe%2Bcentury%2Bof%2Bthe%2Bself&usg=AL29H225osoHytqV0A0qZEyTkslqu17zGg";s:8:"ADD_DATE";s:10:"1174477864";s:7:"PRIVATE";s:1:"0";s:4:"TAGS";s:7:"towatch";}i:1144;a:4:{s:4:"HREF";s:241:"http://video.google.com/url?docid=8953172273825999151&esrc=sr2&ev=v&q=the+century+of+the+self&vidurl=http://video.google.com/videoplay%3Fdocid%3D8953172273825999151%26q%3Dthe%2Bcentury%2Bof%2Bthe%2Bself&usg=AL29H22KV9kGT1YSDL9Wibbaeu5X_t3xzA";s:8:"ADD_DATE";s:10:"1174477835";s:7:"PRIVATE";s:1:"0";s:4:"TAGS";s:7:"towatch";}i:1145;a:5:{s:4:"HREF";s:20:"http://www.krop.com/";s:8:"ADD_DATE";s:10:"1174468578";s:7:"PRIVATE";s:1:"0";s:4:"TAGS";s:25:"jobs,design,career,search";s:7:"COMMENT";s:71:"Creative & Tech Jobs - well if Orange are advertising jobs on there...
";}i:1146;a:5:{s:4:"HREF";s:35:"http://www.viksoe.dk/code/gmail.htm";s:8:"ADD_DATE";s:10:"1174466884";s:7:"PRIVATE";s:1:"0";s:4:"TAGS";s:27:"gmail,storage,tools,windows";s:7:"COMMENT";s:240:"I'm come back to this idea after trying it once ages ago. Suddenly it seems that having an on-line file system is more interesting and attractive again. It does feel a little hacky though, I wonder if there's any other solutions our there.
";}i:1147;a:5:{s:4:"HREF";s:25:"http://www.gapminder.org/";s:8:"ADD_DATE";s:10:"1174408093";s:7:"PRIVATE";s:1:"0";s:4:"TAGS";s:41:"statistics,visualization,data,information";s:7:"COMMENT";s:65:"Google just bought them. See the video below for the reason why.
";}i:1148;a:5:{s:4:"HREF";s:38:"http://youtube.com/watch?v=hVimVzgtD6w";s:8:"ADD_DATE";s:10:"1174405022";s:7:"PRIVATE";s:1:"0";s:4:"TAGS";s:26:"information,design,towatch";s:7:"COMMENT";s:158:"Wonderful example of interesting animated graphs on the most important of subjects. This is proper information design conveying ideas clearly and skillfully.
";}i:1149;a:5:{s:4:"HREF";s:62:"http://www.guardian.co.uk/Columnists/Column/0,,2029557,00.html";s:8:"ADD_DATE";s:10:"1174389189";s:7:"PRIVATE";s:1:"0";s:4:"TAGS";s:27:"documentary,review,politics";s:7:"COMMENT";s:26:"... and seems to like it.
";}i:1150;a:5:{s:4:"HREF";s:35:"http://twittermap.com/twittervision";s:8:"ADD_DATE";s:10:"1174386301";s:7:"PRIVATE";s:1:"0";s:4:"TAGS";s:25:"twitter,mashup,googlemaps";s:7:"COMMENT";s:154:"This is nice. A real time view of what people are writing on twitter mapped onto the globe. Call me a geek but this is what the internet is all about :-)
";}i:1151;a:5:{s:4:"HREF";s:49:"http://www.lullabot.com/audiocast/the_drupal_song";s:8:"ADD_DATE";s:10:"1174383775";s:7:"PRIVATE";s:1:"0";s:4:"TAGS";s:22:"fun,humor,drupal,flash";s:7:"COMMENT";s:101:"I'm not sure about Drupal or the song but the little flash mp3 player widget on this page is lovely.
";}i:1152;a:5:{s:4:"HREF";s:35:"http://shufflebrain.com/GDC2007.htm";s:8:"ADD_DATE";s:10:"1174296463";s:7:"PRIVATE";s:1:"0";s:4:"TAGS";s:31:"design,games,interaction,social";s:7:"COMMENT";s:209:"Take a load of buzz words and some trendy sites bung em in a presentation and what do you get? Well it looks like the future, it smells like the future? No! it's a cardboard cut out with hidden tape recorder!
";}i:1153;a:5:{s:4:"HREF";s:55:"http://k-punk.abstractdynamics.org/archives/009166.html";s:8:"ADD_DATE";s:10:"1174295693";s:7:"PRIVATE";s:1:"0";s:4:"TAGS";s:19:"culture,tv,politics";s:7:"COMMENT";s:53:"Some discussion of The Trap which looks interesting.
";}i:1154;a:5:{s:4:"HREF";s:52:"http://www.babblebooks.com/shopping/shoppodcasts.asp";s:8:"ADD_DATE";s:10:"1173441230";s:7:"PRIVATE";s:1:"0";s:4:"TAGS";s:29:"Free,Podcast,books,audiobooks";s:7:"COMMENT";s:25:"Free audio books a gogo!
";}i:1155;a:5:{s:4:"HREF";s:23:"http://www.politer.com/";s:8:"ADD_DATE";s:10:"1173345372";s:7:"PRIVATE";s:1:"0";s:4:"TAGS";s:23:"card,design,photography";s:7:"COMMENT";s:82:"Just because one day I'll think - what was that card printing company I saw once?
";}i:1156;a:5:{s:4:"HREF";s:34:"http://www.myndology.com/index.php";s:8:"ADD_DATE";s:10:"1173284012";s:7:"PRIVATE";s:1:"0";s:4:"TAGS";s:24:"stationery,shopping,cool";s:7:"COMMENT";s:32:"Stationary supplier but trendy.
";}i:1157;a:5:{s:4:"HREF";s:29:"http://hugin.sourceforge.net/";s:8:"ADD_DATE";s:10:"1173282062";s:7:"PRIVATE";s:1:"0";s:4:"TAGS";s:26:"photography,Software,tools";s:7:"COMMENT";s:66:"For stitching together images for making a panorama or some such.
";}i:1158;a:5:{s:4:"HREF";s:40:"http://www.surprisedialer.com/about.html";s:8:"ADD_DATE";s:10:"1173280523";s:7:"PRIVATE";s:1:"0";s:4:"TAGS";s:13:"phone,service";s:7:"COMMENT";s:158:"A way for lots of people to leave a message for someone who is then "surprised" automatically by the system which rings them and plays back all the messages.
";}i:1159;a:5:{s:4:"HREF";s:59:"http://www.digital-web.com/articles/better_font_management/";s:8:"ADD_DATE";s:10:"1173277984";s:7:"PRIVATE";s:1:"0";s:4:"TAGS";s:33:"fonts,management,tools,typography";s:7:"COMMENT";s:48:"I want to manage my fonts better - honest I do.
";}i:1160;a:5:{s:4:"HREF";s:27:"http://www.spreadshirt.net/";s:8:"ADD_DATE";s:10:"1173270260";s:7:"PRIVATE";s:1:"0";s:4:"TAGS";s:32:"tshirts,design,clothing,shopping";s:7:"COMMENT";s:101:"desgin and make your own t-shirt. I really want to try this some time, if only I could get the time.
";}i:1161;a:4:{s:4:"HREF";s:41:"http://www.logoorange.com/logo-design.php";s:8:"ADD_DATE";s:10:"1173269763";s:7:"PRIVATE";s:1:"0";s:4:"TAGS";s:40:"logo,design,logos,trend,2007,inspiration";}i:1162;a:5:{s:4:"HREF";s:69:"http://www.yourdailyawesome.com/2007/03/02/ira-glass-on-storytelling/";s:8:"ADD_DATE";s:10:"1173181080";s:7:"PRIVATE";s:1:"0";s:4:"TAGS";s:26:"storytelling,video,towatch";s:7:"COMMENT";s:91:"I'd like to know more about storytelling, so I must remember to come back and watch these.
";}i:1163;a:5:{s:4:"HREF";s:36:"http://www.terrybisson.com/meat.html";s:8:"ADD_DATE";s:10:"1173180042";s:7:"PRIVATE";s:1:"0";s:4:"TAGS";s:24:"sci-fi,humor,funny,story";s:7:"COMMENT";s:189:"An excellent little piece of sci-fi which does what the best sci-fi always does, which is give you a wonderfully different perspective with which to view life, the universe and everything.
";}i:1164;a:5:{s:4:"HREF";s:146:"http://www.nytimes.com/2007/03/04/magazine/04evolution.t.html?ei=5090&en=43cfb46824423cea&ex=1330664400&partner=rssuserland&emc=rss&pagewanted=all";s:8:"ADD_DATE";s:10:"1173173614";s:7:"PRIVATE";s:1:"0";s:4:"TAGS";s:23:"religion,atheism,toread";s:7:"COMMENT";s:128:"I've just read Jason Kotke's summary of this article and it looks very good. Must come back and read the whole thing some time.
";}i:1165;a:5:{s:4:"HREF";s:64:"http://www.guardian.co.uk/commentisfree/story/0,,2026579,00.html";s:8:"ADD_DATE";s:10:"1173171643";s:7:"PRIVATE";s:1:"0";s:4:"TAGS";s:41:"articles,technology,funny,mobile,guardian";s:7:"COMMENT";s:149:"Charlie Brooker lays ito Orange a bit which is always nice. The mention of Orange World is scarily insightful. He must have been bugging the office!
";}i:1166;a:5:{s:4:"HREF";s:29:"http://organicinternet.co.uk/";s:8:"ADD_DATE";s:10:"1172677742";s:7:"PRIVATE";s:1:"0";s:4:"TAGS";s:6:"friend";s:7:"COMMENT";s:22:"Mr Simon King (& co?)
";}i:1167;a:5:{s:4:"HREF";s:66:"http://www.guardian.co.uk/theguide/comedy/story/0,,2004615,00.html";s:8:"ADD_DATE";s:10:"1172659056";s:7:"PRIVATE";s:1:"0";s:4:"TAGS";s:6:"comedy";s:7:"COMMENT";s:104:"I haven't heard of Ted Chippington before. He sounds very cool though. There's a few videos on YouTube.
";}i:1168;a:5:{s:4:"HREF";s:44:"http://schulzeandwebb.com/2007/hills/slides/";s:8:"ADD_DATE";s:10:"1172497338";s:7:"PRIVATE";s:1:"0";s:4:"TAGS";s:31:"design,inspiration,presentation";s:7:"COMMENT";s:143:"Fantastic presentation (pitch) from Matt Webb about his view of product design with some extremely interesting parts about physical computing.
";}i:1169;a:5:{s:4:"HREF";s:34:"http://www.tinker.it/en/Main/About";s:8:"ADD_DATE";s:10:"1172497077";s:7:"PRIVATE";s:1:"0";s:4:"TAGS";s:27:"tools,electronics,interface";s:7:"COMMENT";s:113:"Tinker.it! makes products and platforms to help designers and artists make the best use of digital technologies.
";}i:1170;a:5:{s:4:"HREF";s:18:"http://arduino.cc/";s:8:"ADD_DATE";s:10:"1172497021";s:7:"PRIVATE";s:1:"0";s:4:"TAGS";s:36:"hardware,programming,electronics,diy";s:7:"COMMENT";s:132:"It's as simpler way of creating physical objects that you can control via your computer or vice versa or something. It sounds cool.
";}i:1171;a:5:{s:4:"HREF";s:29:"http://www.instructables.com/";s:8:"ADD_DATE";s:10:"1172495879";s:7:"PRIVATE";s:1:"0";s:4:"TAGS";s:19:"diy,howto,tutorials";s:7:"COMMENT";s:86:"People post instructions for making things in a kind of web2.0 social network stylee.
";}i:1172;a:4:{s:4:"HREF";s:25:"http://www.humanized.com/";s:8:"ADD_DATE";s:10:"1172488724";s:7:"PRIVATE";s:1:"0";s:4:"TAGS";s:61:"software,design,usability,interface,ui,technology,inspiration";}i:1173;a:5:{s:4:"HREF";s:43:"http://www.stencilrevolution.com/resources/";s:8:"ADD_DATE";s:10:"1172236981";s:7:"PRIVATE";s:1:"0";s:4:"TAGS";s:20:"fonts,stencil,design";s:7:"COMMENT";s:14:"Stencil Fonts
";}i:1174;a:5:{s:4:"HREF";s:36:"http://www.findsounds.com/types.html";s:8:"ADD_DATE";s:10:"1172236266";s:7:"PRIVATE";s:1:"0";s:4:"TAGS";s:24:"audio,sounds,search,free";s:7:"COMMENT";s:79:"You can use it to Find... Sounds. One of the categories is "Mayhem" excellent!
";}i:1175;a:5:{s:4:"HREF";s:34:"http://green-beast.com/blog/?p=128";s:8:"ADD_DATE";s:10:"1172232902";s:7:"PRIVATE";s:1:"0";s:4:"TAGS";s:47:"free,php,webdesign,forms,contact,email,security";s:7:"COMMENT";s:68:"Someone's made a really good php contact form so you don't have to.
";}i:1176;a:5:{s:4:"HREF";s:19:"http://fat-pie.com/";s:8:"ADD_DATE";s:10:"1172053058";s:7:"PRIVATE";s:1:"0";s:4:"TAGS";s:39:"flash,Animation,funny,strange,art,humor";s:7:"COMMENT";s:50:"strange strange strange - recommended by Chilver.
";}i:1177;a:5:{s:4:"HREF";s:74:"http://timotheegroleau.com/Flash/experiments/easing_function_generator.htm";s:8:"ADD_DATE";s:10:"1171961302";s:7:"PRIVATE";s:1:"0";s:4:"TAGS";s:40:"flash,actionscript,easing,generator,tool";s:7:"COMMENT";s:160:"It's something in Flash. It's interesting and seems to be quite important in ActionScript or something. I'm investigating at the moment. Not quite sure really.
";}i:1178;a:5:{s:4:"HREF";s:59:"http://www.drawergeeks.com/Kid_Creatures/Kid_Creatures.html";s:8:"ADD_DATE";s:10:"1171900032";s:7:"PRIVATE";s:1:"0";s:4:"TAGS";s:43:"art,illustration,drawing,comics,inspiration";s:7:"COMMENT";s:133:"They seem to take simple kids drawings and then use them as inspiration. It seems to work really well, I wonder what the kids think.
";}i:1179;a:5:{s:4:"HREF";s:20:"http://kooki.ca/van/";s:8:"ADD_DATE";s:10:"1171899932";s:7:"PRIVATE";s:1:"0";s:4:"TAGS";s:44:"diy,organization,lifehacks,desktop,declutter";s:7:"COMMENT";s:135:"This is great. It's a bit geeky but I could actually imagine giving it a go myself just for the sake of having that lovely clear desk.
";}i:1180;a:5:{s:4:"HREF";s:21:"http://www.alice.org/";s:8:"ADD_DATE";s:10:"1171898861";s:7:"PRIVATE";s:1:"0";s:4:"TAGS";s:33:"3d,programming,education,graphics";s:7:"COMMENT";s:178:"interesting, a programming environment designed for children to create 3D graphical programs. There's a lot of drag'n'drop but it looks like something that could be really good.
";}i:1181;a:5:{s:4:"HREF";s:43:"http://www.unoriginal.co.uk/games12/red.swf";s:8:"ADD_DATE";s:10:"1171551201";s:7:"PRIVATE";s:1:"0";s:4:"TAGS";s:28:"computer,cool,flash,game,fun";s:7:"COMMENT";s:85:"Very cool Flash game based on missile command but a bit like snooker too. I love it!
";}i:1182;a:4:{s:4:"HREF";s:65:"http://www.thinkvitamin.com/features/biz/how-to-name-your-company";s:8:"ADD_DATE";s:10:"1171546283";s:7:"PRIVATE";s:1:"0";s:4:"TAGS";s:53:"business,entrepreneurship,howto,naming,company,brands";}i:1183;a:5:{s:4:"HREF";s:42:"http://www.alwaysontherun.net/joanna.htm#y";s:8:"ADD_DATE";s:10:"1171540305";s:7:"PRIVATE";s:1:"0";s:4:"TAGS";s:12:"music,lyrics";s:7:"COMMENT";s:70:"A most wonderful album, but it does make you want to read the lyrics.
";}i:1184;a:5:{s:4:"HREF";s:55:"http://arstechnica.com/news.ars/post/20070212-8813.html";s:8:"ADD_DATE";s:10:"1171368603";s:7:"PRIVATE";s:1:"0";s:4:"TAGS";s:30:"music,p2p,copyright,statistics";s:7:"COMMENT";s:38:"Well worth hammering this point home.
";}i:1185;a:5:{s:4:"HREF";s:55:"http://www.guardian.co.uk/food/Story/0,,2011095,00.html";s:8:"ADD_DATE";s:10:"1171272009";s:7:"PRIVATE";s:1:"0";s:4:"TAGS";s:37:"food,science,words,nutrition,guardian";s:7:"COMMENT";s:254:"'Dr' Gillian McKeith has used her title to sell TV shows, diet books and herbal sex pills. Now the Advertising Standards Authority has stepped in. Yet the real problem is not what she calls herself, but the mumbo-jumbo she dresses up as scientific fact.
";}i:1186;a:4:{s:4:"HREF";s:59:"http://www.oculture.com/weblog/2007/02/the_major_works.html";s:8:"ADD_DATE";s:10:"1171039219";s:7:"PRIVATE";s:1:"0";s:4:"TAGS";s:28:"podcast,audio,mp3,free,books";}i:1187;a:5:{s:4:"HREF";s:42:"http://www.formatpixel.com/go/en/index.asp";s:8:"ADD_DATE";s:10:"1171038544";s:7:"PRIVATE";s:1:"0";s:4:"TAGS";s:49:"tools,magazine,flash,Webdesign,design,web2.0,tool";s:7:"COMMENT";s:253:"A nice flash based online  publishing tool, which keeps things very simple and fairly restricted and therefore allows maximum plushness in the final product. They're wanting to charge for a full account though so I can't see it taking off in a big way.
";}i:1188;a:5:{s:4:"HREF";s:33:"http://homokaasu.org/rasterbator/";s:8:"ADD_DATE";s:10:"1171024582";s:7:"PRIVATE";s:1:"0";s:4:"TAGS";s:30:"art,tools,graphics,design,cool";s:7:"COMMENT";s:170:"This looks like a wonderful little app. You drop an image in and it automatically rasterbates it up into a number of pages of pdf. Very handy for those big poster needs.
";}i:1189;a:5:{s:4:"HREF";s:23:"http://www.imified.com/";s:8:"ADD_DATE";s:10:"1170756513";s:7:"PRIVATE";s:1:"0";s:4:"TAGS";s:21:"im,tools,productivity";s:7:"COMMENT";s:174:"This looks kind of handy. A way to manage a bunch of online activities via IM instead of your browser. It might be a good way to avoid having always to have my browser open.
";}i:1190;a:5:{s:4:"HREF";s:42:"http://www.youtube.com/watch?v=2zIODJsnqXE";s:8:"ADD_DATE";s:10:"1170691833";s:7:"PRIVATE";s:1:"0";s:4:"TAGS";s:31:"animation,art,video,advertising";s:7:"COMMENT";s:92:"Beautiful shadow puppetry for this car advert. So how much CGI went into this do you think?
";}i:1191;a:5:{s:4:"HREF";s:31:"http://www.bestfrontdesign.com/";s:8:"ADD_DATE";s:10:"1170691668";s:7:"PRIVATE";s:1:"0";s:4:"TAGS";s:6:"design";s:7:"COMMENT";s:73:"Each day they take a newspaper front page and tell you why it's so good.
";}i:1192;a:5:{s:4:"HREF";s:103:"http://lifehacker.com/software/dvds/hack-attack-burn-almost-any-video-file-to-a-playable-dvd-232322.php";s:8:"ADD_DATE";s:10:"1170675055";s:7:"PRIVATE";s:1:"0";s:4:"TAGS";s:53:"author,dvd,freeware,howto,tools,useful,video,avi,divx";s:7:"COMMENT";s:144:"Just what I need. It's about time there was a nice simple to use and (most importantly) free bit of software for this purpose. Well done chaps!
";}i:1193;a:5:{s:4:"HREF";s:72:"http://environment.guardian.co.uk/climatechange/story/0,,2004397,00.html";s:8:"ADD_DATE";s:10:"1170669154";s:7:"PRIVATE";s:1:"0";s:4:"TAGS";s:28:"climate,oil,science,politics";s:7:"COMMENT";s:16:"Those bastards!
";}i:1194;a:5:{s:4:"HREF";s:59:"http://www.theregister.co.uk/2007/02/01/iphone_boosts_ajax/";s:8:"ADD_DATE";s:10:"1170347365";s:7:"PRIVATE";s:1:"0";s:4:"TAGS";s:29:"ajax,apple,iphone,mobile,pobo";s:7:"COMMENT";s:187:"This is interesting. Sounds like coz the iPhone will be pretty much closed to 3rd party development there's a thought that it might spark a move towards using AJAX more for mobile. Cool!
";}i:1195;a:5:{s:4:"HREF";s:86:"http://mobileopportunity.blogspot.com/2007/01/shape-of-smartphone-and-mobile-data.html";s:8:"ADD_DATE";s:10:"1170335177";s:7:"PRIVATE";s:1:"0";s:4:"TAGS";s:49:"mobile,smartphone,iphone,mobile-data,segmentation";s:7:"COMMENT";s:203:"A great article about the mobile (and data) market and how it shapes up. I particularly like the segementation stuff which makes a lot more sense than certain other segmentation efforts I could mention.
";}i:1196;a:5:{s:4:"HREF";s:53:"http://www.kottke.org/07/01/fotolog-overtaking-flickr";s:8:"ADD_DATE";s:10:"1170321387";s:7:"PRIVATE";s:1:"0";s:4:"TAGS";s:43:"flickr,web2.0,photography,fotolog,stats,web";s:7:"COMMENT";s:254:"Fascinating article about Fotolog overtaking Flickr as the most popular photo hosting/sharing website, based on a large usage from South America. Great to see that all the bells and whistles of "web 2.0" can still be overcome by getting something simple
";}i:1197;a:5:{s:4:"HREF";s:67:"http://politics.guardian.co.uk/backbench/comment/0,,2001806,00.html";s:8:"ADD_DATE";s:10:"1170166287";s:7:"PRIVATE";s:1:"0";s:4:"TAGS";s:15:"politics,humour";s:7:"COMMENT";s:159:""I know that Big Brother created a lot of fuss, but are we now going to get an official government judgment on every contestant on every TV show?" - priceles!
";}i:1198;a:5:{s:4:"HREF";s:41:"http://www.100welshheroes.com/en/homepage";s:8:"ADD_DATE";s:10:"1170089001";s:7:"PRIVATE";s:1:"0";s:4:"TAGS";s:12:"wales,heroes";s:7:"COMMENT";s:19:"Quite right boyos!
";}i:1199;a:5:{s:4:"HREF";s:27:"http://dotherightthing.com/";s:8:"ADD_DATE";s:10:"1170080883";s:7:"PRIVATE";s:1:"0";s:4:"TAGS";s:47:"community,social,business,activism,news,culture";s:7:"COMMENT";s:250:"a website trying to generate some "social" information about businesses in a kind of digg.com stylee! I guess this is a good idea in principle. I'd like an easy way to find which companies to boycott. Trouble is I'm afraid the answer is all of them!
";}i:1200;a:5:{s:4:"HREF";s:32:"http://www.100besteschriften.de/";s:8:"ADD_DATE";s:10:"1170080301";s:7:"PRIVATE";s:1:"0";s:4:"TAGS";s:40:"fonts,design,graphics,history,typography";s:7:"COMMENT";s:44:"The best 100 fonts as voted by some people.
";}i:1201;a:5:{s:4:"HREF";s:58:"http://www.3situations.com/BillSullivanWorks/MTmaster.html";s:8:"ADD_DATE";s:10:"1170076860";s:7:"PRIVATE";s:1:"0";s:4:"TAGS";s:27:"art,people,photography,pobo";s:7:"COMMENT";s:86:"Excellent bunch of photo's taken as people pass through a New York station turnstile.
";}i:1202;a:5:{s:4:"HREF";s:37:"http://www.edict.com.hk/textanalyser/";s:8:"ADD_DATE";s:10:"1170076812";s:7:"PRIVATE";s:1:"0";s:4:"TAGS";s:19:"dictionary,language";s:7:"COMMENT";s:206:"A tool for testing text to see how it compares to lists of the most frequently used words in language. I think the idea is that readability is helped by sticking more closely to that set. I might be wrong.
";}i:1203;a:5:{s:4:"HREF";s:22:"http://www.r-mail.org/";s:8:"ADD_DATE";s:10:"1169904381";s:7:"PRIVATE";s:1:"0";s:4:"TAGS";s:20:"RSS,email,tools,feed";s:7:"COMMENT";s:63:"A useful site that sends RSS feeds to your email inbox. Smart!
";}i:1204;a:5:{s:4:"HREF";s:20:"http://jeffvail.net/";s:8:"ADD_DATE";s:10:"1169760551";s:7:"PRIVATE";s:1:"0";s:4:"TAGS";s:56:"philosophy,politics,science,power,sustainability,ecology";s:7:"COMMENT";s:63:"Where you can download his book by the same name ... for free!
";}i:1205;a:4:{s:4:"HREF";s:63:"http://www.digitalfaq.com/dvdguides/misc/dvdcases/photoshop.htm";s:8:"ADD_DATE";s:10:"1169753461";s:7:"PRIVATE";s:1:"0";s:4:"TAGS";s:23:"dvd,photoshop,tutorials";}i:1206;a:4:{s:4:"HREF";s:37:"http://www.splittheatom.com/index.asp";s:8:"ADD_DATE";s:10:"1169735989";s:7:"PRIVATE";s:1:"0";s:4:"TAGS";s:7:"tshirts";}i:1207;a:4:{s:4:"HREF";s:23:"http://www.syswear.com/";s:8:"ADD_DATE";s:10:"1169735583";s:7:"PRIVATE";s:1:"0";s:4:"TAGS";s:7:"tshirts";}i:1208;a:4:{s:4:"HREF";s:30:"http://www.primitivestate.com/";s:8:"ADD_DATE";s:10:"1169735192";s:7:"PRIVATE";s:1:"0";s:4:"TAGS";s:24:"tshirts,clothes,shopping";}i:1209;a:4:{s:4:"HREF";s:24:"http://www.defunker.com/";s:8:"ADD_DATE";s:10:"1169735076";s:7:"PRIVATE";s:1:"0";s:4:"TAGS";s:7:"tshirts";}i:1210;a:4:{s:4:"HREF";s:22:"http://www.teefly.com/";s:8:"ADD_DATE";s:10:"1169735047";s:7:"PRIVATE";s:1:"0";s:4:"TAGS";s:7:"tshirts";}i:1211;a:5:{s:4:"HREF";s:28:"http://www.ambientclock.com/";s:8:"ADD_DATE";s:10:"1169717222";s:7:"PRIVATE";s:1:"0";s:4:"TAGS";s:20:"gadgets,clock,Google";s:7:"COMMENT";s:104:"A super-cool clock that's all wireless and funky and ... is that e ink they're using there!?! Excellent
";}i:1212;a:5:{s:4:"HREF";s:42:"http://www.youtube.com/watch?v=ftTHScm5k1o";s:8:"ADD_DATE";s:10:"1169645758";s:7:"PRIVATE";s:1:"0";s:4:"TAGS";s:11:"ninja,video";s:7:"COMMENT";s:62:"I'm going to flip out like a ninja coz that's what ninjas do!
";}i:1213;a:5:{s:4:"HREF";s:75:"http://www.landfield.com/wu-ftpd/mail-archive/wuftpd-doc/2001/Sep/0000.html";s:8:"ADD_DATE";s:10:"1169642797";s:7:"PRIVATE";s:1:"0";s:4:"TAGS";s:12:"ftp,problems";s:7:"COMMENT";s:50:"Possible reason for slow ftp on internal servers.
";}i:1214;a:5:{s:4:"HREF";s:42:"http://www.wokonnoodlebar.co.uk/index.html";s:8:"ADD_DATE";s:10:"1169642270";s:7:"PRIVATE";s:1:"0";s:4:"TAGS";s:18:"restaurant,noodles";s:7:"COMMENT";s:59:"A new noodle house in Leeds - try it, it has "dinky boxes"
";}i:1215;a:5:{s:4:"HREF";s:65:"http://politics.guardian.co.uk/terrorism/story/0,,1997247,00.html";s:8:"ADD_DATE";s:10:"1169632524";s:7:"PRIVATE";s:1:"0";s:4:"TAGS";s:21:"politics,terrorism,UK";s:7:"COMMENT";s:105:"The director of public prosecutions, Sir Ken Macdonald makes a lot of sense about the current situation.
";}i:1216;a:4:{s:4:"HREF";s:48:"http://www.youtube.com/watch?v=8mBDQXWflbM&eurl=";s:8:"ADD_DATE";s:10:"1169550690";s:7:"PRIVATE";s:1:"0";s:4:"TAGS";s:25:"film,comedy,funny,towatch";}i:1217;a:5:{s:4:"HREF";s:66:"http://www.gyford.com/phil/writing/2006/12/28/my_top_tunes_of_.php";s:8:"ADD_DATE";s:10:"1169470299";s:7:"PRIVATE";s:1:"0";s:4:"TAGS";s:9:"music,mp3";s:7:"COMMENT";s:93:"I've downloaded a few and they're all good so far. Must go back and grab a couple more soon.
";}i:1218;a:4:{s:4:"HREF";s:56:"http://www.engadget.com/2004/12/13/bts-ambient-wifi-orb/";s:8:"ADD_DATE";s:10:"1169458812";s:7:"PRIVATE";s:1:"0";s:4:"TAGS";s:17:"ambient_data,wifi";}i:1219;a:4:{s:4:"HREF";s:41:"http://schulzeandwebb.com/2006/availabot/";s:8:"ADD_DATE";s:10:"1169458697";s:7:"PRIVATE";s:1:"0";s:4:"TAGS";s:36:"ambient_data,IM,USB,gadgets,presence";}i:1220;a:5:{s:4:"HREF";s:91:"http://www.firebox.com/index.html?dir=firebox&action=product&pid=1327&src_t=sbk&src_id=wifi";s:8:"ADD_DATE";s:10:"1169458529";s:7:"PRIVATE";s:1:"0";s:4:"TAGS";s:24:"ambient_data,wifi,rabbit";s:7:"COMMENT";s:141:"Wifi enabled toy rabbit ornament which can read information off the old internet and inform you about it in a lights-and-noises kind of way.
";}i:1221;a:5:{s:4:"HREF";s:21:"http://estarling.com/";s:8:"ADD_DATE";s:10:"1169458195";s:7:"PRIVATE";s:1:"0";s:4:"TAGS";s:17:"ambient_data,wifi";s:7:"COMMENT";s:18:"WIFI photo frames
";}i:1222;a:4:{s:4:"HREF";s:37:"http://www.freeclassicaudiobooks.com/";s:8:"ADD_DATE";s:10:"1169130976";s:7:"PRIVATE";s:1:"0";s:4:"TAGS";s:25:"free,books,mp3,audiobooks";}i:1223;a:4:{s:4:"HREF";s:64:"http://tenayagroup.com/blog/2006/10/07/how-to-design-a-customer/";s:8:"ADD_DATE";s:10:"1169125162";s:7:"PRIVATE";s:1:"0";s:4:"TAGS";s:23:"brands,design,marketing";}i:1224;a:5:{s:4:"HREF";s:42:"http://www.youtube.com/watch?v=5LAVp56u9HQ";s:8:"ADD_DATE";s:10:"1168613153";s:7:"PRIVATE";s:1:"0";s:4:"TAGS";s:24:"video,animation,puppetry";s:7:"COMMENT";s:111:"Band I don't know - but the video is a lovely recreation of that kind of shadow puppetry style (is it russan?)
";}i:1225;a:5:{s:4:"HREF";s:34:"http://cs.nyu.edu/~jhan/ftirtouch/";s:8:"ADD_DATE";s:10:"1168608768";s:7:"PRIVATE";s:1:"0";s:4:"TAGS";s:73:"apple,computer,design,graphics,interaction,research,touchscreen,interface";s:7:"COMMENT";s:65:"The place we all saw multi-touch before the iPhone was released.
";}i:1226;a:5:{s:4:"HREF";s:39:"http://www.kentaerials.co.uk/index.html";s:8:"ADD_DATE";s:10:"1168429083";s:7:"PRIVATE";s:1:"0";s:4:"TAGS";s:6:"aerial";s:7:"COMMENT";s:75:"Local aerials firm, I emailed them but got no response. Will wait and see.
";}i:1227;a:5:{s:4:"HREF";s:53:"http://rhetoricaldevice.com/BriefHistoryOfMoney1.html";s:8:"ADD_DATE";s:10:"1168361027";s:7:"PRIVATE";s:1:"0";s:4:"TAGS";s:15:"money,economics";s:7:"COMMENT";s:157:"A nice brief overview of the start of the development of money in civilisation and how those early beginnings still shape the way it works today (somewhat).
";}i:1228;a:5:{s:4:"HREF";s:36:"http://www.rllmukforum.com/index.php";s:8:"ADD_DATE";s:10:"1168343310";s:7:"PRIVATE";s:1:"0";s:4:"TAGS";s:11:"games,forum";s:7:"COMMENT";s:38:"Video games forum frequented by Dean.
";}i:1229;a:5:{s:4:"HREF";s:47:"http://www.kottke.org/07/01/the-best-links-2006";s:8:"ADD_DATE";s:10:"1168333503";s:7:"PRIVATE";s:1:"0";s:4:"TAGS";s:19:"links,toread,bestof";s:7:"COMMENT";s:53:"I'm working my way through these - they're all good.
";}i:1230;a:4:{s:4:"HREF";s:221:"http://video.google.co.uk/url?vidurl=http%3A%2F%2Fvideo.google.co.uk%2Fvideoplay%3Fdocid%3D-4049824897297930083%26q%3D%2522Terry%2BJones%2522&docid=-4049824897297930083&ev=v&esrc=sr2&usg=AL29H234ax0iO5i2CaS8a1_DJjh9uo9XWA";s:8:"ADD_DATE";s:10:"1168332525";s:7:"PRIVATE";s:1:"0";s:4:"TAGS";s:13:"video,towatch";}i:1231;a:4:{s:4:"HREF";s:221:"http://video.google.co.uk/url?vidurl=http%3A%2F%2Fvideo.google.co.uk%2Fvideoplay%3Fdocid%3D-1070655106701123716%26q%3D%2522Terry%2BJones%2522&docid=-1070655106701123716&ev=v&esrc=sr5&usg=AL29H22bxHZDl6rgcJcHqREVXyGo9duPhA";s:8:"ADD_DATE";s:10:"1168332514";s:7:"PRIVATE";s:1:"0";s:4:"TAGS";s:13:"video,towatch";}i:1232;a:4:{s:4:"HREF";s:221:"http://video.google.co.uk/url?vidurl=http%3A%2F%2Fvideo.google.co.uk%2Fvideoplay%3Fdocid%3D-4805682504479457776%26q%3D%2522Terry%2BJones%2522&docid=-4805682504479457776&ev=v&esrc=sr1&usg=AL29H22VIheGmv2ajyACknY9tm6ACRxEyg";s:8:"ADD_DATE";s:10:"1168332463";s:7:"PRIVATE";s:1:"0";s:4:"TAGS";s:13:"video,towatch";}i:1233;a:4:{s:4:"HREF";s:219:"http://video.google.co.uk/url?vidurl=http%3A%2F%2Fvideo.google.co.uk%2Fvideoplay%3Fdocid%3D7417916781515262731%26q%3D%2522Terry%2BJones%2522&docid=7417916781515262731&ev=v&esrc=sr6&usg=AL29H22dyMoPzrj2bn53W-CP0hcAE4Zizg";s:8:"ADD_DATE";s:10:"1168332398";s:7:"PRIVATE";s:1:"0";s:4:"TAGS";s:13:"video,towatch";}i:1234;a:4:{s:4:"HREF";s:59:"http://video.google.com/videoplay?docid=4662636869909322164";s:8:"ADD_DATE";s:10:"1168271481";s:7:"PRIVATE";s:1:"0";s:4:"TAGS";s:20:"video,towatch,tetris";}i:1235;a:5:{s:4:"HREF";s:47:"http://www.bobdsmystuff.co.uk/cgi/Downloads.cgi";s:8:"ADD_DATE";s:10:"1168266465";s:7:"PRIVATE";s:1:"0";s:4:"TAGS";s:8:"topfield";s:7:"COMMENT";s:99:"Looks like this is what you need for getting that "series link" type functionality with a Topfield
";}i:1236;a:5:{s:4:"HREF";s:44:"http://www.toppy.org.uk/forum/glossary.php#m";s:8:"ADD_DATE";s:10:"1168260356";s:7:"PRIVATE";s:1:"0";s:4:"TAGS";s:5:"toppy";s:7:"COMMENT";s:58:"Useful for all the jargon floating around on Toppy.org.uk
";}i:1237;a:5:{s:4:"HREF";s:42:"http://www.geovid.com/Video_mp3_Extractor/";s:8:"ADD_DATE";s:10:"1168252741";s:7:"PRIVATE";s:1:"0";s:4:"TAGS";s:24:"mp3,freeware,video,tools";s:7:"COMMENT";s:80:"This looks interesting, Might be good for getting mp3's of stand up comedy DVDs
";}i:1238;a:4:{s:4:"HREF";s:51:"http://www.winaddons.com/top-300-freeware-software/";s:8:"ADD_DATE";s:10:"1168252186";s:7:"PRIVATE";s:1:"0";s:4:"TAGS";s:21:"freeware,windows,free";}i:1239;a:5:{s:4:"HREF";s:75:"http://www.smallislandtrader.com/crystal/stuart/stemware/madison/splash.htm";s:8:"ADD_DATE";s:10:"1165006121";s:7:"PRIVATE";s:1:"0";s:4:"TAGS";s:7:"glasses";s:7:"COMMENT";s:31:"Champagne glasses for Ma & Pa?
";}i:1240;a:5:{s:4:"HREF";s:33:"http://www.ttcsweb.org/osswin-cd/";s:8:"ADD_DATE";s:10:"1164990857";s:7:"PRIVATE";s:1:"0";s:4:"TAGS";s:13:"freeware,free";s:7:"COMMENT";s:39:"Is this all for windows? I'm not sure.
";}i:1241;a:5:{s:4:"HREF";s:45:"http://www.flashninjaclan.com/games.php?ID=27";s:8:"ADD_DATE";s:10:"1164989397";s:7:"PRIVATE";s:1:"0";s:4:"TAGS";s:19:"game,flash,freeware";s:7:"COMMENT";s:25:"Asteriods game backwards
";}i:1242;a:5:{s:4:"HREF";s:131:"http://www.maplin.co.uk/Module.aspx?ModuleNo=4638&TabID=1&C=SEO&U=StaticFamilyPages&doy=search&MenuName=Single%20CD%20Jewel%20Boxes";s:8:"ADD_DATE";s:10:"1164830630";s:7:"PRIVATE";s:1:"0";s:4:"TAGS";s:13:"xmas,cd,cases";s:7:"COMMENT";s:47:"These could be handy for Kirsty's Xmas present
";}i:1243;a:5:{s:4:"HREF";s:45:"http://en.wikipedia.org/wiki/Charles_Bukowski";s:8:"ADD_DATE";s:10:"1164658129";s:7:"PRIVATE";s:1:"0";s:4:"TAGS";s:12:"books,author";s:7:"COMMENT";s:44:"A reminder to come back and read about him.
";}i:1244;a:5:{s:4:"HREF";s:60:"http://myspace-527.vo.llnwd.net/01321/72/51/1321511527_l.gif";s:8:"ADD_DATE";s:10:"1164635644";s:7:"PRIVATE";s:1:"0";s:4:"TAGS";s:49:"teachers,education,funny,filetype:gif,media:image";s:7:"COMMENT";s:83:"Haha I love this. All teachers should be like this. It'd make things much simpler.
";}i:1245;a:5:{s:4:"HREF";s:42:"http://en.wikipedia.org/wiki/Brothers_Quay";s:8:"ADD_DATE";s:10:"1164635037";s:7:"PRIVATE";s:1:"0";s:4:"TAGS";s:14:"film,animation";s:7:"COMMENT";s:77:"Strange film making brothers, might be worth having a look at at some point.
";}i:1246;a:5:{s:4:"HREF";s:57:"http://www.tokenarcade.com/play-575-Distraction_Game.html";s:8:"ADD_DATE";s:10:"1164633939";s:7:"PRIVATE";s:1:"0";s:4:"TAGS";s:10:"flash,game";s:7:"COMMENT";s:88:"Wonderful flash game which thinks "outside the box" in terms of making it hard for you.
";}i:1247;a:5:{s:4:"HREF";s:111:"http://maps.google.co.uk/maps?f=q&hl=en&q=BD3+8LF&ie=UTF8&z=13&ll=53.796798,-1.72142&spn=0.046539,0.171146&om=1";s:8:"ADD_DATE";s:10:"1164622541";s:7:"PRIVATE";s:1:"0";s:4:"TAGS";s:22:"restaurant,indian,maps";s:7:"COMMENT";s:38:"Akbar's Indian Restaurant in Bradford
";}i:1248;a:4:{s:4:"HREF";s:55:"http://www.life2point0.com/2006/06/the_little_book.html";s:8:"ADD_DATE";s:10:"1164193588";s:7:"PRIVATE";s:1:"0";s:4:"TAGS";s:21:"flow,books,creativity";}i:1249;a:5:{s:4:"HREF";s:77:"http://jonpeck.blogspot.com/2006/11/how-to-configure-80-fileserver-in-45.html";s:8:"ADD_DATE";s:10:"1164028786";s:7:"PRIVATE";s:1:"0";s:4:"TAGS";s:31:"computer,howto,linux,fileserver";s:7:"COMMENT";s:84:"Could be useful in the future for something like this. If I ever get the chance ;-)
";}i:1250;a:5:{s:4:"HREF";s:22:"http://impmedia.co.uk/";s:8:"ADD_DATE";s:10:"1163519820";s:7:"PRIVATE";s:1:"0";s:4:"TAGS";s:4:"work";s:7:"COMMENT";s:11:"Mark Hird?
";}i:1251;a:5:{s:4:"HREF";s:68:"http://www.modernlifeisrubbish.co.uk/article/great-fonts-for-web-2.0";s:8:"ADD_DATE";s:10:"1163516230";s:7:"PRIVATE";s:1:"0";s:4:"TAGS";s:5:"fonts";s:7:"COMMENT";s:29:"A nice place for font ideas.
";}i:1252;a:5:{s:4:"HREF";s:59:"http://www.productivity501.com/2006/11/free_academic_p.html";s:8:"ADD_DATE";s:10:"1163418000";s:7:"PRIVATE";s:1:"0";s:4:"TAGS";s:18:"education,podcasts";s:7:"COMMENT";s:86:"Looks like a good resource, I've been listening to this kind of thing a lot recently.
";}i:1253;a:5:{s:4:"HREF";s:83:"http://www.lifehacker.com/software/feature/hack-attack-mouseless-firefox-139495.php";s:8:"ADD_DATE";s:10:"1162977463";s:7:"PRIVATE";s:1:"0";s:4:"TAGS";s:26:"keyboard,mouseless,firefox";s:7:"COMMENT";s:89:"Very handy stuff to make Firefox a quicker thing to use. The keyboard is the futue man!!
";}i:1254;a:4:{s:4:"HREF";s:88:"http://video.google.com/videoplay?docid=-7236791207107726851&sourceid=docidfeed&hl=en-CA";s:8:"ADD_DATE";s:10:"1162897503";s:7:"PRIVATE";s:1:"0";s:4:"TAGS";s:13:"towatch,video";}i:1255;a:5:{s:4:"HREF";s:102:"http://sandbox.deviantart.com/?fileheight=600&filewidth=800&filename=fs12:f/2006/292/a/1/Linerider.swf";s:8:"ADD_DATE";s:10:"1162569500";s:7:"PRIVATE";s:1:"0";s:4:"TAGS";s:20:"flash,games,fun,toys";s:7:"COMMENT";s:99:"You can't help but love this, especially when you see the YouTube movies people have made with it.
";}i:1256;a:5:{s:4:"HREF";s:44:"http://snipplr.com/view/23/rss-writer-class/";s:8:"ADD_DATE";s:10:"1162370600";s:7:"PRIVATE";s:1:"0";s:4:"TAGS";s:8:"php,code";s:7:"COMMENT";s:97:"Handy little RSS feed writer class written in PHP. This snipplr site looks very interesting too!
";}i:1257;a:5:{s:4:"HREF";s:56:"http://www.smashingmagazine.com/cheat-sheets-static.html";s:8:"ADD_DATE";s:10:"1162286471";s:7:"PRIVATE";s:1:"0";s:4:"TAGS";s:22:"cheetsheats,howto,help";s:7:"COMMENT";s:134:"I love cheat sheets just because I'm always off looking at the same bits of the php, actionscript or javascript manuals all the time.
";}i:1258;a:5:{s:4:"HREF";s:38:"http://www.erightsoft.net/Superdc.html";s:8:"ADD_DATE";s:10:"1162237986";s:7:"PRIVATE";s:1:"0";s:4:"TAGS";s:5:"video";s:7:"COMMENT";s:40:"A video encoding program which is free.
";}i:1259;a:5:{s:4:"HREF";s:49:"http://images.websnapr.com/?url=www.ghijklmno.net";s:8:"ADD_DATE";s:10:"1161181818";s:7:"PRIVATE";s:1:"0";s:4:"TAGS";s:15:"mine,screenshot";s:7:"COMMENT";s:34:"A quick screenshot of my website.
";}i:1260;a:5:{s:4:"HREF";s:20:"http://ql.aonic.net/";s:8:"ADD_DATE";s:10:"1161171768";s:7:"PRIVATE";s:1:"0";s:4:"TAGS";s:15:"php,tool,useful";s:7:"COMMENT";s:74:"Very handy ajax tool for quickly looking up commands and stuff like that.
";}i:1261;a:5:{s:4:"HREF";s:47:"http://www.uxmatters.com/MT/archives/000129.php";s:8:"ADD_DATE";s:10:"1161158482";s:7:"PRIVATE";s:1:"0";s:4:"TAGS";s:26:"mobile,ux,design,webdesign";s:7:"COMMENT";s:138:"Some of it is a bit derivative and perhaps stating the obvious (to me at least) but as a clear overview  or the topic it works very well.
";}i:1262;a:5:{s:4:"HREF";s:32:"http://youneed2see.com/index.php";s:8:"ADD_DATE";s:10:"1161008675";s:7:"PRIVATE";s:1:"0";s:4:"TAGS";s:19:"politics,tech,video";s:7:"COMMENT";s:80:"Not quite sure what it is but it looks like it's worth another visit some time.
";}i:1263;a:5:{s:4:"HREF";s:74:"http://video.google.co.uk/videoplay?docid=7374585792978336967&q=rob+newman";s:8:"ADD_DATE";s:10:"1161008079";s:7:"PRIVATE";s:1:"0";s:4:"TAGS";s:29:"politics,comedy,video,towatch";s:7:"COMMENT";s:95:"A brilliant stand up show based on oil and the iraq war and the environment, watch this again!
";}i:1264;a:5:{s:4:"HREF";s:62:"http://video.google.co.uk/videoplay?docid=-3649090417189127240";s:8:"ADD_DATE";s:10:"1161007955";s:7:"PRIVATE";s:1:"0";s:4:"TAGS";s:14:"politics,video";s:7:"COMMENT";s:86:"A great documentary in three parts, hopefully available forever here on google video.
";}i:1265;a:5:{s:4:"HREF";s:61:"http://video.google.co.uk/videoplay?docid=2839463332690200955";s:8:"ADD_DATE";s:10:"1161007951";s:7:"PRIVATE";s:1:"0";s:4:"TAGS";s:14:"politics,video";s:7:"COMMENT";s:86:"A great documentary in three parts, hopefully available forever here on google video.
";}i:1266;a:5:{s:4:"HREF";s:62:"http://video.google.co.uk/videoplay?docid=-8217638438978899371";s:8:"ADD_DATE";s:10:"1161007936";s:7:"PRIVATE";s:1:"0";s:4:"TAGS";s:14:"politics,video";s:7:"COMMENT";s:86:"A great documentary in three parts, hopefully available forever here on google video.
";}i:1267;a:5:{s:4:"HREF";s:38:"http://www.carsonworkshops.com/summit/";s:8:"ADD_DATE";s:10:"1161006732";s:7:"PRIVATE";s:1:"0";s:4:"TAGS";s:6:"web2.0";s:7:"COMMENT";s:54:"Downloadable MP3s' of the talks from this conference.
";}i:1268;a:5:{s:4:"HREF";s:37:"http://www.zzine.org/articles/cakephp";s:8:"ADD_DATE";s:10:"1161006688";s:7:"PRIVATE";s:1:"0";s:4:"TAGS";s:4:"cake";s:7:"COMMENT";s:30:"A nice artcile about Cake PHP
";}i:1269;a:5:{s:4:"HREF";s:30:"http://www.ejeliot.com/pages/5";s:8:"ADD_DATE";s:10:"1160998409";s:7:"PRIVATE";s:1:"0";s:4:"TAGS";s:17:"delicious,xml,php";s:7:"COMMENT";s:61:"This is great and will come in handy at some point I'm sure.
";}i:1270;a:4:{s:4:"HREF";s:42:"http://www.psbrushes.net/photoshop_sub.php";s:8:"ADD_DATE";s:10:"1160556566";s:7:"PRIVATE";s:1:"0";s:4:"TAGS";s:17:"photoshop,brushes";}i:1271;a:5:{s:4:"HREF";s:428:"http://help.orange.co.uk/resultDisplay.do?gotoLink=273&docType=1006&contextId=316:273.328&docPropValue=kb202&clusterName=DefaultCluster&contentId=3fdd1143-96e1-4a8e-a751-d6198ee79289&responseId=7fc004a3f2245237:100ebec:10e318abee3:f5e&groupId=1&answerGroup=1&score=997&page=http://ESERVER_46aaac2b-8c83-4910-9d6a-f1069d2899ea.xhtml&result=0&excerpt=what+do+i+do+if+i+move+house+or+change+my+phone+number?&resultType=5002#Goto273";s:8:"ADD_DATE";s:10:"1160475136";s:7:"PRIVATE";s:1:"0";s:4:"TAGS";s:9:"broadband";s:7:"COMMENT";s:97:"Instructions about what to do if you're moving house and you're a wanadoo (now Orange) customer.
";}i:1272;a:5:{s:4:"HREF";s:35:"http://www.terrapass.com/index.html";s:8:"ADD_DATE";s:10:"1160397455";s:7:"PRIVATE";s:1:"0";s:4:"TAGS";s:11:"environment";s:7:"COMMENT";s:85:"Prevent global warming, reduce carbon dioxide pollution, promote alternative energy.
";}i:1273;a:5:{s:4:"HREF";s:138:"http://www.amazon.co.uk/TOPFIELD-Topfield-Tf-5800/dp/B000CFY9P0/sr=1-1/qid=1160299789/ref=sr_1_1/026-5885440-5464420?ie=UTF8&s=electronics";s:8:"ADD_DATE";s:10:"1160381419";s:7:"PRIVATE";s:1:"0";s:4:"TAGS";s:9:"pvr,video";s:7:"COMMENT";s:152:"Another possible DVR thing. This one looks very good indeed. UPDATE: This is the one I bought (Or the 250gig edition anyway) and so far it looks great.
";}i:1274;a:5:{s:4:"HREF";s:19:"http://shopify.com/";s:8:"ADD_DATE";s:10:"1160147604";s:7:"PRIVATE";s:1:"0";s:4:"TAGS";s:16:"service,shopping";s:7:"COMMENT";s:96:"A cool way to create a shop website yourself and they only take 3% commission. Worth a thought.
";}i:1275;a:5:{s:4:"HREF";s:53:"http://philippe.tromeur.free.fr/marvel/Fate_Deck.html";s:8:"ADD_DATE";s:10:"1160045175";s:7:"PRIVATE";s:1:"0";s:4:"TAGS";s:13:"heroes,images";s:7:"COMMENT";s:100:"Some I found for something I'm doing. There's a fwe and they're consistent in style which I needed.
";}i:1276;a:5:{s:4:"HREF";s:70:"http://www.johnnysthoughts.com/scriptaculous-quick-reference/#Controls";s:8:"ADD_DATE";s:10:"1160037152";s:7:"PRIVATE";s:1:"0";s:4:"TAGS";s:34:"javascript,scriptaculous,libraries";s:7:"COMMENT";s:47:"Nice neat little guide to using scriptaculous.
";}i:1277;a:5:{s:4:"HREF";s:50:"http://www.dvguru.com/2006/10/03/the-dvd-rewinder/";s:8:"ADD_DATE";s:10:"1159989100";s:7:"PRIVATE";s:1:"0";s:4:"TAGS";s:5:"funny";s:7:"COMMENT";s:28:"Wonderful. I must have one!
";}i:1278;a:5:{s:4:"HREF";s:62:"http://www.ispirer.com/doc/sqlways38/Output/SQLWays-1-202.html";s:8:"ADD_DATE";s:10:"1159947764";s:7:"PRIVATE";s:1:"0";s:4:"TAGS";s:5:"mysql";s:7:"COMMENT";s:58:"Description of the MySQL data types and what they're for.
";}i:1279;a:5:{s:4:"HREF";s:45:"http://www.cinemacom.com/50s-sci-fi-REST.html";s:8:"ADD_DATE";s:10:"1159885814";s:7:"PRIVATE";s:1:"0";s:4:"TAGS";s:6:"poster";s:7:"COMMENT";s:18:"cool film posters
";}i:1280;a:5:{s:4:"HREF";s:76:"http://yahoo.businessweek.com/smallbiz/content/sep2006/sb20060927_259688.htm";s:8:"ADD_DATE";s:10:"1159883627";s:7:"PRIVATE";s:1:"0";s:4:"TAGS";s:15:"google,meetings";s:7:"COMMENT";s:66:"interesting, not just teh techniques but the mindset behind them.
";}i:1281;a:5:{s:4:"HREF";s:57:"http://crave.cnet.co.uk/dvdpvr/0,39030701,49282854,00.htm";s:8:"ADD_DATE";s:10:"1159817285";s:7:"PRIVATE";s:1:"0";s:4:"TAGS";s:3:"pvr";s:7:"COMMENT";s:12:"posible PVR
";}i:1282;a:5:{s:4:"HREF";s:72:"http://www.avinashv.net/2006/02/17/the-idiots-guide-to-moofx/#comment-43";s:8:"ADD_DATE";s:10:"1159797938";s:7:"PRIVATE";s:1:"0";s:4:"TAGS";s:20:"javascript,solutions";s:7:"COMMENT";s:77:"A solution to the moo.fx problem with the fonts displaying only as outlines.
";}i:1283;a:5:{s:4:"HREF";s:48:"http://img95.imageshack.us/img95/6045/abeaf9.jpg";s:8:"ADD_DATE";s:10:"1159776838";s:7:"PRIVATE";s:1:"0";s:4:"TAGS";s:38:"design,poster,filetype:jpg,media:image";s:7:"COMMENT";s:41:"The poster they used after Abe was shot.
";}i:1284;a:5:{s:4:"HREF";s:23:"http://www.pvruk.co.uk/";s:8:"ADD_DATE";s:10:"1159734017";s:7:"PRIVATE";s:1:"0";s:4:"TAGS";s:3:"pvr";s:7:"COMMENT";s:34:"a website for PVRs which is nice.
";}i:1285;a:5:{s:4:"HREF";s:44:"http://easyubuntu.freecontrib.org/index.html";s:8:"ADD_DATE";s:10:"1159730383";s:7:"PRIVATE";s:1:"0";s:4:"TAGS";s:12:"linux,ubuntu";s:7:"COMMENT";s:98:"This looks like it could be useful, for whenever it is that I actually get round to trying ubuntu
";}i:1286;a:5:{s:4:"HREF";s:125:"http://www.nytimes.com/2006/09/30/opinion/30harris.html?ex=1317268800&en=c6ea4450122c3e93&ei=5090&partner=rssuserland&emc=rss";s:8:"ADD_DATE";s:10:"1159730175";s:7:"PRIVATE";s:1:"0";s:4:"TAGS";s:16:"history,politics";s:7:"COMMENT";s:109:"Robert Harris tells the story of an ovr reaction to a terrorist attack going out of control in ancient rome.
";}i:1287;a:5:{s:4:"HREF";s:24:"http://designcharts.com/";s:8:"ADD_DATE";s:10:"1159456350";s:7:"PRIVATE";s:1:"0";s:4:"TAGS";s:5:"flash";s:7:"COMMENT";s:146:"Wow it's all flash and mad but actually worth a look if you're after some flash inspiration. Certainly probably some of the best stuff out there.
";}i:1288;a:4:{s:4:"HREF";s:75:"http://wirelesswonders.blogspot.com/2005_07_17_wirelesswonders_archive.html";s:8:"ADD_DATE";s:10:"1159367703";s:7:"PRIVATE";s:1:"0";s:4:"TAGS";s:6:"mobile";}i:1289;a:5:{s:4:"HREF";s:52:"http://www.timorousbeasties.com/products/wallpapers/";s:8:"ADD_DATE";s:10:"1159349431";s:7:"PRIVATE";s:1:"0";s:4:"TAGS";s:18:"wallpaper,patterns";s:7:"COMMENT";s:28:"Excellent wallpaper imagery
";}i:1290;a:5:{s:4:"HREF";s:26:"http://moofx.mad4milk.net/";s:8:"ADD_DATE";s:10:"1159348547";s:7:"PRIVATE";s:1:"0";s:4:"TAGS";s:20:"javascript,libraries";s:7:"COMMENT";s:57:"javascript library with the name moo. It's what cows go!
";}i:1291;a:5:{s:4:"HREF";s:40:"http://labs.adobe.com/technologies/spry/";s:8:"ADD_DATE";s:10:"1159348500";s:7:"PRIVATE";s:1:"0";s:4:"TAGS";s:20:"javascript,libraries";s:7:"COMMENT";s:33:"a javascript framwork from adobe
";}i:1292;a:5:{s:4:"HREF";s:35:"https://trac.cakephp.org/ticket/644";s:8:"ADD_DATE";s:10:"1159269028";s:7:"PRIVATE";s:1:"0";s:4:"TAGS";s:4:"cake";s:7:"COMMENT";s:148:"How to get multiple feidls into a select box in Cake. It's definitely something they should change, but as long as the work-around works I'm happy.
";}i:1293;a:4:{s:4:"HREF";s:30:"http://comparebt.blogspot.com/";s:8:"ADD_DATE";s:10:"1159194421";s:7:"PRIVATE";s:1:"0";s:4:"TAGS";s:10:"bittorrent";}i:1294;a:4:{s:4:"HREF";s:63:"http://www.youtube.com/watch?v=VXR2y3zc2_E&mode=related&search=";s:8:"ADD_DATE";s:10:"1159170986";s:7:"PRIVATE";s:1:"0";s:4:"TAGS";s:7:"chomsky";}i:1295;a:5:{s:4:"HREF";s:53:"http://www.guardian.co.uk/g2/story/0,,1876368,00.html";s:8:"ADD_DATE";s:10:"1158939776";s:7:"PRIVATE";s:1:"0";s:4:"TAGS";s:15:"politics,toread";s:7:"COMMENT";s:42:"Last statements of executed men in Texas.
";}i:1296;a:5:{s:4:"HREF";s:30:"http://www.ahinc.com/video.htm";s:8:"ADD_DATE";s:10:"1158939386";s:7:"PRIVATE";s:1:"0";s:4:"TAGS";s:17:"monitor,explained";s:7:"COMMENT";s:104:"A good page describing the specs of LCD monitors, worth reading before purchasing one I'd have thought.
";}i:1297;a:5:{s:4:"HREF";s:73:"http://www.johnchow.com/index.php/using-life-insurance-to-shelter-income/";s:8:"ADD_DATE";s:10:"1158923309";s:7:"PRIVATE";s:1:"0";s:4:"TAGS";s:5:"money";s:7:"COMMENT";s:172:"Haha, and interesting ploy, I wonder if that's possible in the UK. Not that I have any extra money that I could do this with - or the time or will to look into it further.
";}i:1298;a:5:{s:4:"HREF";s:66:"http://www.sitepoint.com/article/application-development-cakephp/2";s:8:"ADD_DATE";s:10:"1158849440";s:7:"PRIVATE";s:1:"0";s:4:"TAGS";s:14:"cake,php,howto";s:7:"COMMENT";s:59:"Replacing the add, edit and delete scaffolding in Cake PHP
";}i:1299;a:5:{s:4:"HREF";s:40:"http://www.plasticbag.org/files/greater/";s:8:"ADD_DATE";s:10:"1158846970";s:7:"PRIVATE";s:1:"0";s:4:"TAGS";s:21:"design,webdesign,work";s:7:"COMMENT";s:151:"Interesting about user gen'ed content and how web apps type websites work and could work, and what's important about them and stuff like that bananas.
";}i:1300;a:5:{s:4:"HREF";s:32:"http://www.usbcell.com/product/1";s:8:"ADD_DATE";s:10:"1158826776";s:7:"PRIVATE";s:1:"0";s:4:"TAGS";s:7:"gadgets";s:7:"COMMENT";s:57:"USB re-chargable batteries - needless to say ... genius!
";}i:1301;a:5:{s:4:"HREF";s:59:"http://www.phpriot.com/d/articles/database/images-in-mysql/";s:8:"ADD_DATE";s:10:"1158747566";s:7:"PRIVATE";s:1:"0";s:4:"TAGS";s:18:"images,mysql,howto";s:7:"COMMENT";s:58:"A good tutorial about storing images in a mysql database.
";}i:1302;a:5:{s:4:"HREF";s:113:"http://www.google.com/search?hl=en&q=%22band%22+last+modified+mp3+%22index+of%22+-html+-htm+-php+-asp&btnG=Search";s:8:"ADD_DATE";s:10:"1158740735";s:7:"PRIVATE";s:1:"0";s:4:"TAGS";s:5:"music";s:7:"COMMENT";s:24:"Finding mp3's on google
";}i:1303;a:5:{s:4:"HREF";s:39:"http://www.thebudgetgraph.com/view.html";s:8:"ADD_DATE";s:10:"1158740062";s:7:"PRIVATE";s:1:"0";s:4:"TAGS";s:18:"design,information";s:7:"COMMENT";s:102:"An excellent bit of visual information well done and naturally a shocking bit of information at that.
";}i:1304;a:5:{s:4:"HREF";s:47:"http://dvdstyler.sourceforge.net/downloads.html";s:8:"ADD_DATE";s:10:"1158695538";s:7:"PRIVATE";s:1:"0";s:4:"TAGS";s:18:"dvd,software,tools";s:7:"COMMENT";s:88:"A useful free program for putting together DVD's (menu's and video etc) before burning.
";}i:1305;a:4:{s:4:"HREF";s:55:"http://css-discuss.incutio.com/?page=ThreeColumnLayouts";s:8:"ADD_DATE";s:10:"1158670650";s:7:"PRIVATE";s:1:"0";s:4:"TAGS";s:25:"css,html,design,webdesign";}i:1306;a:4:{s:4:"HREF";s:50:"http://www.theatlantic.com/doc/200512/god-accident";s:8:"ADD_DATE";s:10:"1158309795";s:7:"PRIVATE";s:1:"0";s:4:"TAGS";s:6:"toread";}i:1307;a:5:{s:4:"HREF";s:56:"http://www.digital-web.com/articles/scope_in_javascript/";s:8:"ADD_DATE";s:10:"1158073270";s:7:"PRIVATE";s:1:"0";s:4:"TAGS";s:17:"javascript,toread";s:7:"COMMENT";s:77:"Something I'd love it if I understood. Haven't read it but should do really.
";}i:1308;a:5:{s:4:"HREF";s:44:"http://www.mosessupposes.com/Fuse/index.html";s:8:"ADD_DATE";s:10:"1158051637";s:7:"PRIVATE";s:1:"0";s:4:"TAGS";s:35:"animation,flash,programming,library";s:7:"COMMENT";s:19:"The Fuse home page
";}i:1309;a:5:{s:4:"HREF";s:23:"http://osflash.org/fuse";s:8:"ADD_DATE";s:10:"1158051482";s:7:"PRIVATE";s:1:"0";s:4:"TAGS";s:15:"animation,flash";s:7:"COMMENT";s:181:"Some kind of installable animation engine, I'd guessing it's a lot of actionscript that you import and that makes using actionsctipt more easy like prototype.js does for JavaScript
";}i:1310;a:4:{s:4:"HREF";s:103:"http://www.lifehacker.com/software/security/how-to-portscan-your-computer-for-security-holes-198946.php";s:8:"ADD_DATE";s:10:"1157703249";s:7:"PRIVATE";s:1:"0";s:4:"TAGS";s:17:"security,computer";}i:1311;a:5:{s:4:"HREF";s:32:"http://www.brandsoftheworld.com/";s:8:"ADD_DATE";s:10:"1157538922";s:7:"PRIVATE";s:1:"0";s:4:"TAGS";s:11:"logo,brands";s:7:"COMMENT";s:32:"vetctor graphics of brand logos
";}i:1312;a:5:{s:4:"HREF";s:71:"http://www.dgx.cz/trine/item/how-to-correctly-insert-a-flash-into-xhtml";s:8:"ADD_DATE";s:10:"1157533231";s:7:"PRIVATE";s:1:"0";s:4:"TAGS";s:30:"flash,html,webdesign,reference";s:7:"COMMENT";s:35:"Do it right OK, or we'll 'ave yer!
";}i:1313;a:5:{s:4:"HREF";s:53:"http://www.xmission.com/~comphope/issues/ch000428.htm";s:8:"ADD_DATE";s:10:"1157533099";s:7:"PRIVATE";s:1:"0";s:4:"TAGS";s:13:"windows,howto";s:7:"COMMENT";s:171:"How to change multiple file extensions, suffixes (or is it suffices?) anyway when you want to change lots of them and don't want to do it one-by-one then this is helpful.
";}i:1314;a:4:{s:4:"HREF";s:45:"http://www.chesscorner.com/tutorial/learn.htm";s:8:"ADD_DATE";s:10:"1157485922";s:7:"PRIVATE";s:1:"0";s:4:"TAGS";s:11:"chess,howto";}i:1315;a:5:{s:4:"HREF";s:44:"http://www.freenetpages.co.uk/hp/alan.gauld/";s:8:"ADD_DATE";s:10:"1156511044";s:7:"PRIVATE";s:1:"0";s:4:"TAGS";s:28:"python,toread,howto,learning";s:7:"COMMENT";s:122:"Looks like an interesting introductino, especially because it uses Python which I'd like to learn properly at some point.
";}i:1316;a:5:{s:4:"HREF";s:56:"http://img222.imageshack.us/img222/778/1658914623ed6.jpg";s:8:"ADD_DATE";s:10:"1156508708";s:7:"PRIVATE";s:1:"0";s:4:"TAGS";s:42:"imageshack,images,filetype:jpg,media:image";s:7:"COMMENT";s:30:"a photo of my lovely daughter
";}i:1317;a:5:{s:4:"HREF";s:25:"http://www.freenigma.com/";s:8:"ADD_DATE";s:10:"1156496452";s:7:"PRIVATE";s:1:"0";s:4:"TAGS";s:10:"encryption";s:7:"COMMENT";s:27:"Encripting emails for free
";}i:1318;a:4:{s:4:"HREF";s:18:"http://calgoo.com/";s:8:"ADD_DATE";s:10:"1156427402";s:7:"PRIVATE";s:1:"0";s:4:"TAGS";s:15:"google,calendar";}i:1319;a:4:{s:4:"HREF";s:59:"http://www.orwell.ru/library/articles/niggers/english/e_ncn";s:8:"ADD_DATE";s:10:"1156347338";s:7:"PRIVATE";s:1:"0";s:4:"TAGS";s:6:"toread";}i:1320;a:4:{s:4:"HREF";s:34:"http://www.amateurillustrator.com/";s:8:"ADD_DATE";s:10:"1156146869";s:7:"PRIVATE";s:1:"0";s:4:"TAGS";s:23:"illustrator,howto,forum";}i:1321;a:5:{s:4:"HREF";s:32:"http://emptybottle.org/bullshit/";s:8:"ADD_DATE";s:10:"1156146560";s:7:"PRIVATE";s:1:"0";s:4:"TAGS";s:12:"web2.0,funny";s:7:"COMMENT";s:18:"You just gotta...
";}i:1322;a:5:{s:4:"HREF";s:42:"http://css.maxdesign.com.au/selectutorial/";s:8:"ADD_DATE";s:10:"1155907019";s:7:"PRIVATE";s:1:"0";s:4:"TAGS";s:19:"css,webdesign,howto";s:7:"COMMENT";s:68:"The skinny on CSS selectors - this will come in handy... no really!
";}i:1323;a:5:{s:4:"HREF";s:34:"http://www.fugufish.org/frog/?p=38";s:8:"ADD_DATE";s:10:"1155897696";s:7:"PRIVATE";s:1:"0";s:4:"TAGS";s:5:"funny";s:7:"COMMENT";s:10:"wonderful
";}i:1324;a:5:{s:4:"HREF";s:20:"http://www.neave.tv/";s:8:"ADD_DATE";s:10:"1155758656";s:7:"PRIVATE";s:1:"0";s:4:"TAGS";s:2:"tv";s:7:"COMMENT";s:77:"excellently different online video thing, which is actually like wacthing TV
";}i:1325;a:5:{s:4:"HREF";s:25:"http://www.speedtest.net/";s:8:"ADD_DATE";s:10:"1155742900";s:7:"PRIVATE";s:1:"0";s:4:"TAGS";s:20:"speed,test,bandwidth";s:7:"COMMENT";s:41:"Must use this to compare work with home.
";}i:1326;a:4:{s:4:"HREF";s:30:"http://www.heavy.com/heavy.php";s:8:"ADD_DATE";s:10:"1155740338";s:7:"PRIVATE";s:1:"0";s:4:"TAGS";s:11:"flash,stuff";}i:1327;a:4:{s:4:"HREF";s:19:"http://popurls.com/";s:8:"ADD_DATE";s:10:"1155738934";s:7:"PRIVATE";s:1:"0";s:4:"TAGS";s:15:"zeitgeist,links";}i:1328;a:5:{s:4:"HREF";s:28:"http://www.videolan.org/vlc/";s:8:"ADD_DATE";s:10:"1155199368";s:7:"PRIVATE";s:1:"0";s:4:"TAGS";s:19:"free,software,video";s:7:"COMMENT";s:26:"open source media player.
";}i:1329;a:5:{s:4:"HREF";s:94:"http://52reviews.com/2006/08/09/five-killer-education-resources-traditional-college-is-doomed/";s:8:"ADD_DATE";s:10:"1155197389";s:7:"PRIVATE";s:1:"0";s:4:"TAGS";s:13:"free,learning";s:7:"COMMENT";s:64:"good stuff this, espcially the MIT one, video's and everything.
";}i:1330;a:5:{s:4:"HREF";s:23:"http://foe.typepad.com/";s:8:"ADD_DATE";s:10:"1155050216";s:7:"PRIVATE";s:1:"0";s:4:"TAGS";s:4:"blog";s:7:"COMMENT";s:175:"blog by some person, who knows people who write other blogs, or at least is known by them, or something... anyway it's come up a few times so I'll save pin and mount it here.
";}i:1331;a:5:{s:4:"HREF";s:30:"http://www.veer.com/ideas/btt/";s:8:"ADD_DATE";s:10:"1155025494";s:7:"PRIVATE";s:1:"0";s:4:"TAGS";s:31:"typography,fonts,design,history";s:7:"COMMENT";s:76:"Haha I thought I saw this ages ago but forgot all about it, how cool it is.
";}i:1332;a:5:{s:4:"HREF";s:34:"http://www.mp3tag.de/en/index.html";s:8:"ADD_DATE";s:10:"1154953227";s:7:"PRIVATE";s:1:"0";s:4:"TAGS";s:32:"freeware,free,MP3,software,tools";s:7:"COMMENT";s:25:"Cool free MP3 tag editor
";}i:1333;a:5:{s:4:"HREF";s:45:"http://www.osnews.com/story.php?news_id=13446";s:8:"ADD_DATE";s:10:"1154944179";s:7:"PRIVATE";s:1:"0";s:4:"TAGS";s:20:"mobile,browsers,work";s:7:"COMMENT";s:52:"Interesting comparison, will go back to it (maybe).
";}i:1334;a:5:{s:4:"HREF";s:42:"http://www.grymoire.com/Unix/Sed.html#uh-0";s:8:"ADD_DATE";s:10:"1154939358";s:7:"PRIVATE";s:1:"0";s:4:"TAGS";s:20:"bash,sed,linux,howto";s:7:"COMMENT";s:68:"sed is useful and powerful and should be learned by all l33t d00ds!
";}i:1335;a:5:{s:4:"HREF";s:54:"http://www.annoyances.org/exec/forum/winxp/t1016901218";s:8:"ADD_DATE";s:10:"1154721296";s:7:"PRIVATE";s:1:"0";s:4:"TAGS";s:21:"windows,xp,tools,tips";s:7:"COMMENT";s:91:"How to change windows so it'll allow you to delete those weird sub-folders in MyDocuments.
";}i:1336;a:5:{s:4:"HREF";s:71:"http://www.microsoft.com/windowsxp/downloads/powertoys/xppowertoys.mspx";s:8:"ADD_DATE";s:10:"1154721034";s:7:"PRIVATE";s:1:"0";s:4:"TAGS";s:16:"windows,xp,tools";s:7:"COMMENT";s:20:"All the stuff yeah!
";}i:1337;a:5:{s:4:"HREF";s:31:"http://www.5qm.de/index-en.html";s:8:"ADD_DATE";s:10:"1154705802";s:7:"PRIVATE";s:1:"0";s:4:"TAGS";s:16:"wallpaper,design";s:7:"COMMENT";s:21:"wonderful wallpapers
";}i:1338;a:5:{s:4:"HREF";s:18:"http://gabbly.com/";s:8:"ADD_DATE";s:10:"1154600481";s:7:"PRIVATE";s:1:"0";s:4:"TAGS";s:9:"chat,ajax";s:7:"COMMENT";s:36:"Turn any web page into a chat room.
";}i:1339;a:5:{s:4:"HREF";s:23:"http://www.meebome.com/";s:8:"ADD_DATE";s:10:"1154599936";s:7:"PRIVATE";s:1:"0";s:4:"TAGS";s:9:"chat,ajax";s:7:"COMMENT";s:109:"a cool little way to embed a meebo chat box into your home page and allow any visiters to chat with you live
";}i:1340;a:5:{s:4:"HREF";s:68:"http://bhandler.spaces.live.com/blog/cns!70F64BC910C9F7F3!1231.entry";s:8:"ADD_DATE";s:10:"1154594530";s:7:"PRIVATE";s:1:"0";s:4:"TAGS";s:21:"free,software,windows";s:7:"COMMENT";s:8:"dwisotc
";}i:1341;a:5:{s:4:"HREF";s:45:"http://www.lewrockwell.com/orig2/denson7.html";s:8:"ADD_DATE";s:10:"1154593323";s:7:"PRIVATE";s:1:"0";s:4:"TAGS";s:23:"politics,conspiracy,war";s:7:"COMMENT";s:238:""the Japanese leaders, both military and civilian, including the Emperor, were willing to surrender in May of 1945" but we are told the "myth that the dropping of the two atomic bombs on Japan in August of 1945 caused them to surrender".
";}i:1342;a:5:{s:4:"HREF";s:63:"http://www.holbeckurbanvillage.co.uk/history/marshalls-mill.htm";s:8:"ADD_DATE";s:10:"1154531364";s:7:"PRIVATE";s:1:"0";s:4:"TAGS";s:7:"me,work";s:7:"COMMENT";s:46:"A bit about the building I currently work in.
";}i:1343;a:4:{s:4:"HREF";s:30:"http://www.usableproducts.com/";s:8:"ADD_DATE";s:10:"1154516690";s:7:"PRIVATE";s:1:"0";s:4:"TAGS";s:30:"mobile,business,usability,work";}i:1344;a:5:{s:4:"HREF";s:25:"http://www.cdburnerxp.se/";s:8:"ADD_DATE";s:10:"1154507795";s:7:"PRIVATE";s:1:"0";s:4:"TAGS";s:24:"cd,freeware,burning,free";s:7:"COMMENT";s:22:"free burning solution
";}i:1345;a:4:{s:4:"HREF";s:51:"http://global.shuttle.com/Download/Download_Mbd.asp";s:8:"ADD_DATE";s:10:"1154445264";s:7:"PRIVATE";s:1:"0";s:4:"TAGS";s:15:"drivers,shuttle";}i:1346;a:5:{s:4:"HREF";s:30:"http://www.gersic.com/zulupad/";s:8:"ADD_DATE";s:10:"1154421874";s:7:"PRIVATE";s:1:"0";s:4:"TAGS";s:21:"software,wiki,windows";s:7:"COMMENT";s:28:"A desktop wiki - seems cool
";}i:1347;a:5:{s:4:"HREF";s:45:"http://www.gamedesign.jp/flash/dice/dice.html";s:8:"ADD_DATE";s:10:"1154420966";s:7:"PRIVATE";s:1:"0";s:4:"TAGS";s:15:"flash,game,free";s:7:"COMMENT";s:40:"A cool little flash game based on Risk.
";}i:1348;a:5:{s:4:"HREF";s:74:"http://www.totally-funky.co.uk/pages/funky/productView.asp?ID=1294&SID=579";s:8:"ADD_DATE";s:10:"1154375273";s:7:"PRIVATE";s:1:"0";s:4:"TAGS";s:10:"calculator";s:7:"COMMENT";s:157:"Pink - Be a whizz at maths with this funky pink smartie calculator. Sums need never be dull again! Solid plastic construction. Includes button cell battery.
";}i:1349;a:4:{s:4:"HREF";s:69:"http://www.umgiftshop.co.uk/wholesale/product-details.asp?product=913";s:8:"ADD_DATE";s:10:"1154375239";s:7:"PRIVATE";s:1:"0";s:4:"TAGS";s:10:"calculator";}i:1350;a:5:{s:4:"HREF";s:112:"http://www.linuxforums.org/forum/ubuntu-help/64602-accessing-my-hard-drive-view-files-while-running-live-cd.html";s:8:"ADD_DATE";s:10:"1154088860";s:7:"PRIVATE";s:1:"0";s:4:"TAGS";s:18:"linux,ubuntu,howto";s:7:"COMMENT";s:99:"Useful bit of help in this forum about how you can view windows fiels from within Unbuntu live CD.
";}i:1351;a:5:{s:4:"HREF";s:27:"http://iam.upsideclown.com/";s:8:"ADD_DATE";s:10:"1153834213";s:7:"PRIVATE";s:1:"0";s:4:"TAGS";s:20:"weird,writing,toread";s:7:"COMMENT";s:172:"It was a source of original short story type content back in the day, they seem to have stopped around 2003 though. can you tell I'm going back through my old mails today?
";}i:1352;a:5:{s:4:"HREF";s:26:"http://jenett.org/ageless/";s:8:"ADD_DATE";s:10:"1153822604";s:7:"PRIVATE";s:1:"0";s:4:"TAGS";s:29:"blog,culture,history,projects";s:7:"COMMENT";s:27:"blogs ordered by birthdays
";}i:1353;a:5:{s:4:"HREF";s:28:"http://furbing.blogspot.com/";s:8:"ADD_DATE";s:10:"1153813838";s:7:"PRIVATE";s:1:"0";s:4:"TAGS";s:6:"friend";s:7:"COMMENT";s:45:"Neil again, and this time it's blogsational.
";}i:1354;a:5:{s:4:"HREF";s:26:"http://terovaananen.co.uk/";s:8:"ADD_DATE";s:10:"1153813525";s:7:"PRIVATE";s:1:"0";s:4:"TAGS";s:6:"friend";s:7:"COMMENT";s:15:"Tero's website
";}i:1355;a:5:{s:4:"HREF";s:19:"http://furbing.com/";s:8:"ADD_DATE";s:10:"1153813440";s:7:"PRIVATE";s:1:"0";s:4:"TAGS";s:6:"friend";s:7:"COMMENT";s:14:"Neil Jennings
";}i:1356;a:5:{s:4:"HREF";s:41:"http://netlib.bell-labs.com/cm/cs/pearls/";s:8:"ADD_DATE";s:10:"1153731002";s:7:"PRIVATE";s:1:"0";s:4:"TAGS";s:34:"programming,reference,toread,books";s:7:"COMMENT";s:100:"A recommended book about programming. I'll probably never read it but it's nice to know it's there.
";}i:1357;a:5:{s:4:"HREF";s:67:"http://design.orange.us/wiki/w3cstandards/index.php?title=Main_Page";s:8:"ADD_DATE";s:10:"1153398016";s:7:"PRIVATE";s:1:"0";s:4:"TAGS";s:4:"work";s:7:"COMMENT";s:106:"Nick' wiki for opera platform widget develoopment. It needs a password so unelss you know it don't click.
";}i:1358;a:5:{s:4:"HREF";s:62:"http://observer.guardian.co.uk/review/story/0,,1821230,00.html";s:8:"ADD_DATE";s:10:"1153382559";s:7:"PRIVATE";s:1:"0";s:4:"TAGS";s:16:"100s,lists,music";s:7:"COMMENT";s:218:"Read this on Sunday, ncie to see it online for everyone's perual. Sadly a youth spent obsessively reading this kind of thing finds me owning most of these albums whilst often owning no other albums by the same artist.
";}i:1359;a:5:{s:4:"HREF";s:33:"http://www.illustrationclass.com/";s:8:"ADD_DATE";s:10:"1153297497";s:7:"PRIVATE";s:1:"0";s:4:"TAGS";s:28:"howto,illustration,tutorials";s:7:"COMMENT";s:86:"A good site full of illustration examples and tutorials. Well worth looking at again.
";}i:1360;a:5:{s:4:"HREF";s:19:"http://biskero.org/";s:8:"ADD_DATE";s:10:"1153237337";s:7:"PRIVATE";s:1:"0";s:4:"TAGS";s:17:"flash,mobile,work";s:7:"COMMENT";s:24:"Blog about flash mobile
";}i:1361;a:5:{s:4:"HREF";s:82:"http://health.msn.com/menshealth/articlepage.aspx?cp-documentid=100119940&GT1=7538";s:8:"ADD_DATE";s:10:"1153211477";s:7:"PRIVATE";s:1:"0";s:4:"TAGS";s:18:"funny,health,howto";s:7:"COMMENT";s:73:"Not all are that surprising but there's a few gems in here non the less.
";}i:1362;a:5:{s:4:"HREF";s:33:"http://www.empressr.com/home.aspx";s:8:"ADD_DATE";s:10:"1152887301";s:7:"PRIVATE";s:1:"0";s:4:"TAGS";s:16:"ajax,tools,flash";s:7:"COMMENT";s:38:"Flash based Powerpoint copy (I think)
";}i:1363;a:5:{s:4:"HREF";s:81:"http://www.telegraph.co.uk/health/main.jhtml?xml=/health/2006/07/10/hsavant10.xml";s:8:"ADD_DATE";s:10:"1152702514";s:7:"PRIVATE";s:1:"0";s:4:"TAGS";s:6:"autism";s:7:"COMMENT";s:114:""in the contradiction between ability and disability, they see humanity" - a very interesting and moving article.
";}i:1364;a:4:{s:4:"HREF";s:30:"http://www.designobserver.com/";s:8:"ADD_DATE";s:10:"1152563426";s:7:"PRIVATE";s:1:"0";s:4:"TAGS";s:22:"design,writing,culture";}i:1365;a:4:{s:4:"HREF";s:23:"http://www.snipplr.com/";s:8:"ADD_DATE";s:10:"1152450681";s:7:"PRIVATE";s:1:"0";s:4:"TAGS";s:13:"coding,web2.0";}i:1366;a:5:{s:4:"HREF";s:42:"http://www.brasscheck.com/videos/spin.html";s:8:"ADD_DATE";s:10:"1152113892";s:7:"PRIVATE";s:1:"0";s:4:"TAGS";s:40:"history,news,politics,toread,video,media";s:7:"COMMENT";s:115:"Some kind of film about political spin, with unseen footage or something. Definitely looks like one to go back to.
";}i:1367;a:5:{s:4:"HREF";s:22:"http://www.plusmo.com/";s:8:"ADD_DATE";s:10:"1152106064";s:7:"PRIVATE";s:1:"0";s:4:"TAGS";s:31:"mobile,ajax,design,work,widgets";s:7:"COMMENT";s:56:"Another widget engine for mobiles - ooh the excitement!
";}i:1368;a:5:{s:4:"HREF";s:31:"https://www.widsets.com/widgets";s:8:"ADD_DATE";s:10:"1152105919";s:7:"PRIVATE";s:1:"0";s:4:"TAGS";s:31:"mobile,widgets,ajax,work,design";s:7:"COMMENT";s:23:"A mobile widget engine
";}i:1369;a:5:{s:4:"HREF";s:49:"http://blog.landspurg.net/what-is-a-mobile-widget";s:8:"ADD_DATE";s:10:"1152105836";s:7:"PRIVATE";s:1:"0";s:4:"TAGS";s:31:"widgets,mobile,work,design,ajax";s:7:"COMMENT";s:102:"Mobile widgets like a huge wave to a surfer, they're coming they're coming, ooops you've missed them!
";}i:1370;a:5:{s:4:"HREF";s:57:"http://www.liveboxlab.com/html/index.php?sel_lang=english";s:8:"ADD_DATE";s:10:"1152091509";s:7:"PRIVATE";s:1:"0";s:4:"TAGS";s:24:"wanadoo,orange,work,wifi";s:7:"COMMENT";s:121:"The home of livebox development. Might be interesting to go back and look at some time. Is this open to the wider world?
";}i:1371;a:4:{s:4:"HREF";s:77:"http://www.maxkiesler.com/index.php/weblog/comments/42_recent_ajax_tutorials/";s:8:"ADD_DATE";s:10:"1152044460";s:7:"PRIVATE";s:1:"0";s:4:"TAGS";s:34:"ajax,coding,html,javascript,web2.0";}i:1372;a:5:{s:4:"HREF";s:37:"http://www.lukew.com/ff/entry.asp?306";s:8:"ADD_DATE";s:10:"1152039563";s:7:"PRIVATE";s:1:"0";s:4:"TAGS";s:35:"design,work,apple,windows,usability";s:7:"COMMENT";s:67:"Interesting comparison of the design of the two. Worth passing on.
";}i:1373;a:5:{s:4:"HREF";s:79:"http://digguser.blogspot.com/2006/06/movie-index-ace-ventura-pet-detective.html";s:8:"ADD_DATE";s:10:"1152009606";s:7:"PRIVATE";s:1:"0";s:4:"TAGS";s:17:"free,movies,video";s:7:"COMMENT";s:40:"Let's see how long these last shall we?
";}i:1374;a:5:{s:4:"HREF";s:78:"http://channel9.msdn.com/wiki/default.aspx/MobileDeveloper.AJAXonMobileDevices";s:8:"ADD_DATE";s:10:"1152004522";s:7:"PRIVATE";s:1:"0";s:4:"TAGS";s:11:"ajax,mobile";s:7:"COMMENT";s:54:"A wiki about ajax on mobiles - should be interesting.
";}i:1375;a:5:{s:4:"HREF";s:38:"http://www.designer.co.il/parkingZone/";s:8:"ADD_DATE";s:10:"1151653941";s:7:"PRIVATE";s:1:"0";s:4:"TAGS";s:11:"flash,games";s:7:"COMMENT";s:98:"You have to drive the coloured cars into their correct bays, in order, it's nicely easy ar first.
";}i:1376;a:5:{s:4:"HREF";s:71:"http://web.informbank.com/articles/technology/perfect-linux-desktop.htm";s:8:"ADD_DATE";s:10:"1151653736";s:7:"PRIVATE";s:1:"0";s:4:"TAGS";s:12:"ubuntu,linux";s:7:"COMMENT";s:57:"Will have to look into thie Ubuntu thing soon, if I can.
";}i:1377;a:5:{s:4:"HREF";s:53:"http://www.langeneggers.ch/Spiele_a/Cyrkam/airtos.swf";s:8:"ADD_DATE";s:10:"1151653318";s:7:"PRIVATE";s:1:"0";s:4:"TAGS";s:16:"flash,game,funny";s:7:"COMMENT";s:27:"Good fun flash game. nice!
";}i:1378;a:5:{s:4:"HREF";s:66:"http://blogs.forrester.com/charleneli/2006/06/google_unveiled.html";s:8:"ADD_DATE";s:10:"1151585602";s:7:"PRIVATE";s:1:"0";s:4:"TAGS";s:6:"google";s:7:"COMMENT";s:28:"reaction to google checkout
";}i:1379;a:5:{s:4:"HREF";s:22:"http://www.gliffy.com/";s:8:"ADD_DATE";s:10:"1151572682";s:7:"PRIVATE";s:1:"0";s:4:"TAGS";s:19:"work,tools,graphics";s:7:"COMMENT";s:14:"visio killer?
";}i:1380;a:4:{s:4:"HREF";s:70:"http://www.thatmatt.com/2006/06/27/web-20-design-from-start-to-finish/";s:8:"ADD_DATE";s:10:"1151509236";s:7:"PRIVATE";s:1:"0";s:4:"TAGS";s:23:"design,webdesign,web2.0";}i:1381;a:4:{s:4:"HREF";s:60:"http://www.cameronolthuis.com/2006/05/top-10-web-20-designs/";s:8:"ADD_DATE";s:10:"1151509173";s:7:"PRIVATE";s:1:"0";s:4:"TAGS";s:23:"design,webdesign,web2.0";}i:1382;a:5:{s:4:"HREF";s:47:"http://www.blueskynorth.com/BSN3/home/index.php";s:8:"ADD_DATE";s:10:"1151507359";s:7:"PRIVATE";s:1:"0";s:4:"TAGS";s:24:"mobile,flash,work,design";s:7:"COMMENT";s:30:"mobile flash people  - coool!
";}i:1383;a:5:{s:4:"HREF";s:72:"http://politicalcompass.jpagel.net/printablegraph.php?ec=-8.38&soc=-8.87";s:8:"ADD_DATE";s:10:"1151487326";s:7:"PRIVATE";s:1:"0";s:4:"TAGS";s:8:"politics";s:7:"COMMENT";s:76:"This is where I came out on the political compass questionaire on 28/6/2006
";}i:1384;a:5:{s:4:"HREF";s:41:"http://en.wikipedia.org/wiki/Microbrowser";s:8:"ADD_DATE";s:10:"1150985025";s:7:"PRIVATE";s:1:"0";s:4:"TAGS";s:20:"mobile,browsers,work";s:7:"COMMENT";s:35:"wikipedia page for mobile browsers
";}i:1385;a:5:{s:4:"HREF";s:23:"http://www.mobiboo.com/";s:8:"ADD_DATE";s:10:"1150903608";s:7:"PRIVATE";s:1:"0";s:4:"TAGS";s:16:"mobile,work,jobs";s:7:"COMMENT";s:66:"Leeds based mobile phone VIOP company or something ... and so on.
";}i:1386;a:5:{s:4:"HREF";s:75:"http://opengardensblog.futuretext.com/archives/2006/01/mobile_web_20_a.html";s:8:"ADD_DATE";s:10:"1150890113";s:7:"PRIVATE";s:1:"0";s:4:"TAGS";s:37:"ajax,design,mobile,toread,web2.0,work";s:7:"COMMENT";s:228:""Having been involved in creating mobile services for a few years now, I believe AJAX will replace both J2ME and XHTML as the platform of choice for developing mobile applications. In this article, I will outline my reasoning."
";}i:1387;a:5:{s:4:"HREF";s:79:"http://www.oreillynet.com/pub/a/oreilly/tim/news/2005/09/30/what-is-web-20.html";s:8:"ADD_DATE";s:10:"1150884496";s:7:"PRIVATE";s:1:"0";s:4:"TAGS";s:49:"ajax,business,toread,web2.0,webdesign,webservices";s:7:"COMMENT";s:53:"Tim O'Reilly takes on web 2.0 (over 5 pages - gosh!)
";}i:1388;a:5:{s:4:"HREF";s:94:"http://www.openwave.com/us/news_room/press_releases/2006/20060405_opwv_mobile_browser_0405.htm";s:8:"ADD_DATE";s:10:"1150884089";s:7:"PRIVATE";s:1:"0";s:4:"TAGS";s:16:"work,mobile,ajax";s:7:"COMMENT";s:54:"Openwave's latest high end browser with AJAX support.
";}i:1389;a:5:{s:4:"HREF";s:83:"http://www.amazon.co.uk/gp/product/B000EYAEK8/202-0169165-6110274?v=glance&n=560798";s:8:"ADD_DATE";s:10:"1150796391";s:7:"PRIVATE";s:1:"0";s:4:"TAGS";s:15:"memory,shopping";s:7:"COMMENT";s:10:"want one!
";}i:1390;a:5:{s:4:"HREF";s:70:"http://www.wigglywigglers.co.uk/shop/foundcategory.lasso?category_id=1";s:8:"ADD_DATE";s:10:"1150793970";s:7:"PRIVATE";s:1:"0";s:4:"TAGS";s:21:"environment,recycling";s:7:"COMMENT";s:10:"A wormery
";}i:1391;a:5:{s:4:"HREF";s:76:"http://dwtips.com/2006/06/17/how-to-speed-up-pdf-loading-with-adobe-acrobat/";s:8:"ADD_DATE";s:10:"1150714140";s:7:"PRIVATE";s:1:"0";s:4:"TAGS";s:14:"howto,tips,pdf";s:7:"COMMENT";s:174:"Nice little tip on how to stop Adobe Acrobat loading a bunch of plugins that it doesn't really need every time you open the simplest PDF file (thereby speeding it up!) Woot!
";}i:1392;a:5:{s:4:"HREF";s:33:"http://www.toypost.co.uk/home.php";s:8:"ADD_DATE";s:10:"1150638046";s:7:"PRIVATE";s:1:"0";s:4:"TAGS";s:13:"toys,shopping";s:7:"COMMENT";s:27:"Traditional toys and games
";}i:1393;a:5:{s:4:"HREF";s:142:"http://www.amazon.co.uk/exec/obidos/ASIN/1904977081/sr=1-2/qid=1150636318/ref=pd_bowtega_2/202-0169165-6110274?_encoding=UTF8&s=books&v=glance";s:8:"ADD_DATE";s:10:"1150636434";s:7:"PRIVATE";s:1:"0";s:4:"TAGS";s:5:"books";s:7:"COMMENT";s:22:"granny books rule OK!
";}i:1394;a:5:{s:4:"HREF";s:138:"http://www.amazon.co.uk/exec/obidos/ASIN/0749649194/sr=1-19/qid=1150635878/ref=sr_1_19/202-0169165-6110274?_encoding=UTF8&s=books&v=glance";s:8:"ADD_DATE";s:10:"1150635981";s:7:"PRIVATE";s:1:"0";s:4:"TAGS";s:5:"books";s:7:"COMMENT";s:29:"yett another gran book phew!
";}i:1395;a:5:{s:4:"HREF";s:138:"http://www.amazon.co.uk/exec/obidos/ASIN/076130312X/sr=1-12/qid=1150635698/ref=sr_1_12/202-0169165-6110274?_encoding=UTF8&s=books&v=glance";s:8:"ADD_DATE";s:10:"1150635871";s:7:"PRIVATE";s:1:"0";s:4:"TAGS";s:5:"books";s:7:"COMMENT";s:18:"Another gran book
";}i:1396;a:5:{s:4:"HREF";s:136:"http://www.amazon.co.uk/exec/obidos/ASIN/1844013316/sr=1-2/qid=1150635698/ref=sr_1_2/202-0169165-6110274?_encoding=UTF8&s=books&v=glance";s:8:"ADD_DATE";s:10:"1150635765";s:7:"PRIVATE";s:1:"0";s:4:"TAGS";s:5:"books";s:7:"COMMENT";s:40:"Perhhaps a good book present for future
";}i:1397;a:5:{s:4:"HREF";s:38:"http://www.michalri.net/laughingswing/";s:8:"ADD_DATE";s:10:"1150465920";s:7:"PRIVATE";s:1:"0";s:4:"TAGS";s:5:"funny";s:7:"COMMENT";s:52:"a swing which laughs more the more you swing on it!
";}i:1398;a:5:{s:4:"HREF";s:76:"http://www.webstandards.org/learn/reference/charts/entities/symbol_entities/";s:8:"ADD_DATE";s:10:"1150450255";s:7:"PRIVATE";s:1:"0";s:4:"TAGS";s:31:"webdesign,html,reference,useful";s:7:"COMMENT";s:100:"Some useful (and more stranger) HTML entities references (including that blasted rightwards arrow!)
";}i:1399;a:4:{s:4:"HREF";s:97:"http://digital-photography-school.com/blog/how-to-make-digital-photos-look-like-lomo-photography/";s:8:"ADD_DATE";s:10:"1150443702";s:7:"PRIVATE";s:1:"0";s:4:"TAGS";s:42:"creativity,design,graphics,howto,photoshop";}i:1400;a:5:{s:4:"HREF";s:56:"http://jobsearch.monster.co.uk/getjob.asp?JobID=44033554";s:8:"ADD_DATE";s:10:"1150381621";s:7:"PRIVATE";s:1:"0";s:4:"TAGS";s:11:"jobs,design";s:7:"COMMENT";s:7:"A job?
";}i:1401;a:5:{s:4:"HREF";s:58:"http://www.dlperry.com/what_search_engine_spiders_see.html";s:8:"ADD_DATE";s:10:"1150308930";s:7:"PRIVATE";s:1:"0";s:4:"TAGS";s:27:"free,webdesign,design,tools";s:7:"COMMENT";s:39:"Useful tool when trying to up your SEO
";}i:1402;a:5:{s:4:"HREF";s:29:"http://abigidea.blogspot.com/";s:8:"ADD_DATE";s:10:"1150287149";s:7:"PRIVATE";s:1:"0";s:4:"TAGS";s:16:"work,mobile,blog";s:7:"COMMENT";s:78:"A blog by a guy who works for Vodaphone in their Future Products Team - whoo!
";}i:1403;a:5:{s:4:"HREF";s:43:"http://thephotoshopexperiment.blogspot.com/";s:8:"ADD_DATE";s:10:"1150280474";s:7:"PRIVATE";s:1:"0";s:4:"TAGS";s:48:"art,blog,creativity,graphics,photoshop,reference";s:7:"COMMENT";s:138:"An extremely interesting website about how a guy converts his pencil drawings to fully coloured painting type things ... using photoshop.
";}i:1404;a:5:{s:4:"HREF";s:65:"http://www.slowleadership.org/2006/04/how-to-kill-creativity.html";s:8:"ADD_DATE";s:10:"1150100364";s:7:"PRIVATE";s:1:"0";s:4:"TAGS";s:21:"management,creativity";s:7:"COMMENT";s:104:"Interesting blog/rant thing which hits the nail right on the head about the way some companies are run.
";}i:1405;a:5:{s:4:"HREF";s:62:"http://developers.slashdot.org/article.pl?sid=05/02/23/1859222";s:8:"ADD_DATE";s:10:"1149760891";s:7:"PRIVATE";s:1:"0";s:4:"TAGS";s:8:"ajax,web";s:7:"COMMENT";s:37:"AJAX disucssion on the slash of dot.
";}i:1406;a:5:{s:4:"HREF";s:72:"http://www.jonathanboutelle.com/mt/archives/2005/03/flash_rias_vs_j.html";s:8:"ADD_DATE";s:10:"1149760838";s:7:"PRIVATE";s:1:"0";s:4:"TAGS";s:28:"flash,javascript,AJAX,web2.0";s:7:"COMMENT";s:85:"NIce introduction to this discussion although he doesn't really go that far into it.
";}i:1407;a:5:{s:4:"HREF";s:22:"http://www.quidco.com/";s:8:"ADD_DATE";s:10:"1149520563";s:7:"PRIVATE";s:1:"0";s:4:"TAGS";s:24:"shopping,useful,cashback";s:7:"COMMENT";s:154:"Discount/cashback site, you sign up and click to buy through another website, they get refferal commision and they pass some of that back to you in cash!
";}i:1408;a:5:{s:4:"HREF";s:57:"http://interact10ways.com/usa/information_interactive.htm";s:8:"ADD_DATE";s:10:"1149511111";s:7:"PRIVATE";s:1:"0";s:4:"TAGS";s:26:"animation,art,Flash,Photos";s:7:"COMMENT";s:154:"A cool implementation of that picture made up of a million pictures thing, only done in flash with lots of zooming and stuff, very nice, very impressive.
";}i:1409;a:5:{s:4:"HREF";s:42:"http://www.youtube.com/watch?v=5SaFTm2bcac";s:8:"ADD_DATE";s:10:"1149506226";s:7:"PRIVATE";s:1:"0";s:4:"TAGS";s:45:"audio,history,reference,video,copyright,music";s:7:"COMMENT";s:190:"Very interesting video about the so called "Amen break". There's more and more of these semi-long video's on very interesting subjects cropping up on YouTube recently, long may it continue.
";}i:1410;a:4:{s:4:"HREF";s:26:"http://browsers.evolt.org/";s:8:"ADD_DATE";s:10:"1149497163";s:7:"PRIVATE";s:1:"0";s:4:"TAGS";s:21:"browsers,web,download";}i:1411;a:5:{s:4:"HREF";s:31:"http://www.buildyourmemory.com/";s:8:"ADD_DATE";s:10:"1149493613";s:7:"PRIVATE";s:1:"0";s:4:"TAGS";s:12:"memory,howto";s:7:"COMMENT";s:92:"Good place probably to come back to when you finally find the time to do any of this stuff.
";}i:1412;a:5:{s:4:"HREF";s:37:"http://levitated.net/daily/index.html";s:8:"ADD_DATE";s:10:"1149259827";s:7:"PRIVATE";s:1:"0";s:4:"TAGS";s:41:"animation,design,art,flash,free,reference";s:7:"COMMENT";s:80:"Some very interesting flash examples (with downloadable source code... I think)
";}i:1413;a:5:{s:4:"HREF";s:39:"http://stateoftheunion.onetwothree.net/";s:8:"ADD_DATE";s:10:"1149236557";s:7:"PRIVATE";s:1:"0";s:4:"TAGS";s:39:"language,politics,history,visualization";s:7:"COMMENT";s:181:"interesting computer analysis of state of the union address by US presidents over the year. It pulls out the most significant words (and those used most frequently) for you to see.
";}i:1414;a:5:{s:4:"HREF";s:52:"http://www.cs.princeton.edu/~traer/physics/#Particle";s:8:"ADD_DATE";s:10:"1149169712";s:7:"PRIVATE";s:1:"0";s:4:"TAGS";s:15:"graphics,design";s:7:"COMMENT";s:130:"Some kind of code for creating those "particle" based graphics where the particles seem to want to find their own place in things
";}i:1415;a:5:{s:4:"HREF";s:53:"http://www.aharef.info/2006/05/websites_as_graphs.htm";s:8:"ADD_DATE";s:10:"1149169659";s:7:"PRIVATE";s:1:"0";s:4:"TAGS";s:70:"visualization,webdesign,graph,design,processing,science,software,tools";s:7:"COMMENT";s:62:"Nice tool for creating graphs out of webpages using the tags.
";}i:1416;a:5:{s:4:"HREF";s:57:"http://www.flickr.com/photos/lumis/113602813/in/pool-api/";s:8:"ADD_DATE";s:10:"1149166796";s:7:"PRIVATE";s:1:"0";s:4:"TAGS";s:23:"flickr,photography,wifi";s:7:"COMMENT";s:49:"digital photo frame hooked up to Flickr via WiFi
";}i:1417;a:5:{s:4:"HREF";s:86:"http://www.travelingforever.com/index.php?option=com_content&task=view&id=21&Itemid=45";s:8:"ADD_DATE";s:10:"1149148617";s:7:"PRIVATE";s:1:"0";s:4:"TAGS";s:25:"computer,howto,encryption";s:7:"COMMENT";s:185:"Interesting article about encrypting your web activities to avoid snooping my The Man. What I like best about all this encription stuff is that it's only effective if everyone does it.
";}i:1418;a:5:{s:4:"HREF";s:36:"http://www.lifeaftertheoilcrash.net/";s:8:"ADD_DATE";s:10:"1149076637";s:7:"PRIVATE";s:1:"0";s:4:"TAGS";s:35:"environment,politics,toread,science";s:7:"COMMENT";s:109:"interesting stuff, particularly for facts about which parts of life, other than just cars, are "oil powered"
";}i:1419;a:4:{s:4:"HREF";s:59:"http://video.google.com/videoplay?docid=7374585792978336967";s:8:"ADD_DATE";s:10:"1149003700";s:7:"PRIVATE";s:1:"0";s:4:"TAGS";s:26:"video,towatch,politics,oil";}i:1420;a:4:{s:4:"HREF";s:64:"http://www.guardian.co.uk/climatechange/story/0,,1700301,00.html";s:8:"ADD_DATE";s:10:"1149002399";s:7:"PRIVATE";s:1:"0";s:4:"TAGS";s:15:"politics,toread";}i:1421;a:5:{s:4:"HREF";s:34:"http://fo.rtuito.us/learn_more.php";s:8:"ADD_DATE";s:10:"1149000526";s:7:"PRIVATE";s:1:"0";s:4:"TAGS";s:21:"networking,people,web";s:7:"COMMENT";s:94:"It gives you random friends and then you have to decide whether you want to keep them or not.
";}i:1422;a:5:{s:4:"HREF";s:62:"http://news.independent.co.uk/world/americas/article621189.ece";s:8:"ADD_DATE";s:10:"1148983921";s:7:"PRIVATE";s:1:"0";s:4:"TAGS";s:19:"conspiracy,politics";s:7:"COMMENT";s:91:"surprise surprise! And which company was happent to show these stories? why Fox of course.
";}i:1423;a:5:{s:4:"HREF";s:77:"http://multescu.wordpress.com/2006/05/23/google-yahoo-ebay-next-acquisitions/";s:8:"ADD_DATE";s:10:"1148551779";s:7:"PRIVATE";s:1:"0";s:4:"TAGS";s:41:"blog,business,ebay,google,news,toread,web";s:7:"COMMENT";s:145:"It might be a lot of hot air and speculation… but it's useful as a roundup of the new exciting web companies that are out there at the moment.
";}i:1424;a:4:{s:4:"HREF";s:65:"http://azureus.sourceforge.net/plugin_details.php?plugin=safepeer";s:8:"ADD_DATE";s:10:"1148460557";s:7:"PRIVATE";s:1:"0";s:4:"TAGS";s:30:"bittorrent,free,software,tools";}i:1425;a:5:{s:4:"HREF";s:108:"http://www.lifehacker.com/software/networking/geek-to-live-fast-one-wire-network-ip-over-firewire-173973.php";s:8:"ADD_DATE";s:10:"1147963917";s:7:"PRIVATE";s:1:"0";s:4:"TAGS";s:29:"networking,mac,firewire,howto";s:7:"COMMENT";s:129:"Very interesting and potentially useful, I know nothing about networking PC's together but this looks like something I could do.
";}i:1426;a:5:{s:4:"HREF";s:26:"http://www.plasmapong.com/";s:8:"ADD_DATE";s:10:"1147941286";s:7:"PRIVATE";s:1:"0";s:4:"TAGS";s:23:"games,graphics,download";s:7:"COMMENT";s:97:"Pong reinvented in a way "that utilizes real-time fluid dynamics to drive the game environment."
";}i:1427;a:5:{s:4:"HREF";s:68:"http://www.comagz.com/webmagazine/story/proportions_how_small_we_are";s:8:"ADD_DATE";s:10:"1147809762";s:7:"PRIVATE";s:1:"0";s:4:"TAGS";s:36:"astronomy,art,images,science,planets";s:7:"COMMENT";s:77:"Wonderful scale pictures of the planets for comparison, makes you feel small
";}i:1428;a:5:{s:4:"HREF";s:106:"http://forums.creative.com/creativelabs/board/message?board.id=dap&message.id=28975&query.id=156825#M28975";s:8:"ADD_DATE";s:10:"1147684815";s:7:"PRIVATE";s:1:"0";s:4:"TAGS";s:3:"zen";s:7:"COMMENT";s:27:"problem with the zen micro
";}i:1429;a:4:{s:4:"HREF";s:34:"http://www.youmeworks.com/zen.html";s:8:"ADD_DATE";s:10:"1147461644";s:7:"PRIVATE";s:1:"0";s:4:"TAGS";s:40:"learning,howto,meditation,philosophy,zen";}i:1430;a:5:{s:4:"HREF";s:41:"http://www.n-son.com/scripts/jsScrolling/";s:8:"ADD_DATE";s:10:"1147459696";s:7:"PRIVATE";s:1:"0";s:4:"TAGS";s:29:"javascript,design,DOM,library";s:7:"COMMENT";s:160:"More javascript library goodness, this time for creating neat little scrollable (dhtml) windows in a number of different ways. Very nice, and nicely presented.
";}i:1431;a:5:{s:4:"HREF";s:43:"http://jstween.blogspot.com/#OpacityTweenEx";s:8:"ADD_DATE";s:10:"1147292236";s:7:"PRIVATE";s:1:"0";s:4:"TAGS";s:33:"ajax,animation,Javascript,library";s:7:"COMMENT";s:116:"Interesting, someone's ported the actionscript Tween class into javascript. A sign of the way things at the moment?
";}i:1432;a:5:{s:4:"HREF";s:40:"http://www.advogato.org/article/882.html";s:8:"ADD_DATE";s:10:"1147289691";s:7:"PRIVATE";s:1:"0";s:4:"TAGS";s:16:"python,tools,web";s:7:"COMMENT";s:54:"Arricle about using python for programming web pages.
";}i:1433;a:5:{s:4:"HREF";s:46:"http://interconnected.org/notes/2006/02/scifi/";s:8:"ADD_DATE";s:10:"1147275750";s:7:"PRIVATE";s:1:"0";s:4:"TAGS";s:25:"philosophy,science,toread";s:7:"COMMENT";s:92:"Matt Webb as usual facinating and too much to read all at once. Come back and finish later.
";}i:1434;a:5:{s:4:"HREF";s:27:"http://www.nedrichards.com/";s:8:"ADD_DATE";s:10:"1147270018";s:7:"PRIVATE";s:1:"0";s:4:"TAGS";s:16:"blog,work,people";s:7:"COMMENT";s:76:"The website of Ned Richards who is actually Nick Richards, or so I believe.
";}i:1435;a:5:{s:4:"HREF";s:33:"http://www.delicious-monster.com/";s:8:"ADD_DATE";s:10:"1147269908";s:7:"PRIVATE";s:1:"0";s:4:"TAGS";s:15:"books,mac,tools";s:7:"COMMENT";s:120:"Scans the barcodes from books (using a webcam) and then catalogues your entire library online for your geeky pleasure./
";}i:1436;a:5:{s:4:"HREF";s:114:"http://www.lifehacker.com/software/bittorrent/hack-attack-automatically-download-your-favorite-tv-shows-171992.php";s:8:"ADD_DATE";s:10:"1147261906";s:7:"PRIVATE";s:1:"0";s:4:"TAGS";s:28:"bittorrent,download,tv,howto";s:7:"COMMENT";s:40:"Not for illegal stuff you understand...
";}i:1437;a:4:{s:4:"HREF";s:67:"http://www.wikihow.com/Rip-DVDs-to-Small-AVI-or-MPG-Formatted-Files";s:8:"ADD_DATE";s:10:"1147260675";s:7:"PRIVATE";s:1:"0";s:4:"TAGS";s:20:"howto,backup,dvd,avi";}i:1438;a:5:{s:4:"HREF";s:32:"http://3tunes.codingproject.com/";s:8:"ADD_DATE";s:10:"1147098078";s:7:"PRIVATE";s:1:"0";s:4:"TAGS";s:30:"audio,download,mp3,music,tools";s:7:"COMMENT";s:140:"Seems cool until someone realises and decides to stop it. Might be worth getting if I end up using Pandora a lot (which I currently don't).
";}i:1439;a:5:{s:4:"HREF";s:78:"http://www.themoleskin.com/archives/10-firefox-extensions-for-web-development/";s:8:"ADD_DATE";s:10:"1147091159";s:7:"PRIVATE";s:1:"0";s:4:"TAGS";s:41:"firefox,tools,useful,webdesign,extensions";s:7:"COMMENT";s:61:"Good bunch of extensions that WILL come in handy. Come back!
";}i:1440;a:5:{s:4:"HREF";s:93:"http://212.50.188.106/cgi-win/vebra.cgi?details1?src=vebra&PropertyCode=1034002/WELLS/18002/2";s:8:"ADD_DATE";s:10:"1146986636";s:7:"PRIVATE";s:1:"0";s:4:"TAGS";s:5:"house";s:7:"COMMENT";s:165:"House we've looked at in Guiseley, it's a very nice, big house but the location isn't very green, and the back garden is very small and not private at all. Hmmmm...
";}i:1441;a:5:{s:4:"HREF";s:93:"http://212.50.188.108/cgi-win/vebra.cgi?details1?src=vebra&PropertyCode=1480004/CAMBR/10371/4";s:8:"ADD_DATE";s:10:"1146986583";s:7:"PRIVATE";s:1:"0";s:4:"TAGS";s:5:"house";s:7:"COMMENT";s:85:"A house we're looking at in Otley, seems nice but the 3rd bedroom is way small, boo!
";}i:1442;a:5:{s:4:"HREF";s:75:"http://labnol.blogspot.com/2006/05/keeping-your-gmail-inbox-size-under.html";s:8:"ADD_DATE";s:10:"1146836407";s:7:"PRIVATE";s:1:"0";s:4:"TAGS";s:18:"email,google,howto";s:7:"COMMENT";s:146:"Not going to be any use for me for a long while yet I think, however, this article does contain some very useful tips on ways to search in Gmail.
";}i:1443;a:5:{s:4:"HREF";s:34:"http://www.mininova.org/tor/296239";s:8:"ADD_DATE";s:10:"1146646975";s:7:"PRIVATE";s:1:"0";s:4:"TAGS";s:38:"bittorrent,funny,politics,video,satire";s:7:"COMMENT";s:17:"Must watch this.
";}i:1444;a:5:{s:4:"HREF";s:45:"http://www.statsoft.com/textbook/stcluan.html";s:8:"ADD_DATE";s:10:"1146213350";s:7:"PRIVATE";s:1:"0";s:4:"TAGS";s:21:"statistics,clustering";s:7:"COMMENT";s:94:"Somethng we're doing in work at the moment, particularly the horizontal tree structure stuff.
";}i:1445;a:5:{s:4:"HREF";s:43:"http://121space.com/index.php?showtopic=906";s:8:"ADD_DATE";s:10:"1145955803";s:7:"PRIVATE";s:1:"0";s:4:"TAGS";s:20:"books,free,reference";s:7:"COMMENT";s:55:"A list of online books for programming matters relaly.
";}i:1446;a:5:{s:4:"HREF";s:20:"http://librivox.org/";s:8:"ADD_DATE";s:10:"1145824945";s:7:"PRIVATE";s:1:"0";s:4:"TAGS";s:31:"audio,books,mp3,free,audiobooks";s:7:"COMMENT";s:83:"Volunteers read public domain books and you can download the audio files for free!
";}i:1447;a:5:{s:4:"HREF";s:54:"http://www.policestateplanning.com/loose_change_ii.htm";s:8:"ADD_DATE";s:10:"1144938952";s:7:"PRIVATE";s:1:"0";s:4:"TAGS";s:29:"politics,terrorism,conspiracy";s:7:"COMMENT";s:50:"911 planned and carried out by the US government?
";}i:1448;a:5:{s:4:"HREF";s:48:"http://astronomy.swin.edu.au/~pbourke/other/phi/";s:8:"ADD_DATE";s:10:"1144766179";s:7:"PRIVATE";s:1:"0";s:4:"TAGS";s:26:"design,art,math,philosophy";s:7:"COMMENT";s:76:"A place to come back whenever I want to remember what the "golden mean" is.
";}i:1449;a:5:{s:4:"HREF";s:35:"http://donkeymagic.co.uk/googlemap/";s:8:"ADD_DATE";s:10:"1144697195";s:7:"PRIVATE";s:1:"0";s:4:"TAGS";s:15:"api,google,maps";s:7:"COMMENT";s:101:"Excellent tool for creating your own google maps with markers for stuff you want to ... um ... mark!
";}i:1450;a:5:{s:4:"HREF";s:66:"http://www.vivabit.com/bollocks/2006/04/06/introducing-dom-builder";s:8:"ADD_DATE";s:10:"1144498952";s:7:"PRIVATE";s:1:"0";s:4:"TAGS";s:14:"DOM,javascript";s:7:"COMMENT";s:118:"Debatable whether something like this is really worth it, I think, but it might be worth going back to at some point.
";}i:1451;a:5:{s:4:"HREF";s:59:"http://www.econsultant.com/delicious-by-function/index.html";s:8:"ADD_DATE";s:10:"1144153550";s:7:"PRIVATE";s:1:"0";s:4:"TAGS";s:24:"del.icio.us,howto,toread";s:7:"COMMENT";s:93:"Definitely worth a look at if you're wanting to get that little bit more out of del.icio.us.
";}i:1452;a:5:{s:4:"HREF";s:28:"http://no-sword.jp/dotquest/";s:8:"ADD_DATE";s:10:"1144067814";s:7:"PRIVATE";s:1:"0";s:4:"TAGS";s:5:"funny";s:7:"COMMENT";s:34:"Pac Man done as a text adventure!
";}i:1453;a:5:{s:4:"HREF";s:60:"http://gadgets.fosfor.se/the-top-10-weirdest-keyboards-ever/";s:8:"ADD_DATE";s:10:"1143820001";s:7:"PRIVATE";s:1:"0";s:4:"TAGS";s:14:"design,gadgets";s:7:"COMMENT";s:61:"Excellent. loads of strange keyboard designs for looking at.
";}i:1454;a:5:{s:4:"HREF";s:62:"http://www.creativelatitude.com/links/resources_downloads.html";s:8:"ADD_DATE";s:10:"1143794497";s:7:"PRIVATE";s:1:"0";s:4:"TAGS";s:27:"useful,forms,business,tools";s:7:"COMMENT";s:82:"Useful pdf, excel forms to help you if you're a freelance working type of person.
";}i:1455;a:5:{s:4:"HREF";s:40:"http://www.pimpampum.net/bubblr/?id=1458";s:8:"ADD_DATE";s:10:"1143791353";s:7:"PRIVATE";s:1:"0";s:4:"TAGS";s:20:"flash,cartoons,tools";s:7:"COMMENT";s:49:"You can create cartoon strps with this cool too.
";}i:1456;a:5:{s:4:"HREF";s:38:"http://www.en.wampserver.com/index.php";s:8:"ADD_DATE";s:10:"1143731666";s:7:"PRIVATE";s:1:"0";s:4:"TAGS";s:24:"apache,mysql,php,windows";s:7:"COMMENT";s:28:"It's like LAMP but with a W
";}i:1457;a:5:{s:4:"HREF";s:63:"http://momb.socio-kybernetics.net/blog/popular-betas-march-2006";s:8:"ADD_DATE";s:10:"1143720800";s:7:"PRIVATE";s:1:"0";s:4:"TAGS";s:7:"popular";s:7:"COMMENT";s:47:"Nice place to come to see something new maybe.
";}i:1458;a:5:{s:4:"HREF";s:37:"http://www.squidfingers.com/patterns/";s:8:"ADD_DATE";s:10:"1143629836";s:7:"PRIVATE";s:1:"0";s:4:"TAGS";s:24:"patterns,design,graphics";s:7:"COMMENT";s:74:"a nice source of tilling patterns for backgrounds of websites or desktops
";}i:1459;a:5:{s:4:"HREF";s:193:"http://www.careerbuilder.com/JobSeeker/Jobs/JobDetails.aspx?Job_DID=JER7P36HM3CX72FJ0Q2&siteid=sep_google_feed&IPath=EXGOO&cbRecursionCnt=1&cbsid=9dc119c86e864e1d80da1a1f47701c4e-196851734-RH-1";s:8:"ADD_DATE";s:10:"1143554831";s:7:"PRIVATE";s:1:"0";s:4:"TAGS";s:4:"jobs";s:7:"COMMENT";s:51:"Yeah I could work in new york, that'd be fine! ;-)
";}i:1460;a:4:{s:4:"HREF";s:25:"http://amanda.zmanda.com/";s:8:"ADD_DATE";s:10:"1143489357";s:7:"PRIVATE";s:1:"0";s:4:"TAGS";s:6:"backup";}i:1461;a:4:{s:4:"HREF";s:29:"http://www.buildsilentpc.com/";s:8:"ADD_DATE";s:10:"1143485815";s:7:"PRIVATE";s:1:"0";s:4:"TAGS";s:23:"computer,hardware,howto";}i:1462;a:4:{s:4:"HREF";s:59:"http://www.ndesign-studio.com/resources/tutorials/index.htm";s:8:"ADD_DATE";s:10:"1143457782";s:7:"PRIVATE";s:1:"0";s:4:"TAGS";s:17:"illustrator,howto";}i:1463;a:5:{s:4:"HREF";s:62:"http://pawel.saikko.com/domel-easier-dom-manipulation,20060325";s:8:"ADD_DATE";s:10:"1143446726";s:7:"PRIVATE";s:1:"0";s:4:"TAGS";s:19:"ajax,dom,javascript";s:7:"COMMENT";s:165:"Painless dom manipulation? This is great because I could have written something similar but it would have taken ages and I'd have probably not have done it so well.
";}i:1464;a:5:{s:4:"HREF";s:40:"http://70.86.31.146/mediaStorage/966.swf";s:8:"ADD_DATE";s:10:"1143446526";s:7:"PRIVATE";s:1:"0";s:4:"TAGS";s:16:"free,flash,games";s:7:"COMMENT";s:76:"A wonderfully drawn flash game, haven't played it much but it looks lovely.
";}i:1465;a:5:{s:4:"HREF";s:25:"http://www.ajaxwrite.com/";s:8:"ADD_DATE";s:10:"1143188223";s:7:"PRIVATE";s:1:"0";s:4:"TAGS";s:18:"ajax,software,free";s:7:"COMMENT";s:147:"Another ajax word copy, looks quite good this, they've gone for a very "windows application" look and feel which I'm not sure is necessary though.
";}i:1466;a:5:{s:4:"HREF";s:59:"http://glu.ttono.us/articles/2006/03/21/rails-for-designers";s:8:"ADD_DATE";s:10:"1143132244";s:7:"PRIVATE";s:1:"0";s:4:"TAGS";s:30:"design,howto,toread,ruby,rails";s:7:"COMMENT";s:82:"Hmm this might be just what I need to read. If I ever manager to get round to it.
";}i:1467;a:5:{s:4:"HREF";s:29:"http://pro.html.it/niftycube/";s:8:"ADD_DATE";s:10:"1143132042";s:7:"PRIVATE";s:1:"0";s:4:"TAGS";s:29:"javascript,webdesign,css,html";s:7:"COMMENT";s:103:"a new and improved version of everyone's favourites javascript solution to rounded corners. Excellent!
";}i:1468;a:5:{s:4:"HREF";s:58:"http://global.shuttle.com/Product/Barebone/SN85G4%20V3.asp";s:8:"ADD_DATE";s:10:"1143127344";s:7:"PRIVATE";s:1:"0";s:4:"TAGS";s:17:"computer,hardware";s:7:"COMMENT";s:75:"My computer box from Shuttle (just in case I'm ever looking for it again).
";}i:1469;a:5:{s:4:"HREF";s:68:"http://www.infinitywebdesign.com/research/cssverticalcentereddiv.htm";s:8:"ADD_DATE";s:10:"1143022524";s:7:"PRIVATE";s:1:"0";s:4:"TAGS";s:3:"css";s:7:"COMMENT";s:74:"Quick simple way to get vertical and horizontal centering of a quick div.
";}i:1470;a:4:{s:4:"HREF";s:68:"http://developer.mozilla.org/en/docs/A_re-introduction_to_JavaScript";s:8:"ADD_DATE";s:10:"1142970981";s:7:"PRIVATE";s:1:"0";s:4:"TAGS";s:10:"javascript";}i:1471;a:5:{s:4:"HREF";s:25:"http://www.freecycle.org/";s:8:"ADD_DATE";s:10:"1142939723";s:7:"PRIVATE";s:1:"0";s:4:"TAGS";s:13:"free,shopping";s:7:"COMMENT";s:179:"Free stuff for you and me. If you want to get rid of something but don't want to just dump (or charity shop) it, drop this list an email and someone might take it off your hands.
";}i:1472;a:4:{s:4:"HREF";s:58:"http://www.phpit.net/article/ten-different-php-frameworks/";s:8:"ADD_DATE";s:10:"1142890406";s:7:"PRIVATE";s:1:"0";s:4:"TAGS";s:13:"php,webdesign";}i:1473;a:5:{s:4:"HREF";s:32:"http://www.myspace.com/ghijklmno";s:8:"ADD_DATE";s:10:"1142849254";s:7:"PRIVATE";s:1:"0";s:4:"TAGS";s:7:"myspace";s:7:"COMMENT";s:30:"My myspace page (apparently).
";}i:1474;a:4:{s:4:"HREF";s:33:"http://www.opensourcewindows.org/";s:8:"ADD_DATE";s:10:"1142785208";s:7:"PRIVATE";s:1:"0";s:4:"TAGS";s:13:"software,free";}i:1475;a:5:{s:4:"HREF";s:24:"http://portableapps.com/";s:8:"ADD_DATE";s:10:"1142785180";s:7:"PRIVATE";s:1:"0";s:4:"TAGS";s:22:"software,free,portable";s:7:"COMMENT";s:61:"Applications that have been made to work from portable media
";}i:1476;a:5:{s:4:"HREF";s:71:"http://weblogs.macromedia.com/mesh/archives/2006/01/encapsulating_a.cfm";s:8:"ADD_DATE";s:10:"1142610648";s:7:"PRIVATE";s:1:"0";s:4:"TAGS";s:4:"ajax";s:7:"COMMENT";s:119:"The place where I got the answer to the problem of putting both the Request and the Callback into one object for ajax.
";}i:1477;a:4:{s:4:"HREF";s:22:"http://ironsudoku.com/";s:8:"ADD_DATE";s:10:"1142597638";s:7:"PRIVATE";s:1:"0";s:4:"TAGS";s:10:"games,free";}i:1478;a:5:{s:4:"HREF";s:38:"http://www.kurve.com.au/sairuk/eyetoy/";s:8:"ADD_DATE";s:10:"1142591700";s:7:"PRIVATE";s:1:"0";s:4:"TAGS";s:6:"webcam";s:7:"COMMENT";s:37:"using playstation eyetoy as a webcam
";}i:1479;a:5:{s:4:"HREF";s:46:"http://www.contentwithstyle.co.uk/Articles/38/";s:8:"ADD_DATE";s:10:"1142520799";s:7:"PRIVATE";s:1:"0";s:4:"TAGS";s:4:"ajax";s:7:"COMMENT";s:40:"An ajax fix for the back button problem
";}i:1480;a:4:{s:4:"HREF";s:52:"http://www.niehs.nih.gov/external/faq/substation.htm";s:8:"ADD_DATE";s:10:"1142451555";s:7:"PRIVATE";s:1:"0";s:4:"TAGS";s:5:"house";}i:1481;a:4:{s:4:"HREF";s:55:"http://www.greenevents.fsnet.co.uk/features/art048.html";s:8:"ADD_DATE";s:10:"1142451462";s:7:"PRIVATE";s:1:"0";s:4:"TAGS";s:5:"house";}i:1482;a:5:{s:4:"HREF";s:156:"http://www.manufactum.co.uk/group/189224/dmc_mb3_productlist_pi1.10462.page/1/dmc_mb3_productlist_pi1.10462.num/8/product/841555/Product_Details.2700.0.html";s:8:"ADD_DATE";s:10:"1142346876";s:7:"PRIVATE";s:1:"0";s:4:"TAGS";s:17:"shopping,wishlist";s:7:"COMMENT";s:102:"It's a football that costs £78. It's a football ... that costs £78! want one, want one, want one!!!
";}i:1483;a:5:{s:4:"HREF";s:65:"http://www.manufactum.co.uk/group/174495/Product_List.2699.0.html";s:8:"ADD_DATE";s:10:"1142346779";s:7:"PRIVATE";s:1:"0";s:4:"TAGS";s:13:"toys,shopping";s:7:"COMMENT";s:48:"excellent, wooden marble track constructor set.
";}i:1484;a:5:{s:4:"HREF";s:28:"http://www.manufactum.co.uk/";s:8:"ADD_DATE";s:10:"1142336083";s:7:"PRIVATE";s:1:"0";s:4:"TAGS";s:15:"shopping,design";s:7:"COMMENT";s:107:"A shop full of very posh objects, where you might find the wooden marbles marble toy that looked so great!
";}i:1485;a:5:{s:4:"HREF";s:76:"http://www.instructables.com/ex/i/BEFDA1F002CB102985CB001143E7E506/?ALLSTEPS";s:8:"ADD_DATE";s:10:"1142334462";s:7:"PRIVATE";s:1:"0";s:4:"TAGS";s:17:"photography,howto";s:7:"COMMENT";s:89:"Very nice tutorial, just the thing that one day you might want to do cheaply and easily.
";}i:1486;a:5:{s:4:"HREF";s:89:"http://www87.vebra.com/cgi-win/vebra.cgi?details2?src=7&firm=11020&branch=12&prop=1260404";s:8:"ADD_DATE";s:10:"1142280669";s:7:"PRIVATE";s:1:"0";s:4:"TAGS";s:5:"house";s:7:"COMMENT";s:28:"in the middle of our street
";}i:1487;a:5:{s:4:"HREF";s:98:"http://www.fish4.co.uk/iad/homes/advert?adId=9089563&sid=80161164DD40703370&pos=3&src=search&tot=5";s:8:"ADD_DATE";s:10:"1142255113";s:7:"PRIVATE";s:1:"0";s:4:"TAGS";s:5:"house";s:7:"COMMENT";s:35:"A potentially nice house - 172,500
";}i:1488;a:5:{s:4:"HREF";s:34:"http://www.gotoandlearn.com/forum/";s:8:"ADD_DATE";s:10:"1142248046";s:7:"PRIVATE";s:1:"0";s:4:"TAGS";s:11:"flash,forum";s:7:"COMMENT";s:70:"The forum for gotoAndLearn() which is a great flash tutorials webste.
";}i:1489;a:5:{s:4:"HREF";s:38:"http://www.objectgraph.com/dictionary/";s:8:"ADD_DATE";s:10:"1142199380";s:7:"PRIVATE";s:1:"0";s:4:"TAGS";s:31:"dictionary,ajax,tools,reference";s:7:"COMMENT";s:171:"Online dictionary using ajax so it's faster and simpler and just basically so quick you always end up looking up another word coz you kind of feel it's a waste otherwise.
";}i:1490;a:5:{s:4:"HREF";s:19:"http://keepvid.com/";s:8:"ADD_DATE";s:10:"1142179833";s:7:"PRIVATE";s:1:"0";s:4:"TAGS";s:14:"video,download";s:7:"COMMENT";s:12:"interesting
";}i:1491;a:5:{s:4:"HREF";s:38:"http://www.gmap-pedometer.com/?r=56150";s:8:"ADD_DATE";s:10:"1141932574";s:7:"PRIVATE";s:1:"0";s:4:"TAGS";s:9:"pedometer";s:7:"COMMENT";s:48:"route from 32 grangefield ave to burley station
";}i:1492;a:5:{s:4:"HREF";s:51:"http://www.dabs.com/productview.aspx?quicklinx=3P7B";s:8:"ADD_DATE";s:10:"1141903140";s:7:"PRIVATE";s:1:"0";s:4:"TAGS";s:8:"shopping";s:7:"COMMENT";s:45:"The motherboard from my computer - for sale.
";}i:1493;a:4:{s:4:"HREF";s:69:"http://www.eclipsecomputers.com/product.aspx?code=SKI-U35SAT-SI&af=50";s:8:"ADD_DATE";s:10:"1141902964";s:7:"PRIVATE";s:1:"0";s:4:"TAGS";s:26:"shopping,hardware,harddisk";}i:1494;a:4:{s:4:"HREF";s:58:"http://www.rlsupplies.co.uk/products/product.asp?id=158435";s:8:"ADD_DATE";s:10:"1141900337";s:7:"PRIVATE";s:1:"0";s:4:"TAGS";s:26:"hardware,shopping,harddisk";}i:1495;a:4:{s:4:"HREF";s:63:"http://cgi.ebay.co.uk/ws/eBayISAPI.dll?ViewItem&item=8776626169";s:8:"ADD_DATE";s:10:"1141900218";s:7:"PRIVATE";s:1:"0";s:4:"TAGS";s:26:"hardware,shopping,harddisk";}i:1496;a:5:{s:4:"HREF";s:58:"http://www.fontshop.com/fontfeed/archives/web-20-logos.cfm";s:8:"ADD_DATE";s:10:"1141827680";s:7:"PRIVATE";s:1:"0";s:4:"TAGS";s:15:"fonts,webdesign";s:7:"COMMENT";s:120:"Interesting deconstruction of the logos used by recently appearing websites. Nice source of font idas too I'm thinking.
";}i:1497;a:5:{s:4:"HREF";s:112:"http://www.ebuyer.com/customer/products/index.html?action=c2hvd19wcm9kdWN0X292ZXJ2aWV3&product_uid=89079&_LOC=UK";s:8:"ADD_DATE";s:10:"1141826830";s:7:"PRIVATE";s:1:"0";s:4:"TAGS";s:26:"shopping,hardware,computer";s:7:"COMMENT";s:86:"Seemingly a PC which you could probably do everything you'd want to do on, for £150.
";}i:1498;a:5:{s:4:"HREF";s:52:"http://modtown.co.uk/mt/review2.php?id=maxtor200sata";s:8:"ADD_DATE";s:10:"1141820664";s:7:"PRIVATE";s:1:"0";s:4:"TAGS";s:22:"hardware,harddisk,mine";s:7:"COMMENT";s:117:"my hard disk which may or may not be knackered but whose connectors at the back are apparently somewhat of a rarity.
";}i:1499;a:5:{s:4:"HREF";s:37:"http://www.choicesdirect.com/shop.asp";s:8:"ADD_DATE";s:10:"1141817454";s:7:"PRIVATE";s:1:"0";s:4:"TAGS";s:8:"shopping";s:7:"COMMENT";s:13:"Cheap DVD's?
";}i:1500;a:5:{s:4:"HREF";s:21:"http://storynory.com/";s:8:"ADD_DATE";s:10:"1141766440";s:7:"PRIVATE";s:1:"0";s:4:"TAGS";s:23:"download,free,mp3,carys";s:7:"COMMENT";s:114:"This looks like it's a great source of children soothing stories, I hope it's around when Carys gets a bit older.
";}i:1501;a:4:{s:4:"HREF";s:54:"http://static.flickr.com/37/104647151_30b6549a75_o.jpg";s:8:"ADD_DATE";s:10:"1141663322";s:7:"PRIVATE";s:1:"0";s:4:"TAGS";s:36:"design,work,filetype:jpg,media:image";}i:1502;a:4:{s:4:"HREF";s:23:"http://www.writely.com/";s:8:"ADD_DATE";s:10:"1141659293";s:7:"PRIVATE";s:1:"0";s:4:"TAGS";s:21:"writing,ajax,software";}i:1503;a:4:{s:4:"HREF";s:33:"http://www.zohowriter.com/Home.do";s:8:"ADD_DATE";s:10:"1141659266";s:7:"PRIVATE";s:1:"0";s:4:"TAGS";s:21:"software,ajax,writing";}i:1504;a:5:{s:4:"HREF";s:34:"http://www.irows.com/xo/Welcome.do";s:8:"ADD_DATE";s:10:"1141659181";s:7:"PRIVATE";s:1:"0";s:4:"TAGS";s:13:"ajax,software";s:7:"COMMENT";s:23:"Online spreadsheet app
";}i:1505;a:5:{s:4:"HREF";s:43:"http://www.funny-games.biz/splash-back.html";s:8:"ADD_DATE";s:10:"1141647227";s:7:"PRIVATE";s:1:"0";s:4:"TAGS";s:10:"game,flash";s:7:"COMMENT";s:16:"nice flash game
";}i:1506;a:5:{s:4:"HREF";s:35:"http://www.penguin-uk.com/index.htm";s:8:"ADD_DATE";s:10:"1141637477";s:7:"PRIVATE";s:1:"0";s:4:"TAGS";s:7:"hosting";s:7:"COMMENT";s:90:"Tero's hosting company, might transfer to these and pay £10 instead of over £50 a year.
";}i:1507;a:5:{s:4:"HREF";s:67:"http://video.google.com/videoplay?docid=8372603330420559198&q=spore";s:8:"ADD_DATE";s:10:"1141317745";s:7:"PRIVATE";s:1:"0";s:4:"TAGS";s:5:"games";s:7:"COMMENT";s:56:"Amazing looking game this guy is showing/talking about.
";}i:1508;a:5:{s:4:"HREF";s:45:"http://www.bigpondsolutions.com/frameset.html";s:8:"ADD_DATE";s:10:"1141291947";s:7:"PRIVATE";s:1:"0";s:4:"TAGS";s:4:"jobs";s:7:"COMMENT";s:56:"Recruitment agency where works Stephen Press (stephen@)
";}i:1509;a:4:{s:4:"HREF";s:43:"http://www.techtutorials.info/drzadill.html";s:8:"ADD_DATE";s:10:"1141231258";s:7:"PRIVATE";s:1:"0";s:4:"TAGS";s:17:"Illustrator,howto";}i:1510;a:5:{s:4:"HREF";s:25:"http://docs.rinet.ru/Ill/";s:8:"ADD_DATE";s:10:"1141230334";s:7:"PRIVATE";s:1:"0";s:4:"TAGS";s:17:"illustrator,howto";s:7:"COMMENT";s:48:"This is probably going to useful at some point.
";}i:1511;a:5:{s:4:"HREF";s:103:"http://www.csd.uwo.ca/staff/magi/personal/humour/Computer_Audience/Funny%20UNIX%20Shell%20Commands.html";s:8:"ADD_DATE";s:10:"1141155740";s:7:"PRIVATE";s:1:"0";s:4:"TAGS";s:10:"funny,unix";s:7:"COMMENT";s:72:"This is the type of thing that human beings need to spend more time on.
";}i:1512;a:5:{s:4:"HREF";s:70:"http://video.google.com/videoplay?docid=-4237751840526284618&q=quantum";s:8:"ADD_DATE";s:10:"1141135624";s:7:"PRIVATE";s:1:"0";s:4:"TAGS";s:13:"video,science";s:7:"COMMENT";s:116:"A most wonderful video presentatin showing one of the most weird things about modern physics, very well illusrated.
";}i:1513;a:5:{s:4:"HREF";s:75:"http://how2dostuff.blogspot.com/2006/02/how-to-make-secret-hollow-book.html";s:8:"ADD_DATE";s:10:"1141126568";s:7:"PRIVATE";s:1:"0";s:4:"TAGS";s:8:"projects";s:7:"COMMENT";s:51:"Did this once, not as well as this example though.
";}i:1514;a:4:{s:4:"HREF";s:29:"http://www.alvit.de/handbook/";s:8:"ADD_DATE";s:10:"1140945704";s:7:"PRIVATE";s:1:"0";s:4:"TAGS";s:50:"html,design,webdesign,DOM,javascript,css,php,mysql";}i:1515;a:5:{s:4:"HREF";s:17:"http://tvrss.net/";s:8:"ADD_DATE";s:10:"1140871444";s:7:"PRIVATE";s:1:"0";s:4:"TAGS";s:17:"bittorrent,tv,rss";s:7:"COMMENT";s:24:"A source of TV torrents
";}i:1516;a:5:{s:4:"HREF";s:35:"http://www.mikeindustries.com/sifr/";s:8:"ADD_DATE";s:10:"1140794247";s:7:"PRIVATE";s:1:"0";s:4:"TAGS";s:23:"flash,design,javascript";s:7:"COMMENT";s:169:"A way to replace bits of HTML page with Flash so you get nicer fonts, only it's done with JavaScript and dynamically by reading the DOM so it's clever and stuff, right?
";}i:1517;a:5:{s:4:"HREF";s:19:"http://numbler.com/";s:8:"ADD_DATE";s:10:"1140792794";s:7:"PRIVATE";s:1:"0";s:4:"TAGS";s:8:"software";s:7:"COMMENT";s:78:"Online spreadsheet - as Zoho Writer and Writely are to Word this is to Excel.
";}i:1518;a:4:{s:4:"HREF";s:110:"http://jnewland.com/articles/2006/02/22/how-to-subscribe-to-tv-shows-using-the-democracy-player-bittorrent-rss";s:8:"ADD_DATE";s:10:"1140782988";s:7:"PRIVATE";s:1:"0";s:4:"TAGS";s:13:"bittorrent,tv";}i:1519;a:4:{s:4:"HREF";s:36:"http://www.qarxis.com/Fainting_Goats";s:8:"ADD_DATE";s:10:"1140780081";s:7:"PRIVATE";s:1:"0";s:4:"TAGS";s:14:"comedy,science";}i:1520;a:5:{s:4:"HREF";s:62:"http://www.sitepoint.com/article/painless-javascript-prototype";s:8:"ADD_DATE";s:10:"1140624394";s:7:"PRIVATE";s:1:"0";s:4:"TAGS";s:15:"javascript,ajax";s:7:"COMMENT";s:111:"Tutorial for using prototype which seems like the best way to go with doig complex javascript things nowadays.
";}i:1521;a:5:{s:4:"HREF";s:90:"http://www.25hoursaday.com/weblog/PermaLink.aspx?guid=018ea507-4a62-4493-b01b-321e3672d725";s:8:"ADD_DATE";s:10:"1140169913";s:7:"PRIVATE";s:1:"0";s:4:"TAGS";s:4:"ajax";s:7:"COMMENT";s:125:"A good article attacking AJAX and with some good quotes describing the move towards coming up with new names for old things.
";}i:1522;a:5:{s:4:"HREF";s:63:"http://www.creativepro.com/story/feature/18132.html?cprose=3-46";s:8:"ADD_DATE";s:10:"1140107382";s:7:"PRIVATE";s:1:"0";s:4:"TAGS";s:17:"illustrator,howto";s:7:"COMMENT";s:39:"using Auto Trace - whatever that is...
";}i:1523;a:5:{s:4:"HREF";s:41:"http://www.nickhodge.com/mne.php?mcid=545";s:8:"ADD_DATE";s:10:"1140107203";s:7:"PRIVATE";s:1:"0";s:4:"TAGS";s:17:"illustrator,howto";s:7:"COMMENT";s:38:"More text manipulation in Illustrator
";}i:1524;a:5:{s:4:"HREF";s:44:"http://www.carijansen.com/tips/023/index.php";s:8:"ADD_DATE";s:10:"1140107039";s:7:"PRIVATE";s:1:"0";s:4:"TAGS";s:17:"illustrator,howto";s:7:"COMMENT";s:35:"Gradient text and envelope distort
";}i:1525;a:5:{s:4:"HREF";s:74:"http://graphicssoft.about.com/library/reviews/uctkm_fpr_illustrator10c.htm";s:8:"ADD_DATE";s:10:"1140106912";s:7:"PRIVATE";s:1:"0";s:4:"TAGS";s:17:"illustrator,howto";s:7:"COMMENT";s:62:"Distorting your graphic (e.g. text) into a shape ("envelope")
";}i:1526;a:4:{s:4:"HREF";s:30:"http://www.webdesigntimes.com/";s:8:"ADD_DATE";s:10:"1140084749";s:7:"PRIVATE";s:1:"0";s:4:"TAGS";s:9:"webdesign";}i:1527;a:4:{s:4:"HREF";s:31:"http://popdog_fonts.tripod.com/";s:8:"ADD_DATE";s:10:"1140084502";s:7:"PRIVATE";s:1:"0";s:4:"TAGS";s:5:"fonts";}i:1528;a:5:{s:4:"HREF";s:58:"http://www.webdesigntimes.com/article/25-free-grunge-fonts";s:8:"ADD_DATE";s:10:"1140084435";s:7:"PRIVATE";s:1:"0";s:4:"TAGS";s:5:"fonts";s:7:"COMMENT";s:151:"Hmm a good set of distressed looking fonts, some I have already which makes me think that there might not be too many more free ones this good around.
";}i:1529;a:5:{s:4:"HREF";s:58:"http://graphicdesign.about.com/od/logotips/a/logofiles.htm";s:8:"ADD_DATE";s:10:"1140007093";s:7:"PRIVATE";s:1:"0";s:4:"TAGS";s:6:"design";s:7:"COMMENT";s:40:"What different logo files might be for.
";}i:1530;a:5:{s:4:"HREF";s:46:"http://developer.yahoo.net/ypatterns/index.php";s:8:"ADD_DATE";s:10:"1139993695";s:7:"PRIVATE";s:1:"0";s:4:"TAGS";s:19:"webdesign,usability";s:7:"COMMENT";s:54:"Design "patterns" for common user interface problems.
";}i:1531;a:5:{s:4:"HREF";s:74:"https://pro.forum.nokia.com/site/global/home/prozones/p_flash_public_x.jsp";s:8:"ADD_DATE";s:10:"1139993165";s:7:"PRIVATE";s:1:"0";s:4:"TAGS";s:12:"flash,mobile";s:7:"COMMENT";s:40:"Nokia's new place for all things flash.
";}i:1532;a:5:{s:4:"HREF";s:41:"http://www.bluerobot.com/web/css/fouc.asp";s:8:"ADD_DATE";s:10:"1139913429";s:7:"PRIVATE";s:1:"0";s:4:"TAGS";s:13:"css,webdesign";s:7:"COMMENT";s:101:"A fix for the problem of CSS only appearing a second after the page has been shown (without styles).
";}i:1533;a:5:{s:4:"HREF";s:32:"http://www.morelands-direct.com/";s:8:"ADD_DATE";s:10:"1139913120";s:7:"PRIVATE";s:1:"0";s:4:"TAGS";s:6:"friend";s:7:"COMMENT";s:31:"A site Paul Hill has designed.
";}i:1534;a:5:{s:4:"HREF";s:54:"http://www.gotomobile.com/archives/the-mobile-designer";s:8:"ADD_DATE";s:10:"1139846098";s:7:"PRIVATE";s:1:"0";s:4:"TAGS";s:13:"design,mobile";s:7:"COMMENT";s:90:"blog entry about mobile designers. some interesting facts from the nokia research centre.
";}i:1535;a:5:{s:4:"HREF";s:26:"http://www.bbc.co.uk/soup/";s:8:"ADD_DATE";s:10:"1139565050";s:7:"PRIVATE";s:1:"0";s:4:"TAGS";s:6:"comedy";s:7:"COMMENT";s:77:"New BBC website to encourage amatuer comedians to publish their work online.
";}i:1536;a:5:{s:4:"HREF";s:66:"http://www.photoshopcafe.com/tutorials/reflections/reflections.htm";s:8:"ADD_DATE";s:10:"1139501839";s:7:"PRIVATE";s:1:"0";s:4:"TAGS";s:9:"photoshop";s:7:"COMMENT";s:69:"seems to work quite well, might want to go back to it at some point.
";}i:1537;a:5:{s:4:"HREF";s:37:"http://www.phong.com/tutorials/glass/";s:8:"ADD_DATE";s:10:"1139500561";s:7:"PRIVATE";s:1:"0";s:4:"TAGS";s:9:"photoshop";s:7:"COMMENT";s:23:"nice glass text effect
";}i:1538;a:5:{s:4:"HREF";s:36:"http://www.webdesignfromscratch.com/";s:8:"ADD_DATE";s:10:"1139499605";s:7:"PRIVATE";s:1:"0";s:4:"TAGS";s:9:"webdesign";s:7:"COMMENT";s:175:"Might be interesting to go back to at some point. Interesting in that he tries to approach the thing from all angles. Might be handy to pass on to friends who are interested.
";}i:1539;a:5:{s:4:"HREF";s:23:"http://prodigits.co.uk/";s:8:"ADD_DATE";s:10:"1139478999";s:7:"PRIVATE";s:1:"0";s:4:"TAGS";s:6:"mobile";s:7:"COMMENT";s:135:"popular wap "dating and fun portal". I haven't a clue what this is but it's very popular with search users on Orange World apparently.
";}i:1540;a:5:{s:4:"HREF";s:65:"http://www.pingmag.jp/2005/12/09/the-website-development-process/";s:8:"ADD_DATE";s:10:"1139478904";s:7:"PRIVATE";s:1:"0";s:4:"TAGS";s:6:"design";s:7:"COMMENT";s:88:"A nice blog entry describing the design process with pictures of lego (I think) people.
";}i:1541;a:5:{s:4:"HREF";s:25:"http://www.drewmedia.com/";s:8:"ADD_DATE";s:10:"1139408478";s:7:"PRIVATE";s:1:"0";s:4:"TAGS";s:15:"webdesign,flash";s:7:"COMMENT";s:73:"A lovely little website with a beautful smooth interface built in flash.
";}i:1542;a:5:{s:4:"HREF";s:42:"http://www.designmeltdown.com/default.aspx";s:8:"ADD_DATE";s:10:"1139404013";s:7:"PRIVATE";s:1:"0";s:4:"TAGS";s:9:"webdesign";s:7:"COMMENT";s:167:"A great website devoted to webdesign that's a bit more interesting and nice looking than the general. I've only read a bit of it but already it's very good. A rarity!
";}i:1543;a:5:{s:4:"HREF";s:38:"http://microformats.org/wiki/rest/ahah";s:8:"ADD_DATE";s:10:"1139330637";s:7:"PRIVATE";s:1:"0";s:4:"TAGS";s:24:"ajax,DOM,html,javascript";s:7:"COMMENT";s:73:"An easy to use implementation of ajax which might be handy at some point
";}i:1544;a:5:{s:4:"HREF";s:56:"http://slayeroffice.com/articles/innerHTML_alternatives/";s:8:"ADD_DATE";s:10:"1139312572";s:7:"PRIVATE";s:1:"0";s:4:"TAGS";s:19:"DOM,html,javascript";s:7:"COMMENT";s:183:"Discussion of innerHTML which is something I'm quite interested in at the moment, especially considering it seems like a much easier alternative to a bunch of stuff I've been trying.
";}i:1545;a:5:{s:4:"HREF";s:25:"http://www.tikibartv.com/";s:8:"ADD_DATE";s:10:"1139218542";s:7:"PRIVATE";s:1:"0";s:4:"TAGS";s:15:"comedy,podcasts";s:7:"COMMENT";s:147:"Some kind of strange comedy video podcast thing, I haven't watched it yet but maybe if I get some time I will. I seems to be highly recommended...
";}i:1546;a:5:{s:4:"HREF";s:53:"http://www.vipedio.com/roman/blog/20culture_full.html";s:8:"ADD_DATE";s:10:"1139079341";s:7:"PRIVATE";s:1:"0";s:4:"TAGS";s:30:"work,webdesign,ajax,DOM,toread";s:7:"COMMENT";s:73:"Stuff about web 2 etc, probably worth a read, might be worth passing on.
";}i:1547;a:5:{s:4:"HREF";s:27:"http://prototype.conio.net/";s:8:"ADD_DATE";s:10:"1138870421";s:7:"PRIVATE";s:1:"0";s:4:"TAGS";s:27:"ajax,DOM,javascript,library";s:7:"COMMENT";s:57:"Javascript framework which helps with AJAX and DOM stuff
";}i:1548;a:5:{s:4:"HREF";s:30:"http://bennolan.com/behaviour/";s:8:"ADD_DATE";s:10:"1138870382";s:7:"PRIVATE";s:1:"0";s:4:"TAGS";s:27:"ajax,javascript,DOM,library";s:7:"COMMENT";s:53:"Handy set of tools for JavaScript AJAX DOM type fun!
";}i:1549;a:4:{s:4:"HREF";s:66:"http://davidseah.com/archives/2005/11/12/the-printable-ceo-series/";s:8:"ADD_DATE";s:10:"1138699813";s:7:"PRIVATE";s:1:"0";s:4:"TAGS";s:24:"organization,tools,paper";}i:1550;a:5:{s:4:"HREF";s:39:"http://www.pocketmod.com/app/index.html";s:8:"ADD_DATE";s:10:"1138699690";s:7:"PRIVATE";s:1:"0";s:4:"TAGS";s:24:"organization,paper,tools";s:7:"COMMENT";s:23:"pocket paper based pda
";}i:1551;a:5:{s:4:"HREF";s:99:"http://www.fish4.co.uk/iad/homes/advert?adId=8885749&sid=806674706CDE057180&pos=3&src=search&tot=69";s:8:"ADD_DATE";s:10:"1138565491";s:7:"PRIVATE";s:1:"0";s:4:"TAGS";s:5:"house";s:7:"COMMENT";s:15:"the huge house
";}i:1552;a:5:{s:4:"HREF";s:143:"http://www.sequencehome.co.uk/detail.asp?type=0&src=property&cs=44&bs=HDF,SHP&br=-1&prop=100003&min=180000&max=250000&bed=3&page=3&id=HDF102238";s:8:"ADD_DATE";s:10:"1138564151";s:7:"PRIVATE";s:1:"0";s:4:"TAGS";s:5:"house";s:7:"COMMENT";s:19:"huddersfield house
";}i:1553;a:4:{s:4:"HREF";s:77:"http://presentationzen.blogs.com/presentationzen/2006/01/where_to_get_qu.html";s:8:"ADD_DATE";s:10:"1138178252";s:7:"PRIVATE";s:1:"0";s:4:"TAGS";s:6:"quotes";}i:1554;a:5:{s:4:"HREF";s:53:"http://www.howitshouldhaveended.com/movie%20list.html";s:8:"ADD_DATE";s:10:"1138093717";s:7:"PRIVATE";s:1:"0";s:4:"TAGS";s:23:"movies,comedy,animation";s:7:"COMMENT";s:171:"Funny little flash animations (in wmv format now though) of how this guy thinks films should have ended. Some are really funny and "on the money", others are a bit silly.
";}i:1555;a:4:{s:4:"HREF";s:60:"http://here-and-now.org/VSI/Articles/TheoryMed/theoryHow.htm";s:8:"ADD_DATE";s:10:"1138034583";s:7:"PRIVATE";s:1:"0";s:4:"TAGS";s:6:"toread";}i:1556;a:5:{s:4:"HREF";s:55:"http://www.bigfootencounters.com/files/mk_davis_pgf.gif";s:8:"ADD_DATE";s:10:"1137668909";s:7:"PRIVATE";s:1:"0";s:4:"TAGS";s:38:"video,bigfoot,filetype:gif,media:image";s:7:"COMMENT";s:219:"This is interesting not just because of the Bigfoot but cos I've never seen this technique before for stabilising video footage which is has been taken by a wobbly handed cameraman. It's quite a nice visual effect. ;-)
";}i:1557;a:5:{s:4:"HREF";s:56:"http://blog.guykawasaki.com/2006/01/how_to_get_a_st.html";s:8:"ADD_DATE";s:10:"1137617175";s:7:"PRIVATE";s:1:"0";s:4:"TAGS";s:19:"howto,presentations";s:7:"COMMENT";s:185:"To underdress is communicate the following message: “I'm smarter/richer/more powerful than you. I can insult you and not take you serious, and there's nothing you can do about it.”
";}i:1558;a:4:{s:4:"HREF";s:36:"http://www.papercdcase.com/about.php";s:8:"ADD_DATE";s:10:"1137616998";s:7:"PRIVATE";s:1:"0";s:4:"TAGS";s:8:"howto,cd";}i:1559;a:5:{s:4:"HREF";s:38:"http://hilomath.com/inneralgebra/html/";s:8:"ADD_DATE";s:10:"1137616688";s:7:"PRIVATE";s:1:"0";s:4:"TAGS";s:29:"books,free,math,learning,mind";s:7:"COMMENT";s:205:"These pages contain the text of the book Inner Algebra. Its premise is that mathematicians use their mind in certain ways that result in math being easy for them, and most people can learn to do the same.
";}i:1560;a:5:{s:4:"HREF";s:35:"http://www.alternet.org/story/30487";s:8:"ADD_DATE";s:10:"1137515369";s:7:"PRIVATE";s:1:"0";s:4:"TAGS";s:23:"politics,chomsky,toread";s:7:"COMMENT";s:256:"Okay, so you can just imagine the ultimate nightmare in Washington: a loose Shiite alliance controlling most of the world's oil, independent of Washington and probably turning toward the East, where China and others are eager to make relationships with th
";}i:1561;a:5:{s:4:"HREF";s:26:"http://www.threadless.com/";s:8:"ADD_DATE";s:10:"1137507484";s:7:"PRIVATE";s:1:"0";s:4:"TAGS";s:35:"art,clothes,tshirts,design,shopping";s:7:"COMMENT";s:39:"Ongoing t-shirt designing competition.
";}i:1562;a:5:{s:4:"HREF";s:84:"http://iglanddesign.orgdot.com/pub/iglanddesign/2005_4_27_11.7.19.shtml?cat=products";s:8:"ADD_DATE";s:10:"1137428518";s:7:"PRIVATE";s:1:"0";s:4:"TAGS";s:16:"design,furniture";s:7:"COMMENT";s:73:"Japanese-style dining-table with chairs that can all be packed in a box.
";}i:1563;a:5:{s:4:"HREF";s:60:"http://brainstormsandraves.com/archives/2005/10/09/htaccess/";s:8:"ADD_DATE";s:10:"1137404553";s:7:"PRIVATE";s:1:"0";s:4:"TAGS";s:12:"howto,apache";s:7:"COMMENT";s:228:"What looks like a very good explanation of .htaccess and what you can do with this. In my experience you can't know too much about this stuff, or re-read it too many times. Easy to use difficult to master has never been so apt.
";}i:1564;a:4:{s:4:"HREF";s:121:"http://developer.sonyericsson.com/site/global/newsandevents/latestnews/newsdec05/p_sonyericsson_mobile_music_strategy.jsp";s:8:"ADD_DATE";s:10:"1137404321";s:7:"PRIVATE";s:1:"0";s:4:"TAGS";s:18:"work,mobile,toread";}i:1565;a:5:{s:4:"HREF";s:51:"http://www.webaim.org/techniques/captions/windows/3";s:8:"ADD_DATE";s:10:"1136993504";s:7:"PRIVATE";s:1:"0";s:4:"TAGS";s:14:"html,webdesign";s:7:"COMMENT";s:58:"Instructions on how to ebmed a wmv video into a web page.
";}i:1566;a:5:{s:4:"HREF";s:23:"http://game-oldies.com/";s:8:"ADD_DATE";s:10:"1136975783";s:7:"PRIVATE";s:1:"0";s:4:"TAGS";s:14:"emulator,games";s:7:"COMMENT";s:65:"Might be worth going back to at some point if I've got the time.
";}i:1567;a:5:{s:4:"HREF";s:33:"http://www.fizbang.com/1-3-06.php";s:8:"ADD_DATE";s:10:"1136968763";s:7:"PRIVATE";s:1:"0";s:4:"TAGS";s:36:"design,logo,graphics,howto,webdesign";s:7:"COMMENT";s:70:"Some tips for improving logos which might be handy to read some time.
";}i:1568;a:4:{s:4:"HREF";s:27:"http://www.digital-web.com/";s:8:"ADD_DATE";s:10:"1136910563";s:7:"PRIVATE";s:1:"0";s:4:"TAGS";s:18:"magazine,webdesign";}i:1569;a:5:{s:4:"HREF";s:48:"http://www.huddletogether.com/projects/lightbox/";s:8:"ADD_DATE";s:10:"1136910284";s:7:"PRIVATE";s:1:"0";s:4:"TAGS";s:48:"javascript,css,webdesign,ajax,design,DOM,library";s:7:"COMMENT";s:146:"Lightbox JS is a simple, unobtrusive script used to to overlay images on the current page. It's a snap to setup and works on all modern browsers.
";}i:1570;a:5:{s:4:"HREF";s:68:"http://wiki.playagaingames.com/tiki-index.php?page=MonopolyHomeRules";s:8:"ADD_DATE";s:10:"1136803419";s:7:"PRIVATE";s:1:"0";s:4:"TAGS";s:20:"monopoly,games,rules";s:7:"COMMENT";s:89:"This looks like it might be a quite interesting to spice up a sometimes dull board game.
";}i:1571;a:5:{s:4:"HREF";s:82:"http://headrush.typepad.com/creating_passionate_users/2006/01/crash_course_in.html";s:8:"ADD_DATE";s:10:"1136464815";s:7:"PRIVATE";s:1:"0";s:4:"TAGS";s:27:"design,work,learning,toread";s:7:"COMMENT";s:45:"Another interesting article (to read later).
";}i:1572;a:5:{s:4:"HREF";s:27:"http://www.findmycover.com/";s:8:"ADD_DATE";s:10:"1136371219";s:7:"PRIVATE";s:1:"0";s:4:"TAGS";s:27:"art,cd,design,images,search";s:7:"COMMENT";s:38:"excellent, source of cd cover imagery
";}i:1573;a:4:{s:4:"HREF";s:59:"http://www.kurzweilai.net/articles/art0504.html?printable=1";s:8:"ADD_DATE";s:10:"1136319918";s:7:"PRIVATE";s:1:"0";s:4:"TAGS";s:23:"computer,science,toread";}i:1574;a:5:{s:4:"HREF";s:75:"http://www.alvit.de/blog/article/the-sites-you-shouldnt-have-missed-in-2005";s:8:"ADD_DATE";s:10:"1136153267";s:7:"PRIVATE";s:1:"0";s:4:"TAGS";s:6:"toread";s:7:"COMMENT";s:58:"Will have to come back and have a look at this some time.
";}i:1575;a:5:{s:4:"HREF";s:49:"http://www.publicdomaintorrents.com/newindex.html";s:8:"ADD_DATE";s:10:"1135286608";s:7:"PRIVATE";s:1:"0";s:4:"TAGS";s:10:"bittorrent";s:7:"COMMENT";s:72:"Completely free films from torrent files. Free in a legal sense I mean.
";}i:1576;a:5:{s:4:"HREF";s:56:"http://home.insightbb.com/~ryanvm/tinyutilities/vitrite/";s:8:"ADD_DATE";s:10:"1135286156";s:7:"PRIVATE";s:1:"0";s:4:"TAGS";s:7:"windows";s:7:"COMMENT";s:47:"Yay, I love a bit of useless visual frippery!!
";}i:1577;a:5:{s:4:"HREF";s:33:"http://www.toool.nl/index-eng.php";s:8:"ADD_DATE";s:10:"1135173613";s:7:"PRIVATE";s:1:"0";s:4:"TAGS";s:6:"toread";s:7:"COMMENT";s:64:"Something about locks and picking etc, something to read later.
";}i:1578;a:5:{s:4:"HREF";s:31:"http://www.ultimate-guitar.com/";s:8:"ADD_DATE";s:10:"1135079644";s:7:"PRIVATE";s:1:"0";s:4:"TAGS";s:12:"music,guitar";s:7:"COMMENT";s:61:"150,000+ Guitar Tabs, Bass Tabs, Chords and Guitar Pro Tabs!
";}i:1579;a:5:{s:4:"HREF";s:43:"http://thepenguinpodcast.blogs.com/podcast/";s:8:"ADD_DATE";s:10:"1134664045";s:7:"PRIVATE";s:1:"0";s:4:"TAGS";s:14:"books,podcasts";s:7:"COMMENT";s:104:"Giving away A Christmas Carol (in 5 parts) at the time of writing. Probably worth a visit now and then.
";}i:1580;a:5:{s:4:"HREF";s:56:"http://paranormal.about.com/library/weekly/aa011402a.htm";s:8:"ADD_DATE";s:10:"1134564405";s:7:"PRIVATE";s:1:"0";s:4:"TAGS";s:13:"weird,ancient";s:7:"COMMENT";s:51:"Yeah, I love stuff like this, gets you thinking...
";}i:1581;a:5:{s:4:"HREF";s:29:"http://www.fuckchristmas.org/";s:8:"ADD_DATE";s:10:"1134562933";s:7:"PRIVATE";s:1:"0";s:4:"TAGS";s:8:"politics";s:7:"COMMENT";s:65:"You gotta love this. It's so impotant that we stay angry people!
";}i:1582;a:5:{s:4:"HREF";s:45:"http://club.pep.ne.jp/~hiroette/en/facemarks/";s:8:"ADD_DATE";s:10:"1134475226";s:7:"PRIVATE";s:1:"0";s:4:"TAGS";s:20:"writing,design,fonts";s:7:"COMMENT";s:78:"Haha, these ar eactually really good, and they're the right way up too! (^_^)
";}i:1583;a:5:{s:4:"HREF";s:25:"http://tryruby.hobix.com/";s:8:"ADD_DATE";s:10:"1134474425";s:7:"PRIVATE";s:1:"0";s:4:"TAGS";s:13:"ruby,learning";s:7:"COMMENT";s:215:"A lovely little tutorial/interface which teaches you and lets you try out Ruby. Very good. I don't know if it's just me but some really amazingly effective online learning tools have cropped up recently. Tres bien.
";}i:1584;a:5:{s:4:"HREF";s:32:"http://audacity.sourceforge.net/";s:8:"ADD_DATE";s:10:"1134394097";s:7:"PRIVATE";s:1:"0";s:4:"TAGS";s:22:"music,tools,free,audio";s:7:"COMMENT";s:31:"Free Audio Editor and Recorder
";}i:1585;a:5:{s:4:"HREF";s:41:"http://www.nickyee.com/flash/othello.html";s:8:"ADD_DATE";s:10:"1134378622";s:7:"PRIVATE";s:1:"0";s:4:"TAGS";s:11:"flash,games";s:7:"COMMENT";s:133:"A flash version of the game of Othello. Takes me back to my childhood, the long hours playing on my Dad's PC. How did I have time?!?
";}i:1586;a:4:{s:4:"HREF";s:52:"http://www.tv.com/lost/show/24313/episode_guide.html";s:8:"ADD_DATE";s:10:"1134144161";s:7:"PRIVATE";s:1:"0";s:4:"TAGS";s:2:"tv";}i:1587;a:5:{s:4:"HREF";s:25:"http://webtypography.net/";s:8:"ADD_DATE";s:10:"1134137495";s:7:"PRIVATE";s:1:"0";s:4:"TAGS";s:31:"design,css,typography,webdesign";s:7:"COMMENT";s:151:"This looks interesting. I've read books about this stuff without ever really feeling like I could apply it to the web very cleverly. Just what I need.
";}i:1588;a:5:{s:4:"HREF";s:29:"http://tool-man.org/examples/";s:8:"ADD_DATE";s:10:"1134056988";s:7:"PRIVATE";s:1:"0";s:4:"TAGS";s:19:"ajax,DOM,javascript";s:7:"COMMENT";s:132:"dragging elements, re-ordering elements, seems pretty funky, just the kind of thing to steal rather than try and work out yourself.
";}i:1589;a:5:{s:4:"HREF";s:78:"http://david.goodlad.ca/articles/2005/11/10/beautiful-javascript-powered-pages";s:8:"ADD_DATE";s:10:"1134055801";s:7:"PRIVATE";s:1:"0";s:4:"TAGS";s:19:"DOM,javascript,ajax";s:7:"COMMENT";s:85:"as it says, a little article for looking at someone's approach to javascripty stuff.
";}i:1590;a:5:{s:4:"HREF";s:50:"http://dean.edwards.name/weblog/2005/08/cssquery2/";s:8:"ADD_DATE";s:10:"1134055702";s:7:"PRIVATE";s:1:"0";s:4:"TAGS";s:18:"css,DOM,javascript";s:7:"COMMENT";s:97:"Looks like a nice way to get hold of HTML elements for JavaScript stuff via their CSS selectors.
";}i:1591;a:5:{s:4:"HREF";s:27:"http://jabberwalker.com.ar/";s:8:"ADD_DATE";s:10:"1134032819";s:7:"PRIVATE";s:1:"0";s:4:"TAGS";s:17:"bittorrent,search";s:7:"COMMENT";s:54:"Another bittorrent search engine (seems good though).
";}i:1592;a:5:{s:4:"HREF";s:25:"http://www.iwillknot.com/";s:8:"ADD_DATE";s:10:"1133945057";s:7:"PRIVATE";s:1:"0";s:4:"TAGS";s:15:"knots,howto,diy";s:7:"COMMENT";s:120:"Explanation of how to perform some knots. MIght looks simple but some of them I'd never remember. Good to come back to.
";}i:1593;a:4:{s:4:"HREF";s:44:"http://www.teemarto.com/mod/tee01/Welcome.do";s:8:"ADD_DATE";s:10:"1133254285";s:7:"PRIVATE";s:1:"0";s:4:"TAGS";s:24:"tshirts,shopping,clothes";}i:1594;a:5:{s:4:"HREF";s:32:"http://popbitch.sparratease.com/";s:8:"ADD_DATE";s:10:"1133253984";s:7:"PRIVATE";s:1:"0";s:4:"TAGS";s:24:"tshirts,clothes,shopping";s:7:"COMMENT";s:30:"T-shirts, T-shirts, T-shirts,
";}i:1595;a:5:{s:4:"HREF";s:25:"http://www.idletunes.com/";s:8:"ADD_DATE";s:10:"1132919388";s:7:"PRIVATE";s:1:"0";s:4:"TAGS";s:9:"music,mp3";s:7:"COMMENT";s:56:"Useful looking iTunes accessory, I'll have to try this.
";}i:1596;a:5:{s:4:"HREF";s:38:"http://www.sr.se/p1/src/sing/index.htm";s:8:"ADD_DATE";s:10:"1132822494";s:7:"PRIVATE";s:1:"0";s:4:"TAGS";s:10:"sing,tools";s:7:"COMMENT";s:14:"Too much fun!
";}i:1597;a:5:{s:4:"HREF";s:74:"http://rajshekhar.net/blog/archives/85-Rasmus-30-second-AJAX-Tutorial.html";s:8:"ADD_DATE";s:10:"1132754763";s:7:"PRIVATE";s:1:"0";s:4:"TAGS";s:4:"ajax";s:7:"COMMENT";s:110:"Nice quick reminder of how AJAX works and something to start off from when I come back to this subject later.
";}i:1598;a:4:{s:4:"HREF";s:45:"http://www.steeldolphin.com/color_scheme.html";s:8:"ADD_DATE";s:10:"1132522121";s:7:"PRIVATE";s:1:"0";s:4:"TAGS";s:17:"colours,webdesign";}i:1599;a:5:{s:4:"HREF";s:42:"http://www.4q.cc/chuck/index.php?topthirty";s:8:"ADD_DATE";s:10:"1132331334";s:7:"PRIVATE";s:1:"0";s:4:"TAGS";s:12:"lists,comedy";s:7:"COMMENT";s:114:"I don't even really know who Chuck Norris is, other than "some guy out of films" but some of these are hilarious!
";}i:1600;a:5:{s:4:"HREF";s:23:"http://www.podguide.tv/";s:8:"ADD_DATE";s:10:"1132305189";s:7:"PRIVATE";s:1:"0";s:4:"TAGS";s:15:"download,movies";s:7:"COMMENT";s:60:"Video blogs - are they the future? Yes. And most likely no.
";}i:1601;a:5:{s:4:"HREF";s:36:"http://www.greatart.co.uk/index.html";s:8:"ADD_DATE";s:10:"1132262866";s:7:"PRIVATE";s:1:"0";s:4:"TAGS";s:12:"art,shopping";s:7:"COMMENT";s:30:"Art supplies including frames
";}i:1602;a:5:{s:4:"HREF";s:25:"http://www.inamobile.com/";s:8:"ADD_DATE";s:10:"1132231168";s:7:"PRIVATE";s:1:"0";s:4:"TAGS";s:4:"work";s:7:"COMMENT";s:57:"The company who might be doing a media album type thing.
";}i:1603;a:5:{s:4:"HREF";s:29:"http://www.keepsmesane.co.uk/";s:8:"ADD_DATE";s:10:"1132144678";s:7:"PRIVATE";s:1:"0";s:4:"TAGS";s:10:"design,art";s:7:"COMMENT";s:39:"Design guy, with an interesting style.
";}i:1604;a:5:{s:4:"HREF";s:57:"http://www.sitepoint.com/print/simple-tricks-usable-forms";s:8:"ADD_DATE";s:10:"1131727300";s:7:"PRIVATE";s:1:"0";s:4:"TAGS";s:32:"css,design,html,javascript,howto";s:7:"COMMENT";s:49:"very useful little tip, I'll come back to these.
";}i:1605;a:5:{s:4:"HREF";s:23:"http://ts.kurtubba.com/";s:8:"ADD_DATE";s:10:"1131655430";s:7:"PRIVATE";s:1:"0";s:4:"TAGS";s:10:"bittorrent";s:7:"COMMENT";s:27:"bittorrent finder mcthingy
";}i:1606;a:4:{s:4:"HREF";s:28:"http://www.aolwatch.org/100/";s:8:"ADD_DATE";s:10:"1131359142";s:7:"PRIVATE";s:1:"0";s:4:"TAGS";s:5:"lists";}i:1607;a:4:{s:4:"HREF";s:268:"http://typetester.maratz.com/popup/?si=1&rules=font-family:%20Georgia;%0Afont-size:%201.3em;%0Aline-height:%201.6em;%0Aletter-spacing:%200;%0Atext-align:%20left;%0Aword-spacing:%200.15em;%0Atext-decoration:%20none;%0Acolor:%20%23000f7f;%0Abackground-color:%20%23e4d6ff";s:8:"ADD_DATE";s:10:"1131034974";s:7:"PRIVATE";s:1:"0";s:4:"TAGS";s:11:"fonts,tools";}i:1608;a:5:{s:4:"HREF";s:66:"http://www.troybrophy.com/projects/solarsystem/planetaryscale.html";s:8:"ADD_DATE";s:10:"1131033717";s:7:"PRIVATE";s:1:"0";s:4:"TAGS";s:17:"science,astronomy";s:7:"COMMENT";s:114:"This is constantly amazing. The actual sizes and distances invovled when seen like this are truley mind boggling.
";}i:1609;a:4:{s:4:"HREF";s:59:"http://www.sixside.com/13_things_that_do_not_make_sense.htm";s:8:"ADD_DATE";s:10:"1131023895";s:7:"PRIVATE";s:1:"0";s:4:"TAGS";s:14:"science,trivia";}i:1610;a:5:{s:4:"HREF";s:41:"http://simplythebest.net/fonts/index.html";s:8:"ADD_DATE";s:10:"1131007061";s:7:"PRIVATE";s:1:"0";s:4:"TAGS";s:5:"fonts";s:7:"COMMENT";s:121:"More fonts. I still haven't had a great use for any of these but surely one day I'll be glad of this bookmark? Surely?!?
";}i:1611;a:5:{s:4:"HREF";s:34:"http://www.bennolan.com/behaviour/";s:8:"ADD_DATE";s:10:"1130949287";s:7:"PRIVATE";s:1:"0";s:4:"TAGS";s:10:"javascript";s:7:"COMMENT";s:58:"Unobtrusive javascript made slightly easier to impliment.
";}i:1612;a:5:{s:4:"HREF";s:38:"http://www.artypapers.com/csshelppile/";s:8:"ADD_DATE";s:10:"1130938254";s:7:"PRIVATE";s:1:"0";s:4:"TAGS";s:3:"css";s:7:"COMMENT";s:83:"CSS help and tips etc. Seems like a good starting point for a CSS  related  trawl.
";}i:1613;a:5:{s:4:"HREF";s:68:"http://www.mozilla.org/docs/web-developer/css1technote/css1tojs.html";s:8:"ADD_DATE";s:10:"1130937468";s:7:"PRIVATE";s:1:"0";s:4:"TAGS";s:14:"javascript,css";s:7:"COMMENT";s:130:"A good pageof description of crossbrowser stylesheet manipulation through JavaScript, and a tool for generating the code to boot!
";}i:1614;a:5:{s:4:"HREF";s:33:"http://www.phoenity.com/newtedge/";s:8:"ADD_DATE";s:10:"1130871110";s:7:"PRIVATE";s:1:"0";s:4:"TAGS";s:24:"css,html,howto,webdesign";s:7:"COMMENT";s:120:"CSS examples for standard compliant browsers, only layed out nicely so I'm more likely to find it useful in the future.
";}i:1615;a:5:{s:4:"HREF";s:35:"http://www.keveney.com/Engines.html";s:8:"ADD_DATE";s:10:"1130845949";s:7:"PRIVATE";s:1:"0";s:4:"TAGS";s:26:"animation,learning,science";s:7:"COMMENT";s:157:"These are interesting to look at. I never knew how those things work or what the difference is between them. I particularly like the jet propulsion section.
";}i:1616;a:5:{s:4:"HREF";s:30:"http://www.debugmode.com/wink/";s:8:"ADD_DATE";s:10:"1130775899";s:7:"PRIVATE";s:1:"0";s:4:"TAGS";s:16:"flash,tools,work";s:7:"COMMENT";s:57:"A tool for creating walk-through type tutorials in Flash
";}i:1617;a:5:{s:4:"HREF";s:82:"http://headrush.typepad.com/creating_passionate_users/2005/09/subvert_from_wi.html";s:8:"ADD_DATE";s:10:"1130769144";s:7:"PRIVATE";s:1:"0";s:4:"TAGS";s:21:"design,work,usability";s:7:"COMMENT";s:64:"The home of the question "how does this help the user kick ass"
";}i:1618;a:5:{s:4:"HREF";s:41:"http://www.adaptivepath.com/publications/";s:8:"ADD_DATE";s:10:"1130768995";s:7:"PRIVATE";s:1:"0";s:4:"TAGS";s:30:"usability,work,design,magazine";s:7:"COMMENT";s:31:"Reading about user experience.
";}i:1619;a:5:{s:4:"HREF";s:22:"http://www.jjg.net/ia/";s:8:"ADD_DATE";s:10:"1130768836";s:7:"PRIVATE";s:1:"0";s:4:"TAGS";s:31:"usability,design,webdesign,work";s:7:"COMMENT";s:98:"The guy who did the User Experience pdf which Ben sent round. Probably a good place to return to.
";}i:1620;a:5:{s:4:"HREF";s:15:"http://orb.com/";s:8:"ADD_DATE";s:10:"1130528815";s:7:"PRIVATE";s:1:"0";s:4:"TAGS";s:23:"home,free,photos,stream";s:7:"COMMENT";s:141:"An interesting service which lets you stream media, photos, video, tv, music from your home computer to where ever you are via the internet.
";}i:1621;a:5:{s:4:"HREF";s:39:"http://moofx.mad4milk.net/#introduction";s:8:"ADD_DATE";s:10:"1130510752";s:7:"PRIVATE";s:1:"0";s:4:"TAGS";s:28:"ajax,javascript,html,library";s:7:"COMMENT";s:154:"Very nice little bunch of javascript effects. Far less intimidating than the huge libraries of these type of thing which you often find around the place.
";}i:1622;a:5:{s:4:"HREF";s:37:"http://etext.lib.virginia.edu/ebooks/";s:8:"ADD_DATE";s:10:"1130316640";s:7:"PRIVATE";s:1:"0";s:4:"TAGS";s:19:"books,free,download";s:7:"COMMENT";s:25:"A source of free ebooks.
";}i:1623;a:5:{s:4:"HREF";s:27:"http://del.icio.us/popular/";s:8:"ADD_DATE";s:10:"1130315360";s:7:"PRIVATE";s:1:"0";s:4:"TAGS";s:4:"free";s:7:"COMMENT";s:48:"A nice blog all about free stuff you can get...
";}i:1624;a:5:{s:4:"HREF";s:27:"http://www.ogigraphics.com/";s:8:"ADD_DATE";s:10:"1130247433";s:7:"PRIVATE";s:1:"0";s:4:"TAGS";s:22:"art,cartoons,paintings";s:7:"COMMENT";s:129:"Some interesting artwork kind of based on cartoons and painting which I really quite like. A bit derivative of it's type though.
";}i:1625;a:4:{s:4:"HREF";s:67:"http://netforbeginners.about.com/od/peersharing/f/torrentsearch.htm";s:8:"ADD_DATE";s:10:"1130181581";s:7:"PRIVATE";s:1:"0";s:4:"TAGS";s:10:"bittorrent";}i:1626;a:5:{s:4:"HREF";s:27:"http://www.samchilds.co.uk/";s:8:"ADD_DATE";s:10:"1130181536";s:7:"PRIVATE";s:1:"0";s:4:"TAGS";s:32:"webdesign,people,animation,flash";s:7:"COMMENT";s:15:"Ben's Brother!
";}i:1627;a:5:{s:4:"HREF";s:35:"http://www.uwsg.iu.edu/UAU/uau.html";s:8:"ADD_DATE";s:10:"1130138824";s:7:"PRIVATE";s:1:"0";s:4:"TAGS";s:10:"howto,unix";s:7:"COMMENT";s:175:"Oooh yes this'll be somewhere to look back at in the future. It's always those slightly advanced things which remain tantalisingly out of reach just when you want to do them.
";}i:1628;a:5:{s:4:"HREF";s:19:"http://putfile.com/";s:8:"ADD_DATE";s:10:"1130062628";s:7:"PRIVATE";s:1:"0";s:4:"TAGS";s:12:"free,hosting";s:7:"COMMENT";s:52:"Free online storage for files (images, videos etc).
";}i:1629;a:5:{s:4:"HREF";s:68:"http://www.alvit.de/blog/article/20-best-license-free-official-fonts";s:8:"ADD_DATE";s:10:"1129644786";s:7:"PRIVATE";s:1:"0";s:4:"TAGS";s:10:"free,fonts";s:7:"COMMENT";s:204:"There seems to be a trend at the moment for free fonts. I don't know whether to collect and horde these things incase they ever disappear or just keep bookmarking them so I can hopefully find them again.
";}i:1630;a:5:{s:4:"HREF";s:61:"http://www.time.com/time/2005/100books/the_complete_list.html";s:8:"ADD_DATE";s:10:"1129644716";s:7:"PRIVATE";s:1:"0";s:4:"TAGS";s:11:"books,lists";s:7:"COMMENT";s:113:"I love lists like this. Will most likely be back for book ideas when my current "unread" pile starts to run dry.
";}i:1631;a:5:{s:4:"HREF";s:25:"http://www.yousendit.com/";s:8:"ADD_DATE";s:10:"1129286577";s:7:"PRIVATE";s:1:"0";s:4:"TAGS";s:25:"download,email,tools,free";s:7:"COMMENT";s:89:"A way of gettting huge files to people who might not be able to receieve them via email.
";}i:1632;a:5:{s:4:"HREF";s:73:"http://vinterstille.dk/free-alternatives-to-macromedia-and-adobe-software";s:8:"ADD_DATE";s:10:"1129114967";s:7:"PRIVATE";s:1:"0";s:4:"TAGS";s:20:"free,download,design";s:7:"COMMENT";s:51:"Free alternatives to Adobe and Macromedia products
";}i:1633;a:5:{s:4:"HREF";s:22:"http://www.dafont.com/";s:8:"ADD_DATE";s:10:"1129114128";s:7:"PRIVATE";s:1:"0";s:4:"TAGS";s:19:"free,download,fonts";s:7:"COMMENT";s:11:"More fonts
";}i:1634;a:5:{s:4:"HREF";s:301:"http://www.templatehelp.com/aff/preview.php?aff=oswd&skin=999&locale=en&currency=0&pr=yes&src=yes&nt=no&help=yes&sample=yes&faq=yes&nmg=yes&auth=yes&down=yes&chm=&hide_flash=0&search=&PHPSESSID=ac9385c2099490448d3777462ea6742e&referer=http%3A%2F%2Fwww.oswd.org%2Fpremium%2Fweb-templates-12.html&i=6483";s:8:"ADD_DATE";s:10:"1129111621";s:7:"PRIVATE";s:1:"0";s:4:"TAGS";s:12:"flash,images";s:7:"COMMENT";s:81:"Interesting image transistion effect, with multiple blocks moving and fading in.
";}i:1635;a:5:{s:4:"HREF";s:38:"http://gizmonaut.net/bits/suspect.html";s:8:"ADD_DATE";s:10:"1128934605";s:7:"PRIVATE";s:1:"0";s:4:"TAGS";s:23:"news,politics,terrorism";s:7:"COMMENT";s:126:"Terrible, interesting story of one man's arrest and susequent release by british police for what appears to be nothing at all
";}i:1636;a:5:{s:4:"HREF";s:34:"http://www.google.com/reader/lens/";s:8:"ADD_DATE";s:10:"1128759518";s:7:"PRIVATE";s:1:"0";s:4:"TAGS";s:10:"google,rss";s:7:"COMMENT";s:92:"Google does it again with what looks like a very nicely done browser based RSS feed reader.
";}i:1637;a:5:{s:4:"HREF";s:62:"http://www.transparent.com/languagepages/finnish/FiPhrases.htm";s:8:"ADD_DATE";s:10:"1128673237";s:7:"PRIVATE";s:1:"0";s:4:"TAGS";s:8:"language";s:7:"COMMENT";s:106:"Some useful phrases to get by in Finland (or just to freak out your Finnish friend on instant messenger).
";}i:1638;a:5:{s:4:"HREF";s:28:"http://www.commonagency.com/";s:8:"ADD_DATE";s:10:"1128606287";s:7:"PRIVATE";s:1:"0";s:4:"TAGS";s:28:"friend,design,work,webdesign";s:7:"COMMENT";s:84:"Mister Ben Childs mascarading as a user experience agnency! Good luck to him I say!
";}i:1639;a:5:{s:4:"HREF";s:70:"http://www.russianlegacy.com/catalog/product_info.php?products_id=2726";s:8:"ADD_DATE";s:10:"1128108898";s:7:"PRIVATE";s:1:"0";s:4:"TAGS";s:6:"russia";s:7:"COMMENT";s:38:"Your window on Russia ... apparently.
";}i:1640;a:5:{s:4:"HREF";s:82:"http://www.oreillynet.com/pub/a/javascript/2003/08/19/actionscriptckbk.html?page=1";s:8:"ADD_DATE";s:10:"1128095092";s:7:"PRIVATE";s:1:"0";s:4:"TAGS";s:12:"flash,toread";s:7:"COMMENT";s:44:"Interesting artcile might be handy to read.
";}i:1641;a:5:{s:4:"HREF";s:64:"http://www.shockwave.com/contentPlay/shockwave.jsp?id=hyperframe";s:8:"ADD_DATE";s:10:"1128001887";s:7:"PRIVATE";s:1:"0";s:4:"TAGS";s:11:"games,flash";s:7:"COMMENT";s:95:"Flash glame with rotating colours cube, far too addictive to have found during work hours. ;-)
";}i:1642;a:5:{s:4:"HREF";s:75:"http://www.masternewmedia.org/news/2005/04/01/where_to_find_free_images.htm";s:8:"ADD_DATE";s:10:"1127917756";s:7:"PRIVATE";s:1:"0";s:4:"TAGS";s:13:"images,photos";s:7:"COMMENT";s:48:"Perhaps a good source of free stock photography
";}i:1643;a:5:{s:4:"HREF";s:57:"http://www.timesonline.co.uk/article/0,,2-1798944,00.html";s:8:"ADD_DATE";s:10:"1127893870";s:7:"PRIVATE";s:1:"0";s:4:"TAGS";s:28:"philosophy,politics,religion";s:7:"COMMENT";s:127:"Interesting report of a study done on the corrolatoin between religiousness of people and the social problems in their society
";}i:1644;a:5:{s:4:"HREF";s:93:"http://www.neowin.net/forum/index.php?s=8c8188b71227470dc14de2ce943dad14&showtopic=80511&st=0";s:8:"ADD_DATE";s:10:"1127810552";s:7:"PRIVATE";s:1:"0";s:4:"TAGS";s:32:"computer,howto,tweaks,windows,xp";s:7:"COMMENT";s:74:"some useful windows advice worth remembering especially for on my tablet.
";}i:1645;a:5:{s:4:"HREF";s:128:"http://www.amazon.co.uk/exec/obidos/ASIN/B0002RUPGK/ref=cm_mp_wli_/026-0361993-4151652?coliid=I3RAGTK7RJXOES&colid=35Z57M0XLFS2S";s:8:"ADD_DATE";s:10:"1127730096";s:7:"PRIVATE";s:1:"0";s:4:"TAGS";s:8:"wishlist";s:7:"COMMENT";s:70:"This is a BIG box set of Lenny Bruce cd. it might be a bit expensive.
";}i:1646;a:5:{s:4:"HREF";s:127:"http://www.amazon.co.uk/exec/obidos/ASIN/0596007795/ref=cm_mp_wli_/026-0361993-4151652?coliid=IV7Z623O700S6&colid=35Z57M0XLFS2S";s:8:"ADD_DATE";s:10:"1127730061";s:7:"PRIVATE";s:1:"0";s:4:"TAGS";s:8:"wishlist";s:7:"COMMENT";s:55:"Interesting looking book about how the mind works etc.
";}i:1647;a:5:{s:4:"HREF";s:50:"http://www.kuro5hin.org/story/2005/9/13/21115/6544";s:8:"ADD_DATE";s:10:"1127723737";s:7:"PRIVATE";s:1:"0";s:4:"TAGS";s:11:"howto,games";s:7:"COMMENT";s:122:"Tricks Tricks I just can't get enough tricks. When I'm old and grey and I have loads of time, I'll learn how to do these.
";}i:1648;a:5:{s:4:"HREF";s:128:"http://www.amazon.co.uk/exec/obidos/ASIN/0007198299/ref=cm_mp_wli_/026-0361993-4151652?coliid=I207EUR3VGXECC&colid=35Z57M0XLFS2S";s:8:"ADD_DATE";s:10:"1127503901";s:7:"PRIVATE";s:1:"0";s:4:"TAGS";s:8:"wishlist";s:7:"COMMENT";s:105:"A better book about Bill Hicks it would seem. I have American Scream already so would like to read this.
";}i:1649;a:5:{s:4:"HREF";s:23:"http://www.torrents.to/";s:8:"ADD_DATE";s:10:"1127463293";s:7:"PRIVATE";s:1:"0";s:4:"TAGS";s:10:"bittorrent";s:7:"COMMENT";s:24:"More torrenty goodness.
";}i:1650;a:5:{s:4:"HREF";s:54:"http://www.whatshouldireadnext.com/books/search/signin";s:8:"ADD_DATE";s:10:"1127376441";s:7:"PRIVATE";s:1:"0";s:4:"TAGS";s:11:"tools,books";s:7:"COMMENT";s:177:"An interesting excercise in collectiive recommendations for book. You can either type in a single book name and get recommendations on that, or generate a full favourites list.
";}i:1651;a:5:{s:4:"HREF";s:33:"http://populicio.us/newlinks.html";s:8:"ADD_DATE";s:10:"1127334765";s:7:"PRIVATE";s:1:"0";s:4:"TAGS";s:27:"del.icio.us,tools,zeitgeist";s:7:"COMMENT";s:50:"A different way to view popular del.icio.us urls.
";}i:1652;a:5:{s:4:"HREF";s:47:"http://www.inc.com/magazine/20030101/25049.html";s:8:"ADD_DATE";s:10:"1127214649";s:7:"PRIVATE";s:1:"0";s:4:"TAGS";s:28:"howto,networking,work,people";s:7:"COMMENT";s:21:"Sneaky sneaky sneaky
";}i:1653;a:5:{s:4:"HREF";s:22:"http://ipodmybaby.com/";s:8:"ADD_DATE";s:10:"1126865383";s:7:"PRIVATE";s:1:"0";s:4:"TAGS";s:36:"baby,clothes,music,shopping,wishlist";s:7:"COMMENT";s:46:"Turn your baby into an ipod! It must be done.
";}i:1654;a:5:{s:4:"HREF";s:62:"http://www.ikea.com/ms/en_GB/rooms_ideas/kitchen/download.html";s:8:"ADD_DATE";s:10:"1126787839";s:7:"PRIVATE";s:1:"0";s:4:"TAGS";s:14:"shopping,tools";s:7:"COMMENT";s:43:"Ikea's kitchen deigning downloadblle tool.
";}i:1655;a:5:{s:4:"HREF";s:112:"http://www.lifehacker.com/software/web-publishing/how-to-assign-a-domain-name-to-your-home-web-server-124804.php";s:8:"ADD_DATE";s:10:"1126774633";s:7:"PRIVATE";s:1:"0";s:4:"TAGS";s:16:"howto,home,tools";s:7:"COMMENT";s:119:"Interesting service allowing you to redirect a certain domain name to your home computer even if you have a dynamic IP
";}i:1656;a:5:{s:4:"HREF";s:29:"http://wiki.ehow.com/Rip-DVDs";s:8:"ADD_DATE";s:10:"1126691063";s:7:"PRIVATE";s:1:"0";s:4:"TAGS";s:9:"dvd,howto";s:7:"COMMENT";s:16:"Could be handy.
";}i:1657;a:5:{s:4:"HREF";s:39:"http://www.gotoandlearn.com/index2.html";s:8:"ADD_DATE";s:10:"1126645230";s:7:"PRIVATE";s:1:"0";s:4:"TAGS";s:27:"learning,howto,movies,flash";s:7:"COMMENT";s:190:"learning flash done in flash and audio so it's just like being taught by a real person. I don't know if it's just me but I find this so much easier to follow than online tutorials or books.
";}i:1658;a:5:{s:4:"HREF";s:36:"http://crossroads.net/honyaku/easis/";s:8:"ADD_DATE";s:10:"1126086583";s:7:"PRIVATE";s:1:"0";s:4:"TAGS";s:27:"books,comedy,language,words";s:7:"COMMENT";s:62:"Much hilarity garnered from the word of bad translation. Joy!
";}i:1659;a:5:{s:4:"HREF";s:47:"http://www.onelook.com/reverse-dictionary.shtml";s:8:"ADD_DATE";s:10:"1126011552";s:7:"PRIVATE";s:1:"0";s:4:"TAGS";s:28:"crossword,tools,search,words";s:7:"COMMENT";s:175:"Interesting word lookup tool which allows you to search for a word based on it's meaning rather than the other way around. This will be perfect for those frustrating moments.
";}i:1660;a:5:{s:4:"HREF";s:95:"http://www.boston.com/news/globe/editorial_opinion/oped/articles/2005/08/30/katrinas_real_name/";s:8:"ADD_DATE";s:10:"1125951489";s:7:"PRIVATE";s:1:"0";s:4:"TAGS";s:24:"news,environment,science";s:7:"COMMENT";s:133:"THE HURRICANE that struck Louisiana yesterday was nicknamed Katrina by the National Weather Service. Its real name is global warming
";}i:1661;a:4:{s:4:"HREF";s:42:"http://www.godlessgeeks.com/WhyAtheism.htm";s:8:"ADD_DATE";s:10:"1125349773";s:7:"PRIVATE";s:1:"0";s:4:"TAGS";s:35:"politics,religion,philosophy,toread";}i:1662;a:5:{s:4:"HREF";s:41:"http://melaman2.com/cartoons/singles/mp3/";s:8:"ADD_DATE";s:10:"1125349620";s:7:"PRIVATE";s:1:"0";s:4:"TAGS";s:18:"cartoons,mp3,music";s:7:"COMMENT";s:84:"Theme tunes to kids cartoons, in mp3, you can't not bookmark something like that...
";}i:1663;a:5:{s:4:"HREF";s:54:"http://www.pbs.org/cringely/pulpit/pulpit20050825.html";s:8:"ADD_DATE";s:10:"1125349244";s:7:"PRIVATE";s:1:"0";s:4:"TAGS";s:11:"google,work";s:7:"COMMENT";s:52:"More dicussion about Google and recent developments
";}i:1664;a:5:{s:4:"HREF";s:48:"http://www.divx.com/divx/converter/?pcmp=5000101";s:8:"ADD_DATE";s:10:"1125138464";s:7:"PRIVATE";s:1:"0";s:4:"TAGS";s:4:"divx";s:7:"COMMENT";s:96:"Perhaps new, might even be worth buying for home movie stuff, how much is $19.99 in real money?
";}i:1665;a:5:{s:4:"HREF";s:62:"http://www.thisisgoingtobebig.com/2005/08/10_steps_to_a_h.html";s:8:"ADD_DATE";s:10:"1124974594";s:7:"PRIVATE";s:1:"0";s:4:"TAGS";s:4:"work";s:7:"COMMENT";s:65:"More work related stuff. There's a lot here we could learn from.
";}i:1666;a:5:{s:4:"HREF";s:49:"http://news.bbc.co.uk/1/hi/technology/4180182.stm";s:8:"ADD_DATE";s:10:"1124964627";s:7:"PRIVATE";s:1:"0";s:4:"TAGS";s:14:"im,google,news";s:7:"COMMENT";s:60:"Interesting article with the Orange Messenger work in mind.
";}i:1667;a:5:{s:4:"HREF";s:26:"http://kev.trantor.org.uk/";s:8:"ADD_DATE";s:10:"1124379149";s:7:"PRIVATE";s:1:"0";s:4:"TAGS";s:6:"friend";s:7:"COMMENT";s:19:"Kev Bishop ONLINE!
";}i:1668;a:5:{s:4:"HREF";s:44:"http://www.babycentre.co.uk/refcap/7654.html";s:8:"ADD_DATE";s:10:"1124266460";s:7:"PRIVATE";s:1:"0";s:4:"TAGS";s:10:"baby,sleep";s:7:"COMMENT";s:74:"I should really try and find time to read this through at some point. ;-)
";}i:1669;a:5:{s:4:"HREF";s:54:"http://play-free-online-games.com/games/games_all.html";s:8:"ADD_DATE";s:10:"1124133730";s:7:"PRIVATE";s:1:"0";s:4:"TAGS";s:19:"download,games,free";s:7:"COMMENT";s:122:"Might be fun to come back to this if I ever have enough time in my life to play with any of them (probably never then...)
";}i:1670;a:5:{s:4:"HREF";s:86:"http://yallara.cs.rmit.edu.au/~tbujor/blog/archives/000010lomo_effect_in_photoshop.php";s:8:"ADD_DATE";s:10:"1124093727";s:7:"PRIVATE";s:1:"0";s:4:"TAGS";s:33:"art,images,howto,photos,photoshop";s:7:"COMMENT";s:99:"A nice photoshop effect to give your photos a certain look (highly saturated with darkened edges).
";}i:1671;a:5:{s:4:"HREF";s:36:"http://www.photobox.co.uk/index.html";s:8:"ADD_DATE";s:10:"1123848209";s:7:"PRIVATE";s:1:"0";s:4:"TAGS";s:15:"photos,shopping";s:7:"COMMENT";s:26:"A photo printing company.
";}i:1672;a:5:{s:4:"HREF";s:53:"http://www.puzzledepot.com/wordfinder2/crossword.html";s:8:"ADD_DATE";s:10:"1123843192";s:7:"PRIVATE";s:1:"0";s:4:"TAGS";s:15:"crossword,tools";s:7:"COMMENT";s:50:"A useful word finder - especially for crosswords.
";}i:1673;a:5:{s:4:"HREF";s:43:"http://www.robobunny.com/cgi-bin/dislexicon";s:8:"ADD_DATE";s:10:"1123843053";s:7:"PRIVATE";s:1:"0";s:4:"TAGS";s:5:"tools";s:7:"COMMENT";s:73:"Makes new words by adding prefixes and suffixes to the word you suggest.
";}i:1674;a:5:{s:4:"HREF";s:94:"http://www.peacecorpswriters.org/pages/depts/resources/resour_writers/100daysbook/bk100da.html";s:8:"ADD_DATE";s:10:"1123842830";s:7:"PRIVATE";s:1:"0";s:4:"TAGS";s:13:"howto,writing";s:7:"COMMENT";s:105:"Awww you know, I'm bound to want to read this agian some time even though I'll probably never write one.
";}i:1675;a:5:{s:4:"HREF";s:47:"http://www.pentrix.com/pentix/tricks/index.html";s:8:"ADD_DATE";s:10:"1123661440";s:7:"PRIVATE";s:1:"0";s:4:"TAGS";s:5:"howto";s:7:"COMMENT";s:123:"Oh I just need more time, give me more time. Man I wish I was a kid again and could sit for hours practising these things.
";}i:1676;a:5:{s:4:"HREF";s:53:"http://www.inknoise.com/experimental/layoutomatic.php";s:8:"ADD_DATE";s:10:"1123583676";s:7:"PRIVATE";s:1:"0";s:4:"TAGS";s:24:"webdesign,css,tools,html";s:7:"COMMENT";s:35:"Useful automatic layout generator.
";}i:1677;a:5:{s:4:"HREF";s:46:"http://www.word2word.com/coursead.html#finnish";s:8:"ADD_DATE";s:10:"1123574499";s:7:"PRIVATE";s:1:"0";s:4:"TAGS";s:14:"howto,language";s:7:"COMMENT";s:69:"I've bookmarked the Finnish ones here so I can talk to Tero in work!
";}i:1678;a:5:{s:4:"HREF";s:49:"http://search.ebay.co.uk/wacom_W0QQfsooZ1QQfsopZ3";s:8:"ADD_DATE";s:10:"1123573796";s:7:"PRIVATE";s:1:"0";s:4:"TAGS";s:17:"ebay,wacom,tablet";s:7:"COMMENT";s:37:"Ebay search for Wacom (tablet maker)
";}i:1679;a:5:{s:4:"HREF";s:66:"http://www.wacom.com/productsupport/download.cfm?id=145&product=ET";s:8:"ADD_DATE";s:10:"1123527380";s:7:"PRIVATE";s:1:"0";s:4:"TAGS";s:14:"tablet,drivers";s:7:"COMMENT";s:60:"instructions on how to use the Wacom driver for the tablet.
";}i:1680;a:5:{s:4:"HREF";s:24:"http://colorblender.com/";s:8:"ADD_DATE";s:10:"1123486908";s:7:"PRIVATE";s:1:"0";s:4:"TAGS";s:37:"colours,art,webdesign,photoshop,tools";s:7:"COMMENT";s:160:"There's a lot of these about but I think it is particularly good that this colour picker allows you to save out as a photoshop .act file or an Illustrator .eps
";}i:1681;a:5:{s:4:"HREF";s:66:"http://img105.imageshack.us/img105/5195/vvvoodookniveslarge1rw.jpg";s:8:"ADD_DATE";s:10:"1123446415";s:7:"PRIVATE";s:1:"0";s:4:"TAGS";s:35:"imageshack,filetype:jpg,media:image";s:7:"COMMENT";s:129:"An image of a voodoo knife block which I've uploaded to imageshack for safe keeping (last time I linked to it, it dissappeared).
";}i:1682;a:5:{s:4:"HREF";s:44:"http://dev.depeuter.org/corelpainter_fix.php";s:8:"ADD_DATE";s:10:"1123227976";s:7:"PRIVATE";s:1:"0";s:4:"TAGS";s:12:"tablet,howto";s:7:"COMMENT";s:98:"A solution to the problem of the Corel Paint program thinking that too much memory is not enough.
";}i:1683;a:4:{s:4:"HREF";s:34:"http://www.freewebs.com/stencilry/";s:8:"ADD_DATE";s:10:"1123186759";s:7:"PRIVATE";s:1:"0";s:4:"TAGS";s:16:"design,webdesign";}i:1684;a:4:{s:4:"HREF";s:52:"http://www.geekzone.co.nz/content.asp?contentid=4932";s:8:"ADD_DATE";s:10:"1123166552";s:7:"PRIVATE";s:1:"0";s:4:"TAGS";s:7:"work,im";}i:1685;a:5:{s:4:"HREF";s:44:"http://www.flashcardexchange.com/leitner.php";s:8:"ADD_DATE";s:10:"1122906242";s:7:"PRIVATE";s:1:"0";s:4:"TAGS";s:8:"learning";s:7:"COMMENT";s:67:"A famously (apparently) good way to learn things from flash cards.
";}i:1686;a:4:{s:4:"HREF";s:78:"http://wiki.osafoundation.org/bin/view/Journal/HierarchyVersusFacetsVersusTags";s:8:"ADD_DATE";s:10:"1122902739";s:7:"PRIVATE";s:1:"0";s:4:"TAGS";s:9:"usability";}i:1687;a:5:{s:4:"HREF";s:51:"http://www.jnd.org/dn.mss/human-centered_desig.html";s:8:"ADD_DATE";s:10:"1122902708";s:7:"PRIVATE";s:1:"0";s:4:"TAGS";s:9:"usability";s:7:"COMMENT";s:78:"Interesting articles questioning the accepted wisdom of user centered design.
";}i:1688;a:5:{s:4:"HREF";s:51:"http://www.zurqui.com/crinfocus/paper/airplane.html";s:8:"ADD_DATE";s:10:"1122809402";s:7:"PRIVATE";s:1:"0";s:4:"TAGS";s:10:"toys,howto";s:7:"COMMENT";s:81:"No self respectting parent could possibly let this go by without bookmarking it!
";}i:1689;a:4:{s:4:"HREF";s:55:"http://www.aber.ac.uk/media/Documents/S4B/semiotic.html";s:8:"ADD_DATE";s:10:"1122640952";s:7:"PRIVATE";s:1:"0";s:4:"TAGS";s:25:"language,philosophy,words";}i:1690;a:5:{s:4:"HREF";s:36:"http://timothyhumphrey.name/firefox/";s:8:"ADD_DATE";s:10:"1122479177";s:7:"PRIVATE";s:1:"0";s:4:"TAGS";s:7:"firefox";s:7:"COMMENT";s:256:"A quick exttension which just makes sure that when you close a tab in firefox the "last focused" tab is displayed rather than the next one on the left. There's probably a setting deep with Firefox to do this anyway (or deep within the tab preferences exte
";}i:1691;a:5:{s:4:"HREF";s:48:"http://www.mises.org/fullstory.aspx?control=1568";s:8:"ADD_DATE";s:10:"1122391884";s:7:"PRIVATE";s:1:"0";s:4:"TAGS";s:16:"ecomonics,toread";s:7:"COMMENT";s:102:"Oooh I've read the first couple and this looks like good stuff. Must come back and read it all later.
";}i:1692;a:5:{s:4:"HREF";s:43:"http://www.mindspring.com/~kimall/Japanese/";s:8:"ADD_DATE";s:10:"1122391494";s:7:"PRIVATE";s:1:"0";s:4:"TAGS";s:8:"language";s:7:"COMMENT";s:108:"Quite interested in this kind of thing at the moment as I'm reading The Language Instinct by Steven Pinker.
";}i:1693;a:5:{s:4:"HREF";s:36:"http://kadaitcha.cx/performance.html";s:8:"ADD_DATE";s:10:"1121342706";s:7:"PRIVATE";s:1:"0";s:4:"TAGS";s:23:"windows,xp,tweaks,howto";s:7:"COMMENT";s:88:"Tweaking XP to get some performance benefits. This is a good one to rememebe for futur.
";}i:1694;a:5:{s:4:"HREF";s:33:"http://www.newdemocracyworld.org/";s:8:"ADD_DATE";s:10:"1121253650";s:7:"PRIVATE";s:1:"0";s:4:"TAGS";s:8:"politics";s:7:"COMMENT";s:36:"More interesting alt-politics stuff
";}i:1695;a:5:{s:4:"HREF";s:28:"http://www.prisonplanet.com/";s:8:"ADD_DATE";s:10:"1121253505";s:7:"PRIVATE";s:1:"0";s:4:"TAGS";s:8:"politics";s:7:"COMMENT";s:130:"It's sometimes interesting to read websites like this. Pinches of salt maybe occaisionally required, but still, it's interesting.
";}i:1696;a:5:{s:4:"HREF";s:50:"http://img344.imageshack.us/img344/4676/tom0ev.png";s:8:"ADD_DATE";s:10:"1121241564";s:7:"PRIVATE";s:1:"0";s:4:"TAGS";s:31:"images,filetype:png,media:image";s:7:"COMMENT";s:138:"An image I created with "Context Free" which is great (and boookmarked somewhere below) hosted on ImageShack (bookmarked directly below).
";}i:1697;a:5:{s:4:"HREF";s:25:"http://www.imageshack.us/";s:8:"ADD_DATE";s:10:"1121241444";s:7:"PRIVATE";s:1:"0";s:4:"TAGS";s:14:"hosting,images";s:7:"COMMENT";s:118:"Free image hosting, don't know whether this is going to be a "forever" thing or what but it's bound to come in handy.
";}i:1698;a:5:{s:4:"HREF";s:39:"http://www.2flashgames.com/f/f-1211.htm";s:8:"ADD_DATE";s:10:"1121183237";s:7:"PRIVATE";s:1:"0";s:4:"TAGS";s:8:"for:tero";s:7:"COMMENT";s:58:"A quite fun flash game (I'm trying out the for:tero tag).
";}i:1699;a:5:{s:4:"HREF";s:65:"http://www.cs.usfca.edu/~parrt/course/601/lectures/unix.util.html";s:8:"ADD_DATE";s:10:"1121164908";s:7:"PRIVATE";s:1:"0";s:4:"TAGS";s:4:"unix";s:7:"COMMENT";s:133:"This is the kind of "next" level of using unix which I don't really have any use for but which is really useful to know when you do.
";}i:1700;a:5:{s:4:"HREF";s:25:"http://www.oneacross.com/";s:8:"ADD_DATE";s:10:"1121089883";s:7:"PRIVATE";s:1:"0";s:4:"TAGS";s:15:"crossword,words";s:7:"COMMENT";s:136:"Seems like a good crossword solving website in that it doesn't just look for word containing certain letters but analyses the clue too!
";}i:1701;a:4:{s:4:"HREF";s:49:"http://www.kokogiak.com/gmaps-transparencies.html";s:8:"ADD_DATE";s:10:"1120846378";s:7:"PRIVATE";s:1:"0";s:4:"TAGS";s:11:"maps,google";}i:1702;a:5:{s:4:"HREF";s:35:"http://tutorials.alsacreations.com/";s:8:"ADD_DATE";s:10:"1120492403";s:7:"PRIVATE";s:1:"0";s:4:"TAGS";s:24:"css,html,webdesign,howto";s:7:"COMMENT";s:137:"General webpage stuff css, html etc but layed out nice and useful like, probably a good place to look for those half-remembered titbits.
";}i:1703;a:4:{s:4:"HREF";s:24:"http://www.bitoogle.biz/";s:8:"ADD_DATE";s:10:"1120472991";s:7:"PRIVATE";s:1:"0";s:4:"TAGS";s:10:"bittorrent";}i:1704;a:5:{s:4:"HREF";s:43:"http://www.alysion.org/handy/handywrite.htm";s:8:"ADD_DATE";s:10:"1120467221";s:7:"PRIVATE";s:1:"0";s:4:"TAGS";s:13:"writing,howto";s:7:"COMMENT";s:134:"A phonetic shorthand type of handwritting, I'll never learn this but it's the type of thing I'll probably think about again and again
";}i:1705;a:5:{s:4:"HREF";s:78:"http://www.mapsofindia.com/maps/himachalpradesh/himachalpradesh-travel-map.htm";s:8:"ADD_DATE";s:10:"1120233457";s:7:"PRIVATE";s:1:"0";s:4:"TAGS";s:4:"maps";s:7:"COMMENT";s:78:"Trying to trace all the places Ben has trekked to so far, this came in handy.
";}i:1706;a:5:{s:4:"HREF";s:52:"http://www.cs.rit.edu/~atk/JavaScript/manuals/jsobj/";s:8:"ADD_DATE";s:10:"1120056783";s:7:"PRIVATE";s:1:"0";s:4:"TAGS";s:10:"javascript";s:7:"COMMENT";s:79:"JavaScript objects and stuff in case it ever becomes really important to know.
";}i:1707;a:5:{s:4:"HREF";s:56:"http://www.classicreader.com/read.php/sid.6/bookid.1736/";s:8:"ADD_DATE";s:10:"1119973288";s:7:"PRIVATE";s:1:"0";s:4:"TAGS";s:10:"philosophy";s:7:"COMMENT";s:118:"I got halfway through this today and thought I'd save it to have a look at later. Seems very clear and logical to me.
";}i:1708;a:5:{s:4:"HREF";s:53:"http://www.tomshardware.com/game/200506251/index.html";s:8:"ADD_DATE";s:10:"1119946902";s:7:"PRIVATE";s:1:"0";s:4:"TAGS";s:28:"free,games,software,download";s:7:"COMMENT";s:82:"Must try these some time when I get a moment, I lack some good fun games to play!
";}i:1709;a:5:{s:4:"HREF";s:27:"http://www.atomicfonts.com/";s:8:"ADD_DATE";s:10:"1119946429";s:7:"PRIVATE";s:1:"0";s:4:"TAGS";s:10:"free,fonts";s:7:"COMMENT";s:135:"More free fonts, you just feel like you ought to trawl through these sites but I always end up sticking with the default windows ones.
";}i:1710;a:5:{s:4:"HREF";s:23:"http://www.whfoods.com/";s:8:"ADD_DATE";s:10:"1119946276";s:7:"PRIVATE";s:1:"0";s:4:"TAGS";s:19:"food,recipies,howto";s:7:"COMMENT";s:101:"You've got to bookmark this haven't you, if only just so you can never go back and actually read it.
";}i:1711;a:5:{s:4:"HREF";s:32:"http://images.unas.cz/radio1.htm";s:8:"ADD_DATE";s:10:"1119945313";s:7:"PRIVATE";s:1:"0";s:4:"TAGS";s:26:"design,images,politics,art";s:7:"COMMENT";s:123:"There are great, I'm sure they might come in useful some day as a source of inspriation (graphically if not poilitically).
";}i:1712;a:4:{s:4:"HREF";s:58:"http://buddhism.kalachakranet.org/meditation_practice.html";s:8:"ADD_DATE";s:10:"1119944931";s:7:"PRIVATE";s:1:"0";s:4:"TAGS";s:32:"meditation,mind,philosophy,howto";}i:1713;a:5:{s:4:"HREF";s:44:"http://www.vlaardingen.net/~tom/Mainmenu.htm";s:8:"ADD_DATE";s:10:"1119877129";s:7:"PRIVATE";s:1:"0";s:4:"TAGS";s:17:"mind,memory,howto";s:7:"COMMENT";s:180:"Can't resist the lure of things like this. I nicked a book off my parents ages ago which was very similar and got a bit into it before giving up. Always meant to go back though...
";}i:1714;a:5:{s:4:"HREF";s:39:"http://www.time.com/time/2005/websites/";s:8:"ADD_DATE";s:10:"1119859830";s:7:"PRIVATE";s:1:"0";s:4:"TAGS";s:6:"toread";s:7:"COMMENT";s:40:"Must come back and look at these later.
";}i:1715;a:5:{s:4:"HREF";s:46:"http://criminyjicket.tripod.com/chomfouc2.html";s:8:"ADD_DATE";s:10:"1119553904";s:7:"PRIVATE";s:1:"0";s:4:"TAGS";s:10:"philosophy";s:7:"COMMENT";s:41:"Chomsky discusses "stuff" with Foucault.
";}i:1716;a:5:{s:4:"HREF";s:23:"http://script.aculo.us/";s:8:"ADD_DATE";s:10:"1119526747";s:7:"PRIVATE";s:1:"0";s:4:"TAGS";s:10:"javascript";s:7:"COMMENT";s:65:"Source of interesting javascripty effects and useful snippets of
";}i:1717;a:5:{s:4:"HREF";s:16:"http://odeo.com/";s:8:"ADD_DATE";s:10:"1119515193";s:7:"PRIVATE";s:1:"0";s:4:"TAGS";s:8:"podcasts";s:7:"COMMENT";s:17:"Podcasts galore!
";}i:1718;a:5:{s:4:"HREF";s:92:"http://www.hanselman.com/blog/ScottHanselmans2005UltimateDeveloperAndPowerUsersToolList.aspx";s:8:"ADD_DATE";s:10:"1119340612";s:7:"PRIVATE";s:1:"0";s:4:"TAGS";s:7:"windows";s:7:"COMMENT";s:53:"Ooooh lovely another page of useful windows gadgets.
";}i:1719;a:5:{s:4:"HREF";s:54:"http://www.quirksmode.org/index.html?/dom/domform.html";s:8:"ADD_DATE";s:10:"1119280127";s:7:"PRIVATE";s:1:"0";s:4:"TAGS";s:24:"javascript,DOM,webdesign";s:7:"COMMENT";s:90:"A site all about web-dev stuff  but the bit I'm interested in is the JavaScript DOM bits.
";}i:1720;a:5:{s:4:"HREF";s:25:"http://www.xulplanet.com/";s:8:"ADD_DATE";s:10:"1118999279";s:7:"PRIVATE";s:1:"0";s:4:"TAGS";s:3:"xul";s:7:"COMMENT";s:12:"an XUL site
";}i:1721;a:5:{s:4:"HREF";s:50:"http://www.kuro5hin.org/story/2005/6/12/143721/743";s:8:"ADD_DATE";s:10:"1118930416";s:7:"PRIVATE";s:1:"0";s:4:"TAGS";s:11:"webservices";s:7:"COMMENT";s:80:"A good list of cool new web services in the form of an answer to that questoin.
";}i:1722;a:4:{s:4:"HREF";s:84:"http://www.devarticles.com/c/a/Photoshop/20-Things-About-Photoshop-You-Have-to-Know/";s:8:"ADD_DATE";s:10:"1118837051";s:7:"PRIVATE";s:1:"0";s:4:"TAGS";s:22:"photoshop,howto,design";}i:1723;a:5:{s:4:"HREF";s:57:"http://www.digital-web.com/articles/principles_of_design/";s:8:"ADD_DATE";s:10:"1118821390";s:7:"PRIVATE";s:1:"0";s:4:"TAGS";s:6:"design";s:7:"COMMENT";s:69:"A nice article about the theory of design (particularly web design).
";}i:1724;a:5:{s:4:"HREF";s:65:"http://www.gizmodo.com/archives/whats_in_your_gadget_bag_cory.php";s:8:"ADD_DATE";s:10:"1118734819";s:7:"PRIVATE";s:1:"0";s:4:"TAGS";s:7:"gadgets";s:7:"COMMENT";s:45:"The gadgets and gizmo(do)s of cory doctorow.
";}i:1725;a:5:{s:4:"HREF";s:39:"http://www.bohemianbag.com/plumber.html";s:8:"ADD_DATE";s:10:"1118734778";s:7:"PRIVATE";s:1:"0";s:4:"TAGS";s:29:"shopping,bag,leather,wishlist";s:7:"COMMENT";s:61:"Nice leather bags as recommended by Cory Doctorow (no less).
";}i:1726;a:5:{s:4:"HREF";s:33:"http://www.downingstreetmemo.com/";s:8:"ADD_DATE";s:10:"1118665325";s:7:"PRIVATE";s:1:"0";s:4:"TAGS";s:12:"politics,war";s:7:"COMMENT";s:127:"devoted to a memo revealing the extent to which the war in Iraq was a done deal long before they started trying to justify it.
";}i:1727;a:5:{s:4:"HREF";s:39:"http://www.teefly.com/catalog/index.php";s:8:"ADD_DATE";s:10:"1118303714";s:7:"PRIVATE";s:1:"0";s:4:"TAGS";s:7:"clothes";s:7:"COMMENT";s:9:"T Shirts
";}i:1728;a:5:{s:4:"HREF";s:53:"http://www.bbc.co.uk/radio3/beethoven/downloads.shtml";s:8:"ADD_DATE";s:10:"1118245562";s:7:"PRIVATE";s:1:"0";s:4:"TAGS";s:18:"mp3,music,download";s:7:"COMMENT";s:44:"Downloadable mp3s of Beethoven's Symphonies
";}i:1729;a:5:{s:4:"HREF";s:40:"http://www.faqs.org/docs/lnag/index.html";s:8:"ADD_DATE";s:10:"1118056540";s:7:"PRIVATE";s:1:"0";s:4:"TAGS";s:11:"linux,howto";s:7:"COMMENT";s:38:"A site for linux beginners (like me).
";}i:1730;a:5:{s:4:"HREF";s:44:"http://www.crazygrrl.com/weav/reference.php3";s:8:"ADD_DATE";s:10:"1117717446";s:7:"PRIVATE";s:1:"0";s:4:"TAGS";s:5:"regex";s:7:"COMMENT";s:30:"Useful cheat sheet for regex.
";}i:1731;a:5:{s:4:"HREF";s:48:"http://www.hygieia.uk.com/html/press_release.htm";s:8:"ADD_DATE";s:10:"1117713879";s:7:"PRIVATE";s:1:"0";s:4:"TAGS";s:7:"exczema";s:7:"COMMENT";s:164:"A hand lotion developed by a retired haulage manager to heal his wife's dermatitis is one of the latest weapons against MRSA being tested at a Birmingham Hospital.
";}i:1732;a:5:{s:4:"HREF";s:17:"http://apatch.tk/";s:8:"ADD_DATE";s:10:"1117702362";s:7:"PRIVATE";s:1:"0";s:4:"TAGS";s:16:"messenger,tweaks";s:7:"COMMENT";s:75:"... which removes the rubbish and leaves you with something vaguely usabe.
";}i:1733;a:5:{s:4:"HREF";s:45:"http://www.wsu.edu/~brians/errors/errors.html";s:8:"ADD_DATE";s:10:"1117554872";s:7:"PRIVATE";s:1:"0";s:4:"TAGS";s:8:"language";s:7:"COMMENT";s:91:"Excellent list of common mistakes people make with the enligh language. I love this stuff!
";}i:1734;a:5:{s:4:"HREF";s:349:"http://images.google.co.uk/imgres?imgurl=http://mediaworks.it.northwestern.edu/images/dv-pc/welles-firewire.jpg&imgrefurl=http://mediaworks.it.northwestern.edu/dv-pc.cfm&h=358&w=226&sz=19&tbnid=1-QFetO-eD8J:&tbnh=116&tbnw=73&hl=en&start=3&prev=/images%3Fq%3Dfirewire%26hl%3Den%26lr%3D%26client%3Dfirefox-a%26rls%3Dorg.mozilla:en-US:official%26sa%3DN";s:8:"ADD_DATE";s:10:"1117293321";s:7:"PRIVATE";s:1:"0";s:4:"TAGS";s:8:"firewire";s:7:"COMMENT";s:51:"Visual description of plugging in firewire cables.
";}i:1735;a:5:{s:4:"HREF";s:64:"http://uk.europe.creative.com/support/warranty/rma/obtainrma.asp";s:8:"ADD_DATE";s:10:"1117183629";s:7:"PRIVATE";s:1:"0";s:4:"TAGS";s:18:"problems,howto,zen";s:7:"COMMENT";s:60:"How to return defective Creative product to them, the gits!
";}i:1736;a:5:{s:4:"HREF";s:47:"http://time-tripper.com/uipatterns/Introduction";s:8:"ADD_DATE";s:10:"1117107702";s:7:"PRIVATE";s:1:"0";s:4:"TAGS";s:31:"usability,design,work,webdesign";s:7:"COMMENT";s:100:"An interesting group of user interface problem/solutions each named to be more easily recognisable.
";}i:1737;a:5:{s:4:"HREF";s:53:"http://www.guardian.co.uk/g2/story/0,,1481774,00.html";s:8:"ADD_DATE";s:10:"1116922298";s:7:"PRIVATE";s:1:"0";s:4:"TAGS";s:18:"politics,terrorism";s:7:"COMMENT";s:85:"Gaurdian article about "The Power of Nightmares" showing at the Cannes film festival
";}i:1738;a:5:{s:4:"HREF";s:29:"http://www.usabilitynews.com/";s:8:"ADD_DATE";s:10:"1116837990";s:7:"PRIVATE";s:1:"0";s:4:"TAGS";s:16:"design,usability";s:7:"COMMENT";s:21:"A usability website.
";}i:1739;a:5:{s:4:"HREF";s:35:"http://www.sunpipe.co.uk/index.html";s:8:"ADD_DATE";s:10:"1116490308";s:7:"PRIVATE";s:1:"0";s:4:"TAGS";s:14:"light,home,diy";s:7:"COMMENT";s:47:"A way of bringing natural light into the home.
";}i:1740;a:5:{s:4:"HREF";s:55:"http://thesebeautifulscars.tripod.com/writinglinks.html";s:8:"ADD_DATE";s:10:"1116442584";s:7:"PRIVATE";s:1:"0";s:4:"TAGS";s:14:"howto,language";s:7:"COMMENT";s:24:"Could be interesting...
";}i:1741;a:5:{s:4:"HREF";s:43:"http://www.chomskytorrents.org/Torrents.php";s:8:"ADD_DATE";s:10:"1116417790";s:7:"PRIVATE";s:1:"0";s:4:"TAGS";s:37:"bittorrent,mp3,philosophy,politics,tv";s:7:"COMMENT";s:61:"A torrent tracker site for lefty political stuff. Excellent!
";}i:1742;a:5:{s:4:"HREF";s:30:"http://cabinessence.cream.org/";s:8:"ADD_DATE";s:10:"1116229439";s:7:"PRIVATE";s:1:"0";s:4:"TAGS";s:6:"comedy";s:7:"COMMENT";s:58:"Downloads of the dark Chris Morris radio series Blue Jam.
";}i:1743;a:5:{s:4:"HREF";s:32:"http://www.koekie.org.uk/funnel/";s:8:"ADD_DATE";s:10:"1116229368";s:7:"PRIVATE";s:1:"0";s:4:"TAGS";s:6:"comedy";s:7:"COMMENT";s:53:"Stuff about Chris Morris and the comedy that is him.
";}i:1744;a:5:{s:4:"HREF";s:33:"http://www.googlesightseeing.com/";s:8:"ADD_DATE";s:10:"1115992792";s:7:"PRIVATE";s:1:"0";s:4:"TAGS";s:30:"google,maps,photos,images,blog";s:7:"COMMENT";s:92:"A blog all about the funny things you can see from the satelite images used by google maps.
";}i:1745;a:5:{s:4:"HREF";s:37:"http://www.noboundrees.com/micro_fix/";s:8:"ADD_DATE";s:10:"1115984430";s:7:"PRIVATE";s:1:"0";s:4:"TAGS";s:12:"zen,problems";s:7:"COMMENT";s:107:"Solution to a slightly annoying problem (which looks like it's just going to get worse) with my Zen Micro.
";}i:1746;a:5:{s:4:"HREF";s:76:"http://www.codepilots.co.uk/blog/archives/2005/01/08/ruby-on-rails/#comments";s:8:"ADD_DATE";s:10:"1115818533";s:7:"PRIVATE";s:1:"0";s:4:"TAGS";s:16:"linux,ruby,rails";s:7:"COMMENT";s:80:"A problem I've had trying to get Ruby on Rails running on my Linux box in work.
";}i:1747;a:4:{s:4:"HREF";s:52:"http://www.colorcoordinator.com/colorCoordinator.php";s:8:"ADD_DATE";s:10:"1115718840";s:7:"PRIVATE";s:1:"0";s:4:"TAGS";s:27:"colours,art,css,design,html";}i:1748;a:4:{s:4:"HREF";s:77:"http://www.daemon-tools.cc/dtcc/portal/download.php?mode=ViewCategory&catid=5";s:8:"ADD_DATE";s:10:"1115649108";s:7:"PRIVATE";s:1:"0";s:4:"TAGS";s:21:"cd,dvd,software,tools";}i:1749;a:4:{s:4:"HREF";s:34:"http://www.dvdshrink.org/what.html";s:8:"ADD_DATE";s:10:"1115648870";s:7:"PRIVATE";s:1:"0";s:4:"TAGS";s:29:"dvd,free,howto,software,tools";}i:1750;a:4:{s:4:"HREF";s:34:"http://www.mediachance.com/dvdlab/";s:8:"ADD_DATE";s:10:"1115648827";s:7:"PRIVATE";s:1:"0";s:4:"TAGS";s:18:"software,tools,dvd";}i:1751;a:4:{s:4:"HREF";s:38:"http://himherandhimalaya.blogspot.com/";s:8:"ADD_DATE";s:10:"1115628453";s:7:"PRIVATE";s:1:"0";s:4:"TAGS";s:18:"friend,blog,toread";}i:1752;a:4:{s:4:"HREF";s:63:"http://www.afterdawn.com/guides/archive/dvd2divx_anamorphic.cfm";s:8:"ADD_DATE";s:10:"1115319235";s:7:"PRIVATE";s:1:"0";s:4:"TAGS";s:26:"howto,tools,dvd,avi,movies";}i:1753;a:5:{s:4:"HREF";s:41:"http://www.ergonomics.com.au/howtosit.htm";s:8:"ADD_DATE";s:10:"1115060383";s:7:"PRIVATE";s:1:"0";s:4:"TAGS";s:37:"computer,howto,work,ergonomics,health";s:7:"COMMENT";s:30:"Does what is says on the can.
";}i:1754;a:5:{s:4:"HREF";s:20:"http://www.ni9e.com/";s:8:"ADD_DATE";s:10:"1114764205";s:7:"PRIVATE";s:1:"0";s:4:"TAGS";s:16:"music,comedy,mp3";s:7:"COMMENT";s:68:"Straight Outta Compton with everything but the swear words removed.
";}i:1755;a:5:{s:4:"HREF";s:50:"http://www.indymedia.org.uk/en/2004/10/299579.html";s:8:"ADD_DATE";s:10:"1114704838";s:7:"PRIVATE";s:1:"0";s:4:"TAGS";s:18:"politics,terrorism";s:7:"COMMENT";s:53:"Lots of people offering downloads of the 3 episodes.
";}i:1756;a:5:{s:4:"HREF";s:73:"http://www.microsoft.com/windowsxp/tabletpc/evaluation/tours/default.mspx";s:8:"ADD_DATE";s:10:"1114687502";s:7:"PRIVATE";s:1:"0";s:4:"TAGS";s:14:"windows,tablet";s:7:"COMMENT";s:37:"A new set of software for tablet PCs
";}i:1757;a:4:{s:4:"HREF";s:37:"http://www.makezine.com/extras/4.html";s:8:"ADD_DATE";s:10:"1114673298";s:7:"PRIVATE";s:1:"0";s:4:"TAGS";s:30:"hardware,howto,windows,tv,tivo";}i:1758;a:5:{s:4:"HREF";s:39:"http://www.nuclear-donkey.org/blog.html";s:8:"ADD_DATE";s:10:"1114673089";s:7:"PRIVATE";s:1:"0";s:4:"TAGS";s:18:"friend,blog,toread";s:7:"COMMENT";s:12:"Bood's blog
";}i:1759;a:5:{s:4:"HREF";s:37:"http://www.imc.org/smime-pgpmime.html";s:8:"ADD_DATE";s:10:"1114617303";s:7:"PRIVATE";s:1:"0";s:4:"TAGS";s:22:"email,encryption,later";s:7:"COMMENT";s:70:"A version of email encryption or something. Come back and read later.
";}i:1760;a:5:{s:4:"HREF";s:62:"http://weblogs.asp.net/whaggard/archive/2004/04/11/111232.aspx";s:8:"ADD_DATE";s:10:"1114602718";s:7:"PRIVATE";s:1:"0";s:4:"TAGS";s:17:"windows,shortcuts";s:7:"COMMENT";s:106:"A neat little explanation of how the run command works with some suggestions as to how to make it better.
";}i:1761;a:4:{s:4:"HREF";s:86:"http://www.alvit.de/vf/en/essential-bookmarks-for-webdesigners-and-web-developers.html";s:8:"ADD_DATE";s:10:"1114542462";s:7:"PRIVATE";s:1:"0";s:4:"TAGS";s:29:"html,css,webdesign,javascript";}i:1762;a:5:{s:4:"HREF";s:39:"https://www.motionbridge.com/index.html";s:8:"ADD_DATE";s:10:"1114512182";s:7:"PRIVATE";s:1:"0";s:4:"TAGS";s:9:"work,mdsp";s:7:"COMMENT";s:25:"A mobile search company.
";}i:1763;a:5:{s:4:"HREF";s:40:"http://www.photoshopgurus.com/index.html";s:8:"ADD_DATE";s:10:"1114433541";s:7:"PRIVATE";s:1:"0";s:4:"TAGS";s:22:"photoshop,howto,images";s:7:"COMMENT";s:121:"A nice website for advanced photoshop techniques. I could probably learn a lot here if I had the time to spend browsing.
";}i:1764;a:5:{s:4:"HREF";s:62:"http://members.ozemail.com.au/~dcrombie/javascript/chap10.html";s:8:"ADD_DATE";s:10:"1114180020";s:7:"PRIVATE";s:1:"0";s:4:"TAGS";s:10:"javascript";s:7:"COMMENT";s:49:"A useful page of string functions in javascript.
";}i:1765;a:4:{s:4:"HREF";s:85:"http://www.markboulton.co.uk/journal/comments/five_simple_steps_to_better_typography/";s:8:"ADD_DATE";s:10:"1114179391";s:7:"PRIVATE";s:1:"0";s:4:"TAGS";s:10:"typography";}i:1766;a:5:{s:4:"HREF";s:56:"http://forums.mysql.com/read.php?11,4460,14435#msg-14435";s:8:"ADD_DATE";s:10:"1114165108";s:7:"PRIVATE";s:1:"0";s:4:"TAGS";s:22:"problems,mysql,windows";s:7:"COMMENT";s:170:"A problem I ran into installing MySql on Windows XP. This solution contains a neat little way of removing a windows service. That's bound to come in handy at some point.
";}i:1767;a:5:{s:4:"HREF";s:24:"http://www.craftytv.com/";s:8:"ADD_DATE";s:10:"1114093068";s:7:"PRIVATE";s:1:"0";s:4:"TAGS";s:2:"tv";s:7:"COMMENT";s:72:"A website like Cartoon Fridge but which does TV episodes instead. Cool!
";}i:1768;a:5:{s:4:"HREF";s:30:"http://www.cartoon-fridge.com/";s:8:"ADD_DATE";s:10:"1114072198";s:7:"PRIVATE";s:1:"0";s:4:"TAGS";s:8:"cartoons";s:7:"COMMENT";s:90:"A place where you can watch cartoons online for free. How long till they close this down?
";}i:1769;a:5:{s:4:"HREF";s:56:"http://www.onlamp.com/pub/a/onlamp/2005/01/20/rails.html";s:8:"ADD_DATE";s:10:"1114010052";s:7:"PRIVATE";s:1:"0";s:4:"TAGS";s:10:"ruby,rails";s:7:"COMMENT";s:74:"A tutorial explaining how to install and set up Rails on windows systems.
";}i:1770;a:5:{s:4:"HREF";s:23:"http://sputnik.pl/cake/";s:8:"ADD_DATE";s:10:"1114007377";s:7:"PRIVATE";s:1:"0";s:4:"TAGS";s:8:"php,cake";s:7:"COMMENT";s:85:"PHP framework that aims to copy Ruby on Rails. Need to find out about both of these.
";}i:1771;a:5:{s:4:"HREF";s:54:"http://www.tanglebones.com/archives/2004/10/07/project";s:8:"ADD_DATE";s:10:"1114007167";s:7:"PRIVATE";s:1:"0";s:4:"TAGS";s:8:"projects";s:7:"COMMENT";s:76:"Forumla for how long a project is going to take. Seems a little iffy to me.
";}i:1772;a:4:{s:4:"HREF";s:58:"http://www.bobbyvandersluis.com/articles/goodpractices.php";s:8:"ADD_DATE";s:10:"1113998693";s:7:"PRIVATE";s:1:"0";s:4:"TAGS";s:10:"javascript";}i:1773;a:5:{s:4:"HREF";s:29:"http://www.ludism.org/mentat/";s:8:"ADD_DATE";s:10:"1113990823";s:7:"PRIVATE";s:1:"0";s:4:"TAGS";s:17:"memory,mind,howto";s:7:"COMMENT";s:64:"exploring ways to become a better thinker.... hmmm interesting.
";}i:1774;a:5:{s:4:"HREF";s:91:"http://www.odpm.gov.uk/stellent/groups/odpm_buildreg/documents/divisionhomepage/br0054.hcsp";s:8:"ADD_DATE";s:10:"1113849457";s:7:"PRIVATE";s:1:"0";s:4:"TAGS";s:9:"electrics";s:7:"COMMENT";s:51:"Explanation about the new electrical safety rules.
";}i:1775;a:5:{s:4:"HREF";s:96:"http://www.amazon.co.uk/exec/obidos/tg/listmania/list-browse/-/2VOQIP5UM3LLL/202-6842250-2731030";s:8:"ADD_DATE";s:10:"1113563672";s:7:"PRIVATE";s:1:"0";s:4:"TAGS";s:5:"books";s:7:"COMMENT";s:73:"The Pegnuin books Great Ideas range (I think complete - not sure though)
";}i:1776;a:5:{s:4:"HREF";s:27:"http://www.smirkyworks.net/";s:8:"ADD_DATE";s:10:"1113316719";s:7:"PRIVATE";s:1:"0";s:4:"TAGS";s:6:"people";s:7:"COMMENT";s:53:"being the work of one Sam Childs (see previous link)
";}i:1777;a:5:{s:4:"HREF";s:24:"http://www.sailes.co.uk/";s:8:"ADD_DATE";s:10:"1112978539";s:7:"PRIVATE";s:1:"0";s:4:"TAGS";s:10:"leeds,blog";s:7:"COMMENT";s:119:"A blog buy a student guy who seems to be working at Wanadoo in Leeds. I didn't even know there was a Wanadoo in Leeds.
";}i:1778;a:4:{s:4:"HREF";s:34:"http://en.wikipedia.org/wiki/Shiva";s:8:"ADD_DATE";s:10:"1112793290";s:7:"PRIVATE";s:1:"0";s:4:"TAGS";s:17:"religion,hinduism";}i:1779;a:4:{s:4:"HREF";s:44:"http://poignantguide.net/ruby/chapter-3.html";s:8:"ADD_DATE";s:10:"1112644775";s:7:"PRIVATE";s:1:"0";s:4:"TAGS";s:4:"ruby";}i:1780;a:4:{s:4:"HREF";s:43:"http://www.babycentre.co.uk/refcap/419.html";s:8:"ADD_DATE";s:10:"1112640721";s:7:"PRIVATE";s:1:"0";s:4:"TAGS";s:4:"baby";}i:1781;a:4:{s:4:"HREF";s:68:"http://www.fertilityfriends.co.uk/forum/index.php/topic,20951.0.html";s:8:"ADD_DATE";s:10:"1112640699";s:7:"PRIVATE";s:1:"0";s:4:"TAGS";s:4:"baby";}i:1782;a:4:{s:4:"HREF";s:40:"http://www.sids.org.uk/fsid/question.htm";s:8:"ADD_DATE";s:10:"1112640571";s:7:"PRIVATE";s:1:"0";s:4:"TAGS";s:4:"baby";}i:1783;a:4:{s:4:"HREF";s:45:"http://www.nick-cave.net/stuff.php?view=album";s:8:"ADD_DATE";s:10:"1112615537";s:7:"PRIVATE";s:1:"0";s:4:"TAGS";s:22:"music,lyrics,nick_cave";}i:1784;a:4:{s:4:"HREF";s:23:"http://www.mtmshow.com/";s:8:"ADD_DATE";s:10:"1112601979";s:7:"PRIVATE";s:1:"0";s:4:"TAGS";s:6:"sitcom";}i:1785;a:4:{s:4:"HREF";s:26:"http://www.bustedtees.com/";s:8:"ADD_DATE";s:10:"1112355627";s:7:"PRIVATE";s:1:"0";s:4:"TAGS";s:7:"tshirts";}i:1786;a:4:{s:4:"HREF";s:38:"http://plasticbugs.com/index.php?p=241";s:8:"ADD_DATE";s:10:"1112353225";s:7:"PRIVATE";s:1:"0";s:4:"TAGS";s:25:"art,design,photoshop,gimp";}i:1787;a:4:{s:4:"HREF";s:68:"http://www.airtightinteractive.com/projects/related_tag_browser/app/";s:8:"ADD_DATE";s:10:"1112181217";s:7:"PRIVATE";s:1:"0";s:4:"TAGS";s:19:"flickr,photos,flash";}i:1788;a:4:{s:4:"HREF";s:60:"http://www.mobileplayground.co.uk/ringtones/truetones/tv.htm";s:8:"ADD_DATE";s:10:"1111586957";s:7:"PRIVATE";s:1:"0";s:4:"TAGS";s:13:"mp3,ringtones";}i:1789;a:4:{s:4:"HREF";s:59:"http://www.firingsquad.com/guides/advanced_system_building/";s:8:"ADD_DATE";s:10:"1111566527";s:7:"PRIVATE";s:1:"0";s:4:"TAGS";s:29:"pc_building,computer,hardware";}i:1790;a:4:{s:4:"HREF";s:30:"http://thetechdomain.com/?p=40";s:8:"ADD_DATE";s:10:"1111509929";s:7:"PRIVATE";s:1:"0";s:4:"TAGS";s:10:"bittorrent";}i:1791;a:4:{s:4:"HREF";s:44:"http://dev.mysql.com/doc/mysql/en/index.html";s:8:"ADD_DATE";s:10:"1111145946";s:7:"PRIVATE";s:1:"0";s:4:"TAGS";s:5:"mysql";}i:1792;a:4:{s:4:"HREF";s:26:"http://www.plasticbag.org/";s:8:"ADD_DATE";s:10:"1110990661";s:7:"PRIVATE";s:1:"0";s:4:"TAGS";s:11:"blog,toread";}i:1793;a:4:{s:4:"HREF";s:21:"http://goodfonts.org/";s:8:"ADD_DATE";s:10:"1110898538";s:7:"PRIVATE";s:1:"0";s:4:"TAGS";s:5:"fonts";}i:1794;a:4:{s:4:"HREF";s:41:"http://www.quirksmode.org/js/strings.html";s:8:"ADD_DATE";s:10:"1110817316";s:7:"PRIVATE";s:1:"0";s:4:"TAGS";s:10:"javascript";}i:1795;a:4:{s:4:"HREF";s:35:"http://www.flickr.com/services/api/";s:8:"ADD_DATE";s:10:"1110806963";s:7:"PRIVATE";s:1:"0";s:4:"TAGS";s:10:"flickr,API";}i:1796;a:4:{s:4:"HREF";s:60:"http://www.joeyoder.com/papers/patterns/Selfish/selfish.html";s:8:"ADD_DATE";s:10:"1110802369";s:7:"PRIVATE";s:1:"0";s:4:"TAGS";s:6:"toread";}i:1797;a:4:{s:4:"HREF";s:31:"http://www.adactio.com/journal/";s:8:"ADD_DATE";s:10:"1110801829";s:7:"PRIVATE";s:1:"0";s:4:"TAGS";s:8:"css,blog";}i:1798;a:4:{s:4:"HREF";s:67:"http://www.adaptivepath.com/publications/essays/archives/000385.php";s:8:"ADD_DATE";s:10:"1110801811";s:7:"PRIVATE";s:1:"0";s:4:"TAGS";s:34:"ajax,javascript,css,webdesign,html";}i:1799;a:4:{s:4:"HREF";s:25:"http://www.stylegala.com/";s:8:"ADD_DATE";s:10:"1110800718";s:7:"PRIVATE";s:1:"0";s:4:"TAGS";s:3:"css";}i:1800;a:4:{s:4:"HREF";s:31:"http://css-discuss.incutio.com/";s:8:"ADD_DATE";s:10:"1110800704";s:7:"PRIVATE";s:1:"0";s:4:"TAGS";s:3:"css";}i:1801;a:5:{s:4:"HREF";s:47:"http://plato.stanford.edu/entries/chinese-room/";s:8:"ADD_DATE";s:10:"1110798119";s:7:"PRIVATE";s:1:"0";s:4:"TAGS";s:13:"ai,philosophy";s:7:"COMMENT";s:50:"Interesting reading about artificial intelligence
";}i:1802;a:4:{s:4:"HREF";s:39:"http://www.ba-londoneye.com/default.asp";s:8:"ADD_DATE";s:10:"1110798084";s:7:"PRIVATE";s:1:"0";s:4:"TAGS";s:14:"london,tourism";}i:1803;a:4:{s:4:"HREF";s:33:"http://torrentspy.com/default.asp";s:8:"ADD_DATE";s:10:"1110566544";s:7:"PRIVATE";s:1:"0";s:4:"TAGS";s:10:"bittorrent";}i:1804;a:4:{s:4:"HREF";s:35:"http://www.ok-cancel.com/index.html";s:8:"ADD_DATE";s:10:"1110278743";s:7:"PRIVATE";s:1:"0";s:4:"TAGS";s:23:"work,cartoons,webdesign";}i:1805;a:4:{s:4:"HREF";s:27:"http://consc.net/guide.html";s:8:"ADD_DATE";s:10:"1110211050";s:7:"PRIVATE";s:1:"0";s:4:"TAGS";s:10:"philosophy";}i:1806;a:4:{s:4:"HREF";s:54:"http://www.neowin.net/forum/index.php?showtopic=320017";s:8:"ADD_DATE";s:10:"1110191949";s:7:"PRIVATE";s:1:"0";s:4:"TAGS";s:13:"free,software";}i:1807;a:4:{s:4:"HREF";s:45:"http://trainque.com/code/delicious_lookup.php";s:8:"ADD_DATE";s:10:"1110191340";s:7:"PRIVATE";s:1:"0";s:4:"TAGS";s:18:"del.icio.us,search";}i:1808;a:5:{s:4:"HREF";s:43:"http://www.wsu.edu/~brians/errors/care.html";s:8:"ADD_DATE";s:10:"1110187507";s:7:"PRIVATE";s:1:"0";s:4:"TAGS";s:8:"language";s:7:"COMMENT";s:43:"You see? You're wrong! You're all wrong!!!
";}i:1809;a:5:{s:4:"HREF";s:25:"http://fontleech.com/?p=4";s:8:"ADD_DATE";s:10:"1110136974";s:7:"PRIVATE";s:1:"0";s:4:"TAGS";s:5:"fonts";s:7:"COMMENT";s:39:"Those three "distressed" looking fonts
";}i:1810;a:4:{s:4:"HREF";s:51:"http://www.w3.org/TR/REC-html40/index/elements.html";s:8:"ADD_DATE";s:10:"1110135649";s:7:"PRIVATE";s:1:"0";s:4:"TAGS";s:4:"html";}i:1811;a:5:{s:4:"HREF";s:39:"http://tech.irt.org/articles/script.htm";s:8:"ADD_DATE";s:10:"1109925233";s:7:"PRIVATE";s:1:"0";s:4:"TAGS";s:10:"javascript";s:7:"COMMENT";s:49:"Tom Walton recommended this for javascript stuff
";}i:1812;a:4:{s:4:"HREF";s:67:"http://www.mozilla.org/docs/dom/domref/dom_style_ref18.html#1002335";s:8:"ADD_DATE";s:10:"1109761285";s:7:"PRIVATE";s:1:"0";s:4:"TAGS";s:14:"javascript,css";}i:1813;a:5:{s:4:"HREF";s:26:"http://www.tiddlywiki.com/";s:8:"ADD_DATE";s:10:"1109755112";s:7:"PRIVATE";s:1:"0";s:4:"TAGS";s:4:"wiki";s:7:"COMMENT";s:99:"Interesting way of displaying a wiki, and an interesting idea for an alternative weblog type site.
";}i:1814;a:4:{s:4:"HREF";s:62:"http://the.taoofmac.com/static/grimoire.html#contents_item_2.2";s:8:"ADD_DATE";s:10:"1109754540";s:7:"PRIVATE";s:1:"0";s:4:"TAGS";s:6:"python";}i:1815;a:4:{s:4:"HREF";s:25:"http://www.goodfonts.org/";s:8:"ADD_DATE";s:10:"1109714221";s:7:"PRIVATE";s:1:"0";s:4:"TAGS";s:5:"fonts";}i:1816;a:4:{s:4:"HREF";s:52:"http://www.santosha.com/asanas/index-difficulty.html";s:8:"ADD_DATE";s:10:"1109713935";s:7:"PRIVATE";s:1:"0";s:4:"TAGS";s:4:"yoga";}i:1817;a:5:{s:4:"HREF";s:63:"http://support.microsoft.com/default.aspx?scid=kb;EN-US;Q306084";s:8:"ADD_DATE";s:10:"1109710790";s:7:"PRIVATE";s:1:"0";s:4:"TAGS";s:16:"XP,windows,howto";s:7:"COMMENT";s:134:"Very useful page considering the fact that bloody Service Pack 2 seems to knacker my fricken computer every time I try to install it.
";}i:1818;a:4:{s:4:"HREF";s:42:"http://www.earlymoderntexts.com/index.html";s:8:"ADD_DATE";s:10:"1109696180";s:7:"PRIVATE";s:1:"0";s:4:"TAGS";s:10:"philosophy";}i:1819;a:5:{s:4:"HREF";s:21:"http://fontleech.com/";s:8:"ADD_DATE";s:10:"1109175000";s:7:"PRIVATE";s:1:"0";s:4:"TAGS";s:5:"fonts";s:7:"COMMENT";s:41:"Free fonts which are actually quite good
";}i:1820;a:4:{s:4:"HREF";s:62:"http://www.mobilepcmag.com/features/2005_03/top100gadgets.html";s:8:"ADD_DATE";s:10:"1109093518";s:7:"PRIVATE";s:1:"0";s:4:"TAGS";s:8:"hundreds";}i:1821;a:5:{s:4:"HREF";s:31:"http://www.craigatkinson.co.uk/";s:8:"ADD_DATE";s:10:"1109071221";s:7:"PRIVATE";s:1:"0";s:4:"TAGS";s:10:"friend,art";s:7:"COMMENT";s:45:"A great artist and a bloody nice chap, what!
";}i:1822;a:5:{s:4:"HREF";s:22:"http://www.lipsum.com/";s:8:"ADD_DATE";s:10:"1109070622";s:7:"PRIVATE";s:1:"0";s:4:"TAGS";s:22:"design,webdesign,latin";s:7:"COMMENT";s:114:"random latin generator for use in designs that need a lot of text which you can't be bothered making up yourself.
";}i:1823;a:5:{s:4:"HREF";s:27:"http://www.davewhite.me.uk/";s:8:"ADD_DATE";s:10:"1108730539";s:7:"PRIVATE";s:1:"0";s:4:"TAGS";s:3:"art";s:7:"COMMENT";s:60:"artist, scouser, frank auerbach apologist, my old art tutor
";}i:1824;a:4:{s:4:"HREF";s:29:"http://usefulinc.com/edd/blog";s:8:"ADD_DATE";s:10:"1108717450";s:7:"PRIVATE";s:1:"0";s:4:"TAGS";s:4:"blog";}i:1825;a:5:{s:4:"HREF";s:27:"http://www.ubuntulinux.org/";s:8:"ADD_DATE";s:10:"1108715273";s:7:"PRIVATE";s:1:"0";s:4:"TAGS";s:5:"linux";s:7:"COMMENT";s:88:"Haven't read much but it's a linux distro I haven't heard of before, looks interesting.
";}i:1826;a:4:{s:4:"HREF";s:37:"http://www.bluedonut.com/100jokes.htm";s:8:"ADD_DATE";s:10:"1108566031";s:7:"PRIVATE";s:1:"0";s:4:"TAGS";s:6:"comedy";}i:1827;a:4:{s:4:"HREF";s:65:"http://www.tate.org.uk/modern/exhibitions/strindberg/default.shtm";s:8:"ADD_DATE";s:10:"1108544471";s:7:"PRIVATE";s:1:"0";s:4:"TAGS";s:3:"art";}i:1828;a:4:{s:4:"HREF";s:25:"http://www.pipingrad.com/";s:8:"ADD_DATE";s:10:"1108544178";s:7:"PRIVATE";s:1:"0";s:4:"TAGS";s:8:"cartoons";}i:1829;a:4:{s:4:"HREF";s:24:"http://www.dexigner.com/";s:8:"ADD_DATE";s:10:"1108543660";s:7:"PRIVATE";s:1:"0";s:4:"TAGS";s:6:"design";}i:1830;a:4:{s:4:"HREF";s:37:"http://webdesign.templatemonster.com/";s:8:"ADD_DATE";s:10:"1108543415";s:7:"PRIVATE";s:1:"0";s:4:"TAGS";s:9:"webdesign";}i:1831;a:4:{s:4:"HREF";s:23:"http://www.sinfest.net/";s:8:"ADD_DATE";s:10:"1108542736";s:7:"PRIVATE";s:1:"0";s:4:"TAGS";s:8:"cartoons";}i:1832;a:4:{s:4:"HREF";s:33:"http://www.wulffmorgenthaler.com/";s:8:"ADD_DATE";s:10:"1108542632";s:7:"PRIVATE";s:1:"0";s:4:"TAGS";s:8:"cartoons";}i:1833;a:4:{s:4:"HREF";s:47:"http://www.engadget.com/entry/1234000673031570/";s:8:"ADD_DATE";s:10:"1108460308";s:7:"PRIVATE";s:1:"0";s:4:"TAGS";s:6:"mobile";}i:1834;a:4:{s:4:"HREF";s:47:"http://www.engadget.com/entry/1234000257031552/";s:8:"ADD_DATE";s:10:"1108460292";s:7:"PRIVATE";s:1:"0";s:4:"TAGS";s:6:"mobile";}i:1835;a:5:{s:4:"HREF";s:47:"http://www.engadget.com/entry/1234000680031568/";s:8:"ADD_DATE";s:10:"1108460262";s:7:"PRIVATE";s:1:"0";s:4:"TAGS";s:6:"mobile";s:7:"COMMENT";s:45:"engadget description of the new SE 3G phone.
";}i:1836;a:5:{s:4:"HREF";s:58:"http://www.techsupportalert.com/best_46_free_utilities.htm";s:8:"ADD_DATE";s:10:"1108138673";s:7:"PRIVATE";s:1:"0";s:4:"TAGS";s:29:"windows,freeware,useful,tools";s:7:"COMMENT";s:78:"Looks like these could be handy some time, particularly coz they're all free.
";}i:1837;a:5:{s:4:"HREF";s:68:"http://www.onlinetools.org/articles/unobtrusivejavascript/index.html";s:8:"ADD_DATE";s:10:"1108130170";s:7:"PRIVATE";s:1:"0";s:4:"TAGS";s:10:"javascript";s:7:"COMMENT";s:106:"Hmmm I wasn't going to bother bookmarking this, but then I started reading it and it actually looks good!
";}i:1838;a:5:{s:4:"HREF";s:43:"http://www.oldamericancentury.org/14pts.htm";s:8:"ADD_DATE";s:10:"1108129091";s:7:"PRIVATE";s:1:"0";s:4:"TAGS";s:8:"politics";s:7:"COMMENT";s:47:"It just gets more and more obvious doesn't it.
";}i:1839;a:5:{s:4:"HREF";s:179:"http://ww11.e-tractions.com/truemajority/servlet/Gamelet;jsessionid=D934C67001B2DA4F0BE8390E93C245ED?req=BjEzO6PaM3E3tzM6bjEFtXM6B3Ef%2BWC3Q%2FmabjF9b9Z1ozM3Q%2FdaK6Frb4H0bA%3D%3D";s:8:"ADD_DATE";s:10:"1108128580";s:7:"PRIVATE";s:1:"0";s:4:"TAGS";s:14:"politics,flash";s:7:"COMMENT";s:89:"This is a really good flash anim about the way money gets spent in by the US Government.
";}i:1840;a:5:{s:4:"HREF";s:57:"http://www.xml.com/pub/a/2005/02/09/xml-http-request.html";s:8:"ADD_DATE";s:10:"1108111860";s:7:"PRIVATE";s:1:"0";s:4:"TAGS";s:31:"html,javascript,webdesign,howto";s:7:"COMMENT";s:64:"More stuff about the XML HTTP Request method of data retrieval.
";}i:1841;a:5:{s:4:"HREF";s:56:"http://jgwebber.blogspot.com/2005/02/mapping-google.html";s:8:"ADD_DATE";s:10:"1108111747";s:7:"PRIVATE";s:1:"0";s:4:"TAGS";s:31:"html,javascript,webdesign,howto";s:7:"COMMENT";s:81:"Article about how Google Mapping works, with reference to data retrieval methods
";}i:1842;a:5:{s:4:"HREF";s:68:"http://www.quirksmode.org/blog/archives/2005/01/with_httpmapsea.html";s:8:"ADD_DATE";s:10:"1108111639";s:7:"PRIVATE";s:1:"0";s:4:"TAGS";s:31:"html,javascript,webdesign,howto";s:7:"COMMENT";s:134:"Interesting article about different ways that web pages can be made to retreive data from servers without having to refresh the page.
";}i:1843;a:5:{s:4:"HREF";s:53:"http://fun.from.hell.pl/2003-02-18/volare-karaoke.swf";s:8:"ADD_DATE";s:10:"1108110618";s:7:"PRIVATE";s:1:"0";s:4:"TAGS";s:11:"music,flash";s:7:"COMMENT";s:97:"There's something hilarious about this pseudo-karaoke flash anim. Just try keeping up with that!
";}i:1844;a:4:{s:4:"HREF";s:44:"http://jibbering.com/2002/4/httprequest.html";s:8:"ADD_DATE";s:10:"1108054186";s:7:"PRIVATE";s:1:"0";s:4:"TAGS";s:15:"javascript,html";}i:1845;a:5:{s:4:"HREF";s:38:"http://support.microsoft.com/kb/292022";s:8:"ADD_DATE";s:10:"1108053667";s:7:"PRIVATE";s:1:"0";s:4:"TAGS";s:18:"work,outlook,howto";s:7:"COMMENT";s:194:"The description of my Personal Folders problem which means I can't remove the duplicate Personal Folders item from Outlook in work (OL2000: (IMO) Err Msg: Object Not Found When You Remove .PST)
";}i:1846;a:4:{s:4:"HREF";s:37:"http://www.joshrubin.com/coolhunting/";s:8:"ADD_DATE";s:10:"1108027889";s:7:"PRIVATE";s:1:"0";s:4:"TAGS";s:4:"blog";}i:1847;a:5:{s:4:"HREF";s:51:"http://www.leeds.gov.uk/CityVarieties/var_diar.html";s:8:"ADD_DATE";s:10:"1108027689";s:7:"PRIVATE";s:1:"0";s:4:"TAGS";s:6:"comedy";s:7:"COMMENT";s:75:"A list of up coming events at Leeds' best little old fashioned music hall.
";}i:1848;a:5:{s:4:"HREF";s:65:"http://www.guardian.co.uk/theissues/archive/0,6729,184781,00.html";s:8:"ADD_DATE";s:10:"1108027537";s:7:"PRIVATE";s:1:"0";s:4:"TAGS";s:4:"news";s:7:"COMMENT";s:168:"A neta page the Guardian does with brief explanations of topical news issues. Just what you need when you've lost track of who the goodie and baddies are for a moment.
";}i:1849;a:4:{s:4:"HREF";s:24:"http://www.engadget.com/";s:8:"ADD_DATE";s:10:"1108026681";s:7:"PRIVATE";s:1:"0";s:4:"TAGS";s:19:"gadgets,mobile,blog";}i:1850;a:4:{s:4:"HREF";s:17:"http://evolt.org/";s:8:"ADD_DATE";s:10:"1108026622";s:7:"PRIVATE";s:1:"0";s:4:"TAGS";s:22:"html,css,webdesign,php";}i:1851;a:4:{s:4:"HREF";s:38:"http://undergroundlondon.com/antimega/";s:8:"ADD_DATE";s:10:"1108026531";s:7:"PRIVATE";s:1:"0";s:4:"TAGS";s:4:"blog";}i:1852;a:4:{s:4:"HREF";s:41:"http://www.turksheadreview.com/index.html";s:8:"ADD_DATE";s:10:"1108026353";s:7:"PRIVATE";s:1:"0";s:4:"TAGS";s:4:"blog";}i:1853;a:4:{s:4:"HREF";s:25:"http://www.waferbaby.com/";s:8:"ADD_DATE";s:10:"1108026318";s:7:"PRIVATE";s:1:"0";s:4:"TAGS";s:4:"blog";}i:1854;a:4:{s:4:"HREF";s:26:"http://www.wage-slave.org/";s:8:"ADD_DATE";s:10:"1108026260";s:7:"PRIVATE";s:1:"0";s:4:"TAGS";s:13:"politics,blog";}i:1855;a:4:{s:4:"HREF";s:26:"http://www.befuddle.co.uk/";s:8:"ADD_DATE";s:10:"1108026210";s:7:"PRIVATE";s:1:"0";s:4:"TAGS";s:5:"booze";}i:1856;a:4:{s:4:"HREF";s:34:"http://jay.cactusdesigns.net/mesh/";s:8:"ADD_DATE";s:10:"1108026184";s:7:"PRIVATE";s:1:"0";s:4:"TAGS";s:18:"friend,blog,toread";}i:1857;a:4:{s:4:"HREF";s:25:"http://www.oblomovka.com/";s:8:"ADD_DATE";s:10:"1108026136";s:7:"PRIVATE";s:1:"0";s:4:"TAGS";s:4:"blog";}i:1858;a:4:{s:4:"HREF";s:26:"http://www.orbyn.com/cult/";s:8:"ADD_DATE";s:10:"1108026043";s:7:"PRIVATE";s:1:"0";s:4:"TAGS";s:4:"blog";}i:1859;a:5:{s:4:"HREF";s:38:"http://www.bbc.co.uk/bbc7/listenagain/";s:8:"ADD_DATE";s:10:"1107977279";s:7:"PRIVATE";s:1:"0";s:4:"TAGS";s:12:"comedy,radio";s:7:"COMMENT";s:61:"The BBC 7 listen again page, all the lovely comedy programs!
";}i:1860;a:5:{s:4:"HREF";s:51:"http://www.bbc.co.uk/radio4/progs/listenagain.shtml";s:8:"ADD_DATE";s:10:"1107977208";s:7:"PRIVATE";s:1:"0";s:4:"TAGS";s:5:"radio";s:7:"COMMENT";s:112:"The Radio Four listen again page where you can listen to all the Radio Four programs over and over again! Woot!
";}i:1861;a:5:{s:4:"HREF";s:24:"http://www.synearth.net/";s:8:"ADD_DATE";s:10:"1107976956";s:7:"PRIVATE";s:1:"0";s:4:"TAGS";s:26:"philosophy,politics,toread";s:7:"COMMENT";s:73:"Not sure what this is all about, better come back and work it out later.
";}i:1862;a:4:{s:4:"HREF";s:50:"http://www.datsi.fi.upm.es/~frosal/docs/25mdq.html";s:8:"ADD_DATE";s:10:"1107951398";s:7:"PRIVATE";s:1:"0";s:4:"TAGS";s:10:"interviews";}i:1863;a:4:{s:4:"HREF";s:28:"http://cybaea.com/tough.html";s:8:"ADD_DATE";s:10:"1107945248";s:7:"PRIVATE";s:1:"0";s:4:"TAGS";s:8:"language";}i:1864;a:5:{s:4:"HREF";s:36:"http://balta.ikk.sztaki.hu/webshots/";s:8:"ADD_DATE";s:10:"1107937585";s:7:"PRIVATE";s:1:"0";s:4:"TAGS";s:16:"wallpaper,images";s:7:"COMMENT";s:51:"A nice selection of images for desktop backgrounds
";}i:1865;a:4:{s:4:"HREF";s:63:"http://www.monkeytools.com/oreilly/webdesign/infoarch/index.htm";s:8:"ADD_DATE";s:10:"1107863103";s:7:"PRIVATE";s:1:"0";s:4:"TAGS";s:11:"work,design";}i:1866;a:4:{s:4:"HREF";s:50:"http://www.hackdiary.com/stemtags/?user=plasticbag";s:8:"ADD_DATE";s:10:"1107860331";s:7:"PRIVATE";s:1:"0";s:4:"TAGS";s:11:"del.icio.us";}i:1867;a:5:{s:4:"HREF";s:59:"http://www.coloradocollege.edu/library/Instruction/gtd.html";s:8:"ADD_DATE";s:10:"1107860229";s:7:"PRIVATE";s:1:"0";s:4:"TAGS";s:5:"howto";s:7:"COMMENT";s:73:"A bit of interesting (if common sense) advice about organising yourself.
";}i:1868;a:4:{s:4:"HREF";s:51:"http://www.pcmag.com/article2/0,1759,1758853,00.asp";s:8:"ADD_DATE";s:10:"1107859271";s:7:"PRIVATE";s:1:"0";s:4:"TAGS";s:7:"firefox";}i:1869;a:4:{s:4:"HREF";s:50:"http://home.tampabay.rr.com/bmerkey/cheatsheet.htm";s:8:"ADD_DATE";s:10:"1107859102";s:7:"PRIVATE";s:1:"0";s:4:"TAGS";s:3:"css";}i:1870;a:4:{s:4:"HREF";s:24:"http://www.tv-swarm.com/";s:8:"ADD_DATE";s:10:"1107791371";s:7:"PRIVATE";s:1:"0";s:4:"TAGS";s:10:"bittorrent";}i:1871;a:4:{s:4:"HREF";s:28:"http://www.vip-torrents.com/";s:8:"ADD_DATE";s:10:"1107791296";s:7:"PRIVATE";s:1:"0";s:4:"TAGS";s:10:"bittorrent";}i:1872;a:4:{s:4:"HREF";s:21:"http://www.btbot.com/";s:8:"ADD_DATE";s:10:"1107790945";s:7:"PRIVATE";s:1:"0";s:4:"TAGS";s:10:"bittorrent";}i:1873;a:4:{s:4:"HREF";s:28:"http://www.csszengarden.com/";s:8:"ADD_DATE";s:10:"1107790302";s:7:"PRIVATE";s:1:"0";s:4:"TAGS";s:3:"css";}i:1874;a:4:{s:4:"HREF";s:39:"http://9337387.home.icq.com/main22.html";s:8:"ADD_DATE";s:10:"1107790187";s:7:"PRIVATE";s:1:"0";s:4:"TAGS";s:13:"howto,windows";}i:1875;a:5:{s:4:"HREF";s:36:"http://qtcomponents.sourceforge.net/";s:8:"ADD_DATE";s:10:"1107784735";s:7:"PRIVATE";s:1:"0";s:4:"TAGS";s:11:"music,howto";s:7:"COMMENT";s:43:"a way to get .ogg files working in iTunes.
";}i:1876;a:4:{s:4:"HREF";s:43:"http://gre.gario.us/user.php?user=ghijklmno";s:8:"ADD_DATE";s:10:"1107775459";s:7:"PRIVATE";s:1:"0";s:4:"TAGS";s:11:"del.icio.us";}i:1877;a:4:{s:4:"HREF";s:24:"http://www.mininova.org/";s:8:"ADD_DATE";s:10:"1107775373";s:7:"PRIVATE";s:1:"0";s:4:"TAGS";s:10:"bittorrent";}i:1878;a:4:{s:4:"HREF";s:33:"http://www.kevan.org/extispicious";s:8:"ADD_DATE";s:10:"1107775319";s:7:"PRIVATE";s:1:"0";s:4:"TAGS";s:11:"del.icio.us";}i:1879;a:4:{s:4:"HREF";s:42:"http://www.vim.org/tips/tip.php?tip_id=330";s:8:"ADD_DATE";s:10:"1107768713";s:7:"PRIVATE";s:1:"0";s:4:"TAGS";s:9:"howto,vim";}i:1880;a:4:{s:4:"HREF";s:52:"http://www.digilife.be/quickreferences/quickrefs.htm";s:8:"ADD_DATE";s:10:"1107768572";s:7:"PRIVATE";s:1:"0";s:4:"TAGS";s:12:"howto,trivia";}i:1881;a:4:{s:4:"HREF";s:46:"http://diveintomark.org/archives/2003/08/04/xp";s:8:"ADD_DATE";s:10:"1107768518";s:7:"PRIVATE";s:1:"0";s:4:"TAGS";s:5:"howto";}i:1882;a:4:{s:4:"HREF";s:19:"http://www.php.net/";s:8:"ADD_DATE";s:10:"1107766602";s:7:"PRIVATE";s:1:"0";s:4:"TAGS";s:3:"php";}i:1883;a:4:{s:4:"HREF";s:36:"http://www.pantheon.org/mythica.html";s:8:"ADD_DATE";s:10:"1107766543";s:7:"PRIVATE";s:1:"0";s:4:"TAGS";s:9:"mythology";}i:1884;a:4:{s:4:"HREF";s:35:"http://www.myfonts.com/WhatTheFont/";s:8:"ADD_DATE";s:10:"1107766391";s:7:"PRIVATE";s:1:"0";s:4:"TAGS";s:5:"tools";}i:1885;a:4:{s:4:"HREF";s:31:"http://thesaurus.reference.com/";s:8:"ADD_DATE";s:10:"1107766358";s:7:"PRIVATE";s:1:"0";s:4:"TAGS";s:5:"tools";}i:1886;a:4:{s:4:"HREF";s:32:"http://dictionary.reference.com/";s:8:"ADD_DATE";s:10:"1107766341";s:7:"PRIVATE";s:1:"0";s:4:"TAGS";s:5:"tools";}i:1887;a:4:{s:4:"HREF";s:46:"http://www.wordsmith.org/anagram/advanced.html";s:8:"ADD_DATE";s:10:"1107766324";s:7:"PRIVATE";s:1:"0";s:4:"TAGS";s:5:"tools";}i:1888;a:4:{s:4:"HREF";s:29:"http://www.acronymfinder.com/";s:8:"ADD_DATE";s:10:"1107766296";s:7:"PRIVATE";s:1:"0";s:4:"TAGS";s:5:"tools";}i:1889;a:4:{s:4:"HREF";s:102:"http://www.nationalrail.co.uk/planmyjourney/time_table/journey_requirements.asp?&T2ID=4462_20043511150";s:8:"ADD_DATE";s:10:"1107766279";s:7:"PRIVATE";s:1:"0";s:4:"TAGS";s:5:"tools";}i:1890;a:4:{s:4:"HREF";s:27:"http://adsltech.com/portal/";s:8:"ADD_DATE";s:10:"1107766079";s:7:"PRIVATE";s:1:"0";s:4:"TAGS";s:18:"origo-router,howto";}i:1891;a:4:{s:4:"HREF";s:28:"http://www.adsltech.com/faq/";s:8:"ADD_DATE";s:10:"1107766037";s:7:"PRIVATE";s:1:"0";s:4:"TAGS";s:18:"origo-router,howto";}i:1892;a:4:{s:4:"HREF";s:33:"http://fluffygerbil.com/samba.txt";s:8:"ADD_DATE";s:10:"1107766005";s:7:"PRIVATE";s:1:"0";s:4:"TAGS";s:11:"howto,samba";}i:1893;a:4:{s:4:"HREF";s:72:"http://www.pekin.net/pekin108/webmasters/photoshop_elements/transparent/";s:8:"ADD_DATE";s:10:"1107765869";s:7:"PRIVATE";s:1:"0";s:4:"TAGS";s:5:"howto";}i:1894;a:4:{s:4:"HREF";s:56:"http://kids.msfc.nasa.gov/earth/seasons/EarthSeasons.asp";s:8:"ADD_DATE";s:10:"1107765794";s:7:"PRIVATE";s:1:"0";s:4:"TAGS";s:6:"trivia";}i:1895;a:4:{s:4:"HREF";s:69:"http://www.guardian.co.uk/notesandqueries/query/0,5753,-21235,00.html";s:8:"ADD_DATE";s:10:"1107765773";s:7:"PRIVATE";s:1:"0";s:4:"TAGS";s:6:"trivia";}i:1896;a:4:{s:4:"HREF";s:28:"http://xarg.net/writing/tabs";s:8:"ADD_DATE";s:10:"1107765734";s:7:"PRIVATE";s:1:"0";s:4:"TAGS";s:6:"coding";}i:1897;a:4:{s:4:"HREF";s:61:"http://www.phpbuilder.com/columns/darrell20000319.php3?page=1";s:8:"ADD_DATE";s:10:"1107765647";s:7:"PRIVATE";s:1:"0";s:4:"TAGS";s:9:"howto,php";}i:1898;a:4:{s:4:"HREF";s:46:"http://www.pygame.org/docs/tut/Executable.html";s:8:"ADD_DATE";s:10:"1107765613";s:7:"PRIVATE";s:1:"0";s:4:"TAGS";s:12:"howto,python";}i:1899;a:4:{s:4:"HREF";s:59:"http://www.searchengineworld.com/robots/robots_tutorial.htm";s:8:"ADD_DATE";s:10:"1107765523";s:7:"PRIVATE";s:1:"0";s:4:"TAGS";s:5:"howto";}i:1900;a:4:{s:4:"HREF";s:49:"http://www.wpdfd.com/editorial/wpd0103.htm#toptip";s:8:"ADD_DATE";s:10:"1107765484";s:7:"PRIVATE";s:1:"0";s:4:"TAGS";s:9:"howto,css";}i:1901;a:4:{s:4:"HREF";s:33:"http://www.tldp.org/LDP/abs/html/";s:8:"ADD_DATE";s:10:"1107765378";s:7:"PRIVATE";s:1:"0";s:4:"TAGS";s:10:"howto,bash";}i:1902;a:5:{s:4:"HREF";s:53:"http://www.mozilla.org/projects/calendar/sunbird.html";s:8:"ADD_DATE";s:10:"1107633871";s:7:"PRIVATE";s:1:"0";s:4:"TAGS";s:8:"calendar";s:7:"COMMENT";s:128:"Interesting calendar extension to the mozilla project, should be worth a look if Firefox and Thunderbird are anything to go by.
";}i:1903;a:4:{s:4:"HREF";s:26:"http://www.alistapart.com/";s:8:"ADD_DATE";s:10:"1107633297";s:7:"PRIVATE";s:1:"0";s:4:"TAGS";s:26:"html,css,javascript,design";}i:1904;a:4:{s:4:"HREF";s:25:"http://www.barbelith.com/";s:8:"ADD_DATE";s:10:"1107633225";s:7:"PRIVATE";s:1:"0";s:4:"TAGS";s:5:"forum";}i:1905;a:4:{s:4:"HREF";s:19:"http://blogdex.net/";s:8:"ADD_DATE";s:10:"1107633165";s:7:"PRIVATE";s:1:"0";s:4:"TAGS";s:9:"zeitgeist";}i:1906;a:4:{s:4:"HREF";s:26:"http://www.daypop.com/top/";s:8:"ADD_DATE";s:10:"1107633134";s:7:"PRIVATE";s:1:"0";s:4:"TAGS";s:9:"zeitgeist";}i:1907;a:4:{s:4:"HREF";s:22:"http://www.popdex.com/";s:8:"ADD_DATE";s:10:"1107632999";s:7:"PRIVATE";s:1:"0";s:4:"TAGS";s:9:"zeitgeist";}i:1908;a:4:{s:4:"HREF";s:36:"http://www.coldbacon.com/comedy.html";s:8:"ADD_DATE";s:10:"1107534393";s:7:"PRIVATE";s:1:"0";s:4:"TAGS";s:6:"comedy";}i:1909;a:4:{s:4:"HREF";s:31:"http://themightyboosh.inuk.com/";s:8:"ADD_DATE";s:10:"1107533368";s:7:"PRIVATE";s:1:"0";s:4:"TAGS";s:6:"comedy";}i:1910;a:4:{s:4:"HREF";s:28:"http://www.danielkitson.com/";s:8:"ADD_DATE";s:10:"1107533260";s:7:"PRIVATE";s:1:"0";s:4:"TAGS";s:6:"comedy";}i:1911;a:4:{s:4:"HREF";s:25:"http://www.chortle.co.uk/";s:8:"ADD_DATE";s:10:"1107533039";s:7:"PRIVATE";s:1:"0";s:4:"TAGS";s:18:"comedy,news,toread";}i:1912;a:4:{s:4:"HREF";s:29:"http://www.theregister.co.uk/";s:8:"ADD_DATE";s:10:"1107532680";s:7:"PRIVATE";s:1:"0";s:4:"TAGS";s:11:"news,toread";}i:1913;a:4:{s:4:"HREF";s:20:"http://slashdot.org/";s:8:"ADD_DATE";s:10:"1107532641";s:7:"PRIVATE";s:1:"0";s:4:"TAGS";s:11:"news,toread";}i:1914;a:4:{s:4:"HREF";s:41:"http://www.guardian.co.uk/0,6961,,00.html";s:8:"ADD_DATE";s:10:"1107532617";s:7:"PRIVATE";s:1:"0";s:4:"TAGS";s:11:"news,toread";}i:1915;a:4:{s:4:"HREF";s:40:"http://www.richardherring.com/warmingup/";s:8:"ADD_DATE";s:10:"1107532467";s:7:"PRIVATE";s:1:"0";s:4:"TAGS";s:11:"comedy,blog";}i:1916;a:4:{s:4:"HREF";s:31:"http://kenmacleod.blogspot.com/";s:8:"ADD_DATE";s:10:"1107532312";s:7:"PRIVATE";s:1:"0";s:4:"TAGS";s:13:"politics,blog";}i:1917;a:4:{s:4:"HREF";s:22:"http://erikbenson.com/";s:8:"ADD_DATE";s:10:"1107532197";s:7:"PRIVATE";s:1:"0";s:4:"TAGS";s:4:"blog";}i:1918;a:4:{s:4:"HREF";s:33:"http://javascript.weblogsinc.com/";s:8:"ADD_DATE";s:10:"1107531742";s:7:"PRIVATE";s:1:"0";s:4:"TAGS";s:15:"javascript,blog";}i:1919;a:4:{s:4:"HREF";s:23:"http://anglepoised.com/";s:8:"ADD_DATE";s:10:"1107531495";s:7:"PRIVATE";s:1:"0";s:4:"TAGS";s:4:"blog";}i:1920;a:4:{s:4:"HREF";s:23:"http://www.zefrank.com/";s:8:"ADD_DATE";s:10:"1107531429";s:7:"PRIVATE";s:1:"0";s:4:"TAGS";s:12:"comedy,flash";}i:1921;a:4:{s:4:"HREF";s:33:"http://www.edwardtufte.com/tufte/";s:8:"ADD_DATE";s:10:"1107531002";s:7:"PRIVATE";s:1:"0";s:4:"TAGS";s:11:"work,design";}i:1922;a:4:{s:4:"HREF";s:21:"http://hivelogic.com/";s:8:"ADD_DATE";s:10:"1107530797";s:7:"PRIVATE";s:1:"0";s:4:"TAGS";s:4:"blog";}i:1923;a:4:{s:4:"HREF";s:30:"http://www.girlsarepretty.com/";s:8:"ADD_DATE";s:10:"1107530674";s:7:"PRIVATE";s:1:"0";s:4:"TAGS";s:11:"comedy,blog";}i:1924;a:4:{s:4:"HREF";s:37:"http://www.mobilecommunitydesign.com/";s:8:"ADD_DATE";s:10:"1107530568";s:7:"PRIVATE";s:1:"0";s:4:"TAGS";s:16:"mobile,work,blog";}i:1925;a:4:{s:4:"HREF";s:19:"http://zeldman.com/";s:8:"ADD_DATE";s:10:"1107530330";s:7:"PRIVATE";s:1:"0";s:4:"TAGS";s:4:"blog";}i:1926;a:4:{s:4:"HREF";s:31:"http://ghijklmno.net/birdplant/";s:8:"ADD_DATE";s:10:"1107529842";s:7:"PRIVATE";s:1:"0";s:4:"TAGS";s:13:"cartoons,mine";}i:1927;a:4:{s:4:"HREF";s:27:"http://ghijklmno.net/links/";s:8:"ADD_DATE";s:10:"1107529814";s:7:"PRIVATE";s:1:"0";s:4:"TAGS";s:9:"mine,blog";}i:1928;a:4:{s:4:"HREF";s:26:"http://ghijklmno.net/blog/";s:8:"ADD_DATE";s:10:"1107529790";s:7:"PRIVATE";s:1:"0";s:4:"TAGS";s:9:"mine,blog";}i:1929;a:4:{s:4:"HREF";s:21:"http://ghijklmno.net/";s:8:"ADD_DATE";s:10:"1107529471";s:7:"PRIVATE";s:1:"0";s:4:"TAGS";s:4:"mine";}i:1930;a:4:{s:4:"HREF";s:35:"http://www.interconnected.org/home/";s:8:"ADD_DATE";s:10:"1107529441";s:7:"PRIVATE";s:1:"0";s:4:"TAGS";s:4:"blog";}i:1931;a:4:{s:4:"HREF";s:39:"http://blackbeltjones.typepad.com/work/";s:8:"ADD_DATE";s:10:"1107529310";s:7:"PRIVATE";s:1:"0";s:4:"TAGS";s:4:"blog";}i:1932;a:4:{s:4:"HREF";s:22:"http://boingboing.net/";s:8:"ADD_DATE";s:10:"1107529107";s:7:"PRIVATE";s:1:"0";s:4:"TAGS";s:4:"blog";}i:1933;a:4:{s:4:"HREF";s:18:"http://ftrain.com/";s:8:"ADD_DATE";s:10:"1107529094";s:7:"PRIVATE";s:1:"0";s:4:"TAGS";s:11:"blog,toread";}i:1934;a:4:{s:4:"HREF";s:19:"http://textism.com/";s:8:"ADD_DATE";s:10:"1107528947";s:7:"PRIVATE";s:1:"0";s:4:"TAGS";s:11:"blog,toread";}i:1935;a:4:{s:4:"HREF";s:28:"http://sorehead.org/redbook/";s:8:"ADD_DATE";s:10:"1107528932";s:7:"PRIVATE";s:1:"0";s:4:"TAGS";s:18:"friend,blog,toread";}}